18:10:14.235 [main                     ] DEBUG Logger               - Configured Logger
18:10:14.250 [main                     ] DEBUG GameApplication      - Logging settings
Title: Brick Breaker
Version: 0.0
Width: 600
Height: 600
Fullscreen: false
Intro: false
Profiling: false
Single step:false
App Mode: DEVELOPER
Menu Key: ESCAPE
Stage Style: DECORATED
Scene Factory: class com.almasb.fxgl.app.scene.SceneFactory

18:10:14.511 [JavaFX Application Thread] DEBUG FXGLApplication      - Initializing FXGL
18:10:14.515 [JavaFX Application Thread] INFO  Engine               - FXGL-17.2 (20.08.2022 16.50) on WINDOWS (J:18.0.1.1 FX:18.0.2)
18:10:14.515 [JavaFX Application Thread] DEBUG Engine               - JRE Vendor Name: Oracle Corporation
18:10:14.515 [JavaFX Application Thread] DEBUG Engine               - Running on OS: Windows 10 version 10.0
18:10:14.515 [JavaFX Application Thread] DEBUG Engine               - Architecture: amd64
18:10:14.515 [JavaFX Application Thread] INFO  Engine               - Source code and latest versions at: https://github.com/AlmasB/FXGL
18:10:14.515 [JavaFX Application Thread] INFO  Engine               -       Ask questions and discuss at: https://github.com/AlmasB/FXGL/discussions
18:10:14.515 [JavaFX Application Thread] INFO  Engine               -              Join the FXGL chat at: https://gitter.im/AlmasB/FXGL
18:10:14.563 [JavaFX Application Thread] DEBUG PrimaryStageWindow   - Creating a JavaFX scene
18:10:14.589 [JavaFX Application Thread] DEBUG PrimaryStageWindow   - Target settings size: 600.0 x 600.0
18:10:14.589 [JavaFX Application Thread] DEBUG PrimaryStageWindow   - Scaled scene size:    600.0 x 600.0
18:10:14.589 [JavaFX Application Thread] DEBUG PrimaryStageWindow   - Scaled ratio: (1.0, 1.0)
18:10:14.590 [JavaFX Application Thread] DEBUG PrimaryStageWindow   - Set initial scene to FXGLStartupScene
18:10:14.594 [JavaFX Application Thread] DEBUG PrimaryStageWindow   - Opening main window
18:10:14.632 [JavaFX Application Thread] DEBUG PrimaryStageWindow   - Window border size: (16.0, 39.0)
18:10:14.632 [JavaFX Application Thread] DEBUG PrimaryStageWindow   - Scaled size: 600.0 x 600.0
18:10:14.632 [JavaFX Application Thread] DEBUG PrimaryStageWindow   - Scaled ratio: (1.0, 1.0)
18:10:14.632 [JavaFX Application Thread] DEBUG PrimaryStageWindow   - Scene size: 600.0 x 600.0
18:10:14.632 [JavaFX Application Thread] DEBUG PrimaryStageWindow   - Stage size: 616.0 x 639.0
18:10:14.636 [FXGL Background Thread 1 ] DEBUG Engine               - Initializing environment variables
18:10:14.661 [FXGL Background Thread 1 ] DEBUG FXGLAssetLoaderServi - User app class for loading assets: class com.example.brickbreaker.BrickBreakerApp
18:10:14.661 [FXGL Background Thread 1 ] DEBUG GameApplicationServi - Applying CSS: fxgl_dark.css
18:10:14.661 [FXGL Background Thread 1 ] DEBUG FXGLAssetLoaderServi - Loading from file system: jar:file:///C:/Users/matip/.m2/repository/com/github/almasb/fxgl/17.2/fxgl-17.2.jar!/fxglassets/ui/css/fxgl_dark.css
18:10:14.686 [FXGL Background Thread 1 ] DEBUG GameApplicationServi - Initializing application scenes
18:10:14.706 [FXGL Background Thread 1 ] DEBUG GameWorld            - Game world initialized
18:10:14.733 [FXGL Background Thread 1 ] DEBUG PhysicsWorld         - Physics world initialized: appHeight=600, physics.ppm=50.0
18:10:14.733 [FXGL Background Thread 1 ] DEBUG PhysicsWorld         - Using strategy: BRUTE_FORCE
18:10:14.735 [FXGL Background Thread 1 ] DEBUG GameScene            - Game scene initialized: 600x600
18:10:14.741 [FXGL Background Thread 1 ] WARN  FXGL.DefaultMenu     - FXGLDefaultMenu is not designed for resolutions < 800x600
18:10:14.742 [FXGL Background Thread 1 ] DEBUG FXGL.DefaultMenu     - createMenuBodyGameMenu()
18:10:14.749 [FXGL Background Thread 1 ] DEBUG FXGL.DefaultMenu     - createOptionsMenu()
18:10:14.754 [FXGL Background Thread 1 ] DEBUG FXGLAssetLoaderServi - Loading from file system: jar:file:///C:/Users/matip/.m2/repository/com/github/almasb/fxgl/17.2/fxgl-17.2.jar!/fxglassets/textures/particles/smoke.png
18:10:14.805 [FXGL Background Thread 1 ] DEBUG FXGLAssetLoaderServi - Loading from file system: jar:file:///C:/Users/matip/.m2/repository/com/github/almasb/fxgl/17.2/fxgl-17.2.jar!/fxglassets/textures/particles/trace_horizontal.png
18:10:14.824 [FXGL Background Thread 1 ] DEBUG GameApplicationServi - Application scenes initialized
18:10:14.831 [FXGL Background Thread 1 ] DEBUG SystemBundleService  - Loading FXGL system data
18:10:14.833 [FXGL Background Thread 1 ] DEBUG FileSystemAccess     - Reading from: C:\Users\matip\Desktop\JavaProjects\brick-breaker\system\fxgl.bundle
18:10:14.838 [FXGL Background Thread 1 ] DEBUG SystemBundleService  - Bundle FXGL: {}
18:10:14.838 [FXGL Background Thread 1 ] DEBUG UpdaterService       - Checking for updates
18:10:14.840 [FXGL Background Thread 4 ] DEBUG FXGLApplication      - Loading fonts
18:10:14.840 [FXGL Background Thread 1 ] DEBUG FXGLApplication      - Loading default localization
18:10:14.840 [FXGL Background Thread 4 ] DEBUG FXGLAssetLoaderServi - Loading from file system: jar:file:///C:/Users/matip/.m2/repository/com/github/almasb/fxgl/17.2/fxgl-17.2.jar!/fxglassets/ui/fonts/VarelaRound-Regular.ttf
18:10:14.840 [FXGL Background Thread 1 ] DEBUG FXGLAssetLoaderServi - Loading from file system: jar:file:///C:/Users/matip/.m2/repository/com/github/almasb/fxgl/17.2/fxgl-17.2.jar!/fxglassets/languages/english.lang
18:10:14.850 [FXGL Background Thread 1 ] INFO  FXGLApplication      - FXGL initialization took: 0.214 sec
18:10:14.855 [JavaFX Application Thread] DEBUG Input                - Registered new binding: action0 - D
18:10:14.855 [JavaFX Application Thread] DEBUG Input                - Registered new binding: action1 - A
18:10:14.856 [JavaFX Application Thread] DEBUG FXGLAssetLoaderServi - Loading from file system: jar:file:///C:/Users/matip/.m2/repository/com/github/almasb/fxgl/17.2/fxgl-17.2.jar!/fxglassets/textures/fxgl_icon.png
18:10:14.865 [FXGL Background Thread 4 ] DEBUG FXGLAssetLoaderServi - Loading from file system: jar:file:///C:/Users/matip/.m2/repository/com/github/almasb/fxgl/17.2/fxgl-17.2.jar!/fxglassets/ui/fonts/Abel-Regular.ttf
18:10:14.867 [FXGL Background Thread 4 ] DEBUG FXGLAssetLoaderServi - Loading from file system: jar:file:///C:/Users/matip/.m2/repository/com/github/almasb/fxgl/17.2/fxgl-17.2.jar!/fxglassets/ui/fonts/TerminalLandMono-Regular.otf
18:10:14.869 [JavaFX Application Thread] DEBUG FXGLAssetLoaderServi - Loading from file system: jar:file:///C:/Users/matip/.m2/repository/com/github/almasb/fxgl/17.2/fxgl-17.2.jar!/fxglassets/textures/fxgl_default_cursor.png
18:10:14.870 [FXGL Background Thread 4 ] DEBUG FXGLAssetLoaderServi - Loading from file system: jar:file:///C:/Users/matip/.m2/repository/com/github/almasb/fxgl/17.2/fxgl-17.2.jar!/fxglassets/ui/fonts/Courier-Prime.ttf
18:10:14.871 [JavaFX Application Thread] DEBUG Input                - Registered new binding: Screenshot - CTRL+8
18:10:14.871 [JavaFX Application Thread] DEBUG Input                - Registered new binding: System info dump - CTRL+9
18:10:14.871 [JavaFX Application Thread] DEBUG Input                - Registered new binding: Restart - CTRL+R
18:10:14.872 [JavaFX Application Thread] DEBUG Input                - Registered new binding: Toggle Debug Camera - CTRL+7
18:10:14.873 [JavaFX Application Thread] DEBUG LoopRunner           - Starting loop
18:10:14.873 [JavaFX Application Thread] DEBUG LoopRunner           - Initializing JavaFX AnimationTimerLoop
18:10:14.873 [JavaFX Application Thread] DEBUG GameApplicationServi - Starting new game
18:10:14.874 [JavaFX Application Thread] DEBUG Input                - Clearing active input actions
18:10:14.879 [JavaFX Application Thread] DEBUG GameApplicationServi - Removing overlay from FXGLStartupScene and adding to FXGLLoadingScene
18:10:14.880 [JavaFX Application Thread] DEBUG PrimaryStageWindow   - FXGLStartupScene -> FXGLLoadingScene
18:10:14.880 [JavaFX Application Thread] DEBUG GameApplicationServi - Clearing previous game
18:10:14.880 [JavaFX Application Thread] DEBUG GameScene            - Clearing game scene
18:10:14.880 [JavaFX Application Thread] DEBUG GameWorld            - Clearing game world
18:10:14.880 [JavaFX Application Thread] DEBUG PhysicsWorld         - Clearing physics world
18:10:14.880 [JavaFX Application Thread] DEBUG FXGLApplication      - Registering font factories with UI factory
18:10:14.880 [FXGL Background Thread 4 ] DEBUG FXGLApplication      - Initializing game
18:10:14.892 [FXGL Background Thread 4 ] WARN  GameWorld            - Entity is already attached to world
18:10:14.893 [FXGL Background Thread 4 ] WARN  GameWorld            - Entity is already attached to world
18:10:14.894 [FXGL Background Thread 4 ] WARN  GameWorld            - Entity is already attached to world
18:10:14.894 [FXGL Background Thread 4 ] INFO  FXGLApplication      - Game initialization took: 0.013 sec
18:10:14.906 [JavaFX Application Thread] DEBUG Input                - Clearing active input actions
18:10:14.911 [JavaFX Application Thread] DEBUG GameApplicationServi - Removing overlay from FXGLLoadingScene and adding to GameScene
18:10:14.911 [JavaFX Application Thread] DEBUG PrimaryStageWindow   - FXGLLoadingScene -> GameScene
18:10:15.122 [FXGL Background Thread 2 ] INFO  UpdaterService       - Your current version:  17.2
18:10:15.122 [FXGL Background Thread 2 ] INFO  UpdaterService       - Latest stable version: 17.3
18:10:17.841 [FXGL Background Thread 3 ] DEBUG Engine               - Logging environment variables
18:10:17.841 [FXGL Background Thread 3 ] DEBUG Engine               - achievements: []
18:10:17.841 [FXGL Background Thread 3 ] DEBUG Engine               - actualHeight: 600.0
18:10:17.841 [FXGL Background Thread 3 ] DEBUG Engine               - actualHeightProperty: ReadOnlyDoubleProperty [value: 600.0]
18:10:17.841 [FXGL Background Thread 3 ] DEBUG Engine               - actualWidth: 600.0
18:10:17.841 [FXGL Background Thread 3 ] DEBUG Engine               - actualWidthProperty: ReadOnlyDoubleProperty [value: 600.0]
18:10:17.841 [FXGL Background Thread 3 ] DEBUG Engine               - appIcon: fxgl_icon.png
18:10:17.841 [FXGL Background Thread 3 ] DEBUG Engine               - applicationMode: DEVELOPER
18:10:17.841 [FXGL Background Thread 3 ] DEBUG Engine               - cSSList: [fxgl_dark.css]
18:10:17.841 [FXGL Background Thread 3 ] DEBUG Engine               - collisionDetectionStrategy: BRUTE_FORCE
18:10:17.841 [FXGL Background Thread 3 ] DEBUG Engine               - configClass: Optional.empty
18:10:17.841 [FXGL Background Thread 3 ] DEBUG Engine               - credits: []
18:10:17.842 [FXGL Background Thread 3 ] DEBUG Engine               - defaultCursor: CursorInfo(imageName=fxgl_default_cursor.png, hotspotX=7.0, hotspotY=6.0)
18:10:17.842 [FXGL Background Thread 3 ] DEBUG Engine               - devBBoxColorProperty: ObjectProperty [value: 0xff0000ff]
18:10:17.842 [FXGL Background Thread 3 ] DEBUG Engine               - devEnableDebugCameraProperty: BooleanProperty [value: false]
18:10:17.842 [FXGL Background Thread 3 ] DEBUG Engine               - devSensorColorProperty: ObjectProperty [value: 0xffff00ff]
18:10:17.842 [FXGL Background Thread 3 ] DEBUG Engine               - devShowBBoxProperty: BooleanProperty [value: false]
18:10:17.842 [FXGL Background Thread 3 ] DEBUG Engine               - devShowPositionProperty: BooleanProperty [value: false]
18:10:17.842 [FXGL Background Thread 3 ] DEBUG Engine               - enabledMenuItems: []
18:10:17.842 [FXGL Background Thread 3 ] DEBUG Engine               - engineServices: [class com.almasb.fxgl.app.services.FXGLAssetLoaderService, class com.almasb.fxgl.app.FXGLApplication$GameApplicationService, class com.almasb.fxgl.app.services.FXGLDialogService, class com.almasb.fxgl.app.services.IOTaskExecutorService, class com.almasb.fxgl.io.FileSystemService, class com.almasb.fxgl.localization.LocalizationService, class com.almasb.fxgl.app.services.SystemBundleService, class com.almasb.fxgl.profile.SaveLoadService, class com.almasb.fxgl.ui.FXGLUIFactoryServiceProvider, class com.almasb.fxgl.ui.FXGLDialogFactoryServiceProvider, class com.almasb.fxgl.audio.AudioPlayer, class com.almasb.fxgl.notification.impl.NotificationServiceProvider, class com.almasb.fxgl.achievement.AchievementService, class com.almasb.fxgl.cutscene.CutsceneService, class com.almasb.fxgl.minigames.MiniGameService, class com.almasb.fxgl.net.NetService, class com.almasb.fxgl.app.services.UpdaterService, class com.almasb.fxgl.dev.DevService]
18:10:17.842 [FXGL Background Thread 3 ] DEBUG Engine               - fontGame: Abel-Regular.ttf
18:10:17.842 [FXGL Background Thread 3 ] DEBUG Engine               - fontMono: TerminalLandMono-Regular.otf
18:10:17.842 [FXGL Background Thread 3 ] DEBUG Engine               - fontText: Courier-Prime.ttf
18:10:17.842 [FXGL Background Thread 3 ] DEBUG Engine               - fontUI: VarelaRound-Regular.ttf
18:10:17.842 [FXGL Background Thread 3 ] DEBUG Engine               - fullScreen: BooleanProperty [value: false]
18:10:17.842 [FXGL Background Thread 3 ] DEBUG Engine               - gameDifficulty: MEDIUM
18:10:17.842 [FXGL Background Thread 3 ] DEBUG Engine               - gameDifficultyProperty: ObjectProperty [value: MEDIUM]
18:10:17.842 [FXGL Background Thread 3 ] DEBUG Engine               - globalMusicVolume: 0.5
18:10:17.842 [FXGL Background Thread 3 ] DEBUG Engine               - globalMusicVolumeProperty: DoubleProperty [value: 0.5]
18:10:17.843 [FXGL Background Thread 3 ] DEBUG Engine               - globalSoundVolume: 0.5
18:10:17.843 [FXGL Background Thread 3 ] DEBUG Engine               - globalSoundVolumeProperty: DoubleProperty [value: 0.5]
18:10:17.843 [FXGL Background Thread 3 ] DEBUG Engine               - height: 600
18:10:17.843 [FXGL Background Thread 3 ] DEBUG Engine               - is3D: false
18:10:17.843 [FXGL Background Thread 3 ] DEBUG Engine               - isAndroid: false
18:10:17.843 [FXGL Background Thread 3 ] DEBUG Engine               - isBrowser: false
18:10:17.843 [FXGL Background Thread 3 ] DEBUG Engine               - isClickFeedbackEnabled: false
18:10:17.843 [FXGL Background Thread 3 ] DEBUG Engine               - isCloseConfirmation: false
18:10:17.843 [FXGL Background Thread 3 ] DEBUG Engine               - isDesktop: true
18:10:17.843 [FXGL Background Thread 3 ] DEBUG Engine               - isDeveloperMenuEnabled: false
18:10:17.843 [FXGL Background Thread 3 ] DEBUG Engine               - isEmbedded: false
18:10:17.843 [FXGL Background Thread 3 ] DEBUG Engine               - isEntityPreloadEnabled: true
18:10:17.843 [FXGL Background Thread 3 ] DEBUG Engine               - isExperimentalTiledLargeMap: false
18:10:17.843 [FXGL Background Thread 3 ] DEBUG Engine               - isFileSystemWriteAllowed: true
18:10:17.843 [FXGL Background Thread 3 ] DEBUG Engine               - isFullScreenAllowed: false
18:10:17.843 [FXGL Background Thread 3 ] DEBUG Engine               - isFullScreenFromStart: false
18:10:17.843 [FXGL Background Thread 3 ] DEBUG Engine               - isGameMenuEnabled: true
18:10:17.843 [FXGL Background Thread 3 ] DEBUG Engine               - isIOS: false
18:10:17.843 [FXGL Background Thread 3 ] DEBUG Engine               - isIntroEnabled: false
18:10:17.844 [FXGL Background Thread 3 ] DEBUG Engine               - isLinux: false
18:10:17.844 [FXGL Background Thread 3 ] DEBUG Engine               - isMac: false
18:10:17.844 [FXGL Background Thread 3 ] DEBUG Engine               - isMainMenuEnabled: false
18:10:17.844 [FXGL Background Thread 3 ] DEBUG Engine               - isManualResizeEnabled: false
18:10:17.844 [FXGL Background Thread 3 ] DEBUG Engine               - isMobile: false
18:10:17.844 [FXGL Background Thread 3 ] DEBUG Engine               - isNative: false
18:10:17.844 [FXGL Background Thread 3 ] DEBUG Engine               - isPauseMusicWhenMinimized: true
18:10:17.844 [FXGL Background Thread 3 ] DEBUG Engine               - isPreserveResizeRatio: false
18:10:17.844 [FXGL Background Thread 3 ] DEBUG Engine               - isProfilingEnabled: false
18:10:17.844 [FXGL Background Thread 3 ] DEBUG Engine               - isScaleAffectedOnResize: true
18:10:17.844 [FXGL Background Thread 3 ] DEBUG Engine               - isSingleStep: false
18:10:17.844 [FXGL Background Thread 3 ] DEBUG Engine               - isUserProfileEnabled: false
18:10:17.844 [FXGL Background Thread 3 ] DEBUG Engine               - isWindows: true
18:10:17.844 [FXGL Background Thread 3 ] DEBUG Engine               - language: ObjectProperty [value: ENGLISH]
18:10:17.844 [FXGL Background Thread 3 ] DEBUG Engine               - menuKey: ESCAPE
18:10:17.844 [FXGL Background Thread 3 ] DEBUG Engine               - mouseSensitivity: 0.2
18:10:17.844 [FXGL Background Thread 3 ] DEBUG Engine               - notificationViewClass: class com.almasb.fxgl.notification.view.XboxNotificationView
18:10:17.844 [FXGL Background Thread 3 ] DEBUG Engine               - pixelsPerMeter: 50.0
18:10:17.844 [FXGL Background Thread 3 ] DEBUG Engine               - platform: WINDOWS
18:10:17.844 [FXGL Background Thread 3 ] DEBUG Engine               - prefHeightProperty: ReadOnlyDoubleProperty [value: 600.0]
18:10:17.844 [FXGL Background Thread 3 ] DEBUG Engine               - prefWidthProperty: ReadOnlyDoubleProperty [value: 600.0]
18:10:17.844 [FXGL Background Thread 3 ] DEBUG Engine               - profileDir: profiles/
18:10:17.844 [FXGL Background Thread 3 ] DEBUG Engine               - profileName: StringProperty [value: DEFAULT]
18:10:17.844 [FXGL Background Thread 3 ] DEBUG Engine               - randomSeed: -1
18:10:17.845 [FXGL Background Thread 3 ] DEBUG Engine               - runtimeInfo: RuntimeInfo(platform=WINDOWS, version=17.2, build=20.08.2022 16.50)
18:10:17.845 [FXGL Background Thread 3 ] DEBUG Engine               - saveFileExt: sav
18:10:17.845 [FXGL Background Thread 3 ] DEBUG Engine               - scaledHeightProp$fxgl: DoubleProperty [bound, value: 600.0]
18:10:17.845 [FXGL Background Thread 3 ] DEBUG Engine               - scaledWidthProp$fxgl: DoubleProperty [bound, value: 600.0]
18:10:17.845 [FXGL Background Thread 3 ] DEBUG Engine               - sceneFactory: com.almasb.fxgl.app.scene.SceneFactory@47a9f458
18:10:17.845 [FXGL Background Thread 3 ] DEBUG Engine               - secondsIn24h: 60
18:10:17.845 [FXGL Background Thread 3 ] DEBUG Engine               - soundMenuBack: menu/back.wav
18:10:17.845 [FXGL Background Thread 3 ] DEBUG Engine               - soundMenuPress: menu/press.wav
18:10:17.845 [FXGL Background Thread 3 ] DEBUG Engine               - soundMenuSelect: menu/select.wav
18:10:17.845 [FXGL Background Thread 3 ] DEBUG Engine               - soundNotification: core/notification.wav
18:10:17.845 [FXGL Background Thread 3 ] DEBUG Engine               - stageStyle: DECORATED
18:10:17.845 [FXGL Background Thread 3 ] DEBUG Engine               - supportedLanguages: [ENGLISH, FRENCH, GERMAN, HUNGARIAN, RUSSIAN]
18:10:17.845 [FXGL Background Thread 3 ] DEBUG Engine               - ticksPerSecond: -1
18:10:17.845 [FXGL Background Thread 3 ] DEBUG Engine               - title: Brick Breaker
18:10:17.845 [FXGL Background Thread 3 ] DEBUG Engine               - urlGithub: https://github.com/AlmasB/FXGL
18:10:17.845 [FXGL Background Thread 3 ] DEBUG Engine               - urlLeaderboard: http://fxgl-top.herokuapp.com/
18:10:17.845 [FXGL Background Thread 3 ] DEBUG Engine               - urlPOM: https://raw.githubusercontent.com/AlmasB/FXGL/release/README.md
18:10:17.845 [FXGL Background Thread 3 ] DEBUG Engine               - userAppClass: class com.example.brickbreaker.BrickBreakerApp
18:10:17.845 [FXGL Background Thread 3 ] DEBUG Engine               - version: 0.0
18:10:17.845 [FXGL Background Thread 3 ] DEBUG Engine               - versionCheckDays: 7
18:10:17.845 [FXGL Background Thread 3 ] DEBUG Engine               - width: 600
18:10:17.845 [FXGL Background Thread 3 ] DEBUG Engine               - Logging services
18:10:17.845 [FXGL Background Thread 3 ] DEBUG Engine               - class com.almasb.fxgl.app.services.FXGLAssetLoaderService
18:10:17.845 [FXGL Background Thread 3 ] DEBUG Engine               - class com.almasb.fxgl.app.FXGLApplication$GameApplicationService
18:10:17.845 [FXGL Background Thread 3 ] DEBUG Engine               - class com.almasb.fxgl.app.services.FXGLDialogService
18:10:17.845 [FXGL Background Thread 3 ] DEBUG Engine               - class com.almasb.fxgl.app.services.IOTaskExecutorService
18:10:17.845 [FXGL Background Thread 3 ] DEBUG Engine               - class com.almasb.fxgl.io.FileSystemService
18:10:17.845 [FXGL Background Thread 3 ] DEBUG Engine               - class com.almasb.fxgl.localization.LocalizationService
18:10:17.845 [FXGL Background Thread 3 ] DEBUG Engine               - class com.almasb.fxgl.app.services.SystemBundleService
18:10:17.845 [FXGL Background Thread 3 ] DEBUG Engine               - class com.almasb.fxgl.profile.SaveLoadService
18:10:17.845 [FXGL Background Thread 3 ] DEBUG Engine               - class com.almasb.fxgl.ui.FXGLUIFactoryServiceProvider
18:10:17.846 [FXGL Background Thread 3 ] DEBUG Engine               - class com.almasb.fxgl.ui.FXGLDialogFactoryServiceProvider
18:10:17.846 [FXGL Background Thread 3 ] DEBUG Engine               - class com.almasb.fxgl.audio.AudioPlayer
18:10:17.846 [FXGL Background Thread 3 ] DEBUG Engine               - class com.almasb.fxgl.notification.impl.NotificationServiceProvider
18:10:17.846 [FXGL Background Thread 3 ] DEBUG Engine               - class com.almasb.fxgl.achievement.AchievementService
18:10:17.846 [FXGL Background Thread 3 ] DEBUG Engine               - class com.almasb.fxgl.cutscene.CutsceneService
18:10:17.846 [FXGL Background Thread 3 ] DEBUG Engine               - class com.almasb.fxgl.minigames.MiniGameService
18:10:17.846 [FXGL Background Thread 3 ] DEBUG Engine               - class com.almasb.fxgl.net.NetService
18:10:17.846 [FXGL Background Thread 3 ] DEBUG Engine               - class com.almasb.fxgl.app.services.UpdaterService
18:10:17.846 [FXGL Background Thread 3 ] DEBUG Engine               - class com.almasb.fxgl.dev.DevService
18:10:19.500 [JavaFX Application Thread] DEBUG FXGLApplication      - Exiting FXGL
18:10:19.500 [JavaFX Application Thread] DEBUG LoopRunner           - Stopping loop
18:10:19.500 [JavaFX Application Thread] DEBUG SystemBundleService  - Saving FXGL system data
18:10:19.501 [JavaFX Application Thread] DEBUG FileSystemAccess     - Writing to: C:\Users\matip\Desktop\JavaProjects\brick-breaker\system\fxgl.bundle
18:10:19.502 [JavaFX Application Thread] DEBUG Async                - Shutting down background threads
18:10:19.502 [JavaFX Application Thread] DEBUG PrimaryStageWindow   - Closing main window
18:10:19.508 [JavaFX Application Thread] DEBUG Logger               - Closing Logger
