14:50:36.929 [main                     ] DEBUG Logger               - Configured Logger
14:50:36.945 [main                     ] DEBUG GameApplication      - Logging settings
Title: Brick Breaker
Version: 0.0
Width: 600
Height: 600
Fullscreen: false
Intro: false
Profiling: false
Single step:false
App Mode: DEVELOPER
Menu Key: ESCAPE
Stage Style: DECORATED
Scene Factory: class com.example.brickbreaker.menu.CustomSceneFactory

14:50:37.199 [JavaFX Application Thread] DEBUG FXGLApplication      - Initializing FXGL
14:50:37.203 [JavaFX Application Thread] INFO  Engine               - FXGL-17.2 (20.08.2022 16.50) on WINDOWS (J:18.0.1.1 FX:18.0.2)
14:50:37.203 [JavaFX Application Thread] DEBUG Engine               - JRE Vendor Name: Oracle Corporation
14:50:37.203 [JavaFX Application Thread] DEBUG Engine               - Running on OS: Windows 10 version 10.0
14:50:37.203 [JavaFX Application Thread] DEBUG Engine               - Architecture: amd64
14:50:37.203 [JavaFX Application Thread] INFO  Engine               - Source code and latest versions at: https://github.com/AlmasB/FXGL
14:50:37.203 [JavaFX Application Thread] INFO  Engine               -       Ask questions and discuss at: https://github.com/AlmasB/FXGL/discussions
14:50:37.204 [JavaFX Application Thread] INFO  Engine               -              Join the FXGL chat at: https://gitter.im/AlmasB/FXGL
14:50:37.253 [JavaFX Application Thread] DEBUG PrimaryStageWindow   - Creating a JavaFX scene
14:50:37.278 [JavaFX Application Thread] DEBUG PrimaryStageWindow   - Target settings size: 600.0 x 600.0
14:50:37.278 [JavaFX Application Thread] DEBUG PrimaryStageWindow   - Scaled scene size:    600.0 x 600.0
14:50:37.278 [JavaFX Application Thread] DEBUG PrimaryStageWindow   - Scaled ratio: (1.0, 1.0)
14:50:37.279 [JavaFX Application Thread] DEBUG PrimaryStageWindow   - Set initial scene to FXGLStartupScene
14:50:37.283 [JavaFX Application Thread] DEBUG PrimaryStageWindow   - Opening main window
14:50:37.321 [JavaFX Application Thread] DEBUG PrimaryStageWindow   - Window border size: (16.0, 39.0)
14:50:37.322 [JavaFX Application Thread] DEBUG PrimaryStageWindow   - Scaled size: 600.0 x 600.0
14:50:37.322 [JavaFX Application Thread] DEBUG PrimaryStageWindow   - Scaled ratio: (1.0, 1.0)
14:50:37.322 [JavaFX Application Thread] DEBUG PrimaryStageWindow   - Scene size: 600.0 x 600.0
14:50:37.322 [JavaFX Application Thread] DEBUG PrimaryStageWindow   - Stage size: 616.0 x 639.0
14:50:37.327 [FXGL Background Thread 1 ] DEBUG Engine               - Initializing environment variables
14:50:37.352 [FXGL Background Thread 1 ] DEBUG FXGLAssetLoaderServi - User app class for loading assets: class com.example.brickbreaker.BrickBreakerApp
14:50:37.352 [FXGL Background Thread 1 ] DEBUG GameApplicationServi - Applying CSS: fxgl_dark.css
14:50:37.353 [FXGL Background Thread 1 ] DEBUG FXGLAssetLoaderServi - Loading from file system: jar:file:///C:/Users/matip/.m2/repository/com/github/almasb/fxgl/17.2/fxgl-17.2.jar!/fxglassets/ui/css/fxgl_dark.css
14:50:37.377 [FXGL Background Thread 1 ] DEBUG GameApplicationServi - Initializing application scenes
14:50:37.395 [FXGL Background Thread 1 ] DEBUG GameWorld            - Game world initialized
14:50:37.421 [FXGL Background Thread 1 ] DEBUG PhysicsWorld         - Physics world initialized: appHeight=600, physics.ppm=50.0
14:50:37.421 [FXGL Background Thread 1 ] DEBUG PhysicsWorld         - Using strategy: BRUTE_FORCE
14:50:37.423 [FXGL Background Thread 1 ] DEBUG GameScene            - Game scene initialized: 600x600
14:50:37.424 [FXGL Background Thread 1 ] DEBUG FXGLAssetLoaderServi - Loading from file system: file:/C:/Users/matip/Desktop/JavaProjects/brick-breaker/target/classes/assets/textures/brick-wall.png
14:50:37.456 [FXGL Background Thread 1 ] WARN  FXGL.DefaultMenu     - FXGLDefaultMenu is not designed for resolutions < 800x600
14:50:37.456 [FXGL Background Thread 1 ] DEBUG FXGL.DefaultMenu     - createMenuBodyGameMenu()
14:50:37.463 [FXGL Background Thread 1 ] DEBUG FXGL.DefaultMenu     - createOptionsMenu()
14:50:37.468 [FXGL Background Thread 1 ] DEBUG FXGLAssetLoaderServi - Loading from file system: jar:file:///C:/Users/matip/.m2/repository/com/github/almasb/fxgl/17.2/fxgl-17.2.jar!/fxglassets/textures/particles/smoke.png
14:50:37.514 [FXGL Background Thread 1 ] DEBUG FXGLAssetLoaderServi - Loading from file system: jar:file:///C:/Users/matip/.m2/repository/com/github/almasb/fxgl/17.2/fxgl-17.2.jar!/fxglassets/textures/particles/trace_horizontal.png
14:50:37.524 [FXGL Background Thread 1 ] DEBUG GameApplicationServi - Application scenes initialized
14:50:37.530 [FXGL Background Thread 1 ] DEBUG SystemBundleService  - Loading FXGL system data
14:50:37.532 [FXGL Background Thread 1 ] DEBUG FileSystemAccess     - Reading from: C:\Users\matip\Desktop\JavaProjects\brick-breaker\system\fxgl.bundle
14:50:37.537 [FXGL Background Thread 1 ] DEBUG SystemBundleService  - Bundle FXGL: {}
14:50:37.537 [FXGL Background Thread 1 ] DEBUG UpdaterService       - Checking for updates
14:50:37.539 [FXGL Background Thread 4 ] DEBUG FXGLApplication      - Loading fonts
14:50:37.539 [FXGL Background Thread 1 ] DEBUG FXGLApplication      - Loading default localization
14:50:37.539 [FXGL Background Thread 4 ] DEBUG FXGLAssetLoaderServi - Loading from file system: jar:file:///C:/Users/matip/.m2/repository/com/github/almasb/fxgl/17.2/fxgl-17.2.jar!/fxglassets/ui/fonts/VarelaRound-Regular.ttf
14:50:37.539 [FXGL Background Thread 1 ] DEBUG FXGLAssetLoaderServi - Loading from file system: jar:file:///C:/Users/matip/.m2/repository/com/github/almasb/fxgl/17.2/fxgl-17.2.jar!/fxglassets/languages/english.lang
14:50:37.548 [FXGL Background Thread 1 ] INFO  FXGLApplication      - FXGL initialization took: 0.221 sec
14:50:37.553 [JavaFX Application Thread] DEBUG Input                - Registered new binding: action0 - D
14:50:37.553 [JavaFX Application Thread] DEBUG Input                - Registered new binding: action1 - A
14:50:37.553 [JavaFX Application Thread] DEBUG FXGLAssetLoaderServi - Loading from file system: jar:file:///C:/Users/matip/.m2/repository/com/github/almasb/fxgl/17.2/fxgl-17.2.jar!/fxglassets/textures/fxgl_icon.png
14:50:37.560 [JavaFX Application Thread] DEBUG FXGLAssetLoaderServi - Loading from file system: jar:file:///C:/Users/matip/.m2/repository/com/github/almasb/fxgl/17.2/fxgl-17.2.jar!/fxglassets/textures/fxgl_default_cursor.png
14:50:37.561 [JavaFX Application Thread] DEBUG Input                - Registered new binding: Screenshot - CTRL+8
14:50:37.561 [JavaFX Application Thread] DEBUG Input                - Registered new binding: System info dump - CTRL+9
14:50:37.562 [JavaFX Application Thread] DEBUG Input                - Registered new binding: Restart - CTRL+R
14:50:37.562 [JavaFX Application Thread] DEBUG Input                - Registered new binding: Toggle Debug Camera - CTRL+7
14:50:37.563 [JavaFX Application Thread] DEBUG LoopRunner           - Starting loop
14:50:37.563 [JavaFX Application Thread] DEBUG LoopRunner           - Initializing JavaFX AnimationTimerLoop
14:50:37.564 [FXGL Background Thread 4 ] DEBUG FXGLAssetLoaderServi - Loading from file system: jar:file:///C:/Users/matip/.m2/repository/com/github/almasb/fxgl/17.2/fxgl-17.2.jar!/fxglassets/ui/fonts/Abel-Regular.ttf
14:50:37.564 [JavaFX Application Thread] DEBUG Input                - Clearing active input actions
14:50:37.566 [FXGL Background Thread 4 ] DEBUG FXGLAssetLoaderServi - Loading from file system: jar:file:///C:/Users/matip/.m2/repository/com/github/almasb/fxgl/17.2/fxgl-17.2.jar!/fxglassets/ui/fonts/TerminalLandMono-Regular.otf
14:50:37.567 [FXGL Background Thread 4 ] DEBUG FXGLAssetLoaderServi - Loading from file system: jar:file:///C:/Users/matip/.m2/repository/com/github/almasb/fxgl/17.2/fxgl-17.2.jar!/fxglassets/ui/fonts/Courier-Prime.ttf
14:50:37.568 [JavaFX Application Thread] DEBUG GameApplicationServi - Removing overlay from FXGLStartupScene and adding to FXGLMainMenuDummyScene
14:50:37.569 [JavaFX Application Thread] DEBUG PrimaryStageWindow   - FXGLStartupScene -> FXGLMainMenuDummyScene
14:50:37.569 [JavaFX Application Thread] DEBUG PrimaryStageWindow   - Push state: MainMenu
14:50:37.569 [JavaFX Application Thread] DEBUG Input                - Clearing active input actions
14:50:37.569 [JavaFX Application Thread] DEBUG GameApplicationServi - Removing overlay from FXGLMainMenuDummyScene and adding to MainMenu
14:50:37.569 [JavaFX Application Thread] DEBUG PrimaryStageWindow   - FXGLMainMenuDummyScene -> MainMenu
14:50:37.571 [JavaFX Application Thread] DEBUG FXGLApplication      - Registering font factories with UI factory
14:50:37.822 [FXGL Background Thread 2 ] INFO  UpdaterService       - Your current version:  17.2
14:50:37.823 [FXGL Background Thread 2 ] INFO  UpdaterService       - Latest stable version: 17.3
14:50:38.864 [JavaFX Application Thread] DEBUG FXGLApplication      - Exiting FXGL
14:50:38.864 [JavaFX Application Thread] DEBUG LoopRunner           - Stopping loop
14:50:38.864 [JavaFX Application Thread] DEBUG SystemBundleService  - Saving FXGL system data
14:50:38.865 [JavaFX Application Thread] DEBUG FileSystemAccess     - Writing to: C:\Users\matip\Desktop\JavaProjects\brick-breaker\system\fxgl.bundle
14:50:38.866 [JavaFX Application Thread] DEBUG Async                - Shutting down background threads
14:50:38.866 [JavaFX Application Thread] DEBUG PrimaryStageWindow   - Closing main window
14:50:38.872 [JavaFX Application Thread] DEBUG Logger               - Closing Logger
