17:22:47.292 [main                     ] DEBUG Logger               - Configured Logger
17:22:47.311 [main                     ] DEBUG GameApplication      - Logging settings
Title: Brick Breaker
Version: 0.0
Width: 600
Height: 600
Fullscreen: false
Intro: false
Profiling: false
Single step:false
App Mode: DEVELOPER
Menu Key: ESCAPE
Stage Style: DECORATED
Scene Factory: class com.example.brickbreaker.menu.CustomSceneFactory

17:22:47.575 [JavaFX Application Thread] DEBUG FXGLApplication      - Initializing FXGL
17:22:47.578 [JavaFX Application Thread] INFO  Engine               - FXGL-17.2 (20.08.2022 16.50) on WINDOWS (J:18.0.1.1 FX:18.0.2)
17:22:47.579 [JavaFX Application Thread] DEBUG Engine               - JRE Vendor Name: Oracle Corporation
17:22:47.579 [JavaFX Application Thread] DEBUG Engine               - Running on OS: Windows 10 version 10.0
17:22:47.579 [JavaFX Application Thread] DEBUG Engine               - Architecture: amd64
17:22:47.579 [JavaFX Application Thread] INFO  Engine               - Source code and latest versions at: https://github.com/AlmasB/FXGL
17:22:47.579 [JavaFX Application Thread] INFO  Engine               -       Ask questions and discuss at: https://github.com/AlmasB/FXGL/discussions
17:22:47.579 [JavaFX Application Thread] INFO  Engine               -              Join the FXGL chat at: https://gitter.im/AlmasB/FXGL
17:22:47.629 [JavaFX Application Thread] DEBUG PrimaryStageWindow   - Creating a JavaFX scene
17:22:47.655 [JavaFX Application Thread] DEBUG PrimaryStageWindow   - Target settings size: 600.0 x 600.0
17:22:47.656 [JavaFX Application Thread] DEBUG PrimaryStageWindow   - Scaled scene size:    600.0 x 600.0
17:22:47.656 [JavaFX Application Thread] DEBUG PrimaryStageWindow   - Scaled ratio: (1.0, 1.0)
17:22:47.656 [JavaFX Application Thread] DEBUG PrimaryStageWindow   - Set initial scene to FXGLStartupScene
17:22:47.661 [JavaFX Application Thread] DEBUG PrimaryStageWindow   - Opening main window
17:22:47.706 [JavaFX Application Thread] DEBUG PrimaryStageWindow   - Window border size: (16.0, 39.0)
17:22:47.707 [JavaFX Application Thread] DEBUG PrimaryStageWindow   - Scaled size: 600.0 x 600.0
17:22:47.707 [JavaFX Application Thread] DEBUG PrimaryStageWindow   - Scaled ratio: (1.0, 1.0)
17:22:47.707 [JavaFX Application Thread] DEBUG PrimaryStageWindow   - Scene size: 600.0 x 600.0
17:22:47.707 [JavaFX Application Thread] DEBUG PrimaryStageWindow   - Stage size: 616.0 x 639.0
17:22:47.711 [FXGL Background Thread 1 ] DEBUG Engine               - Initializing environment variables
17:22:47.739 [FXGL Background Thread 1 ] DEBUG FXGLAssetLoaderServi - User app class for loading assets: class com.example.brickbreaker.BrickBreakerApp
17:22:47.739 [FXGL Background Thread 1 ] DEBUG GameApplicationServi - Applying CSS: fxgl_dark.css
17:22:47.740 [FXGL Background Thread 1 ] DEBUG FXGLAssetLoaderServi - Loading from file system: jar:file:///C:/Users/matip/.m2/repository/com/github/almasb/fxgl/17.2/fxgl-17.2.jar!/fxglassets/ui/css/fxgl_dark.css
17:22:47.763 [FXGL Background Thread 1 ] DEBUG GameApplicationServi - Initializing application scenes
17:22:47.779 [FXGL Background Thread 1 ] DEBUG GameWorld            - Game world initialized
17:22:47.805 [FXGL Background Thread 1 ] DEBUG PhysicsWorld         - Physics world initialized: appHeight=600, physics.ppm=50.0
17:22:47.806 [FXGL Background Thread 1 ] DEBUG PhysicsWorld         - Using strategy: BRUTE_FORCE
17:22:47.808 [FXGL Background Thread 1 ] DEBUG GameScene            - Game scene initialized: 600x600
17:22:47.809 [FXGL Background Thread 1 ] DEBUG FXGLAssetLoaderServi - Loading from file system: file:/C:/Users/matip/Desktop/JavaProjects/brick-breaker/target/classes/assets/textures/brick-wall.png
17:22:47.841 [FXGL Background Thread 1 ] WARN  FXGL.DefaultMenu     - FXGLDefaultMenu is not designed for resolutions < 800x600
17:22:47.841 [FXGL Background Thread 1 ] DEBUG FXGL.DefaultMenu     - createMenuBodyGameMenu()
17:22:47.848 [FXGL Background Thread 1 ] DEBUG FXGL.DefaultMenu     - createOptionsMenu()
17:22:47.858 [FXGL Background Thread 1 ] DEBUG FXGLAssetLoaderServi - Loading from file system: jar:file:///C:/Users/matip/.m2/repository/com/github/almasb/fxgl/17.2/fxgl-17.2.jar!/fxglassets/textures/particles/smoke.png
17:22:47.904 [FXGL Background Thread 1 ] DEBUG FXGLAssetLoaderServi - Loading from file system: jar:file:///C:/Users/matip/.m2/repository/com/github/almasb/fxgl/17.2/fxgl-17.2.jar!/fxglassets/textures/particles/trace_horizontal.png
17:22:47.914 [FXGL Background Thread 1 ] DEBUG GameApplicationServi - Application scenes initialized
17:22:47.921 [FXGL Background Thread 1 ] DEBUG SystemBundleService  - Loading FXGL system data
17:22:47.923 [FXGL Background Thread 1 ] DEBUG FileSystemAccess     - Reading from: C:\Users\matip\Desktop\JavaProjects\brick-breaker\system\fxgl.bundle
17:22:47.928 [FXGL Background Thread 1 ] DEBUG SystemBundleService  - Bundle FXGL: {}
17:22:47.928 [FXGL Background Thread 1 ] DEBUG UpdaterService       - Checking for updates
17:22:47.931 [FXGL Background Thread 4 ] DEBUG FXGLApplication      - Loading fonts
17:22:47.931 [FXGL Background Thread 1 ] DEBUG FXGLApplication      - Loading default localization
17:22:47.931 [FXGL Background Thread 4 ] DEBUG FXGLAssetLoaderServi - Loading from file system: jar:file:///C:/Users/matip/.m2/repository/com/github/almasb/fxgl/17.2/fxgl-17.2.jar!/fxglassets/ui/fonts/VarelaRound-Regular.ttf
17:22:47.932 [FXGL Background Thread 1 ] DEBUG FXGLAssetLoaderServi - Loading from file system: jar:file:///C:/Users/matip/.m2/repository/com/github/almasb/fxgl/17.2/fxgl-17.2.jar!/fxglassets/languages/english.lang
17:22:47.942 [FXGL Background Thread 1 ] INFO  FXGLApplication      - FXGL initialization took: 0.231 sec
17:22:47.948 [JavaFX Application Thread] DEBUG Input                - Registered new binding: action0 - D
17:22:47.948 [JavaFX Application Thread] DEBUG Input                - Registered new binding: action1 - A
17:22:47.949 [JavaFX Application Thread] DEBUG FXGLAssetLoaderServi - Loading from file system: jar:file:///C:/Users/matip/.m2/repository/com/github/almasb/fxgl/17.2/fxgl-17.2.jar!/fxglassets/textures/fxgl_icon.png
17:22:47.955 [FXGL Background Thread 4 ] DEBUG FXGLAssetLoaderServi - Loading from file system: jar:file:///C:/Users/matip/.m2/repository/com/github/almasb/fxgl/17.2/fxgl-17.2.jar!/fxglassets/ui/fonts/Abel-Regular.ttf
17:22:47.956 [JavaFX Application Thread] DEBUG FXGLAssetLoaderServi - Loading from file system: jar:file:///C:/Users/matip/.m2/repository/com/github/almasb/fxgl/17.2/fxgl-17.2.jar!/fxglassets/textures/fxgl_default_cursor.png
17:22:47.957 [JavaFX Application Thread] DEBUG Input                - Registered new binding: Screenshot - CTRL+8
17:22:47.957 [JavaFX Application Thread] DEBUG Input                - Registered new binding: System info dump - CTRL+9
17:22:47.957 [JavaFX Application Thread] DEBUG Input                - Registered new binding: Restart - CTRL+R
17:22:47.958 [JavaFX Application Thread] DEBUG Input                - Registered new binding: Toggle Debug Camera - CTRL+7
17:22:47.958 [FXGL Background Thread 4 ] DEBUG FXGLAssetLoaderServi - Loading from file system: jar:file:///C:/Users/matip/.m2/repository/com/github/almasb/fxgl/17.2/fxgl-17.2.jar!/fxglassets/ui/fonts/TerminalLandMono-Regular.otf
17:22:47.959 [JavaFX Application Thread] DEBUG LoopRunner           - Starting loop
17:22:47.959 [JavaFX Application Thread] DEBUG LoopRunner           - Initializing JavaFX AnimationTimerLoop
17:22:47.960 [FXGL Background Thread 4 ] DEBUG FXGLAssetLoaderServi - Loading from file system: jar:file:///C:/Users/matip/.m2/repository/com/github/almasb/fxgl/17.2/fxgl-17.2.jar!/fxglassets/ui/fonts/Courier-Prime.ttf
17:22:47.961 [JavaFX Application Thread] DEBUG Input                - Clearing active input actions
17:22:47.965 [JavaFX Application Thread] DEBUG GameApplicationServi - Removing overlay from FXGLStartupScene and adding to FXGLMainMenuDummyScene
17:22:47.965 [JavaFX Application Thread] DEBUG PrimaryStageWindow   - FXGLStartupScene -> FXGLMainMenuDummyScene
17:22:47.965 [JavaFX Application Thread] DEBUG PrimaryStageWindow   - Push state: MainMenu
17:22:47.965 [JavaFX Application Thread] DEBUG Input                - Clearing active input actions
17:22:47.965 [JavaFX Application Thread] DEBUG GameApplicationServi - Removing overlay from FXGLMainMenuDummyScene and adding to MainMenu
17:22:47.965 [JavaFX Application Thread] DEBUG PrimaryStageWindow   - FXGLMainMenuDummyScene -> MainMenu
17:22:47.966 [JavaFX Application Thread] DEBUG FXGLApplication      - Registering font factories with UI factory
17:22:48.205 [FXGL Background Thread 2 ] INFO  UpdaterService       - Your current version:  17.2
17:22:48.205 [FXGL Background Thread 2 ] INFO  UpdaterService       - Latest stable version: 17.3
17:22:48.541 [JavaFX Application Thread] DEBUG FXGLApplication      - Exiting FXGL
17:22:48.541 [JavaFX Application Thread] DEBUG LoopRunner           - Stopping loop
17:22:48.541 [JavaFX Application Thread] DEBUG SystemBundleService  - Saving FXGL system data
17:22:48.542 [JavaFX Application Thread] DEBUG FileSystemAccess     - Writing to: C:\Users\matip\Desktop\JavaProjects\brick-breaker\system\fxgl.bundle
17:22:48.543 [JavaFX Application Thread] DEBUG Async                - Shutting down background threads
17:22:48.543 [JavaFX Application Thread] DEBUG PrimaryStageWindow   - Closing main window
17:22:48.549 [JavaFX Application Thread] DEBUG Logger               - Closing Logger
