16:48:45.506 [main                     ] DEBUG Logger               - Configured Logger
16:48:45.524 [main                     ] DEBUG GameApplication      - Logging settings
Title: Brick Breaker
Version: 0.0
Width: 600
Height: 600
Fullscreen: false
Intro: false
Profiling: false
Single step:false
App Mode: DEVELOPER
Menu Key: ESCAPE
Stage Style: DECORATED
Scene Factory: class com.example.brickbreaker.menu.CustomSceneFactory

16:48:45.800 [JavaFX Application Thread] DEBUG FXGLApplication      - Initializing FXGL
16:48:45.804 [JavaFX Application Thread] INFO  Engine               - FXGL-17.2 (20.08.2022 16.50) on WINDOWS (J:18.0.1.1 FX:18.0.2)
16:48:45.804 [JavaFX Application Thread] DEBUG Engine               - JRE Vendor Name: Oracle Corporation
16:48:45.804 [JavaFX Application Thread] DEBUG Engine               - Running on OS: Windows 10 version 10.0
16:48:45.804 [JavaFX Application Thread] DEBUG Engine               - Architecture: amd64
16:48:45.804 [JavaFX Application Thread] INFO  Engine               - Source code and latest versions at: https://github.com/AlmasB/FXGL
16:48:45.804 [JavaFX Application Thread] INFO  Engine               -       Ask questions and discuss at: https://github.com/AlmasB/FXGL/discussions
16:48:45.804 [JavaFX Application Thread] INFO  Engine               -              Join the FXGL chat at: https://gitter.im/AlmasB/FXGL
16:48:45.853 [JavaFX Application Thread] DEBUG PrimaryStageWindow   - Creating a JavaFX scene
16:48:45.876 [JavaFX Application Thread] DEBUG PrimaryStageWindow   - Target settings size: 600.0 x 600.0
16:48:45.876 [JavaFX Application Thread] DEBUG PrimaryStageWindow   - Scaled scene size:    600.0 x 600.0
16:48:45.876 [JavaFX Application Thread] DEBUG PrimaryStageWindow   - Scaled ratio: (1.0, 1.0)
16:48:45.877 [JavaFX Application Thread] DEBUG PrimaryStageWindow   - Set initial scene to FXGLStartupScene
16:48:45.880 [JavaFX Application Thread] DEBUG PrimaryStageWindow   - Opening main window
16:48:45.921 [JavaFX Application Thread] DEBUG PrimaryStageWindow   - Window border size: (16.0, 39.0)
16:48:45.921 [JavaFX Application Thread] DEBUG PrimaryStageWindow   - Scaled size: 600.0 x 600.0
16:48:45.921 [JavaFX Application Thread] DEBUG PrimaryStageWindow   - Scaled ratio: (1.0, 1.0)
16:48:45.922 [JavaFX Application Thread] DEBUG PrimaryStageWindow   - Scene size: 600.0 x 600.0
16:48:45.922 [JavaFX Application Thread] DEBUG PrimaryStageWindow   - Stage size: 616.0 x 639.0
16:48:45.925 [FXGL Background Thread 1 ] DEBUG Engine               - Initializing environment variables
16:48:45.951 [FXGL Background Thread 1 ] DEBUG FXGLAssetLoaderServi - User app class for loading assets: class com.example.brickbreaker.BrickBreakerApp
16:48:45.951 [FXGL Background Thread 1 ] DEBUG GameApplicationServi - Applying CSS: fxgl_dark.css
16:48:45.952 [FXGL Background Thread 1 ] DEBUG FXGLAssetLoaderServi - Loading from file system: jar:file:///C:/Users/matip/.m2/repository/com/github/almasb/fxgl/17.2/fxgl-17.2.jar!/fxglassets/ui/css/fxgl_dark.css
16:48:45.975 [FXGL Background Thread 1 ] DEBUG GameApplicationServi - Initializing application scenes
16:48:45.993 [FXGL Background Thread 1 ] DEBUG GameWorld            - Game world initialized
16:48:46.018 [FXGL Background Thread 1 ] DEBUG PhysicsWorld         - Physics world initialized: appHeight=600, physics.ppm=50.0
16:48:46.018 [FXGL Background Thread 1 ] DEBUG PhysicsWorld         - Using strategy: BRUTE_FORCE
16:48:46.021 [FXGL Background Thread 1 ] DEBUG GameScene            - Game scene initialized: 600x600
16:48:46.022 [FXGL Background Thread 1 ] DEBUG FXGLAssetLoaderServi - Loading from file system: file:/C:/Users/matip/Desktop/JavaProjects/brick-breaker/target/classes/assets/textures/brick-wall.png
16:48:46.057 [FXGL Background Thread 1 ] WARN  FXGL.DefaultMenu     - FXGLDefaultMenu is not designed for resolutions < 800x600
16:48:46.057 [FXGL Background Thread 1 ] DEBUG FXGL.DefaultMenu     - createMenuBodyGameMenu()
16:48:46.063 [FXGL Background Thread 1 ] DEBUG FXGL.DefaultMenu     - createOptionsMenu()
16:48:46.072 [FXGL Background Thread 1 ] DEBUG FXGLAssetLoaderServi - Loading from file system: jar:file:///C:/Users/matip/.m2/repository/com/github/almasb/fxgl/17.2/fxgl-17.2.jar!/fxglassets/textures/particles/smoke.png
16:48:46.120 [FXGL Background Thread 1 ] DEBUG FXGLAssetLoaderServi - Loading from file system: jar:file:///C:/Users/matip/.m2/repository/com/github/almasb/fxgl/17.2/fxgl-17.2.jar!/fxglassets/textures/particles/trace_horizontal.png
16:48:46.136 [FXGL Background Thread 1 ] DEBUG GameApplicationServi - Application scenes initialized
16:48:46.143 [FXGL Background Thread 1 ] DEBUG SystemBundleService  - Loading FXGL system data
16:48:46.145 [FXGL Background Thread 1 ] DEBUG FileSystemAccess     - Reading from: C:\Users\matip\Desktop\JavaProjects\brick-breaker\system\fxgl.bundle
16:48:46.150 [FXGL Background Thread 1 ] DEBUG SystemBundleService  - Bundle FXGL: {}
16:48:46.150 [FXGL Background Thread 1 ] DEBUG UpdaterService       - Checking for updates
16:48:46.152 [FXGL Background Thread 4 ] DEBUG FXGLApplication      - Loading fonts
16:48:46.152 [FXGL Background Thread 1 ] DEBUG FXGLApplication      - Loading default localization
16:48:46.152 [FXGL Background Thread 4 ] DEBUG FXGLAssetLoaderServi - Loading from file system: jar:file:///C:/Users/matip/.m2/repository/com/github/almasb/fxgl/17.2/fxgl-17.2.jar!/fxglassets/ui/fonts/VarelaRound-Regular.ttf
16:48:46.153 [FXGL Background Thread 1 ] DEBUG FXGLAssetLoaderServi - Loading from file system: jar:file:///C:/Users/matip/.m2/repository/com/github/almasb/fxgl/17.2/fxgl-17.2.jar!/fxglassets/languages/english.lang
16:48:46.162 [FXGL Background Thread 1 ] INFO  FXGLApplication      - FXGL initialization took: 0.237 sec
16:48:46.168 [JavaFX Application Thread] DEBUG Input                - Registered new binding: action0 - D
16:48:46.168 [JavaFX Application Thread] DEBUG Input                - Registered new binding: action1 - A
16:48:46.168 [JavaFX Application Thread] DEBUG FXGLAssetLoaderServi - Loading from file system: jar:file:///C:/Users/matip/.m2/repository/com/github/almasb/fxgl/17.2/fxgl-17.2.jar!/fxglassets/textures/fxgl_icon.png
16:48:46.177 [JavaFX Application Thread] DEBUG FXGLAssetLoaderServi - Loading from file system: jar:file:///C:/Users/matip/.m2/repository/com/github/almasb/fxgl/17.2/fxgl-17.2.jar!/fxglassets/textures/fxgl_default_cursor.png
16:48:46.178 [JavaFX Application Thread] DEBUG Input                - Registered new binding: Screenshot - CTRL+8
16:48:46.178 [JavaFX Application Thread] DEBUG Input                - Registered new binding: System info dump - CTRL+9
16:48:46.178 [JavaFX Application Thread] DEBUG Input                - Registered new binding: Restart - CTRL+R
16:48:46.179 [JavaFX Application Thread] DEBUG Input                - Registered new binding: Toggle Debug Camera - CTRL+7
16:48:46.180 [JavaFX Application Thread] DEBUG LoopRunner           - Starting loop
16:48:46.180 [JavaFX Application Thread] DEBUG LoopRunner           - Initializing JavaFX AnimationTimerLoop
16:48:46.181 [FXGL Background Thread 4 ] DEBUG FXGLAssetLoaderServi - Loading from file system: jar:file:///C:/Users/matip/.m2/repository/com/github/almasb/fxgl/17.2/fxgl-17.2.jar!/fxglassets/ui/fonts/Abel-Regular.ttf
16:48:46.181 [JavaFX Application Thread] DEBUG Input                - Clearing active input actions
16:48:46.183 [FXGL Background Thread 4 ] DEBUG FXGLAssetLoaderServi - Loading from file system: jar:file:///C:/Users/matip/.m2/repository/com/github/almasb/fxgl/17.2/fxgl-17.2.jar!/fxglassets/ui/fonts/TerminalLandMono-Regular.otf
16:48:46.185 [FXGL Background Thread 4 ] DEBUG FXGLAssetLoaderServi - Loading from file system: jar:file:///C:/Users/matip/.m2/repository/com/github/almasb/fxgl/17.2/fxgl-17.2.jar!/fxglassets/ui/fonts/Courier-Prime.ttf
16:48:46.185 [JavaFX Application Thread] DEBUG GameApplicationServi - Removing overlay from FXGLStartupScene and adding to FXGLMainMenuDummyScene
16:48:46.185 [JavaFX Application Thread] DEBUG PrimaryStageWindow   - FXGLStartupScene -> FXGLMainMenuDummyScene
16:48:46.186 [JavaFX Application Thread] DEBUG PrimaryStageWindow   - Push state: MainMenu
16:48:46.186 [JavaFX Application Thread] DEBUG Input                - Clearing active input actions
16:48:46.186 [JavaFX Application Thread] DEBUG GameApplicationServi - Removing overlay from FXGLMainMenuDummyScene and adding to MainMenu
16:48:46.186 [JavaFX Application Thread] DEBUG PrimaryStageWindow   - FXGLMainMenuDummyScene -> MainMenu
16:48:46.188 [JavaFX Application Thread] DEBUG FXGLApplication      - Registering font factories with UI factory
16:48:46.625 [FXGL Background Thread 2 ] INFO  UpdaterService       - Your current version:  17.2
16:48:46.625 [FXGL Background Thread 2 ] INFO  UpdaterService       - Latest stable version: 17.3
16:48:47.059 [JavaFX Application Thread] DEBUG Menu                 - fireNewGame()
16:48:47.059 [JavaFX Application Thread] DEBUG GameApplicationServi - Starting new game
16:48:47.059 [JavaFX Application Thread] DEBUG PrimaryStageWindow   - Pop state: MainMenu
16:48:47.059 [JavaFX Application Thread] DEBUG Input                - Clearing active input actions
16:48:47.059 [JavaFX Application Thread] DEBUG GameApplicationServi - Removing overlay from MainMenu and adding to FXGLMainMenuDummyScene
16:48:47.059 [JavaFX Application Thread] DEBUG PrimaryStageWindow   - FXGLMainMenuDummyScene <- MainMenu
16:48:47.060 [JavaFX Application Thread] DEBUG Input                - Clearing active input actions
16:48:47.064 [JavaFX Application Thread] DEBUG GameApplicationServi - Removing overlay from FXGLMainMenuDummyScene and adding to FXGLLoadingScene
16:48:47.064 [JavaFX Application Thread] DEBUG PrimaryStageWindow   - FXGLMainMenuDummyScene -> FXGLLoadingScene
16:48:47.064 [JavaFX Application Thread] DEBUG GameApplicationServi - Clearing previous game
16:48:47.064 [JavaFX Application Thread] DEBUG GameScene            - Clearing game scene
16:48:47.064 [JavaFX Application Thread] DEBUG GameWorld            - Clearing game world
16:48:47.064 [JavaFX Application Thread] DEBUG PhysicsWorld         - Clearing physics world
16:48:47.065 [FXGL Background Thread 2 ] DEBUG FXGLApplication      - Initializing game
16:48:47.077 [FXGL Background Thread 2 ] WARN  GameWorld            - Entity is already attached to world
16:48:47.077 [FXGL Background Thread 2 ] DEBUG FXGLAssetLoaderServi - Loading from file system: file:/C:/Users/matip/Desktop/JavaProjects/brick-breaker/target/classes/assets/textures/brick.png
16:48:47.079 [FXGL Background Thread 2 ] WARN  GameWorld            - Entity is already attached to world
16:48:47.080 [FXGL Background Thread 2 ] WARN  GameWorld            - Entity is already attached to world
16:48:47.081 [FXGL Background Thread 2 ] INFO  FXGLApplication      - Game initialization took: 0.016 sec
16:48:47.084 [JavaFX Application Thread] DEBUG Input                - Clearing active input actions
16:48:47.087 [JavaFX Application Thread] DEBUG GameApplicationServi - Removing overlay from FXGLLoadingScene and adding to GameScene
16:48:47.087 [JavaFX Application Thread] DEBUG PrimaryStageWindow   - FXGLLoadingScene -> GameScene
16:48:49.152 [FXGL Background Thread 3 ] DEBUG Engine               - Logging environment variables
16:48:49.152 [FXGL Background Thread 3 ] DEBUG Engine               - achievements: []
16:48:49.152 [FXGL Background Thread 3 ] DEBUG Engine               - actualHeight: 600.0
16:48:49.152 [FXGL Background Thread 3 ] DEBUG Engine               - actualHeightProperty: ReadOnlyDoubleProperty [value: 600.0]
16:48:49.152 [FXGL Background Thread 3 ] DEBUG Engine               - actualWidth: 600.0
16:48:49.152 [FXGL Background Thread 3 ] DEBUG Engine               - actualWidthProperty: ReadOnlyDoubleProperty [value: 600.0]
16:48:49.152 [FXGL Background Thread 3 ] DEBUG Engine               - appIcon: fxgl_icon.png
16:48:49.152 [FXGL Background Thread 3 ] DEBUG Engine               - applicationMode: DEVELOPER
16:48:49.152 [FXGL Background Thread 3 ] DEBUG Engine               - cSSList: [fxgl_dark.css]
16:48:49.152 [FXGL Background Thread 3 ] DEBUG Engine               - collisionDetectionStrategy: BRUTE_FORCE
16:48:49.152 [FXGL Background Thread 3 ] DEBUG Engine               - configClass: Optional.empty
16:48:49.152 [FXGL Background Thread 3 ] DEBUG Engine               - credits: []
16:48:49.153 [FXGL Background Thread 3 ] DEBUG Engine               - defaultCursor: CursorInfo(imageName=fxgl_default_cursor.png, hotspotX=7.0, hotspotY=6.0)
16:48:49.153 [FXGL Background Thread 3 ] DEBUG Engine               - devBBoxColorProperty: ObjectProperty [value: 0xff0000ff]
16:48:49.153 [FXGL Background Thread 3 ] DEBUG Engine               - devEnableDebugCameraProperty: BooleanProperty [value: false]
16:48:49.153 [FXGL Background Thread 3 ] DEBUG Engine               - devSensorColorProperty: ObjectProperty [value: 0xffff00ff]
16:48:49.153 [FXGL Background Thread 3 ] DEBUG Engine               - devShowBBoxProperty: BooleanProperty [value: false]
16:48:49.153 [FXGL Background Thread 3 ] DEBUG Engine               - devShowPositionProperty: BooleanProperty [value: false]
16:48:49.153 [FXGL Background Thread 3 ] DEBUG Engine               - enabledMenuItems: []
16:48:49.153 [FXGL Background Thread 3 ] DEBUG Engine               - engineServices: [class com.almasb.fxgl.app.services.FXGLAssetLoaderService, class com.almasb.fxgl.app.FXGLApplication$GameApplicationService, class com.almasb.fxgl.app.services.FXGLDialogService, class com.almasb.fxgl.app.services.IOTaskExecutorService, class com.almasb.fxgl.io.FileSystemService, class com.almasb.fxgl.localization.LocalizationService, class com.almasb.fxgl.app.services.SystemBundleService, class com.almasb.fxgl.profile.SaveLoadService, class com.almasb.fxgl.ui.FXGLUIFactoryServiceProvider, class com.almasb.fxgl.ui.FXGLDialogFactoryServiceProvider, class com.almasb.fxgl.audio.AudioPlayer, class com.almasb.fxgl.notification.impl.NotificationServiceProvider, class com.almasb.fxgl.achievement.AchievementService, class com.almasb.fxgl.cutscene.CutsceneService, class com.almasb.fxgl.minigames.MiniGameService, class com.almasb.fxgl.net.NetService, class com.almasb.fxgl.app.services.UpdaterService, class com.almasb.fxgl.dev.DevService]
16:48:49.153 [FXGL Background Thread 3 ] DEBUG Engine               - fontGame: Abel-Regular.ttf
16:48:49.153 [FXGL Background Thread 3 ] DEBUG Engine               - fontMono: TerminalLandMono-Regular.otf
16:48:49.153 [FXGL Background Thread 3 ] DEBUG Engine               - fontText: Courier-Prime.ttf
16:48:49.153 [FXGL Background Thread 3 ] DEBUG Engine               - fontUI: VarelaRound-Regular.ttf
16:48:49.153 [FXGL Background Thread 3 ] DEBUG Engine               - fullScreen: BooleanProperty [value: false]
16:48:49.153 [FXGL Background Thread 3 ] DEBUG Engine               - gameDifficulty: MEDIUM
16:48:49.153 [FXGL Background Thread 3 ] DEBUG Engine               - gameDifficultyProperty: ObjectProperty [value: MEDIUM]
16:48:49.153 [FXGL Background Thread 3 ] DEBUG Engine               - globalMusicVolume: 0.5
16:48:49.153 [FXGL Background Thread 3 ] DEBUG Engine               - globalMusicVolumeProperty: DoubleProperty [value: 0.5]
16:48:49.153 [FXGL Background Thread 3 ] DEBUG Engine               - globalSoundVolume: 0.5
16:48:49.153 [FXGL Background Thread 3 ] DEBUG Engine               - globalSoundVolumeProperty: DoubleProperty [value: 0.5]
16:48:49.153 [FXGL Background Thread 3 ] DEBUG Engine               - height: 600
16:48:49.153 [FXGL Background Thread 3 ] DEBUG Engine               - is3D: false
16:48:49.154 [FXGL Background Thread 3 ] DEBUG Engine               - isAndroid: false
16:48:49.154 [FXGL Background Thread 3 ] DEBUG Engine               - isBrowser: false
16:48:49.154 [FXGL Background Thread 3 ] DEBUG Engine               - isClickFeedbackEnabled: false
16:48:49.154 [FXGL Background Thread 3 ] DEBUG Engine               - isCloseConfirmation: false
16:48:49.154 [FXGL Background Thread 3 ] DEBUG Engine               - isDesktop: true
16:48:49.154 [FXGL Background Thread 3 ] DEBUG Engine               - isDeveloperMenuEnabled: false
16:48:49.154 [FXGL Background Thread 3 ] DEBUG Engine               - isEmbedded: false
16:48:49.154 [FXGL Background Thread 3 ] DEBUG Engine               - isEntityPreloadEnabled: true
16:48:49.154 [FXGL Background Thread 3 ] DEBUG Engine               - isExperimentalTiledLargeMap: false
16:48:49.154 [FXGL Background Thread 3 ] DEBUG Engine               - isFileSystemWriteAllowed: true
16:48:49.154 [FXGL Background Thread 3 ] DEBUG Engine               - isFullScreenAllowed: false
16:48:49.154 [FXGL Background Thread 3 ] DEBUG Engine               - isFullScreenFromStart: false
16:48:49.154 [FXGL Background Thread 3 ] DEBUG Engine               - isGameMenuEnabled: true
16:48:49.154 [FXGL Background Thread 3 ] DEBUG Engine               - isIOS: false
16:48:49.154 [FXGL Background Thread 3 ] DEBUG Engine               - isIntroEnabled: false
16:48:49.154 [FXGL Background Thread 3 ] DEBUG Engine               - isLinux: false
16:48:49.154 [FXGL Background Thread 3 ] DEBUG Engine               - isMac: false
16:48:49.154 [FXGL Background Thread 3 ] DEBUG Engine               - isMainMenuEnabled: true
16:48:49.154 [FXGL Background Thread 3 ] DEBUG Engine               - isManualResizeEnabled: false
16:48:49.154 [FXGL Background Thread 3 ] DEBUG Engine               - isMobile: false
16:48:49.154 [FXGL Background Thread 3 ] DEBUG Engine               - isNative: false
16:48:49.154 [FXGL Background Thread 3 ] DEBUG Engine               - isPauseMusicWhenMinimized: true
16:48:49.154 [FXGL Background Thread 3 ] DEBUG Engine               - isPreserveResizeRatio: false
16:48:49.154 [FXGL Background Thread 3 ] DEBUG Engine               - isProfilingEnabled: false
16:48:49.154 [FXGL Background Thread 3 ] DEBUG Engine               - isScaleAffectedOnResize: true
16:48:49.154 [FXGL Background Thread 3 ] DEBUG Engine               - isSingleStep: false
16:48:49.154 [FXGL Background Thread 3 ] DEBUG Engine               - isUserProfileEnabled: false
16:48:49.155 [FXGL Background Thread 3 ] DEBUG Engine               - isWindows: true
16:48:49.155 [FXGL Background Thread 3 ] DEBUG Engine               - language: ObjectProperty [value: ENGLISH]
16:48:49.155 [FXGL Background Thread 3 ] DEBUG Engine               - menuKey: ESCAPE
16:48:49.155 [FXGL Background Thread 3 ] DEBUG Engine               - mouseSensitivity: 0.2
16:48:49.155 [FXGL Background Thread 3 ] DEBUG Engine               - notificationViewClass: class com.almasb.fxgl.notification.view.XboxNotificationView
16:48:49.155 [FXGL Background Thread 3 ] DEBUG Engine               - pixelsPerMeter: 50.0
16:48:49.155 [FXGL Background Thread 3 ] DEBUG Engine               - platform: WINDOWS
16:48:49.155 [FXGL Background Thread 3 ] DEBUG Engine               - prefHeightProperty: ReadOnlyDoubleProperty [value: 600.0]
16:48:49.155 [FXGL Background Thread 3 ] DEBUG Engine               - prefWidthProperty: ReadOnlyDoubleProperty [value: 600.0]
16:48:49.155 [FXGL Background Thread 3 ] DEBUG Engine               - profileDir: profiles/
16:48:49.155 [FXGL Background Thread 3 ] DEBUG Engine               - profileName: StringProperty [value: DEFAULT]
16:48:49.155 [FXGL Background Thread 3 ] DEBUG Engine               - randomSeed: -1
16:48:49.155 [FXGL Background Thread 3 ] DEBUG Engine               - runtimeInfo: RuntimeInfo(platform=WINDOWS, version=17.2, build=20.08.2022 16.50)
16:48:49.155 [FXGL Background Thread 3 ] DEBUG Engine               - saveFileExt: sav
16:48:49.155 [FXGL Background Thread 3 ] DEBUG Engine               - scaledHeightProp$fxgl: DoubleProperty [bound, value: 600.0]
16:48:49.155 [FXGL Background Thread 3 ] DEBUG Engine               - scaledWidthProp$fxgl: DoubleProperty [bound, value: 600.0]
16:48:49.156 [FXGL Background Thread 3 ] DEBUG Engine               - sceneFactory: com.example.brickbreaker.menu.CustomSceneFactory@2e72730f
16:48:49.156 [FXGL Background Thread 3 ] DEBUG Engine               - secondsIn24h: 60
16:48:49.156 [FXGL Background Thread 3 ] DEBUG Engine               - soundMenuBack: menu/back.wav
16:48:49.156 [FXGL Background Thread 3 ] DEBUG Engine               - soundMenuPress: menu/press.wav
16:48:49.156 [FXGL Background Thread 3 ] DEBUG Engine               - soundMenuSelect: menu/select.wav
16:48:49.156 [FXGL Background Thread 3 ] DEBUG Engine               - soundNotification: core/notification.wav
16:48:49.156 [FXGL Background Thread 3 ] DEBUG Engine               - stageStyle: DECORATED
16:48:49.156 [FXGL Background Thread 3 ] DEBUG Engine               - supportedLanguages: [ENGLISH, FRENCH, GERMAN, HUNGARIAN, RUSSIAN]
16:48:49.156 [FXGL Background Thread 3 ] DEBUG Engine               - ticksPerSecond: -1
16:48:49.156 [FXGL Background Thread 3 ] DEBUG Engine               - title: Brick Breaker
16:48:49.156 [FXGL Background Thread 3 ] DEBUG Engine               - urlGithub: https://github.com/AlmasB/FXGL
16:48:49.156 [FXGL Background Thread 3 ] DEBUG Engine               - urlLeaderboard: http://fxgl-top.herokuapp.com/
16:48:49.156 [FXGL Background Thread 3 ] DEBUG Engine               - urlPOM: https://raw.githubusercontent.com/AlmasB/FXGL/release/README.md
16:48:49.156 [FXGL Background Thread 3 ] DEBUG Engine               - userAppClass: class com.example.brickbreaker.BrickBreakerApp
16:48:49.156 [FXGL Background Thread 3 ] DEBUG Engine               - version: 0.0
16:48:49.156 [FXGL Background Thread 3 ] DEBUG Engine               - versionCheckDays: 7
16:48:49.156 [FXGL Background Thread 3 ] DEBUG Engine               - width: 600
16:48:49.156 [FXGL Background Thread 3 ] DEBUG Engine               - Logging services
16:48:49.156 [FXGL Background Thread 3 ] DEBUG Engine               - class com.almasb.fxgl.app.services.FXGLAssetLoaderService
16:48:49.156 [FXGL Background Thread 3 ] DEBUG Engine               - class com.almasb.fxgl.app.FXGLApplication$GameApplicationService
16:48:49.156 [FXGL Background Thread 3 ] DEBUG Engine               - class com.almasb.fxgl.app.services.FXGLDialogService
16:48:49.156 [FXGL Background Thread 3 ] DEBUG Engine               - class com.almasb.fxgl.app.services.IOTaskExecutorService
16:48:49.156 [FXGL Background Thread 3 ] DEBUG Engine               - class com.almasb.fxgl.io.FileSystemService
16:48:49.156 [FXGL Background Thread 3 ] DEBUG Engine               - class com.almasb.fxgl.localization.LocalizationService
16:48:49.156 [FXGL Background Thread 3 ] DEBUG Engine               - class com.almasb.fxgl.app.services.SystemBundleService
16:48:49.156 [FXGL Background Thread 3 ] DEBUG Engine               - class com.almasb.fxgl.profile.SaveLoadService
16:48:49.156 [FXGL Background Thread 3 ] DEBUG Engine               - class com.almasb.fxgl.ui.FXGLUIFactoryServiceProvider
16:48:49.156 [FXGL Background Thread 3 ] DEBUG Engine               - class com.almasb.fxgl.ui.FXGLDialogFactoryServiceProvider
16:48:49.156 [FXGL Background Thread 3 ] DEBUG Engine               - class com.almasb.fxgl.audio.AudioPlayer
16:48:49.156 [FXGL Background Thread 3 ] DEBUG Engine               - class com.almasb.fxgl.notification.impl.NotificationServiceProvider
16:48:49.156 [FXGL Background Thread 3 ] DEBUG Engine               - class com.almasb.fxgl.achievement.AchievementService
16:48:49.157 [FXGL Background Thread 3 ] DEBUG Engine               - class com.almasb.fxgl.cutscene.CutsceneService
16:48:49.157 [FXGL Background Thread 3 ] DEBUG Engine               - class com.almasb.fxgl.minigames.MiniGameService
16:48:49.157 [FXGL Background Thread 3 ] DEBUG Engine               - class com.almasb.fxgl.net.NetService
16:48:49.157 [FXGL Background Thread 3 ] DEBUG Engine               - class com.almasb.fxgl.app.services.UpdaterService
16:48:49.157 [FXGL Background Thread 3 ] DEBUG Engine               - class com.almasb.fxgl.dev.DevService
16:49:00.513 [JavaFX Application Thread] DEBUG FXGLApplication      - Exiting FXGL
16:49:00.513 [JavaFX Application Thread] DEBUG LoopRunner           - Stopping loop
16:49:00.513 [JavaFX Application Thread] DEBUG SystemBundleService  - Saving FXGL system data
16:49:00.514 [JavaFX Application Thread] DEBUG FileSystemAccess     - Writing to: C:\Users\matip\Desktop\JavaProjects\brick-breaker\system\fxgl.bundle
16:49:00.515 [JavaFX Application Thread] DEBUG Async                - Shutting down background threads
16:49:00.515 [JavaFX Application Thread] DEBUG PrimaryStageWindow   - Closing main window
16:49:00.526 [JavaFX Application Thread] DEBUG Logger               - Closing Logger
