23:13:20.545 [main                     ] DEBUG Logger               - Configured Logger
23:13:20.561 [main                     ] DEBUG GameApplication      - Logging settings
Title: Brick Breaker
Version: 0.0
Width: 600
Height: 600
Fullscreen: false
Intro: false
Profiling: false
Single step:false
App Mode: DEVELOPER
Menu Key: ESCAPE
Stage Style: DECORATED
Scene Factory: class com.almasb.fxgl.app.scene.SceneFactory

23:13:20.813 [JavaFX Application Thread] DEBUG FXGLApplication      - Initializing FXGL
23:13:20.817 [JavaFX Application Thread] INFO  Engine               - FXGL-17.2 (20.08.2022 16.50) on WINDOWS (J:18.0.1.1 FX:18.0.2)
23:13:20.817 [JavaFX Application Thread] DEBUG Engine               - JRE Vendor Name: Oracle Corporation
23:13:20.817 [JavaFX Application Thread] DEBUG Engine               - Running on OS: Windows 10 version 10.0
23:13:20.817 [JavaFX Application Thread] DEBUG Engine               - Architecture: amd64
23:13:20.817 [JavaFX Application Thread] INFO  Engine               - Source code and latest versions at: https://github.com/AlmasB/FXGL
23:13:20.817 [JavaFX Application Thread] INFO  Engine               -       Ask questions and discuss at: https://github.com/AlmasB/FXGL/discussions
23:13:20.817 [JavaFX Application Thread] INFO  Engine               -              Join the FXGL chat at: https://gitter.im/AlmasB/FXGL
23:13:20.866 [JavaFX Application Thread] DEBUG PrimaryStageWindow   - Creating a JavaFX scene
23:13:20.891 [JavaFX Application Thread] DEBUG PrimaryStageWindow   - Target settings size: 600.0 x 600.0
23:13:20.892 [JavaFX Application Thread] DEBUG PrimaryStageWindow   - Scaled scene size:    600.0 x 600.0
23:13:20.892 [JavaFX Application Thread] DEBUG PrimaryStageWindow   - Scaled ratio: (1.0, 1.0)
23:13:20.892 [JavaFX Application Thread] DEBUG PrimaryStageWindow   - Set initial scene to FXGLStartupScene
23:13:20.896 [JavaFX Application Thread] DEBUG PrimaryStageWindow   - Opening main window
23:13:20.936 [JavaFX Application Thread] DEBUG PrimaryStageWindow   - Window border size: (16.0, 39.0)
23:13:20.936 [JavaFX Application Thread] DEBUG PrimaryStageWindow   - Scaled size: 600.0 x 600.0
23:13:20.936 [JavaFX Application Thread] DEBUG PrimaryStageWindow   - Scaled ratio: (1.0, 1.0)
23:13:20.936 [JavaFX Application Thread] DEBUG PrimaryStageWindow   - Scene size: 600.0 x 600.0
23:13:20.936 [JavaFX Application Thread] DEBUG PrimaryStageWindow   - Stage size: 616.0 x 639.0
23:13:20.940 [FXGL Background Thread 1 ] DEBUG Engine               - Initializing environment variables
23:13:20.965 [FXGL Background Thread 1 ] DEBUG FXGLAssetLoaderServi - User app class for loading assets: class com.example.brickbreaker.BrickBreakerApp
23:13:20.965 [FXGL Background Thread 1 ] DEBUG GameApplicationServi - Applying CSS: fxgl_dark.css
23:13:20.966 [FXGL Background Thread 1 ] DEBUG FXGLAssetLoaderServi - Loading from file system: jar:file:///C:/Users/matip/.m2/repository/com/github/almasb/fxgl/17.2/fxgl-17.2.jar!/fxglassets/ui/css/fxgl_dark.css
23:13:20.990 [FXGL Background Thread 1 ] DEBUG GameApplicationServi - Initializing application scenes
23:13:21.009 [FXGL Background Thread 1 ] DEBUG GameWorld            - Game world initialized
23:13:21.037 [FXGL Background Thread 1 ] DEBUG PhysicsWorld         - Physics world initialized: appHeight=600, physics.ppm=50.0
23:13:21.037 [FXGL Background Thread 1 ] DEBUG PhysicsWorld         - Using strategy: BRUTE_FORCE
23:13:21.039 [FXGL Background Thread 1 ] DEBUG GameScene            - Game scene initialized: 600x600
23:13:21.045 [FXGL Background Thread 1 ] WARN  FXGL.DefaultMenu     - FXGLDefaultMenu is not designed for resolutions < 800x600
23:13:21.045 [FXGL Background Thread 1 ] DEBUG FXGL.DefaultMenu     - createMenuBodyGameMenu()
23:13:21.051 [FXGL Background Thread 1 ] DEBUG FXGL.DefaultMenu     - createOptionsMenu()
23:13:21.056 [FXGL Background Thread 1 ] DEBUG FXGLAssetLoaderServi - Loading from file system: jar:file:///C:/Users/matip/.m2/repository/com/github/almasb/fxgl/17.2/fxgl-17.2.jar!/fxglassets/textures/particles/smoke.png
23:13:21.109 [FXGL Background Thread 1 ] DEBUG FXGLAssetLoaderServi - Loading from file system: jar:file:///C:/Users/matip/.m2/repository/com/github/almasb/fxgl/17.2/fxgl-17.2.jar!/fxglassets/textures/particles/trace_horizontal.png
23:13:21.127 [FXGL Background Thread 1 ] DEBUG GameApplicationServi - Application scenes initialized
23:13:21.134 [FXGL Background Thread 1 ] DEBUG SystemBundleService  - Loading FXGL system data
23:13:21.137 [FXGL Background Thread 1 ] DEBUG FileSystemAccess     - Reading from: C:\Users\matip\Desktop\JavaProjects\brick-breaker\system\fxgl.bundle
23:13:21.141 [FXGL Background Thread 1 ] DEBUG SystemBundleService  - Bundle FXGL: {}
23:13:21.141 [FXGL Background Thread 1 ] DEBUG UpdaterService       - Checking for updates
23:13:21.143 [FXGL Background Thread 4 ] DEBUG FXGLApplication      - Loading fonts
23:13:21.143 [FXGL Background Thread 1 ] DEBUG FXGLApplication      - Loading default localization
23:13:21.144 [FXGL Background Thread 4 ] DEBUG FXGLAssetLoaderServi - Loading from file system: jar:file:///C:/Users/matip/.m2/repository/com/github/almasb/fxgl/17.2/fxgl-17.2.jar!/fxglassets/ui/fonts/VarelaRound-Regular.ttf
23:13:21.144 [FXGL Background Thread 1 ] DEBUG FXGLAssetLoaderServi - Loading from file system: jar:file:///C:/Users/matip/.m2/repository/com/github/almasb/fxgl/17.2/fxgl-17.2.jar!/fxglassets/languages/english.lang
23:13:21.153 [FXGL Background Thread 1 ] INFO  FXGLApplication      - FXGL initialization took: 0.213 sec
23:13:21.158 [JavaFX Application Thread] DEBUG Input                - Registered new binding: action0 - D
23:13:21.158 [JavaFX Application Thread] DEBUG Input                - Registered new binding: action1 - A
23:13:21.158 [JavaFX Application Thread] DEBUG Input                - Registered new binding: action2 - Enter
23:13:21.159 [JavaFX Application Thread] DEBUG FXGLAssetLoaderServi - Loading from file system: jar:file:///C:/Users/matip/.m2/repository/com/github/almasb/fxgl/17.2/fxgl-17.2.jar!/fxglassets/textures/fxgl_icon.png
23:13:21.169 [FXGL Background Thread 4 ] DEBUG FXGLAssetLoaderServi - Loading from file system: jar:file:///C:/Users/matip/.m2/repository/com/github/almasb/fxgl/17.2/fxgl-17.2.jar!/fxglassets/ui/fonts/Abel-Regular.ttf
23:13:21.170 [JavaFX Application Thread] DEBUG FXGLAssetLoaderServi - Loading from file system: jar:file:///C:/Users/matip/.m2/repository/com/github/almasb/fxgl/17.2/fxgl-17.2.jar!/fxglassets/textures/fxgl_default_cursor.png
23:13:21.171 [FXGL Background Thread 4 ] DEBUG FXGLAssetLoaderServi - Loading from file system: jar:file:///C:/Users/matip/.m2/repository/com/github/almasb/fxgl/17.2/fxgl-17.2.jar!/fxglassets/ui/fonts/TerminalLandMono-Regular.otf
23:13:21.171 [JavaFX Application Thread] DEBUG Input                - Registered new binding: Screenshot - CTRL+8
23:13:21.172 [JavaFX Application Thread] DEBUG Input                - Registered new binding: System info dump - CTRL+9
23:13:21.172 [JavaFX Application Thread] DEBUG Input                - Registered new binding: Restart - CTRL+R
23:13:21.172 [JavaFX Application Thread] DEBUG Input                - Registered new binding: Toggle Debug Camera - CTRL+7
23:13:21.173 [JavaFX Application Thread] DEBUG LoopRunner           - Starting loop
23:13:21.173 [FXGL Background Thread 4 ] DEBUG FXGLAssetLoaderServi - Loading from file system: jar:file:///C:/Users/matip/.m2/repository/com/github/almasb/fxgl/17.2/fxgl-17.2.jar!/fxglassets/ui/fonts/Courier-Prime.ttf
23:13:21.173 [JavaFX Application Thread] DEBUG LoopRunner           - Initializing JavaFX AnimationTimerLoop
23:13:21.174 [JavaFX Application Thread] DEBUG GameApplicationServi - Starting new game
23:13:21.174 [JavaFX Application Thread] DEBUG Input                - Clearing active input actions
23:13:21.179 [JavaFX Application Thread] DEBUG GameApplicationServi - Removing overlay from FXGLStartupScene and adding to FXGLLoadingScene
23:13:21.179 [JavaFX Application Thread] DEBUG PrimaryStageWindow   - FXGLStartupScene -> FXGLLoadingScene
23:13:21.180 [JavaFX Application Thread] DEBUG GameApplicationServi - Clearing previous game
23:13:21.180 [JavaFX Application Thread] DEBUG GameScene            - Clearing game scene
23:13:21.180 [JavaFX Application Thread] DEBUG GameWorld            - Clearing game world
23:13:21.180 [JavaFX Application Thread] DEBUG PhysicsWorld         - Clearing physics world
23:13:21.181 [FXGL Background Thread 4 ] DEBUG FXGLApplication      - Initializing game
23:13:21.192 [FXGL Background Thread 4 ] WARN  GameWorld            - Entity is already attached to world
23:13:21.193 [FXGL Background Thread 4 ] WARN  GameWorld            - Entity is already attached to world
23:13:21.193 [FXGL Background Thread 4 ] WARN  GameWorld            - Entity is already attached to world
23:13:21.194 [FXGL Background Thread 4 ] WARN  GameWorld            - Entity is already attached to world
23:13:21.195 [FXGL Background Thread 4 ] WARN  GameWorld            - Entity is already attached to world
23:13:21.195 [FXGL Background Thread 4 ] WARN  GameWorld            - Entity is already attached to world
23:13:21.196 [FXGL Background Thread 4 ] WARN  GameWorld            - Entity is already attached to world
23:13:21.196 [FXGL Background Thread 4 ] WARN  GameWorld            - Entity is already attached to world
23:13:21.196 [FXGL Background Thread 4 ] WARN  GameWorld            - Entity is already attached to world
23:13:21.197 [FXGL Background Thread 4 ] WARN  GameWorld            - Entity is already attached to world
23:13:21.197 [FXGL Background Thread 4 ] WARN  GameWorld            - Entity is already attached to world
23:13:21.198 [FXGL Background Thread 4 ] WARN  GameWorld            - Entity is already attached to world
23:13:21.198 [FXGL Background Thread 4 ] WARN  GameWorld            - Entity is already attached to world
23:13:21.198 [JavaFX Application Thread] DEBUG FXGLApplication      - Registering font factories with UI factory
23:13:21.199 [FXGL Background Thread 4 ] WARN  GameWorld            - Entity is already attached to world
23:13:21.199 [FXGL Background Thread 4 ] WARN  GameWorld            - Entity is already attached to world
23:13:21.200 [FXGL Background Thread 4 ] WARN  GameWorld            - Entity is already attached to world
23:13:21.201 [FXGL Background Thread 4 ] WARN  GameWorld            - Entity is already attached to world
23:13:21.201 [FXGL Background Thread 4 ] WARN  GameWorld            - Entity is already attached to world
23:13:21.202 [FXGL Background Thread 4 ] WARN  GameWorld            - Entity is already attached to world
23:13:21.202 [FXGL Background Thread 4 ] WARN  GameWorld            - Entity is already attached to world
23:13:21.203 [FXGL Background Thread 4 ] WARN  GameWorld            - Entity is already attached to world
23:13:21.203 [FXGL Background Thread 4 ] WARN  GameWorld            - Entity is already attached to world
23:13:21.203 [FXGL Background Thread 4 ] WARN  GameWorld            - Entity is already attached to world
23:13:21.204 [FXGL Background Thread 4 ] WARN  GameWorld            - Entity is already attached to world
23:13:21.204 [FXGL Background Thread 4 ] WARN  GameWorld            - Entity is already attached to world
23:13:21.205 [FXGL Background Thread 4 ] WARN  GameWorld            - Entity is already attached to world
23:13:21.205 [FXGL Background Thread 4 ] WARN  GameWorld            - Entity is already attached to world
23:13:21.205 [FXGL Background Thread 4 ] WARN  GameWorld            - Entity is already attached to world
23:13:21.206 [FXGL Background Thread 4 ] WARN  GameWorld            - Entity is already attached to world
23:13:21.206 [FXGL Background Thread 4 ] WARN  GameWorld            - Entity is already attached to world
23:13:21.206 [FXGL Background Thread 4 ] WARN  GameWorld            - Entity is already attached to world
23:13:21.207 [FXGL Background Thread 4 ] WARN  GameWorld            - Entity is already attached to world
23:13:21.207 [FXGL Background Thread 4 ] WARN  GameWorld            - Entity is already attached to world
23:13:21.207 [FXGL Background Thread 4 ] WARN  GameWorld            - Entity is already attached to world
23:13:21.208 [FXGL Background Thread 4 ] WARN  GameWorld            - Entity is already attached to world
23:13:21.208 [FXGL Background Thread 4 ] WARN  GameWorld            - Entity is already attached to world
23:13:21.208 [FXGL Background Thread 4 ] WARN  GameWorld            - Entity is already attached to world
23:13:21.209 [FXGL Background Thread 4 ] WARN  GameWorld            - Entity is already attached to world
23:13:21.209 [FXGL Background Thread 4 ] WARN  GameWorld            - Entity is already attached to world
23:13:21.209 [FXGL Background Thread 4 ] WARN  GameWorld            - Entity is already attached to world
23:13:21.210 [FXGL Background Thread 4 ] WARN  GameWorld            - Entity is already attached to world
23:13:21.210 [FXGL Background Thread 4 ] WARN  GameWorld            - Entity is already attached to world
23:13:21.210 [FXGL Background Thread 4 ] WARN  GameWorld            - Entity is already attached to world
23:13:21.211 [FXGL Background Thread 4 ] WARN  GameWorld            - Entity is already attached to world
23:13:21.211 [FXGL Background Thread 4 ] WARN  GameWorld            - Entity is already attached to world
23:13:21.211 [FXGL Background Thread 4 ] WARN  GameWorld            - Entity is already attached to world
23:13:21.212 [FXGL Background Thread 4 ] WARN  GameWorld            - Entity is already attached to world
23:13:21.212 [FXGL Background Thread 4 ] WARN  GameWorld            - Entity is already attached to world
23:13:21.212 [FXGL Background Thread 4 ] WARN  GameWorld            - Entity is already attached to world
23:13:21.213 [FXGL Background Thread 4 ] WARN  GameWorld            - Entity is already attached to world
23:13:21.213 [FXGL Background Thread 4 ] WARN  GameWorld            - Entity is already attached to world
23:13:21.213 [FXGL Background Thread 4 ] WARN  GameWorld            - Entity is already attached to world
23:13:21.214 [FXGL Background Thread 4 ] WARN  GameWorld            - Entity is already attached to world
23:13:21.214 [FXGL Background Thread 4 ] WARN  GameWorld            - Entity is already attached to world
23:13:21.214 [FXGL Background Thread 4 ] WARN  GameWorld            - Entity is already attached to world
23:13:21.215 [FXGL Background Thread 4 ] WARN  GameWorld            - Entity is already attached to world
23:13:21.215 [FXGL Background Thread 4 ] WARN  GameWorld            - Entity is already attached to world
23:13:21.216 [FXGL Background Thread 4 ] WARN  GameWorld            - Entity is already attached to world
23:13:21.216 [FXGL Background Thread 4 ] WARN  GameWorld            - Entity is already attached to world
23:13:21.216 [FXGL Background Thread 4 ] WARN  GameWorld            - Entity is already attached to world
23:13:21.217 [FXGL Background Thread 4 ] WARN  GameWorld            - Entity is already attached to world
23:13:21.217 [FXGL Background Thread 4 ] WARN  GameWorld            - Entity is already attached to world
23:13:21.217 [FXGL Background Thread 4 ] WARN  GameWorld            - Entity is already attached to world
23:13:21.218 [FXGL Background Thread 4 ] WARN  GameWorld            - Entity is already attached to world
23:13:21.218 [FXGL Background Thread 4 ] WARN  GameWorld            - Entity is already attached to world
23:13:21.219 [FXGL Background Thread 4 ] WARN  GameWorld            - Entity is already attached to world
23:13:21.220 [FXGL Background Thread 4 ] INFO  FXGLApplication      - Game initialization took: 0.039 sec
23:13:21.228 [JavaFX Application Thread] DEBUG Input                - Clearing active input actions
23:13:21.236 [JavaFX Application Thread] DEBUG GameApplicationServi - Removing overlay from FXGLLoadingScene and adding to GameScene
23:13:21.236 [JavaFX Application Thread] DEBUG PrimaryStageWindow   - FXGLLoadingScene -> GameScene
23:13:21.598 [FXGL Background Thread 2 ] INFO  UpdaterService       - Your current version:  17.2
23:13:21.599 [FXGL Background Thread 2 ] INFO  UpdaterService       - Latest stable version: 17.3
23:13:24.145 [FXGL Background Thread 3 ] DEBUG Engine               - Logging environment variables
23:13:24.145 [FXGL Background Thread 3 ] DEBUG Engine               - achievements: []
23:13:24.145 [FXGL Background Thread 3 ] DEBUG Engine               - actualHeight: 600.0
23:13:24.145 [FXGL Background Thread 3 ] DEBUG Engine               - actualHeightProperty: ReadOnlyDoubleProperty [value: 600.0]
23:13:24.145 [FXGL Background Thread 3 ] DEBUG Engine               - actualWidth: 600.0
23:13:24.145 [FXGL Background Thread 3 ] DEBUG Engine               - actualWidthProperty: ReadOnlyDoubleProperty [value: 600.0]
23:13:24.145 [FXGL Background Thread 3 ] DEBUG Engine               - appIcon: fxgl_icon.png
23:13:24.145 [FXGL Background Thread 3 ] DEBUG Engine               - applicationMode: DEVELOPER
23:13:24.145 [FXGL Background Thread 3 ] DEBUG Engine               - cSSList: [fxgl_dark.css]
23:13:24.146 [FXGL Background Thread 3 ] DEBUG Engine               - collisionDetectionStrategy: BRUTE_FORCE
23:13:24.146 [FXGL Background Thread 3 ] DEBUG Engine               - configClass: Optional.empty
23:13:24.146 [FXGL Background Thread 3 ] DEBUG Engine               - credits: []
23:13:24.146 [FXGL Background Thread 3 ] DEBUG Engine               - defaultCursor: CursorInfo(imageName=fxgl_default_cursor.png, hotspotX=7.0, hotspotY=6.0)
23:13:24.146 [FXGL Background Thread 3 ] DEBUG Engine               - devBBoxColorProperty: ObjectProperty [value: 0xff0000ff]
23:13:24.146 [FXGL Background Thread 3 ] DEBUG Engine               - devEnableDebugCameraProperty: BooleanProperty [value: false]
23:13:24.146 [FXGL Background Thread 3 ] DEBUG Engine               - devSensorColorProperty: ObjectProperty [value: 0xffff00ff]
23:13:24.146 [FXGL Background Thread 3 ] DEBUG Engine               - devShowBBoxProperty: BooleanProperty [value: false]
23:13:24.146 [FXGL Background Thread 3 ] DEBUG Engine               - devShowPositionProperty: BooleanProperty [value: false]
23:13:24.146 [FXGL Background Thread 3 ] DEBUG Engine               - enabledMenuItems: []
23:13:24.146 [FXGL Background Thread 3 ] DEBUG Engine               - engineServices: [class com.almasb.fxgl.app.services.FXGLAssetLoaderService, class com.almasb.fxgl.app.FXGLApplication$GameApplicationService, class com.almasb.fxgl.app.services.FXGLDialogService, class com.almasb.fxgl.app.services.IOTaskExecutorService, class com.almasb.fxgl.io.FileSystemService, class com.almasb.fxgl.localization.LocalizationService, class com.almasb.fxgl.app.services.SystemBundleService, class com.almasb.fxgl.profile.SaveLoadService, class com.almasb.fxgl.ui.FXGLUIFactoryServiceProvider, class com.almasb.fxgl.ui.FXGLDialogFactoryServiceProvider, class com.almasb.fxgl.audio.AudioPlayer, class com.almasb.fxgl.notification.impl.NotificationServiceProvider, class com.almasb.fxgl.achievement.AchievementService, class com.almasb.fxgl.cutscene.CutsceneService, class com.almasb.fxgl.minigames.MiniGameService, class com.almasb.fxgl.net.NetService, class com.almasb.fxgl.app.services.UpdaterService, class com.almasb.fxgl.dev.DevService]
23:13:24.146 [FXGL Background Thread 3 ] DEBUG Engine               - fontGame: Abel-Regular.ttf
23:13:24.146 [FXGL Background Thread 3 ] DEBUG Engine               - fontMono: TerminalLandMono-Regular.otf
23:13:24.146 [FXGL Background Thread 3 ] DEBUG Engine               - fontText: Courier-Prime.ttf
23:13:24.146 [FXGL Background Thread 3 ] DEBUG Engine               - fontUI: VarelaRound-Regular.ttf
23:13:24.146 [FXGL Background Thread 3 ] DEBUG Engine               - fullScreen: BooleanProperty [value: false]
23:13:24.146 [FXGL Background Thread 3 ] DEBUG Engine               - gameDifficulty: MEDIUM
23:13:24.146 [FXGL Background Thread 3 ] DEBUG Engine               - gameDifficultyProperty: ObjectProperty [value: MEDIUM]
23:13:24.147 [FXGL Background Thread 3 ] DEBUG Engine               - globalMusicVolume: 0.5
23:13:24.147 [FXGL Background Thread 3 ] DEBUG Engine               - globalMusicVolumeProperty: DoubleProperty [value: 0.5]
23:13:24.147 [FXGL Background Thread 3 ] DEBUG Engine               - globalSoundVolume: 0.5
23:13:24.147 [FXGL Background Thread 3 ] DEBUG Engine               - globalSoundVolumeProperty: DoubleProperty [value: 0.5]
23:13:24.147 [FXGL Background Thread 3 ] DEBUG Engine               - height: 600
23:13:24.147 [FXGL Background Thread 3 ] DEBUG Engine               - is3D: false
23:13:24.147 [FXGL Background Thread 3 ] DEBUG Engine               - isAndroid: false
23:13:24.147 [FXGL Background Thread 3 ] DEBUG Engine               - isBrowser: false
23:13:24.147 [FXGL Background Thread 3 ] DEBUG Engine               - isClickFeedbackEnabled: false
23:13:24.147 [FXGL Background Thread 3 ] DEBUG Engine               - isCloseConfirmation: false
23:13:24.147 [FXGL Background Thread 3 ] DEBUG Engine               - isDesktop: true
23:13:24.147 [FXGL Background Thread 3 ] DEBUG Engine               - isDeveloperMenuEnabled: false
23:13:24.147 [FXGL Background Thread 3 ] DEBUG Engine               - isEmbedded: false
23:13:24.147 [FXGL Background Thread 3 ] DEBUG Engine               - isEntityPreloadEnabled: true
23:13:24.147 [FXGL Background Thread 3 ] DEBUG Engine               - isExperimentalTiledLargeMap: false
23:13:24.147 [FXGL Background Thread 3 ] DEBUG Engine               - isFileSystemWriteAllowed: true
23:13:24.147 [FXGL Background Thread 3 ] DEBUG Engine               - isFullScreenAllowed: false
23:13:24.147 [FXGL Background Thread 3 ] DEBUG Engine               - isFullScreenFromStart: false
23:13:24.147 [FXGL Background Thread 3 ] DEBUG Engine               - isGameMenuEnabled: true
23:13:24.147 [FXGL Background Thread 3 ] DEBUG Engine               - isIOS: false
23:13:24.147 [FXGL Background Thread 3 ] DEBUG Engine               - isIntroEnabled: false
23:13:24.147 [FXGL Background Thread 3 ] DEBUG Engine               - isLinux: false
23:13:24.148 [FXGL Background Thread 3 ] DEBUG Engine               - isMac: false
23:13:24.148 [FXGL Background Thread 3 ] DEBUG Engine               - isMainMenuEnabled: false
23:13:24.148 [FXGL Background Thread 3 ] DEBUG Engine               - isManualResizeEnabled: false
23:13:24.148 [FXGL Background Thread 3 ] DEBUG Engine               - isMobile: false
23:13:24.148 [FXGL Background Thread 3 ] DEBUG Engine               - isNative: false
23:13:24.148 [FXGL Background Thread 3 ] DEBUG Engine               - isPauseMusicWhenMinimized: true
23:13:24.148 [FXGL Background Thread 3 ] DEBUG Engine               - isPreserveResizeRatio: false
23:13:24.148 [FXGL Background Thread 3 ] DEBUG Engine               - isProfilingEnabled: false
23:13:24.148 [FXGL Background Thread 3 ] DEBUG Engine               - isScaleAffectedOnResize: true
23:13:24.148 [FXGL Background Thread 3 ] DEBUG Engine               - isSingleStep: false
23:13:24.148 [FXGL Background Thread 3 ] DEBUG Engine               - isUserProfileEnabled: false
23:13:24.148 [FXGL Background Thread 3 ] DEBUG Engine               - isWindows: true
23:13:24.148 [FXGL Background Thread 3 ] DEBUG Engine               - language: ObjectProperty [value: ENGLISH]
23:13:24.148 [FXGL Background Thread 3 ] DEBUG Engine               - menuKey: ESCAPE
23:13:24.148 [FXGL Background Thread 3 ] DEBUG Engine               - mouseSensitivity: 0.2
23:13:24.148 [FXGL Background Thread 3 ] DEBUG Engine               - notificationViewClass: class com.almasb.fxgl.notification.view.XboxNotificationView
23:13:24.148 [FXGL Background Thread 3 ] DEBUG Engine               - pixelsPerMeter: 50.0
23:13:24.148 [FXGL Background Thread 3 ] DEBUG Engine               - platform: WINDOWS
23:13:24.148 [FXGL Background Thread 3 ] DEBUG Engine               - prefHeightProperty: ReadOnlyDoubleProperty [value: 600.0]
23:13:24.148 [FXGL Background Thread 3 ] DEBUG Engine               - prefWidthProperty: ReadOnlyDoubleProperty [value: 600.0]
23:13:24.149 [FXGL Background Thread 3 ] DEBUG Engine               - profileDir: profiles/
23:13:24.149 [FXGL Background Thread 3 ] DEBUG Engine               - profileName: StringProperty [value: DEFAULT]
23:13:24.149 [FXGL Background Thread 3 ] DEBUG Engine               - randomSeed: -1
23:13:24.149 [FXGL Background Thread 3 ] DEBUG Engine               - runtimeInfo: RuntimeInfo(platform=WINDOWS, version=17.2, build=20.08.2022 16.50)
23:13:24.149 [FXGL Background Thread 3 ] DEBUG Engine               - saveFileExt: sav
23:13:24.149 [FXGL Background Thread 3 ] DEBUG Engine               - scaledHeightProp$fxgl: DoubleProperty [bound, value: 600.0]
23:13:24.149 [FXGL Background Thread 3 ] DEBUG Engine               - scaledWidthProp$fxgl: DoubleProperty [bound, value: 600.0]
23:13:24.149 [FXGL Background Thread 3 ] DEBUG Engine               - sceneFactory: com.almasb.fxgl.app.scene.SceneFactory@187fd913
23:13:24.149 [FXGL Background Thread 3 ] DEBUG Engine               - secondsIn24h: 60
23:13:24.149 [FXGL Background Thread 3 ] DEBUG Engine               - soundMenuBack: menu/back.wav
23:13:24.149 [FXGL Background Thread 3 ] DEBUG Engine               - soundMenuPress: menu/press.wav
23:13:24.149 [FXGL Background Thread 3 ] DEBUG Engine               - soundMenuSelect: menu/select.wav
23:13:24.149 [FXGL Background Thread 3 ] DEBUG Engine               - soundNotification: core/notification.wav
23:13:24.149 [FXGL Background Thread 3 ] DEBUG Engine               - stageStyle: DECORATED
23:13:24.149 [FXGL Background Thread 3 ] DEBUG Engine               - supportedLanguages: [ENGLISH, FRENCH, GERMAN, HUNGARIAN, RUSSIAN]
23:13:24.150 [FXGL Background Thread 3 ] DEBUG Engine               - ticksPerSecond: -1
23:13:24.150 [FXGL Background Thread 3 ] DEBUG Engine               - title: Brick Breaker
23:13:24.150 [FXGL Background Thread 3 ] DEBUG Engine               - urlGithub: https://github.com/AlmasB/FXGL
23:13:24.150 [FXGL Background Thread 3 ] DEBUG Engine               - urlLeaderboard: http://fxgl-top.herokuapp.com/
23:13:24.150 [FXGL Background Thread 3 ] DEBUG Engine               - urlPOM: https://raw.githubusercontent.com/AlmasB/FXGL/release/README.md
23:13:24.150 [FXGL Background Thread 3 ] DEBUG Engine               - userAppClass: class com.example.brickbreaker.BrickBreakerApp
23:13:24.150 [FXGL Background Thread 3 ] DEBUG Engine               - version: 0.0
23:13:24.150 [FXGL Background Thread 3 ] DEBUG Engine               - versionCheckDays: 7
23:13:24.150 [FXGL Background Thread 3 ] DEBUG Engine               - width: 600
23:13:24.150 [FXGL Background Thread 3 ] DEBUG Engine               - Logging services
23:13:24.150 [FXGL Background Thread 3 ] DEBUG Engine               - class com.almasb.fxgl.app.services.FXGLAssetLoaderService
23:13:24.150 [FXGL Background Thread 3 ] DEBUG Engine               - class com.almasb.fxgl.app.FXGLApplication$GameApplicationService
23:13:24.150 [FXGL Background Thread 3 ] DEBUG Engine               - class com.almasb.fxgl.app.services.FXGLDialogService
23:13:24.150 [FXGL Background Thread 3 ] DEBUG Engine               - class com.almasb.fxgl.app.services.IOTaskExecutorService
23:13:24.150 [FXGL Background Thread 3 ] DEBUG Engine               - class com.almasb.fxgl.io.FileSystemService
23:13:24.150 [FXGL Background Thread 3 ] DEBUG Engine               - class com.almasb.fxgl.localization.LocalizationService
23:13:24.150 [FXGL Background Thread 3 ] DEBUG Engine               - class com.almasb.fxgl.app.services.SystemBundleService
23:13:24.150 [FXGL Background Thread 3 ] DEBUG Engine               - class com.almasb.fxgl.profile.SaveLoadService
23:13:24.150 [FXGL Background Thread 3 ] DEBUG Engine               - class com.almasb.fxgl.ui.FXGLUIFactoryServiceProvider
23:13:24.150 [FXGL Background Thread 3 ] DEBUG Engine               - class com.almasb.fxgl.ui.FXGLDialogFactoryServiceProvider
23:13:24.150 [FXGL Background Thread 3 ] DEBUG Engine               - class com.almasb.fxgl.audio.AudioPlayer
23:13:24.150 [FXGL Background Thread 3 ] DEBUG Engine               - class com.almasb.fxgl.notification.impl.NotificationServiceProvider
23:13:24.150 [FXGL Background Thread 3 ] DEBUG Engine               - class com.almasb.fxgl.achievement.AchievementService
23:13:24.150 [FXGL Background Thread 3 ] DEBUG Engine               - class com.almasb.fxgl.cutscene.CutsceneService
23:13:24.150 [FXGL Background Thread 3 ] DEBUG Engine               - class com.almasb.fxgl.minigames.MiniGameService
23:13:24.150 [FXGL Background Thread 3 ] DEBUG Engine               - class com.almasb.fxgl.net.NetService
23:13:24.150 [FXGL Background Thread 3 ] DEBUG Engine               - class com.almasb.fxgl.app.services.UpdaterService
23:13:24.150 [FXGL Background Thread 3 ] DEBUG Engine               - class com.almasb.fxgl.dev.DevService
23:13:29.057 [JavaFX Application Thread] DEBUG FXGLApplication      - Exiting FXGL
23:13:29.057 [JavaFX Application Thread] DEBUG LoopRunner           - Stopping loop
23:13:29.057 [JavaFX Application Thread] DEBUG SystemBundleService  - Saving FXGL system data
23:13:29.058 [JavaFX Application Thread] DEBUG FileSystemAccess     - Writing to: C:\Users\matip\Desktop\JavaProjects\brick-breaker\system\fxgl.bundle
23:13:29.060 [JavaFX Application Thread] DEBUG Async                - Shutting down background threads
23:13:29.060 [JavaFX Application Thread] DEBUG PrimaryStageWindow   - Closing main window
23:13:29.067 [JavaFX Application Thread] DEBUG Logger               - Closing Logger
