23:13:35.823 [main                     ] DEBUG Logger               - Configured Logger
23:13:35.839 [main                     ] DEBUG GameApplication      - Logging settings
Title: Brick Breaker
Version: 0.0
Width: 600
Height: 600
Fullscreen: false
Intro: false
Profiling: false
Single step:false
App Mode: DEVELOPER
Menu Key: ESCAPE
Stage Style: DECORATED
Scene Factory: class com.almasb.fxgl.app.scene.SceneFactory

23:13:36.097 [JavaFX Application Thread] DEBUG FXGLApplication      - Initializing FXGL
23:13:36.100 [JavaFX Application Thread] INFO  Engine               - FXGL-17.2 (20.08.2022 16.50) on WINDOWS (J:18.0.1.1 FX:18.0.2)
23:13:36.100 [JavaFX Application Thread] DEBUG Engine               - JRE Vendor Name: Oracle Corporation
23:13:36.101 [JavaFX Application Thread] DEBUG Engine               - Running on OS: Windows 10 version 10.0
23:13:36.101 [JavaFX Application Thread] DEBUG Engine               - Architecture: amd64
23:13:36.101 [JavaFX Application Thread] INFO  Engine               - Source code and latest versions at: https://github.com/AlmasB/FXGL
23:13:36.101 [JavaFX Application Thread] INFO  Engine               -       Ask questions and discuss at: https://github.com/AlmasB/FXGL/discussions
23:13:36.101 [JavaFX Application Thread] INFO  Engine               -              Join the FXGL chat at: https://gitter.im/AlmasB/FXGL
23:13:36.149 [JavaFX Application Thread] DEBUG PrimaryStageWindow   - Creating a JavaFX scene
23:13:36.174 [JavaFX Application Thread] DEBUG PrimaryStageWindow   - Target settings size: 600.0 x 600.0
23:13:36.174 [JavaFX Application Thread] DEBUG PrimaryStageWindow   - Scaled scene size:    600.0 x 600.0
23:13:36.174 [JavaFX Application Thread] DEBUG PrimaryStageWindow   - Scaled ratio: (1.0, 1.0)
23:13:36.175 [JavaFX Application Thread] DEBUG PrimaryStageWindow   - Set initial scene to FXGLStartupScene
23:13:36.179 [JavaFX Application Thread] DEBUG PrimaryStageWindow   - Opening main window
23:13:36.219 [JavaFX Application Thread] DEBUG PrimaryStageWindow   - Window border size: (16.0, 39.0)
23:13:36.219 [JavaFX Application Thread] DEBUG PrimaryStageWindow   - Scaled size: 600.0 x 600.0
23:13:36.219 [JavaFX Application Thread] DEBUG PrimaryStageWindow   - Scaled ratio: (1.0, 1.0)
23:13:36.219 [JavaFX Application Thread] DEBUG PrimaryStageWindow   - Scene size: 600.0 x 600.0
23:13:36.219 [JavaFX Application Thread] DEBUG PrimaryStageWindow   - Stage size: 616.0 x 639.0
23:13:36.223 [FXGL Background Thread 1 ] DEBUG Engine               - Initializing environment variables
23:13:36.247 [FXGL Background Thread 1 ] DEBUG FXGLAssetLoaderServi - User app class for loading assets: class com.example.brickbreaker.BrickBreakerApp
23:13:36.247 [FXGL Background Thread 1 ] DEBUG GameApplicationServi - Applying CSS: fxgl_dark.css
23:13:36.247 [FXGL Background Thread 1 ] DEBUG FXGLAssetLoaderServi - Loading from file system: jar:file:///C:/Users/matip/.m2/repository/com/github/almasb/fxgl/17.2/fxgl-17.2.jar!/fxglassets/ui/css/fxgl_dark.css
23:13:36.271 [FXGL Background Thread 1 ] DEBUG GameApplicationServi - Initializing application scenes
23:13:36.290 [FXGL Background Thread 1 ] DEBUG GameWorld            - Game world initialized
23:13:36.315 [FXGL Background Thread 1 ] DEBUG PhysicsWorld         - Physics world initialized: appHeight=600, physics.ppm=50.0
23:13:36.315 [FXGL Background Thread 1 ] DEBUG PhysicsWorld         - Using strategy: BRUTE_FORCE
23:13:36.317 [FXGL Background Thread 1 ] DEBUG GameScene            - Game scene initialized: 600x600
23:13:36.325 [FXGL Background Thread 1 ] WARN  FXGL.DefaultMenu     - FXGLDefaultMenu is not designed for resolutions < 800x600
23:13:36.325 [FXGL Background Thread 1 ] DEBUG FXGL.DefaultMenu     - createMenuBodyGameMenu()
23:13:36.332 [FXGL Background Thread 1 ] DEBUG FXGL.DefaultMenu     - createOptionsMenu()
23:13:36.338 [FXGL Background Thread 1 ] DEBUG FXGLAssetLoaderServi - Loading from file system: jar:file:///C:/Users/matip/.m2/repository/com/github/almasb/fxgl/17.2/fxgl-17.2.jar!/fxglassets/textures/particles/smoke.png
23:13:36.390 [FXGL Background Thread 1 ] DEBUG FXGLAssetLoaderServi - Loading from file system: jar:file:///C:/Users/matip/.m2/repository/com/github/almasb/fxgl/17.2/fxgl-17.2.jar!/fxglassets/textures/particles/trace_horizontal.png
23:13:36.409 [FXGL Background Thread 1 ] DEBUG GameApplicationServi - Application scenes initialized
23:13:36.415 [FXGL Background Thread 1 ] DEBUG SystemBundleService  - Loading FXGL system data
23:13:36.418 [FXGL Background Thread 1 ] DEBUG FileSystemAccess     - Reading from: C:\Users\matip\Desktop\JavaProjects\brick-breaker\system\fxgl.bundle
23:13:36.422 [FXGL Background Thread 1 ] DEBUG SystemBundleService  - Bundle FXGL: {}
23:13:36.422 [FXGL Background Thread 1 ] DEBUG UpdaterService       - Checking for updates
23:13:36.424 [FXGL Background Thread 4 ] DEBUG FXGLApplication      - Loading fonts
23:13:36.425 [FXGL Background Thread 1 ] DEBUG FXGLApplication      - Loading default localization
23:13:36.425 [FXGL Background Thread 4 ] DEBUG FXGLAssetLoaderServi - Loading from file system: jar:file:///C:/Users/matip/.m2/repository/com/github/almasb/fxgl/17.2/fxgl-17.2.jar!/fxglassets/ui/fonts/VarelaRound-Regular.ttf
23:13:36.425 [FXGL Background Thread 1 ] DEBUG FXGLAssetLoaderServi - Loading from file system: jar:file:///C:/Users/matip/.m2/repository/com/github/almasb/fxgl/17.2/fxgl-17.2.jar!/fxglassets/languages/english.lang
23:13:36.435 [FXGL Background Thread 1 ] INFO  FXGLApplication      - FXGL initialization took: 0.211 sec
23:13:36.440 [JavaFX Application Thread] DEBUG Input                - Registered new binding: action0 - D
23:13:36.440 [JavaFX Application Thread] DEBUG Input                - Registered new binding: action1 - A
23:13:36.440 [JavaFX Application Thread] DEBUG Input                - Registered new binding: action2 - Enter
23:13:36.441 [JavaFX Application Thread] DEBUG FXGLAssetLoaderServi - Loading from file system: jar:file:///C:/Users/matip/.m2/repository/com/github/almasb/fxgl/17.2/fxgl-17.2.jar!/fxglassets/textures/fxgl_icon.png
23:13:36.451 [FXGL Background Thread 4 ] DEBUG FXGLAssetLoaderServi - Loading from file system: jar:file:///C:/Users/matip/.m2/repository/com/github/almasb/fxgl/17.2/fxgl-17.2.jar!/fxglassets/ui/fonts/Abel-Regular.ttf
23:13:36.453 [FXGL Background Thread 4 ] DEBUG FXGLAssetLoaderServi - Loading from file system: jar:file:///C:/Users/matip/.m2/repository/com/github/almasb/fxgl/17.2/fxgl-17.2.jar!/fxglassets/ui/fonts/TerminalLandMono-Regular.otf
23:13:36.454 [JavaFX Application Thread] DEBUG FXGLAssetLoaderServi - Loading from file system: jar:file:///C:/Users/matip/.m2/repository/com/github/almasb/fxgl/17.2/fxgl-17.2.jar!/fxglassets/textures/fxgl_default_cursor.png
23:13:36.456 [FXGL Background Thread 4 ] DEBUG FXGLAssetLoaderServi - Loading from file system: jar:file:///C:/Users/matip/.m2/repository/com/github/almasb/fxgl/17.2/fxgl-17.2.jar!/fxglassets/ui/fonts/Courier-Prime.ttf
23:13:36.456 [JavaFX Application Thread] DEBUG Input                - Registered new binding: Screenshot - CTRL+8
23:13:36.456 [JavaFX Application Thread] DEBUG Input                - Registered new binding: System info dump - CTRL+9
23:13:36.456 [JavaFX Application Thread] DEBUG Input                - Registered new binding: Restart - CTRL+R
23:13:36.457 [JavaFX Application Thread] DEBUG Input                - Registered new binding: Toggle Debug Camera - CTRL+7
23:13:36.458 [JavaFX Application Thread] DEBUG LoopRunner           - Starting loop
23:13:36.458 [JavaFX Application Thread] DEBUG LoopRunner           - Initializing JavaFX AnimationTimerLoop
23:13:36.458 [JavaFX Application Thread] DEBUG GameApplicationServi - Starting new game
23:13:36.459 [JavaFX Application Thread] DEBUG Input                - Clearing active input actions
23:13:36.464 [JavaFX Application Thread] DEBUG GameApplicationServi - Removing overlay from FXGLStartupScene and adding to FXGLLoadingScene
23:13:36.464 [JavaFX Application Thread] DEBUG PrimaryStageWindow   - FXGLStartupScene -> FXGLLoadingScene
23:13:36.464 [JavaFX Application Thread] DEBUG GameApplicationServi - Clearing previous game
23:13:36.464 [JavaFX Application Thread] DEBUG GameScene            - Clearing game scene
23:13:36.464 [JavaFX Application Thread] DEBUG GameWorld            - Clearing game world
23:13:36.464 [JavaFX Application Thread] DEBUG PhysicsWorld         - Clearing physics world
23:13:36.465 [JavaFX Application Thread] DEBUG FXGLApplication      - Registering font factories with UI factory
23:13:36.465 [FXGL Background Thread 4 ] DEBUG FXGLApplication      - Initializing game
23:13:36.476 [FXGL Background Thread 4 ] WARN  GameWorld            - Entity is already attached to world
23:13:36.477 [FXGL Background Thread 4 ] WARN  GameWorld            - Entity is already attached to world
23:13:36.477 [FXGL Background Thread 4 ] WARN  GameWorld            - Entity is already attached to world
23:13:36.478 [FXGL Background Thread 4 ] WARN  GameWorld            - Entity is already attached to world
23:13:36.478 [FXGL Background Thread 4 ] WARN  GameWorld            - Entity is already attached to world
23:13:36.478 [FXGL Background Thread 4 ] WARN  GameWorld            - Entity is already attached to world
23:13:36.479 [FXGL Background Thread 4 ] WARN  GameWorld            - Entity is already attached to world
23:13:36.479 [FXGL Background Thread 4 ] WARN  GameWorld            - Entity is already attached to world
23:13:36.480 [FXGL Background Thread 4 ] WARN  GameWorld            - Entity is already attached to world
23:13:36.480 [FXGL Background Thread 4 ] WARN  GameWorld            - Entity is already attached to world
23:13:36.480 [FXGL Background Thread 4 ] WARN  GameWorld            - Entity is already attached to world
23:13:36.481 [FXGL Background Thread 4 ] WARN  GameWorld            - Entity is already attached to world
23:13:36.481 [FXGL Background Thread 4 ] WARN  GameWorld            - Entity is already attached to world
23:13:36.482 [FXGL Background Thread 4 ] WARN  GameWorld            - Entity is already attached to world
23:13:36.483 [FXGL Background Thread 4 ] WARN  GameWorld            - Entity is already attached to world
23:13:36.483 [FXGL Background Thread 4 ] WARN  GameWorld            - Entity is already attached to world
23:13:36.483 [FXGL Background Thread 4 ] WARN  GameWorld            - Entity is already attached to world
23:13:36.484 [FXGL Background Thread 4 ] WARN  GameWorld            - Entity is already attached to world
23:13:36.484 [FXGL Background Thread 4 ] WARN  GameWorld            - Entity is already attached to world
23:13:36.485 [FXGL Background Thread 4 ] WARN  GameWorld            - Entity is already attached to world
23:13:36.485 [FXGL Background Thread 4 ] WARN  GameWorld            - Entity is already attached to world
23:13:36.485 [FXGL Background Thread 4 ] WARN  GameWorld            - Entity is already attached to world
23:13:36.486 [FXGL Background Thread 4 ] WARN  GameWorld            - Entity is already attached to world
23:13:36.486 [FXGL Background Thread 4 ] WARN  GameWorld            - Entity is already attached to world
23:13:36.487 [FXGL Background Thread 4 ] WARN  GameWorld            - Entity is already attached to world
23:13:36.487 [FXGL Background Thread 4 ] WARN  GameWorld            - Entity is already attached to world
23:13:36.487 [FXGL Background Thread 4 ] WARN  GameWorld            - Entity is already attached to world
23:13:36.488 [FXGL Background Thread 4 ] WARN  GameWorld            - Entity is already attached to world
23:13:36.488 [FXGL Background Thread 4 ] WARN  GameWorld            - Entity is already attached to world
23:13:36.488 [FXGL Background Thread 4 ] WARN  GameWorld            - Entity is already attached to world
23:13:36.489 [FXGL Background Thread 4 ] WARN  GameWorld            - Entity is already attached to world
23:13:36.489 [FXGL Background Thread 4 ] WARN  GameWorld            - Entity is already attached to world
23:13:36.489 [FXGL Background Thread 4 ] WARN  GameWorld            - Entity is already attached to world
23:13:36.490 [FXGL Background Thread 4 ] WARN  GameWorld            - Entity is already attached to world
23:13:36.490 [FXGL Background Thread 4 ] WARN  GameWorld            - Entity is already attached to world
23:13:36.490 [FXGL Background Thread 4 ] WARN  GameWorld            - Entity is already attached to world
23:13:36.491 [FXGL Background Thread 4 ] WARN  GameWorld            - Entity is already attached to world
23:13:36.491 [FXGL Background Thread 4 ] WARN  GameWorld            - Entity is already attached to world
23:13:36.491 [FXGL Background Thread 4 ] WARN  GameWorld            - Entity is already attached to world
23:13:36.492 [FXGL Background Thread 4 ] WARN  GameWorld            - Entity is already attached to world
23:13:36.492 [FXGL Background Thread 4 ] WARN  GameWorld            - Entity is already attached to world
23:13:36.492 [FXGL Background Thread 4 ] WARN  GameWorld            - Entity is already attached to world
23:13:36.493 [FXGL Background Thread 4 ] WARN  GameWorld            - Entity is already attached to world
23:13:36.494 [FXGL Background Thread 4 ] WARN  GameWorld            - Entity is already attached to world
23:13:36.494 [FXGL Background Thread 4 ] WARN  GameWorld            - Entity is already attached to world
23:13:36.494 [FXGL Background Thread 4 ] WARN  GameWorld            - Entity is already attached to world
23:13:36.495 [FXGL Background Thread 4 ] WARN  GameWorld            - Entity is already attached to world
23:13:36.495 [FXGL Background Thread 4 ] WARN  GameWorld            - Entity is already attached to world
23:13:36.496 [FXGL Background Thread 4 ] WARN  GameWorld            - Entity is already attached to world
23:13:36.496 [FXGL Background Thread 4 ] WARN  GameWorld            - Entity is already attached to world
23:13:36.497 [FXGL Background Thread 4 ] WARN  GameWorld            - Entity is already attached to world
23:13:36.497 [FXGL Background Thread 4 ] WARN  GameWorld            - Entity is already attached to world
23:13:36.498 [FXGL Background Thread 4 ] WARN  GameWorld            - Entity is already attached to world
23:13:36.498 [FXGL Background Thread 4 ] WARN  GameWorld            - Entity is already attached to world
23:13:36.498 [FXGL Background Thread 4 ] WARN  GameWorld            - Entity is already attached to world
23:13:36.499 [FXGL Background Thread 4 ] WARN  GameWorld            - Entity is already attached to world
23:13:36.499 [FXGL Background Thread 4 ] WARN  GameWorld            - Entity is already attached to world
23:13:36.500 [FXGL Background Thread 4 ] WARN  GameWorld            - Entity is already attached to world
23:13:36.500 [FXGL Background Thread 4 ] WARN  GameWorld            - Entity is already attached to world
23:13:36.501 [FXGL Background Thread 4 ] WARN  GameWorld            - Entity is already attached to world
23:13:36.501 [FXGL Background Thread 4 ] WARN  GameWorld            - Entity is already attached to world
23:13:36.501 [FXGL Background Thread 4 ] WARN  GameWorld            - Entity is already attached to world
23:13:36.502 [FXGL Background Thread 4 ] WARN  GameWorld            - Entity is already attached to world
23:13:36.502 [FXGL Background Thread 4 ] WARN  GameWorld            - Entity is already attached to world
23:13:36.502 [FXGL Background Thread 4 ] WARN  GameWorld            - Entity is already attached to world
23:13:36.503 [FXGL Background Thread 4 ] WARN  GameWorld            - Entity is already attached to world
23:13:36.503 [FXGL Background Thread 4 ] WARN  GameWorld            - Entity is already attached to world
23:13:36.505 [FXGL Background Thread 4 ] INFO  FXGLApplication      - Game initialization took: 0.039 sec
23:13:36.505 [JavaFX Application Thread] DEBUG Input                - Clearing active input actions
23:13:36.510 [JavaFX Application Thread] DEBUG GameApplicationServi - Removing overlay from FXGLLoadingScene and adding to GameScene
23:13:36.510 [JavaFX Application Thread] DEBUG PrimaryStageWindow   - FXGLLoadingScene -> GameScene
23:13:36.724 [FXGL Background Thread 2 ] INFO  UpdaterService       - Your current version:  17.2
23:13:36.724 [FXGL Background Thread 2 ] INFO  UpdaterService       - Latest stable version: 17.3
23:13:39.425 [FXGL Background Thread 3 ] DEBUG Engine               - Logging environment variables
23:13:39.425 [FXGL Background Thread 3 ] DEBUG Engine               - achievements: []
23:13:39.425 [FXGL Background Thread 3 ] DEBUG Engine               - actualHeight: 600.0
23:13:39.425 [FXGL Background Thread 3 ] DEBUG Engine               - actualHeightProperty: ReadOnlyDoubleProperty [value: 600.0]
23:13:39.425 [FXGL Background Thread 3 ] DEBUG Engine               - actualWidth: 600.0
23:13:39.425 [FXGL Background Thread 3 ] DEBUG Engine               - actualWidthProperty: ReadOnlyDoubleProperty [value: 600.0]
23:13:39.425 [FXGL Background Thread 3 ] DEBUG Engine               - appIcon: fxgl_icon.png
23:13:39.425 [FXGL Background Thread 3 ] DEBUG Engine               - applicationMode: DEVELOPER
23:13:39.425 [FXGL Background Thread 3 ] DEBUG Engine               - cSSList: [fxgl_dark.css]
23:13:39.425 [FXGL Background Thread 3 ] DEBUG Engine               - collisionDetectionStrategy: BRUTE_FORCE
23:13:39.426 [FXGL Background Thread 3 ] DEBUG Engine               - configClass: Optional.empty
23:13:39.426 [FXGL Background Thread 3 ] DEBUG Engine               - credits: []
23:13:39.426 [FXGL Background Thread 3 ] DEBUG Engine               - defaultCursor: CursorInfo(imageName=fxgl_default_cursor.png, hotspotX=7.0, hotspotY=6.0)
23:13:39.426 [FXGL Background Thread 3 ] DEBUG Engine               - devBBoxColorProperty: ObjectProperty [value: 0xff0000ff]
23:13:39.426 [FXGL Background Thread 3 ] DEBUG Engine               - devEnableDebugCameraProperty: BooleanProperty [value: false]
23:13:39.426 [FXGL Background Thread 3 ] DEBUG Engine               - devSensorColorProperty: ObjectProperty [value: 0xffff00ff]
23:13:39.426 [FXGL Background Thread 3 ] DEBUG Engine               - devShowBBoxProperty: BooleanProperty [value: false]
23:13:39.426 [FXGL Background Thread 3 ] DEBUG Engine               - devShowPositionProperty: BooleanProperty [value: false]
23:13:39.426 [FXGL Background Thread 3 ] DEBUG Engine               - enabledMenuItems: []
23:13:39.426 [FXGL Background Thread 3 ] DEBUG Engine               - engineServices: [class com.almasb.fxgl.app.services.FXGLAssetLoaderService, class com.almasb.fxgl.app.FXGLApplication$GameApplicationService, class com.almasb.fxgl.app.services.FXGLDialogService, class com.almasb.fxgl.app.services.IOTaskExecutorService, class com.almasb.fxgl.io.FileSystemService, class com.almasb.fxgl.localization.LocalizationService, class com.almasb.fxgl.app.services.SystemBundleService, class com.almasb.fxgl.profile.SaveLoadService, class com.almasb.fxgl.ui.FXGLUIFactoryServiceProvider, class com.almasb.fxgl.ui.FXGLDialogFactoryServiceProvider, class com.almasb.fxgl.audio.AudioPlayer, class com.almasb.fxgl.notification.impl.NotificationServiceProvider, class com.almasb.fxgl.achievement.AchievementService, class com.almasb.fxgl.cutscene.CutsceneService, class com.almasb.fxgl.minigames.MiniGameService, class com.almasb.fxgl.net.NetService, class com.almasb.fxgl.app.services.UpdaterService, class com.almasb.fxgl.dev.DevService]
23:13:39.426 [FXGL Background Thread 3 ] DEBUG Engine               - fontGame: Abel-Regular.ttf
23:13:39.426 [FXGL Background Thread 3 ] DEBUG Engine               - fontMono: TerminalLandMono-Regular.otf
23:13:39.426 [FXGL Background Thread 3 ] DEBUG Engine               - fontText: Courier-Prime.ttf
23:13:39.426 [FXGL Background Thread 3 ] DEBUG Engine               - fontUI: VarelaRound-Regular.ttf
23:13:39.427 [FXGL Background Thread 3 ] DEBUG Engine               - fullScreen: BooleanProperty [value: false]
23:13:39.427 [FXGL Background Thread 3 ] DEBUG Engine               - gameDifficulty: MEDIUM
23:13:39.427 [FXGL Background Thread 3 ] DEBUG Engine               - gameDifficultyProperty: ObjectProperty [value: MEDIUM]
23:13:39.427 [FXGL Background Thread 3 ] DEBUG Engine               - globalMusicVolume: 0.5
23:13:39.427 [FXGL Background Thread 3 ] DEBUG Engine               - globalMusicVolumeProperty: DoubleProperty [value: 0.5]
23:13:39.427 [FXGL Background Thread 3 ] DEBUG Engine               - globalSoundVolume: 0.5
23:13:39.427 [FXGL Background Thread 3 ] DEBUG Engine               - globalSoundVolumeProperty: DoubleProperty [value: 0.5]
23:13:39.427 [FXGL Background Thread 3 ] DEBUG Engine               - height: 600
23:13:39.427 [FXGL Background Thread 3 ] DEBUG Engine               - is3D: false
23:13:39.427 [FXGL Background Thread 3 ] DEBUG Engine               - isAndroid: false
23:13:39.427 [FXGL Background Thread 3 ] DEBUG Engine               - isBrowser: false
23:13:39.427 [FXGL Background Thread 3 ] DEBUG Engine               - isClickFeedbackEnabled: false
23:13:39.427 [FXGL Background Thread 3 ] DEBUG Engine               - isCloseConfirmation: false
23:13:39.427 [FXGL Background Thread 3 ] DEBUG Engine               - isDesktop: true
23:13:39.427 [FXGL Background Thread 3 ] DEBUG Engine               - isDeveloperMenuEnabled: false
23:13:39.427 [FXGL Background Thread 3 ] DEBUG Engine               - isEmbedded: false
23:13:39.427 [FXGL Background Thread 3 ] DEBUG Engine               - isEntityPreloadEnabled: true
23:13:39.427 [FXGL Background Thread 3 ] DEBUG Engine               - isExperimentalTiledLargeMap: false
23:13:39.427 [FXGL Background Thread 3 ] DEBUG Engine               - isFileSystemWriteAllowed: true
23:13:39.427 [FXGL Background Thread 3 ] DEBUG Engine               - isFullScreenAllowed: false
23:13:39.427 [FXGL Background Thread 3 ] DEBUG Engine               - isFullScreenFromStart: false
23:13:39.427 [FXGL Background Thread 3 ] DEBUG Engine               - isGameMenuEnabled: true
23:13:39.427 [FXGL Background Thread 3 ] DEBUG Engine               - isIOS: false
23:13:39.427 [FXGL Background Thread 3 ] DEBUG Engine               - isIntroEnabled: false
23:13:39.428 [FXGL Background Thread 3 ] DEBUG Engine               - isLinux: false
23:13:39.428 [FXGL Background Thread 3 ] DEBUG Engine               - isMac: false
23:13:39.428 [FXGL Background Thread 3 ] DEBUG Engine               - isMainMenuEnabled: false
23:13:39.428 [FXGL Background Thread 3 ] DEBUG Engine               - isManualResizeEnabled: false
23:13:39.428 [FXGL Background Thread 3 ] DEBUG Engine               - isMobile: false
23:13:39.428 [FXGL Background Thread 3 ] DEBUG Engine               - isNative: false
23:13:39.428 [FXGL Background Thread 3 ] DEBUG Engine               - isPauseMusicWhenMinimized: true
23:13:39.428 [FXGL Background Thread 3 ] DEBUG Engine               - isPreserveResizeRatio: false
23:13:39.428 [FXGL Background Thread 3 ] DEBUG Engine               - isProfilingEnabled: false
23:13:39.428 [FXGL Background Thread 3 ] DEBUG Engine               - isScaleAffectedOnResize: true
23:13:39.428 [FXGL Background Thread 3 ] DEBUG Engine               - isSingleStep: false
23:13:39.428 [FXGL Background Thread 3 ] DEBUG Engine               - isUserProfileEnabled: false
23:13:39.428 [FXGL Background Thread 3 ] DEBUG Engine               - isWindows: true
23:13:39.428 [FXGL Background Thread 3 ] DEBUG Engine               - language: ObjectProperty [value: ENGLISH]
23:13:39.428 [FXGL Background Thread 3 ] DEBUG Engine               - menuKey: ESCAPE
23:13:39.428 [FXGL Background Thread 3 ] DEBUG Engine               - mouseSensitivity: 0.2
23:13:39.428 [FXGL Background Thread 3 ] DEBUG Engine               - notificationViewClass: class com.almasb.fxgl.notification.view.XboxNotificationView
23:13:39.428 [FXGL Background Thread 3 ] DEBUG Engine               - pixelsPerMeter: 50.0
23:13:39.428 [FXGL Background Thread 3 ] DEBUG Engine               - platform: WINDOWS
23:13:39.428 [FXGL Background Thread 3 ] DEBUG Engine               - prefHeightProperty: ReadOnlyDoubleProperty [value: 600.0]
23:13:39.428 [FXGL Background Thread 3 ] DEBUG Engine               - prefWidthProperty: ReadOnlyDoubleProperty [value: 600.0]
23:13:39.428 [FXGL Background Thread 3 ] DEBUG Engine               - profileDir: profiles/
23:13:39.428 [FXGL Background Thread 3 ] DEBUG Engine               - profileName: StringProperty [value: DEFAULT]
23:13:39.428 [FXGL Background Thread 3 ] DEBUG Engine               - randomSeed: -1
23:13:39.428 [FXGL Background Thread 3 ] DEBUG Engine               - runtimeInfo: RuntimeInfo(platform=WINDOWS, version=17.2, build=20.08.2022 16.50)
23:13:39.429 [FXGL Background Thread 3 ] DEBUG Engine               - saveFileExt: sav
23:13:39.429 [FXGL Background Thread 3 ] DEBUG Engine               - scaledHeightProp$fxgl: DoubleProperty [bound, value: 600.0]
23:13:39.429 [FXGL Background Thread 3 ] DEBUG Engine               - scaledWidthProp$fxgl: DoubleProperty [bound, value: 600.0]
23:13:39.429 [FXGL Background Thread 3 ] DEBUG Engine               - sceneFactory: com.almasb.fxgl.app.scene.SceneFactory@37ea4bde
23:13:39.429 [FXGL Background Thread 3 ] DEBUG Engine               - secondsIn24h: 60
23:13:39.429 [FXGL Background Thread 3 ] DEBUG Engine               - soundMenuBack: menu/back.wav
23:13:39.429 [FXGL Background Thread 3 ] DEBUG Engine               - soundMenuPress: menu/press.wav
23:13:39.429 [FXGL Background Thread 3 ] DEBUG Engine               - soundMenuSelect: menu/select.wav
23:13:39.429 [FXGL Background Thread 3 ] DEBUG Engine               - soundNotification: core/notification.wav
23:13:39.429 [FXGL Background Thread 3 ] DEBUG Engine               - stageStyle: DECORATED
23:13:39.429 [FXGL Background Thread 3 ] DEBUG Engine               - supportedLanguages: [ENGLISH, FRENCH, GERMAN, HUNGARIAN, RUSSIAN]
23:13:39.429 [FXGL Background Thread 3 ] DEBUG Engine               - ticksPerSecond: -1
23:13:39.429 [FXGL Background Thread 3 ] DEBUG Engine               - title: Brick Breaker
23:13:39.429 [FXGL Background Thread 3 ] DEBUG Engine               - urlGithub: https://github.com/AlmasB/FXGL
23:13:39.429 [FXGL Background Thread 3 ] DEBUG Engine               - urlLeaderboard: http://fxgl-top.herokuapp.com/
23:13:39.429 [FXGL Background Thread 3 ] DEBUG Engine               - urlPOM: https://raw.githubusercontent.com/AlmasB/FXGL/release/README.md
23:13:39.429 [FXGL Background Thread 3 ] DEBUG Engine               - userAppClass: class com.example.brickbreaker.BrickBreakerApp
23:13:39.429 [FXGL Background Thread 3 ] DEBUG Engine               - version: 0.0
23:13:39.429 [FXGL Background Thread 3 ] DEBUG Engine               - versionCheckDays: 7
23:13:39.429 [FXGL Background Thread 3 ] DEBUG Engine               - width: 600
23:13:39.429 [FXGL Background Thread 3 ] DEBUG Engine               - Logging services
23:13:39.429 [FXGL Background Thread 3 ] DEBUG Engine               - class com.almasb.fxgl.app.services.FXGLAssetLoaderService
23:13:39.429 [FXGL Background Thread 3 ] DEBUG Engine               - class com.almasb.fxgl.app.FXGLApplication$GameApplicationService
23:13:39.429 [FXGL Background Thread 3 ] DEBUG Engine               - class com.almasb.fxgl.app.services.FXGLDialogService
23:13:39.429 [FXGL Background Thread 3 ] DEBUG Engine               - class com.almasb.fxgl.app.services.IOTaskExecutorService
23:13:39.429 [FXGL Background Thread 3 ] DEBUG Engine               - class com.almasb.fxgl.io.FileSystemService
23:13:39.429 [FXGL Background Thread 3 ] DEBUG Engine               - class com.almasb.fxgl.localization.LocalizationService
23:13:39.429 [FXGL Background Thread 3 ] DEBUG Engine               - class com.almasb.fxgl.app.services.SystemBundleService
23:13:39.429 [FXGL Background Thread 3 ] DEBUG Engine               - class com.almasb.fxgl.profile.SaveLoadService
23:13:39.429 [FXGL Background Thread 3 ] DEBUG Engine               - class com.almasb.fxgl.ui.FXGLUIFactoryServiceProvider
23:13:39.430 [FXGL Background Thread 3 ] DEBUG Engine               - class com.almasb.fxgl.ui.FXGLDialogFactoryServiceProvider
23:13:39.430 [FXGL Background Thread 3 ] DEBUG Engine               - class com.almasb.fxgl.audio.AudioPlayer
23:13:39.430 [FXGL Background Thread 3 ] DEBUG Engine               - class com.almasb.fxgl.notification.impl.NotificationServiceProvider
23:13:39.430 [FXGL Background Thread 3 ] DEBUG Engine               - class com.almasb.fxgl.achievement.AchievementService
23:13:39.430 [FXGL Background Thread 3 ] DEBUG Engine               - class com.almasb.fxgl.cutscene.CutsceneService
23:13:39.430 [FXGL Background Thread 3 ] DEBUG Engine               - class com.almasb.fxgl.minigames.MiniGameService
23:13:39.430 [FXGL Background Thread 3 ] DEBUG Engine               - class com.almasb.fxgl.net.NetService
23:13:39.430 [FXGL Background Thread 3 ] DEBUG Engine               - class com.almasb.fxgl.app.services.UpdaterService
23:13:39.430 [FXGL Background Thread 3 ] DEBUG Engine               - class com.almasb.fxgl.dev.DevService
23:13:55.218 [JavaFX Application Thread] DEBUG FXGLApplication      - Exiting FXGL
23:13:55.218 [JavaFX Application Thread] DEBUG LoopRunner           - Stopping loop
23:13:55.218 [JavaFX Application Thread] DEBUG SystemBundleService  - Saving FXGL system data
23:13:55.219 [JavaFX Application Thread] DEBUG FileSystemAccess     - Writing to: C:\Users\matip\Desktop\JavaProjects\brick-breaker\system\fxgl.bundle
23:13:55.220 [JavaFX Application Thread] DEBUG Async                - Shutting down background threads
23:13:55.220 [JavaFX Application Thread] DEBUG PrimaryStageWindow   - Closing main window
23:13:55.226 [JavaFX Application Thread] DEBUG Logger               - Closing Logger
