16:41:33.354 [main                     ] DEBUG Logger               - Configured Logger
16:41:33.370 [main                     ] DEBUG GameApplication      - Logging settings
Title: Brick Breaker
Version: 0.0
Width: 600
Height: 600
Fullscreen: false
Intro: false
Profiling: false
Single step:false
App Mode: DEVELOPER
Menu Key: ESCAPE
Stage Style: DECORATED
Scene Factory: class com.example.brickbreaker.menu.CustomSceneFactory

16:41:33.656 [JavaFX Application Thread] DEBUG FXGLApplication      - Initializing FXGL
16:41:33.660 [JavaFX Application Thread] INFO  Engine               - FXGL-17.2 (20.08.2022 16.50) on WINDOWS (J:18.0.1.1 FX:18.0.2)
16:41:33.660 [JavaFX Application Thread] DEBUG Engine               - JRE Vendor Name: Oracle Corporation
16:41:33.660 [JavaFX Application Thread] DEBUG Engine               - Running on OS: Windows 10 version 10.0
16:41:33.661 [JavaFX Application Thread] DEBUG Engine               - Architecture: amd64
16:41:33.661 [JavaFX Application Thread] INFO  Engine               - Source code and latest versions at: https://github.com/AlmasB/FXGL
16:41:33.661 [JavaFX Application Thread] INFO  Engine               -       Ask questions and discuss at: https://github.com/AlmasB/FXGL/discussions
16:41:33.661 [JavaFX Application Thread] INFO  Engine               -              Join the FXGL chat at: https://gitter.im/AlmasB/FXGL
16:41:33.716 [JavaFX Application Thread] DEBUG PrimaryStageWindow   - Creating a JavaFX scene
16:41:33.741 [JavaFX Application Thread] DEBUG PrimaryStageWindow   - Target settings size: 600.0 x 600.0
16:41:33.741 [JavaFX Application Thread] DEBUG PrimaryStageWindow   - Scaled scene size:    600.0 x 600.0
16:41:33.741 [JavaFX Application Thread] DEBUG PrimaryStageWindow   - Scaled ratio: (1.0, 1.0)
16:41:33.742 [JavaFX Application Thread] DEBUG PrimaryStageWindow   - Set initial scene to FXGLStartupScene
16:41:33.745 [JavaFX Application Thread] DEBUG PrimaryStageWindow   - Opening main window
16:41:33.785 [JavaFX Application Thread] DEBUG PrimaryStageWindow   - Window border size: (16.0, 39.0)
16:41:33.785 [JavaFX Application Thread] DEBUG PrimaryStageWindow   - Scaled size: 600.0 x 600.0
16:41:33.785 [JavaFX Application Thread] DEBUG PrimaryStageWindow   - Scaled ratio: (1.0, 1.0)
16:41:33.786 [JavaFX Application Thread] DEBUG PrimaryStageWindow   - Scene size: 600.0 x 600.0
16:41:33.786 [JavaFX Application Thread] DEBUG PrimaryStageWindow   - Stage size: 616.0 x 639.0
16:41:33.790 [FXGL Background Thread 1 ] DEBUG Engine               - Initializing environment variables
16:41:33.816 [FXGL Background Thread 1 ] DEBUG FXGLAssetLoaderServi - User app class for loading assets: class com.example.brickbreaker.BrickBreakerApp
16:41:33.817 [FXGL Background Thread 1 ] DEBUG GameApplicationServi - Applying CSS: fxgl_dark.css
16:41:33.817 [FXGL Background Thread 1 ] DEBUG FXGLAssetLoaderServi - Loading from file system: jar:file:///C:/Users/matip/.m2/repository/com/github/almasb/fxgl/17.2/fxgl-17.2.jar!/fxglassets/ui/css/fxgl_dark.css
16:41:33.842 [FXGL Background Thread 1 ] DEBUG GameApplicationServi - Initializing application scenes
16:41:33.860 [FXGL Background Thread 1 ] DEBUG GameWorld            - Game world initialized
16:41:33.887 [FXGL Background Thread 1 ] DEBUG PhysicsWorld         - Physics world initialized: appHeight=600, physics.ppm=50.0
16:41:33.887 [FXGL Background Thread 1 ] DEBUG PhysicsWorld         - Using strategy: BRUTE_FORCE
16:41:33.890 [FXGL Background Thread 1 ] DEBUG GameScene            - Game scene initialized: 600x600
16:41:33.891 [FXGL Background Thread 1 ] DEBUG FXGLAssetLoaderServi - Loading from file system: file:/C:/Users/matip/Desktop/JavaProjects/brick-breaker/target/classes/assets/textures/brick-wall.png
16:41:33.923 [FXGL Background Thread 1 ] WARN  FXGL.DefaultMenu     - FXGLDefaultMenu is not designed for resolutions < 800x600
16:41:33.923 [FXGL Background Thread 1 ] DEBUG FXGL.DefaultMenu     - createMenuBodyGameMenu()
16:41:33.930 [FXGL Background Thread 1 ] DEBUG FXGL.DefaultMenu     - createOptionsMenu()
16:41:33.939 [FXGL Background Thread 1 ] DEBUG FXGLAssetLoaderServi - Loading from file system: jar:file:///C:/Users/matip/.m2/repository/com/github/almasb/fxgl/17.2/fxgl-17.2.jar!/fxglassets/textures/particles/smoke.png
16:41:33.981 [FXGL Background Thread 1 ] DEBUG FXGLAssetLoaderServi - Loading from file system: jar:file:///C:/Users/matip/.m2/repository/com/github/almasb/fxgl/17.2/fxgl-17.2.jar!/fxglassets/textures/particles/trace_horizontal.png
16:41:33.992 [FXGL Background Thread 1 ] DEBUG GameApplicationServi - Application scenes initialized
16:41:33.998 [FXGL Background Thread 1 ] DEBUG SystemBundleService  - Loading FXGL system data
16:41:34.001 [FXGL Background Thread 1 ] DEBUG FileSystemAccess     - Reading from: C:\Users\matip\Desktop\JavaProjects\brick-breaker\system\fxgl.bundle
16:41:34.005 [FXGL Background Thread 1 ] DEBUG SystemBundleService  - Bundle FXGL: {}
16:41:34.005 [FXGL Background Thread 1 ] DEBUG UpdaterService       - Checking for updates
16:41:34.007 [FXGL Background Thread 4 ] DEBUG FXGLApplication      - Loading fonts
16:41:34.008 [FXGL Background Thread 1 ] DEBUG FXGLApplication      - Loading default localization
16:41:34.008 [FXGL Background Thread 4 ] DEBUG FXGLAssetLoaderServi - Loading from file system: jar:file:///C:/Users/matip/.m2/repository/com/github/almasb/fxgl/17.2/fxgl-17.2.jar!/fxglassets/ui/fonts/VarelaRound-Regular.ttf
16:41:34.008 [FXGL Background Thread 1 ] DEBUG FXGLAssetLoaderServi - Loading from file system: jar:file:///C:/Users/matip/.m2/repository/com/github/almasb/fxgl/17.2/fxgl-17.2.jar!/fxglassets/languages/english.lang
16:41:34.016 [FXGL Background Thread 1 ] INFO  FXGLApplication      - FXGL initialization took: 0.225 sec
16:41:34.021 [JavaFX Application Thread] DEBUG Input                - Registered new binding: action0 - D
16:41:34.021 [JavaFX Application Thread] DEBUG Input                - Registered new binding: action1 - A
16:41:34.022 [JavaFX Application Thread] DEBUG FXGLAssetLoaderServi - Loading from file system: jar:file:///C:/Users/matip/.m2/repository/com/github/almasb/fxgl/17.2/fxgl-17.2.jar!/fxglassets/textures/fxgl_icon.png
16:41:34.025 [JavaFX Application Thread] DEBUG FXGLAssetLoaderServi - Loading from file system: jar:file:///C:/Users/matip/.m2/repository/com/github/almasb/fxgl/17.2/fxgl-17.2.jar!/fxglassets/textures/fxgl_default_cursor.png
16:41:34.027 [JavaFX Application Thread] DEBUG Input                - Registered new binding: Screenshot - CTRL+8
16:41:34.027 [JavaFX Application Thread] DEBUG Input                - Registered new binding: System info dump - CTRL+9
16:41:34.027 [JavaFX Application Thread] DEBUG Input                - Registered new binding: Restart - CTRL+R
16:41:34.027 [JavaFX Application Thread] DEBUG Input                - Registered new binding: Toggle Debug Camera - CTRL+7
16:41:34.029 [JavaFX Application Thread] DEBUG LoopRunner           - Starting loop
16:41:34.029 [JavaFX Application Thread] DEBUG LoopRunner           - Initializing JavaFX AnimationTimerLoop
16:41:34.030 [JavaFX Application Thread] DEBUG Input                - Clearing active input actions
16:41:34.032 [FXGL Background Thread 4 ] DEBUG FXGLAssetLoaderServi - Loading from file system: jar:file:///C:/Users/matip/.m2/repository/com/github/almasb/fxgl/17.2/fxgl-17.2.jar!/fxglassets/ui/fonts/Abel-Regular.ttf
16:41:34.034 [JavaFX Application Thread] DEBUG GameApplicationServi - Removing overlay from FXGLStartupScene and adding to FXGLMainMenuDummyScene
16:41:34.034 [FXGL Background Thread 4 ] DEBUG FXGLAssetLoaderServi - Loading from file system: jar:file:///C:/Users/matip/.m2/repository/com/github/almasb/fxgl/17.2/fxgl-17.2.jar!/fxglassets/ui/fonts/TerminalLandMono-Regular.otf
16:41:34.034 [JavaFX Application Thread] DEBUG PrimaryStageWindow   - FXGLStartupScene -> FXGLMainMenuDummyScene
16:41:34.034 [JavaFX Application Thread] DEBUG PrimaryStageWindow   - Push state: MainMenu
16:41:34.034 [JavaFX Application Thread] DEBUG Input                - Clearing active input actions
16:41:34.035 [JavaFX Application Thread] DEBUG GameApplicationServi - Removing overlay from FXGLMainMenuDummyScene and adding to MainMenu
16:41:34.035 [JavaFX Application Thread] DEBUG PrimaryStageWindow   - FXGLMainMenuDummyScene -> MainMenu
16:41:34.037 [FXGL Background Thread 4 ] DEBUG FXGLAssetLoaderServi - Loading from file system: jar:file:///C:/Users/matip/.m2/repository/com/github/almasb/fxgl/17.2/fxgl-17.2.jar!/fxglassets/ui/fonts/Courier-Prime.ttf
16:41:34.045 [JavaFX Application Thread] DEBUG FXGLApplication      - Registering font factories with UI factory
16:41:34.502 [FXGL Background Thread 2 ] INFO  UpdaterService       - Your current version:  17.2
16:41:34.502 [FXGL Background Thread 2 ] INFO  UpdaterService       - Latest stable version: 17.3
16:41:34.743 [JavaFX Application Thread] DEBUG Menu                 - fireNewGame()
16:41:34.743 [JavaFX Application Thread] DEBUG GameApplicationServi - Starting new game
16:41:34.743 [JavaFX Application Thread] DEBUG PrimaryStageWindow   - Pop state: MainMenu
16:41:34.743 [JavaFX Application Thread] DEBUG Input                - Clearing active input actions
16:41:34.743 [JavaFX Application Thread] DEBUG GameApplicationServi - Removing overlay from MainMenu and adding to FXGLMainMenuDummyScene
16:41:34.743 [JavaFX Application Thread] DEBUG PrimaryStageWindow   - FXGLMainMenuDummyScene <- MainMenu
16:41:34.743 [JavaFX Application Thread] DEBUG Input                - Clearing active input actions
16:41:34.748 [JavaFX Application Thread] DEBUG GameApplicationServi - Removing overlay from FXGLMainMenuDummyScene and adding to FXGLLoadingScene
16:41:34.748 [JavaFX Application Thread] DEBUG PrimaryStageWindow   - FXGLMainMenuDummyScene -> FXGLLoadingScene
16:41:34.748 [JavaFX Application Thread] DEBUG GameApplicationServi - Clearing previous game
16:41:34.748 [JavaFX Application Thread] DEBUG GameScene            - Clearing game scene
16:41:34.748 [JavaFX Application Thread] DEBUG GameWorld            - Clearing game world
16:41:34.748 [JavaFX Application Thread] DEBUG PhysicsWorld         - Clearing physics world
16:41:34.749 [FXGL Background Thread 2 ] DEBUG FXGLApplication      - Initializing game
16:41:34.758 [FXGL Background Thread 2 ] WARN  GameWorld            - Entity is already attached to world
16:41:34.759 [FXGL Background Thread 2 ] DEBUG FXGLAssetLoaderServi - Loading from file system: file:/C:/Users/matip/Desktop/JavaProjects/brick-breaker/target/classes/assets/textures/brick.png
16:41:34.760 [FXGL Background Thread 2 ] WARN  GameWorld            - Entity is already attached to world
16:41:34.761 [FXGL Background Thread 2 ] WARN  GameWorld            - Entity is already attached to world
16:41:34.762 [FXGL Background Thread 2 ] INFO  FXGLApplication      - Game initialization took: 0.014 sec
16:41:34.764 [JavaFX Application Thread] DEBUG Input                - Clearing active input actions
16:41:34.768 [JavaFX Application Thread] DEBUG GameApplicationServi - Removing overlay from FXGLLoadingScene and adding to GameScene
16:41:34.769 [JavaFX Application Thread] DEBUG PrimaryStageWindow   - FXGLLoadingScene -> GameScene
16:41:37.008 [FXGL Background Thread 3 ] DEBUG Engine               - Logging environment variables
16:41:37.008 [FXGL Background Thread 3 ] DEBUG Engine               - achievements: []
16:41:37.008 [FXGL Background Thread 3 ] DEBUG Engine               - actualHeight: 600.0
16:41:37.008 [FXGL Background Thread 3 ] DEBUG Engine               - actualHeightProperty: ReadOnlyDoubleProperty [value: 600.0]
16:41:37.008 [FXGL Background Thread 3 ] DEBUG Engine               - actualWidth: 600.0
16:41:37.008 [FXGL Background Thread 3 ] DEBUG Engine               - actualWidthProperty: ReadOnlyDoubleProperty [value: 600.0]
16:41:37.008 [FXGL Background Thread 3 ] DEBUG Engine               - appIcon: fxgl_icon.png
16:41:37.008 [FXGL Background Thread 3 ] DEBUG Engine               - applicationMode: DEVELOPER
16:41:37.008 [FXGL Background Thread 3 ] DEBUG Engine               - cSSList: [fxgl_dark.css]
16:41:37.008 [FXGL Background Thread 3 ] DEBUG Engine               - collisionDetectionStrategy: BRUTE_FORCE
16:41:37.009 [FXGL Background Thread 3 ] DEBUG Engine               - configClass: Optional.empty
16:41:37.009 [FXGL Background Thread 3 ] DEBUG Engine               - credits: []
16:41:37.009 [FXGL Background Thread 3 ] DEBUG Engine               - defaultCursor: CursorInfo(imageName=fxgl_default_cursor.png, hotspotX=7.0, hotspotY=6.0)
16:41:37.009 [FXGL Background Thread 3 ] DEBUG Engine               - devBBoxColorProperty: ObjectProperty [value: 0xff0000ff]
16:41:37.009 [FXGL Background Thread 3 ] DEBUG Engine               - devEnableDebugCameraProperty: BooleanProperty [value: false]
16:41:37.009 [FXGL Background Thread 3 ] DEBUG Engine               - devSensorColorProperty: ObjectProperty [value: 0xffff00ff]
16:41:37.009 [FXGL Background Thread 3 ] DEBUG Engine               - devShowBBoxProperty: BooleanProperty [value: false]
16:41:37.009 [FXGL Background Thread 3 ] DEBUG Engine               - devShowPositionProperty: BooleanProperty [value: false]
16:41:37.009 [FXGL Background Thread 3 ] DEBUG Engine               - enabledMenuItems: []
16:41:37.009 [FXGL Background Thread 3 ] DEBUG Engine               - engineServices: [class com.almasb.fxgl.app.services.FXGLAssetLoaderService, class com.almasb.fxgl.app.FXGLApplication$GameApplicationService, class com.almasb.fxgl.app.services.FXGLDialogService, class com.almasb.fxgl.app.services.IOTaskExecutorService, class com.almasb.fxgl.io.FileSystemService, class com.almasb.fxgl.localization.LocalizationService, class com.almasb.fxgl.app.services.SystemBundleService, class com.almasb.fxgl.profile.SaveLoadService, class com.almasb.fxgl.ui.FXGLUIFactoryServiceProvider, class com.almasb.fxgl.ui.FXGLDialogFactoryServiceProvider, class com.almasb.fxgl.audio.AudioPlayer, class com.almasb.fxgl.notification.impl.NotificationServiceProvider, class com.almasb.fxgl.achievement.AchievementService, class com.almasb.fxgl.cutscene.CutsceneService, class com.almasb.fxgl.minigames.MiniGameService, class com.almasb.fxgl.net.NetService, class com.almasb.fxgl.app.services.UpdaterService, class com.almasb.fxgl.dev.DevService]
16:41:37.009 [FXGL Background Thread 3 ] DEBUG Engine               - fontGame: Abel-Regular.ttf
16:41:37.009 [FXGL Background Thread 3 ] DEBUG Engine               - fontMono: TerminalLandMono-Regular.otf
16:41:37.009 [FXGL Background Thread 3 ] DEBUG Engine               - fontText: Courier-Prime.ttf
16:41:37.009 [FXGL Background Thread 3 ] DEBUG Engine               - fontUI: VarelaRound-Regular.ttf
16:41:37.009 [FXGL Background Thread 3 ] DEBUG Engine               - fullScreen: BooleanProperty [value: false]
16:41:37.009 [FXGL Background Thread 3 ] DEBUG Engine               - gameDifficulty: MEDIUM
16:41:37.009 [FXGL Background Thread 3 ] DEBUG Engine               - gameDifficultyProperty: ObjectProperty [value: MEDIUM]
16:41:37.010 [FXGL Background Thread 3 ] DEBUG Engine               - globalMusicVolume: 0.5
16:41:37.010 [FXGL Background Thread 3 ] DEBUG Engine               - globalMusicVolumeProperty: DoubleProperty [value: 0.5]
16:41:37.010 [FXGL Background Thread 3 ] DEBUG Engine               - globalSoundVolume: 0.5
16:41:37.010 [FXGL Background Thread 3 ] DEBUG Engine               - globalSoundVolumeProperty: DoubleProperty [value: 0.5]
16:41:37.010 [FXGL Background Thread 3 ] DEBUG Engine               - height: 600
16:41:37.010 [FXGL Background Thread 3 ] DEBUG Engine               - is3D: false
16:41:37.010 [FXGL Background Thread 3 ] DEBUG Engine               - isAndroid: false
16:41:37.010 [FXGL Background Thread 3 ] DEBUG Engine               - isBrowser: false
16:41:37.010 [FXGL Background Thread 3 ] DEBUG Engine               - isClickFeedbackEnabled: false
16:41:37.010 [FXGL Background Thread 3 ] DEBUG Engine               - isCloseConfirmation: false
16:41:37.010 [FXGL Background Thread 3 ] DEBUG Engine               - isDesktop: true
16:41:37.010 [FXGL Background Thread 3 ] DEBUG Engine               - isDeveloperMenuEnabled: false
16:41:37.010 [FXGL Background Thread 3 ] DEBUG Engine               - isEmbedded: false
16:41:37.010 [FXGL Background Thread 3 ] DEBUG Engine               - isEntityPreloadEnabled: true
16:41:37.010 [FXGL Background Thread 3 ] DEBUG Engine               - isExperimentalTiledLargeMap: false
16:41:37.010 [FXGL Background Thread 3 ] DEBUG Engine               - isFileSystemWriteAllowed: true
16:41:37.010 [FXGL Background Thread 3 ] DEBUG Engine               - isFullScreenAllowed: false
16:41:37.010 [FXGL Background Thread 3 ] DEBUG Engine               - isFullScreenFromStart: false
16:41:37.010 [FXGL Background Thread 3 ] DEBUG Engine               - isGameMenuEnabled: true
16:41:37.010 [FXGL Background Thread 3 ] DEBUG Engine               - isIOS: false
16:41:37.010 [FXGL Background Thread 3 ] DEBUG Engine               - isIntroEnabled: false
16:41:37.010 [FXGL Background Thread 3 ] DEBUG Engine               - isLinux: false
16:41:37.010 [FXGL Background Thread 3 ] DEBUG Engine               - isMac: false
16:41:37.010 [FXGL Background Thread 3 ] DEBUG Engine               - isMainMenuEnabled: true
16:41:37.010 [FXGL Background Thread 3 ] DEBUG Engine               - isManualResizeEnabled: false
16:41:37.010 [FXGL Background Thread 3 ] DEBUG Engine               - isMobile: false
16:41:37.010 [FXGL Background Thread 3 ] DEBUG Engine               - isNative: false
16:41:37.011 [FXGL Background Thread 3 ] DEBUG Engine               - isPauseMusicWhenMinimized: true
16:41:37.011 [FXGL Background Thread 3 ] DEBUG Engine               - isPreserveResizeRatio: false
16:41:37.011 [FXGL Background Thread 3 ] DEBUG Engine               - isProfilingEnabled: false
16:41:37.011 [FXGL Background Thread 3 ] DEBUG Engine               - isScaleAffectedOnResize: true
16:41:37.011 [FXGL Background Thread 3 ] DEBUG Engine               - isSingleStep: false
16:41:37.011 [FXGL Background Thread 3 ] DEBUG Engine               - isUserProfileEnabled: false
16:41:37.011 [FXGL Background Thread 3 ] DEBUG Engine               - isWindows: true
16:41:37.011 [FXGL Background Thread 3 ] DEBUG Engine               - language: ObjectProperty [value: ENGLISH]
16:41:37.011 [FXGL Background Thread 3 ] DEBUG Engine               - menuKey: ESCAPE
16:41:37.011 [FXGL Background Thread 3 ] DEBUG Engine               - mouseSensitivity: 0.2
16:41:37.011 [FXGL Background Thread 3 ] DEBUG Engine               - notificationViewClass: class com.almasb.fxgl.notification.view.XboxNotificationView
16:41:37.011 [FXGL Background Thread 3 ] DEBUG Engine               - pixelsPerMeter: 50.0
16:41:37.011 [FXGL Background Thread 3 ] DEBUG Engine               - platform: WINDOWS
16:41:37.011 [FXGL Background Thread 3 ] DEBUG Engine               - prefHeightProperty: ReadOnlyDoubleProperty [value: 600.0]
16:41:37.011 [FXGL Background Thread 3 ] DEBUG Engine               - prefWidthProperty: ReadOnlyDoubleProperty [value: 600.0]
16:41:37.011 [FXGL Background Thread 3 ] DEBUG Engine               - profileDir: profiles/
16:41:37.011 [FXGL Background Thread 3 ] DEBUG Engine               - profileName: StringProperty [value: DEFAULT]
16:41:37.011 [FXGL Background Thread 3 ] DEBUG Engine               - randomSeed: -1
16:41:37.011 [FXGL Background Thread 3 ] DEBUG Engine               - runtimeInfo: RuntimeInfo(platform=WINDOWS, version=17.2, build=20.08.2022 16.50)
16:41:37.011 [FXGL Background Thread 3 ] DEBUG Engine               - saveFileExt: sav
16:41:37.011 [FXGL Background Thread 3 ] DEBUG Engine               - scaledHeightProp$fxgl: DoubleProperty [bound, value: 600.0]
16:41:37.012 [FXGL Background Thread 3 ] DEBUG Engine               - scaledWidthProp$fxgl: DoubleProperty [bound, value: 600.0]
16:41:37.012 [FXGL Background Thread 3 ] DEBUG Engine               - sceneFactory: com.example.brickbreaker.menu.CustomSceneFactory@53b27bab
16:41:37.012 [FXGL Background Thread 3 ] DEBUG Engine               - secondsIn24h: 60
16:41:37.012 [FXGL Background Thread 3 ] DEBUG Engine               - soundMenuBack: menu/back.wav
16:41:37.012 [FXGL Background Thread 3 ] DEBUG Engine               - soundMenuPress: menu/press.wav
16:41:37.012 [FXGL Background Thread 3 ] DEBUG Engine               - soundMenuSelect: menu/select.wav
16:41:37.012 [FXGL Background Thread 3 ] DEBUG Engine               - soundNotification: core/notification.wav
16:41:37.012 [FXGL Background Thread 3 ] DEBUG Engine               - stageStyle: DECORATED
16:41:37.012 [FXGL Background Thread 3 ] DEBUG Engine               - supportedLanguages: [ENGLISH, FRENCH, GERMAN, HUNGARIAN, RUSSIAN]
16:41:37.012 [FXGL Background Thread 3 ] DEBUG Engine               - ticksPerSecond: -1
16:41:37.012 [FXGL Background Thread 3 ] DEBUG Engine               - title: Brick Breaker
16:41:37.012 [FXGL Background Thread 3 ] DEBUG Engine               - urlGithub: https://github.com/AlmasB/FXGL
16:41:37.012 [FXGL Background Thread 3 ] DEBUG Engine               - urlLeaderboard: http://fxgl-top.herokuapp.com/
16:41:37.012 [FXGL Background Thread 3 ] DEBUG Engine               - urlPOM: https://raw.githubusercontent.com/AlmasB/FXGL/release/README.md
16:41:37.012 [FXGL Background Thread 3 ] DEBUG Engine               - userAppClass: class com.example.brickbreaker.BrickBreakerApp
16:41:37.012 [FXGL Background Thread 3 ] DEBUG Engine               - version: 0.0
16:41:37.012 [FXGL Background Thread 3 ] DEBUG Engine               - versionCheckDays: 7
16:41:37.012 [FXGL Background Thread 3 ] DEBUG Engine               - width: 600
16:41:37.012 [FXGL Background Thread 3 ] DEBUG Engine               - Logging services
16:41:37.012 [FXGL Background Thread 3 ] DEBUG Engine               - class com.almasb.fxgl.app.services.FXGLAssetLoaderService
16:41:37.012 [FXGL Background Thread 3 ] DEBUG Engine               - class com.almasb.fxgl.app.FXGLApplication$GameApplicationService
16:41:37.012 [FXGL Background Thread 3 ] DEBUG Engine               - class com.almasb.fxgl.app.services.FXGLDialogService
16:41:37.012 [FXGL Background Thread 3 ] DEBUG Engine               - class com.almasb.fxgl.app.services.IOTaskExecutorService
16:41:37.012 [FXGL Background Thread 3 ] DEBUG Engine               - class com.almasb.fxgl.io.FileSystemService
16:41:37.012 [FXGL Background Thread 3 ] DEBUG Engine               - class com.almasb.fxgl.localization.LocalizationService
16:41:37.012 [FXGL Background Thread 3 ] DEBUG Engine               - class com.almasb.fxgl.app.services.SystemBundleService
16:41:37.012 [FXGL Background Thread 3 ] DEBUG Engine               - class com.almasb.fxgl.profile.SaveLoadService
16:41:37.013 [FXGL Background Thread 3 ] DEBUG Engine               - class com.almasb.fxgl.ui.FXGLUIFactoryServiceProvider
16:41:37.013 [FXGL Background Thread 3 ] DEBUG Engine               - class com.almasb.fxgl.ui.FXGLDialogFactoryServiceProvider
16:41:37.013 [FXGL Background Thread 3 ] DEBUG Engine               - class com.almasb.fxgl.audio.AudioPlayer
16:41:37.013 [FXGL Background Thread 3 ] DEBUG Engine               - class com.almasb.fxgl.notification.impl.NotificationServiceProvider
16:41:37.013 [FXGL Background Thread 3 ] DEBUG Engine               - class com.almasb.fxgl.achievement.AchievementService
16:41:37.013 [FXGL Background Thread 3 ] DEBUG Engine               - class com.almasb.fxgl.cutscene.CutsceneService
16:41:37.013 [FXGL Background Thread 3 ] DEBUG Engine               - class com.almasb.fxgl.minigames.MiniGameService
16:41:37.013 [FXGL Background Thread 3 ] DEBUG Engine               - class com.almasb.fxgl.net.NetService
16:41:37.013 [FXGL Background Thread 3 ] DEBUG Engine               - class com.almasb.fxgl.app.services.UpdaterService
16:41:37.013 [FXGL Background Thread 3 ] DEBUG Engine               - class com.almasb.fxgl.dev.DevService
16:41:46.999 [JavaFX Application Thread] DEBUG FXGLApplication      - Exiting FXGL
16:41:46.999 [JavaFX Application Thread] DEBUG LoopRunner           - Stopping loop
16:41:46.999 [JavaFX Application Thread] DEBUG SystemBundleService  - Saving FXGL system data
16:41:47.000 [JavaFX Application Thread] DEBUG FileSystemAccess     - Writing to: C:\Users\matip\Desktop\JavaProjects\brick-breaker\system\fxgl.bundle
16:41:47.001 [JavaFX Application Thread] DEBUG Async                - Shutting down background threads
16:41:47.001 [JavaFX Application Thread] DEBUG PrimaryStageWindow   - Closing main window
16:41:47.012 [JavaFX Application Thread] DEBUG Logger               - Closing Logger
