12:56:20.389 [main                     ] DEBUG Logger               - Configured Logger
12:56:20.404 [main                     ] DEBUG GameApplication      - Logging settings
Title: Brick Breaker
Version: 0.0
Width: 600
Height: 600
Fullscreen: false
Intro: false
Profiling: false
Single step:false
App Mode: DEVELOPER
Menu Key: ESCAPE
Stage Style: DECORATED
Scene Factory: class com.almasb.fxgl.app.scene.SceneFactory

12:56:20.662 [JavaFX Application Thread] DEBUG FXGLApplication      - Initializing FXGL
12:56:20.665 [JavaFX Application Thread] INFO  Engine               - FXGL-17.2 (20.08.2022 16.50) on WINDOWS (J:18.0.1.1 FX:18.0.2)
12:56:20.666 [JavaFX Application Thread] DEBUG Engine               - JRE Vendor Name: Oracle Corporation
12:56:20.666 [JavaFX Application Thread] DEBUG Engine               - Running on OS: Windows 10 version 10.0
12:56:20.666 [JavaFX Application Thread] DEBUG Engine               - Architecture: amd64
12:56:20.666 [JavaFX Application Thread] INFO  Engine               - Source code and latest versions at: https://github.com/AlmasB/FXGL
12:56:20.666 [JavaFX Application Thread] INFO  Engine               -       Ask questions and discuss at: https://github.com/AlmasB/FXGL/discussions
12:56:20.666 [JavaFX Application Thread] INFO  Engine               -              Join the FXGL chat at: https://gitter.im/AlmasB/FXGL
12:56:20.713 [JavaFX Application Thread] DEBUG PrimaryStageWindow   - Creating a JavaFX scene
12:56:20.739 [JavaFX Application Thread] DEBUG PrimaryStageWindow   - Target settings size: 600.0 x 600.0
12:56:20.739 [JavaFX Application Thread] DEBUG PrimaryStageWindow   - Scaled scene size:    600.0 x 600.0
12:56:20.739 [JavaFX Application Thread] DEBUG PrimaryStageWindow   - Scaled ratio: (1.0, 1.0)
12:56:20.740 [JavaFX Application Thread] DEBUG PrimaryStageWindow   - Set initial scene to FXGLStartupScene
12:56:20.743 [JavaFX Application Thread] DEBUG PrimaryStageWindow   - Opening main window
12:56:20.782 [JavaFX Application Thread] DEBUG PrimaryStageWindow   - Window border size: (16.0, 39.0)
12:56:20.782 [JavaFX Application Thread] DEBUG PrimaryStageWindow   - Scaled size: 600.0 x 600.0
12:56:20.782 [JavaFX Application Thread] DEBUG PrimaryStageWindow   - Scaled ratio: (1.0, 1.0)
12:56:20.782 [JavaFX Application Thread] DEBUG PrimaryStageWindow   - Scene size: 600.0 x 600.0
12:56:20.783 [JavaFX Application Thread] DEBUG PrimaryStageWindow   - Stage size: 616.0 x 639.0
12:56:20.786 [FXGL Background Thread 1 ] DEBUG Engine               - Initializing environment variables
12:56:20.811 [FXGL Background Thread 1 ] DEBUG FXGLAssetLoaderServi - User app class for loading assets: class com.example.brickbreaker.BrickBreakerApp
12:56:20.811 [FXGL Background Thread 1 ] DEBUG GameApplicationServi - Applying CSS: fxgl_dark.css
12:56:20.811 [FXGL Background Thread 1 ] DEBUG FXGLAssetLoaderServi - Loading from file system: jar:file:///C:/Users/matip/.m2/repository/com/github/almasb/fxgl/17.2/fxgl-17.2.jar!/fxglassets/ui/css/fxgl_dark.css
12:56:20.837 [FXGL Background Thread 1 ] DEBUG GameApplicationServi - Initializing application scenes
12:56:20.854 [FXGL Background Thread 1 ] DEBUG GameWorld            - Game world initialized
12:56:20.882 [FXGL Background Thread 1 ] DEBUG PhysicsWorld         - Physics world initialized: appHeight=600, physics.ppm=50.0
12:56:20.882 [FXGL Background Thread 1 ] DEBUG PhysicsWorld         - Using strategy: BRUTE_FORCE
12:56:20.884 [FXGL Background Thread 1 ] DEBUG GameScene            - Game scene initialized: 600x600
12:56:20.890 [FXGL Background Thread 1 ] WARN  FXGL.DefaultMenu     - FXGLDefaultMenu is not designed for resolutions < 800x600
12:56:20.890 [FXGL Background Thread 1 ] DEBUG FXGL.DefaultMenu     - createMenuBodyGameMenu()
12:56:20.898 [FXGL Background Thread 1 ] DEBUG FXGL.DefaultMenu     - createOptionsMenu()
12:56:20.905 [FXGL Background Thread 1 ] DEBUG FXGLAssetLoaderServi - Loading from file system: jar:file:///C:/Users/matip/.m2/repository/com/github/almasb/fxgl/17.2/fxgl-17.2.jar!/fxglassets/textures/particles/smoke.png
12:56:20.957 [FXGL Background Thread 1 ] DEBUG FXGLAssetLoaderServi - Loading from file system: jar:file:///C:/Users/matip/.m2/repository/com/github/almasb/fxgl/17.2/fxgl-17.2.jar!/fxglassets/textures/particles/trace_horizontal.png
12:56:20.975 [FXGL Background Thread 1 ] DEBUG GameApplicationServi - Application scenes initialized
12:56:20.982 [FXGL Background Thread 1 ] DEBUG SystemBundleService  - Loading FXGL system data
12:56:20.984 [FXGL Background Thread 1 ] DEBUG FileSystemAccess     - Reading from: C:\Users\matip\Desktop\JavaProjects\brick-breaker\system\fxgl.bundle
12:56:20.989 [FXGL Background Thread 1 ] DEBUG SystemBundleService  - Bundle FXGL: {}
12:56:20.989 [FXGL Background Thread 1 ] DEBUG UpdaterService       - Checking for updates
12:56:21.001 [FXGL Background Thread 4 ] DEBUG FXGLApplication      - Loading fonts
12:56:21.001 [FXGL Background Thread 1 ] DEBUG FXGLApplication      - Loading default localization
12:56:21.001 [FXGL Background Thread 4 ] DEBUG FXGLAssetLoaderServi - Loading from file system: jar:file:///C:/Users/matip/.m2/repository/com/github/almasb/fxgl/17.2/fxgl-17.2.jar!/fxglassets/ui/fonts/VarelaRound-Regular.ttf
12:56:21.001 [FXGL Background Thread 1 ] DEBUG FXGLAssetLoaderServi - Loading from file system: jar:file:///C:/Users/matip/.m2/repository/com/github/almasb/fxgl/17.2/fxgl-17.2.jar!/fxglassets/languages/english.lang
12:56:21.011 [FXGL Background Thread 1 ] INFO  FXGLApplication      - FXGL initialization took: 0.224 sec
12:56:21.017 [JavaFX Application Thread] DEBUG Input                - Registered new binding: action0 - D
12:56:21.018 [JavaFX Application Thread] DEBUG Input                - Registered new binding: action1 - A
12:56:21.018 [JavaFX Application Thread] DEBUG FXGLAssetLoaderServi - Loading from file system: jar:file:///C:/Users/matip/.m2/repository/com/github/almasb/fxgl/17.2/fxgl-17.2.jar!/fxglassets/textures/fxgl_icon.png
12:56:21.027 [FXGL Background Thread 4 ] DEBUG FXGLAssetLoaderServi - Loading from file system: jar:file:///C:/Users/matip/.m2/repository/com/github/almasb/fxgl/17.2/fxgl-17.2.jar!/fxglassets/ui/fonts/Abel-Regular.ttf
12:56:21.029 [FXGL Background Thread 4 ] DEBUG FXGLAssetLoaderServi - Loading from file system: jar:file:///C:/Users/matip/.m2/repository/com/github/almasb/fxgl/17.2/fxgl-17.2.jar!/fxglassets/ui/fonts/TerminalLandMono-Regular.otf
12:56:21.031 [JavaFX Application Thread] DEBUG FXGLAssetLoaderServi - Loading from file system: jar:file:///C:/Users/matip/.m2/repository/com/github/almasb/fxgl/17.2/fxgl-17.2.jar!/fxglassets/textures/fxgl_default_cursor.png
12:56:21.031 [FXGL Background Thread 4 ] DEBUG FXGLAssetLoaderServi - Loading from file system: jar:file:///C:/Users/matip/.m2/repository/com/github/almasb/fxgl/17.2/fxgl-17.2.jar!/fxglassets/ui/fonts/Courier-Prime.ttf
12:56:21.032 [JavaFX Application Thread] DEBUG Input                - Registered new binding: Screenshot - CTRL+8
12:56:21.033 [JavaFX Application Thread] DEBUG Input                - Registered new binding: Dev Options - 1
12:56:21.033 [JavaFX Application Thread] DEBUG Input                - Registered new binding: Dev Console - 2
12:56:21.033 [JavaFX Application Thread] DEBUG Input                - Registered new binding: System info dump - CTRL+9
12:56:21.033 [JavaFX Application Thread] DEBUG Input                - Registered new binding: Restart - CTRL+R
12:56:21.034 [JavaFX Application Thread] DEBUG Input                - Registered new binding: Toggle Debug Camera - CTRL+7
12:56:21.036 [JavaFX Application Thread] DEBUG LoopRunner           - Starting loop
12:56:21.042 [JavaFX Application Thread] DEBUG LoopRunner           - Initializing JavaFX AnimationTimerLoop
12:56:21.043 [JavaFX Application Thread] DEBUG GameApplicationServi - Starting new game
12:56:21.043 [JavaFX Application Thread] DEBUG Input                - Clearing active input actions
12:56:21.048 [JavaFX Application Thread] DEBUG GameApplicationServi - Removing overlay from FXGLStartupScene and adding to FXGLLoadingScene
12:56:21.048 [JavaFX Application Thread] DEBUG PrimaryStageWindow   - FXGLStartupScene -> FXGLLoadingScene
12:56:21.049 [JavaFX Application Thread] DEBUG GameApplicationServi - Clearing previous game
12:56:21.049 [JavaFX Application Thread] DEBUG GameScene            - Clearing game scene
12:56:21.049 [JavaFX Application Thread] DEBUG GameWorld            - Clearing game world
12:56:21.049 [JavaFX Application Thread] DEBUG PhysicsWorld         - Clearing physics world
12:56:21.049 [JavaFX Application Thread] DEBUG FXGLApplication      - Registering font factories with UI factory
12:56:21.049 [FXGL Background Thread 4 ] DEBUG FXGLApplication      - Initializing game
12:56:21.058 [FXGL Background Thread 4 ] WARN  GameWorld            - Entity is already attached to world
12:56:21.059 [FXGL Background Thread 4 ] WARN  GameWorld            - Entity is already attached to world
12:56:21.059 [FXGL Background Thread 4 ] WARN  GameWorld            - Entity is already attached to world
12:56:21.060 [FXGL Background Thread 4 ] WARN  GameWorld            - Entity is already attached to world
12:56:21.060 [FXGL Background Thread 4 ] WARN  GameWorld            - Entity is already attached to world
12:56:21.060 [FXGL Background Thread 4 ] WARN  GameWorld            - Entity is already attached to world
12:56:21.061 [FXGL Background Thread 4 ] WARN  GameWorld            - Entity is already attached to world
12:56:21.062 [FXGL Background Thread 4 ] WARN  GameWorld            - Entity is already attached to world
12:56:21.064 [FXGL Background Thread 4 ] INFO  FXGLApplication      - Game initialization took: 0.014 sec
12:56:21.153 [JavaFX Application Thread] DEBUG Input                - Clearing active input actions
12:56:21.157 [JavaFX Application Thread] DEBUG GameApplicationServi - Removing overlay from FXGLLoadingScene and adding to GameScene
12:56:21.159 [JavaFX Application Thread] DEBUG PrimaryStageWindow   - FXGLLoadingScene -> GameScene
12:56:21.280 [FXGL Background Thread 2 ] INFO  UpdaterService       - Your current version:  17.2
12:56:21.280 [FXGL Background Thread 2 ] INFO  UpdaterService       - Latest stable version: 17.3
12:56:23.286 [JavaFX Application Thread] DEBUG FXGLApplication      - Exiting FXGL
12:56:23.287 [JavaFX Application Thread] DEBUG LoopRunner           - Stopping loop
12:56:23.287 [JavaFX Application Thread] DEBUG SystemBundleService  - Saving FXGL system data
12:56:23.288 [JavaFX Application Thread] DEBUG FileSystemAccess     - Writing to: C:\Users\matip\Desktop\JavaProjects\brick-breaker\system\fxgl.bundle
12:56:23.289 [JavaFX Application Thread] DEBUG Async                - Shutting down background threads
12:56:23.289 [JavaFX Application Thread] DEBUG PrimaryStageWindow   - Closing main window
12:56:23.294 [JavaFX Application Thread] DEBUG Logger               - Closing Logger
