23:11:57.880 [main                     ] DEBUG Logger               - Configured Logger
23:11:57.897 [main                     ] DEBUG GameApplication      - Logging settings
Title: Brick Breaker
Version: 0.0
Width: 600
Height: 600
Fullscreen: false
Intro: false
Profiling: false
Single step:false
App Mode: DEVELOPER
Menu Key: ESCAPE
Stage Style: DECORATED
Scene Factory: class com.almasb.fxgl.app.scene.SceneFactory

23:11:58.168 [JavaFX Application Thread] DEBUG FXGLApplication      - Initializing FXGL
23:11:58.172 [JavaFX Application Thread] INFO  Engine               - FXGL-17.2 (20.08.2022 16.50) on WINDOWS (J:18.0.1.1 FX:18.0.2)
23:11:58.172 [JavaFX Application Thread] DEBUG Engine               - JRE Vendor Name: Oracle Corporation
23:11:58.172 [JavaFX Application Thread] DEBUG Engine               - Running on OS: Windows 10 version 10.0
23:11:58.172 [JavaFX Application Thread] DEBUG Engine               - Architecture: amd64
23:11:58.172 [JavaFX Application Thread] INFO  Engine               - Source code and latest versions at: https://github.com/AlmasB/FXGL
23:11:58.172 [JavaFX Application Thread] INFO  Engine               -       Ask questions and discuss at: https://github.com/AlmasB/FXGL/discussions
23:11:58.172 [JavaFX Application Thread] INFO  Engine               -              Join the FXGL chat at: https://gitter.im/AlmasB/FXGL
23:11:58.222 [JavaFX Application Thread] DEBUG PrimaryStageWindow   - Creating a JavaFX scene
23:11:58.247 [JavaFX Application Thread] DEBUG PrimaryStageWindow   - Target settings size: 600.0 x 600.0
23:11:58.247 [JavaFX Application Thread] DEBUG PrimaryStageWindow   - Scaled scene size:    600.0 x 600.0
23:11:58.247 [JavaFX Application Thread] DEBUG PrimaryStageWindow   - Scaled ratio: (1.0, 1.0)
23:11:58.248 [JavaFX Application Thread] DEBUG PrimaryStageWindow   - Set initial scene to FXGLStartupScene
23:11:58.253 [JavaFX Application Thread] DEBUG PrimaryStageWindow   - Opening main window
23:11:58.294 [JavaFX Application Thread] DEBUG PrimaryStageWindow   - Window border size: (16.0, 39.0)
23:11:58.294 [JavaFX Application Thread] DEBUG PrimaryStageWindow   - Scaled size: 600.0 x 600.0
23:11:58.295 [JavaFX Application Thread] DEBUG PrimaryStageWindow   - Scaled ratio: (1.0, 1.0)
23:11:58.295 [JavaFX Application Thread] DEBUG PrimaryStageWindow   - Scene size: 600.0 x 600.0
23:11:58.295 [JavaFX Application Thread] DEBUG PrimaryStageWindow   - Stage size: 616.0 x 639.0
23:11:58.299 [FXGL Background Thread 1 ] DEBUG Engine               - Initializing environment variables
23:11:58.323 [FXGL Background Thread 1 ] DEBUG FXGLAssetLoaderServi - User app class for loading assets: class com.example.brickbreaker.BrickBreakerApp
23:11:58.323 [FXGL Background Thread 1 ] DEBUG GameApplicationServi - Applying CSS: fxgl_dark.css
23:11:58.324 [FXGL Background Thread 1 ] DEBUG FXGLAssetLoaderServi - Loading from file system: jar:file:///C:/Users/matip/.m2/repository/com/github/almasb/fxgl/17.2/fxgl-17.2.jar!/fxglassets/ui/css/fxgl_dark.css
23:11:58.348 [FXGL Background Thread 1 ] DEBUG GameApplicationServi - Initializing application scenes
23:11:58.366 [FXGL Background Thread 1 ] DEBUG GameWorld            - Game world initialized
23:11:58.392 [FXGL Background Thread 1 ] DEBUG PhysicsWorld         - Physics world initialized: appHeight=600, physics.ppm=50.0
23:11:58.392 [FXGL Background Thread 1 ] DEBUG PhysicsWorld         - Using strategy: BRUTE_FORCE
23:11:58.394 [FXGL Background Thread 1 ] DEBUG GameScene            - Game scene initialized: 600x600
23:11:58.401 [FXGL Background Thread 1 ] WARN  FXGL.DefaultMenu     - FXGLDefaultMenu is not designed for resolutions < 800x600
23:11:58.401 [FXGL Background Thread 1 ] DEBUG FXGL.DefaultMenu     - createMenuBodyGameMenu()
23:11:58.409 [FXGL Background Thread 1 ] DEBUG FXGL.DefaultMenu     - createOptionsMenu()
23:11:58.415 [FXGL Background Thread 1 ] DEBUG FXGLAssetLoaderServi - Loading from file system: jar:file:///C:/Users/matip/.m2/repository/com/github/almasb/fxgl/17.2/fxgl-17.2.jar!/fxglassets/textures/particles/smoke.png
23:11:58.467 [FXGL Background Thread 1 ] DEBUG FXGLAssetLoaderServi - Loading from file system: jar:file:///C:/Users/matip/.m2/repository/com/github/almasb/fxgl/17.2/fxgl-17.2.jar!/fxglassets/textures/particles/trace_horizontal.png
23:11:58.486 [FXGL Background Thread 1 ] DEBUG GameApplicationServi - Application scenes initialized
23:11:58.493 [FXGL Background Thread 1 ] DEBUG SystemBundleService  - Loading FXGL system data
23:11:58.497 [FXGL Background Thread 1 ] DEBUG FileSystemAccess     - Reading from: C:\Users\matip\Desktop\JavaProjects\brick-breaker\system\fxgl.bundle
23:11:58.501 [FXGL Background Thread 1 ] DEBUG SystemBundleService  - Bundle FXGL: {}
23:11:58.501 [FXGL Background Thread 1 ] DEBUG UpdaterService       - Checking for updates
23:11:58.503 [FXGL Background Thread 4 ] DEBUG FXGLApplication      - Loading fonts
23:11:58.503 [FXGL Background Thread 1 ] DEBUG FXGLApplication      - Loading default localization
23:11:58.504 [FXGL Background Thread 4 ] DEBUG FXGLAssetLoaderServi - Loading from file system: jar:file:///C:/Users/matip/.m2/repository/com/github/almasb/fxgl/17.2/fxgl-17.2.jar!/fxglassets/ui/fonts/VarelaRound-Regular.ttf
23:11:58.504 [FXGL Background Thread 1 ] DEBUG FXGLAssetLoaderServi - Loading from file system: jar:file:///C:/Users/matip/.m2/repository/com/github/almasb/fxgl/17.2/fxgl-17.2.jar!/fxglassets/languages/english.lang
23:11:58.513 [FXGL Background Thread 1 ] INFO  FXGLApplication      - FXGL initialization took: 0.214 sec
23:11:58.519 [JavaFX Application Thread] DEBUG Input                - Registered new binding: action0 - D
23:11:58.519 [JavaFX Application Thread] DEBUG Input                - Registered new binding: action1 - A
23:11:58.519 [JavaFX Application Thread] DEBUG Input                - Registered new binding: action2 - Enter
23:11:58.520 [JavaFX Application Thread] DEBUG FXGLAssetLoaderServi - Loading from file system: jar:file:///C:/Users/matip/.m2/repository/com/github/almasb/fxgl/17.2/fxgl-17.2.jar!/fxglassets/textures/fxgl_icon.png
23:11:58.529 [FXGL Background Thread 4 ] DEBUG FXGLAssetLoaderServi - Loading from file system: jar:file:///C:/Users/matip/.m2/repository/com/github/almasb/fxgl/17.2/fxgl-17.2.jar!/fxglassets/ui/fonts/Abel-Regular.ttf
23:11:58.531 [FXGL Background Thread 4 ] DEBUG FXGLAssetLoaderServi - Loading from file system: jar:file:///C:/Users/matip/.m2/repository/com/github/almasb/fxgl/17.2/fxgl-17.2.jar!/fxglassets/ui/fonts/TerminalLandMono-Regular.otf
23:11:58.534 [FXGL Background Thread 4 ] DEBUG FXGLAssetLoaderServi - Loading from file system: jar:file:///C:/Users/matip/.m2/repository/com/github/almasb/fxgl/17.2/fxgl-17.2.jar!/fxglassets/ui/fonts/Courier-Prime.ttf
23:11:58.536 [JavaFX Application Thread] DEBUG FXGLAssetLoaderServi - Loading from file system: jar:file:///C:/Users/matip/.m2/repository/com/github/almasb/fxgl/17.2/fxgl-17.2.jar!/fxglassets/textures/fxgl_default_cursor.png
23:11:58.537 [JavaFX Application Thread] DEBUG Input                - Registered new binding: Screenshot - CTRL+8
23:11:58.538 [JavaFX Application Thread] DEBUG Input                - Registered new binding: System info dump - CTRL+9
23:11:58.538 [JavaFX Application Thread] DEBUG Input                - Registered new binding: Restart - CTRL+R
23:11:58.538 [JavaFX Application Thread] DEBUG Input                - Registered new binding: Toggle Debug Camera - CTRL+7
23:11:58.539 [JavaFX Application Thread] DEBUG LoopRunner           - Starting loop
23:11:58.539 [JavaFX Application Thread] DEBUG LoopRunner           - Initializing JavaFX AnimationTimerLoop
23:11:58.540 [JavaFX Application Thread] DEBUG GameApplicationServi - Starting new game
23:11:58.540 [JavaFX Application Thread] DEBUG Input                - Clearing active input actions
23:11:58.546 [JavaFX Application Thread] DEBUG GameApplicationServi - Removing overlay from FXGLStartupScene and adding to FXGLLoadingScene
23:11:58.546 [JavaFX Application Thread] DEBUG PrimaryStageWindow   - FXGLStartupScene -> FXGLLoadingScene
23:11:58.546 [JavaFX Application Thread] DEBUG GameApplicationServi - Clearing previous game
23:11:58.546 [JavaFX Application Thread] DEBUG GameScene            - Clearing game scene
23:11:58.546 [JavaFX Application Thread] DEBUG GameWorld            - Clearing game world
23:11:58.546 [JavaFX Application Thread] DEBUG PhysicsWorld         - Clearing physics world
23:11:58.547 [JavaFX Application Thread] DEBUG FXGLApplication      - Registering font factories with UI factory
23:11:58.559 [FXGL Background Thread 4 ] WARN  GameWorld            - Entity is already attached to world
23:11:58.559 [FXGL Background Thread 4 ] WARN  GameWorld            - Entity is already attached to world
23:11:58.560 [FXGL Background Thread 4 ] WARN  GameWorld            - Entity is already attached to world
23:11:58.560 [FXGL Background Thread 4 ] WARN  GameWorld            - Entity is already attached to world
23:11:58.561 [FXGL Background Thread 4 ] WARN  GameWorld            - Entity is already attached to world
23:11:58.561 [FXGL Background Thread 4 ] WARN  GameWorld            - Entity is already attached to world
23:11:58.561 [FXGL Background Thread 4 ] WARN  GameWorld            - Entity is already attached to world
23:11:58.562 [FXGL Background Thread 4 ] WARN  GameWorld            - Entity is already attached to world
23:11:58.562 [FXGL Background Thread 4 ] WARN  GameWorld            - Entity is already attached to world
23:11:58.562 [FXGL Background Thread 4 ] WARN  GameWorld            - Entity is already attached to world
23:11:58.563 [FXGL Background Thread 4 ] WARN  GameWorld            - Entity is already attached to world
23:11:58.563 [FXGL Background Thread 4 ] WARN  GameWorld            - Entity is already attached to world
23:11:58.564 [FXGL Background Thread 4 ] WARN  GameWorld            - Entity is already attached to world
23:11:58.564 [FXGL Background Thread 4 ] WARN  GameWorld            - Entity is already attached to world
23:11:58.565 [FXGL Background Thread 4 ] WARN  GameWorld            - Entity is already attached to world
23:11:58.565 [FXGL Background Thread 4 ] WARN  GameWorld            - Entity is already attached to world
23:11:58.565 [FXGL Background Thread 4 ] WARN  GameWorld            - Entity is already attached to world
23:11:58.566 [FXGL Background Thread 4 ] WARN  GameWorld            - Entity is already attached to world
23:11:58.566 [FXGL Background Thread 4 ] WARN  GameWorld            - Entity is already attached to world
23:11:58.566 [FXGL Background Thread 4 ] WARN  GameWorld            - Entity is already attached to world
23:11:58.567 [FXGL Background Thread 4 ] WARN  GameWorld            - Entity is already attached to world
23:11:58.567 [FXGL Background Thread 4 ] WARN  GameWorld            - Entity is already attached to world
23:11:58.568 [FXGL Background Thread 4 ] WARN  GameWorld            - Entity is already attached to world
23:11:58.568 [FXGL Background Thread 4 ] WARN  GameWorld            - Entity is already attached to world
23:11:58.569 [FXGL Background Thread 4 ] WARN  GameWorld            - Entity is already attached to world
23:11:58.569 [FXGL Background Thread 4 ] WARN  GameWorld            - Entity is already attached to world
23:11:58.569 [FXGL Background Thread 4 ] WARN  GameWorld            - Entity is already attached to world
23:11:58.570 [FXGL Background Thread 4 ] WARN  GameWorld            - Entity is already attached to world
23:11:58.570 [FXGL Background Thread 4 ] WARN  GameWorld            - Entity is already attached to world
23:11:58.570 [FXGL Background Thread 4 ] WARN  GameWorld            - Entity is already attached to world
23:11:58.571 [FXGL Background Thread 4 ] WARN  GameWorld            - Entity is already attached to world
23:11:58.571 [FXGL Background Thread 4 ] WARN  GameWorld            - Entity is already attached to world
23:11:58.571 [FXGL Background Thread 4 ] WARN  GameWorld            - Entity is already attached to world
23:11:58.572 [FXGL Background Thread 4 ] WARN  GameWorld            - Entity is already attached to world
23:11:58.572 [FXGL Background Thread 4 ] WARN  GameWorld            - Entity is already attached to world
23:11:58.572 [FXGL Background Thread 4 ] WARN  GameWorld            - Entity is already attached to world
23:11:58.573 [FXGL Background Thread 4 ] WARN  GameWorld            - Entity is already attached to world
23:11:58.573 [FXGL Background Thread 4 ] WARN  GameWorld            - Entity is already attached to world
23:11:58.573 [FXGL Background Thread 4 ] WARN  GameWorld            - Entity is already attached to world
23:11:58.574 [FXGL Background Thread 4 ] WARN  GameWorld            - Entity is already attached to world
23:11:58.574 [FXGL Background Thread 4 ] WARN  GameWorld            - Entity is already attached to world
23:11:58.575 [FXGL Background Thread 4 ] WARN  GameWorld            - Entity is already attached to world
23:11:58.575 [FXGL Background Thread 4 ] WARN  GameWorld            - Entity is already attached to world
23:11:58.575 [FXGL Background Thread 4 ] WARN  GameWorld            - Entity is already attached to world
23:11:58.576 [FXGL Background Thread 4 ] WARN  GameWorld            - Entity is already attached to world
23:11:58.576 [FXGL Background Thread 4 ] WARN  GameWorld            - Entity is already attached to world
23:11:58.577 [FXGL Background Thread 4 ] WARN  GameWorld            - Entity is already attached to world
23:11:58.577 [FXGL Background Thread 4 ] WARN  GameWorld            - Entity is already attached to world
23:11:58.577 [FXGL Background Thread 4 ] WARN  GameWorld            - Entity is already attached to world
23:11:58.578 [FXGL Background Thread 4 ] WARN  GameWorld            - Entity is already attached to world
23:11:58.578 [FXGL Background Thread 4 ] WARN  GameWorld            - Entity is already attached to world
23:11:58.578 [FXGL Background Thread 4 ] WARN  GameWorld            - Entity is already attached to world
23:11:58.579 [FXGL Background Thread 4 ] WARN  GameWorld            - Entity is already attached to world
23:11:58.579 [FXGL Background Thread 4 ] WARN  GameWorld            - Entity is already attached to world
23:11:58.579 [FXGL Background Thread 4 ] WARN  GameWorld            - Entity is already attached to world
23:11:58.580 [FXGL Background Thread 4 ] WARN  GameWorld            - Entity is already attached to world
23:11:58.580 [FXGL Background Thread 4 ] WARN  GameWorld            - Entity is already attached to world
23:11:58.580 [FXGL Background Thread 4 ] WARN  GameWorld            - Entity is already attached to world
23:11:58.581 [FXGL Background Thread 4 ] WARN  GameWorld            - Entity is already attached to world
23:11:58.581 [FXGL Background Thread 4 ] WARN  GameWorld            - Entity is already attached to world
23:11:58.581 [FXGL Background Thread 4 ] WARN  GameWorld            - Entity is already attached to world
23:11:58.582 [FXGL Background Thread 4 ] WARN  GameWorld            - Entity is already attached to world
23:11:58.582 [FXGL Background Thread 4 ] WARN  GameWorld            - Entity is already attached to world
23:11:58.583 [FXGL Background Thread 4 ] INFO  FXGLApplication      - Game initialization took: 0.037 sec
23:11:58.598 [JavaFX Application Thread] DEBUG Input                - Clearing active input actions
23:11:58.604 [JavaFX Application Thread] DEBUG GameApplicationServi - Removing overlay from FXGLLoadingScene and adding to GameScene
23:11:58.604 [JavaFX Application Thread] DEBUG PrimaryStageWindow   - FXGLLoadingScene -> GameScene
23:11:58.812 [FXGL Background Thread 2 ] INFO  UpdaterService       - Your current version:  17.2
23:11:58.812 [FXGL Background Thread 2 ] INFO  UpdaterService       - Latest stable version: 17.3
23:12:01.505 [FXGL Background Thread 3 ] DEBUG Engine               - Logging environment variables
23:12:01.505 [FXGL Background Thread 3 ] DEBUG Engine               - achievements: []
23:12:01.505 [FXGL Background Thread 3 ] DEBUG Engine               - actualHeight: 600.0
23:12:01.505 [FXGL Background Thread 3 ] DEBUG Engine               - actualHeightProperty: ReadOnlyDoubleProperty [value: 600.0]
23:12:01.505 [FXGL Background Thread 3 ] DEBUG Engine               - actualWidth: 600.0
23:12:01.505 [FXGL Background Thread 3 ] DEBUG Engine               - actualWidthProperty: ReadOnlyDoubleProperty [value: 600.0]
23:12:01.505 [FXGL Background Thread 3 ] DEBUG Engine               - appIcon: fxgl_icon.png
23:12:01.505 [FXGL Background Thread 3 ] DEBUG Engine               - applicationMode: DEVELOPER
23:12:01.505 [FXGL Background Thread 3 ] DEBUG Engine               - cSSList: [fxgl_dark.css]
23:12:01.505 [FXGL Background Thread 3 ] DEBUG Engine               - collisionDetectionStrategy: BRUTE_FORCE
23:12:01.506 [FXGL Background Thread 3 ] DEBUG Engine               - configClass: Optional.empty
23:12:01.506 [FXGL Background Thread 3 ] DEBUG Engine               - credits: []
23:12:01.506 [FXGL Background Thread 3 ] DEBUG Engine               - defaultCursor: CursorInfo(imageName=fxgl_default_cursor.png, hotspotX=7.0, hotspotY=6.0)
23:12:01.506 [FXGL Background Thread 3 ] DEBUG Engine               - devBBoxColorProperty: ObjectProperty [value: 0xff0000ff]
23:12:01.506 [FXGL Background Thread 3 ] DEBUG Engine               - devEnableDebugCameraProperty: BooleanProperty [value: false]
23:12:01.506 [FXGL Background Thread 3 ] DEBUG Engine               - devSensorColorProperty: ObjectProperty [value: 0xffff00ff]
23:12:01.506 [FXGL Background Thread 3 ] DEBUG Engine               - devShowBBoxProperty: BooleanProperty [value: false]
23:12:01.506 [FXGL Background Thread 3 ] DEBUG Engine               - devShowPositionProperty: BooleanProperty [value: false]
23:12:01.506 [FXGL Background Thread 3 ] DEBUG Engine               - enabledMenuItems: []
23:12:01.506 [FXGL Background Thread 3 ] DEBUG Engine               - engineServices: [class com.almasb.fxgl.app.services.FXGLAssetLoaderService, class com.almasb.fxgl.app.FXGLApplication$GameApplicationService, class com.almasb.fxgl.app.services.FXGLDialogService, class com.almasb.fxgl.app.services.IOTaskExecutorService, class com.almasb.fxgl.io.FileSystemService, class com.almasb.fxgl.localization.LocalizationService, class com.almasb.fxgl.app.services.SystemBundleService, class com.almasb.fxgl.profile.SaveLoadService, class com.almasb.fxgl.ui.FXGLUIFactoryServiceProvider, class com.almasb.fxgl.ui.FXGLDialogFactoryServiceProvider, class com.almasb.fxgl.audio.AudioPlayer, class com.almasb.fxgl.notification.impl.NotificationServiceProvider, class com.almasb.fxgl.achievement.AchievementService, class com.almasb.fxgl.cutscene.CutsceneService, class com.almasb.fxgl.minigames.MiniGameService, class com.almasb.fxgl.net.NetService, class com.almasb.fxgl.app.services.UpdaterService, class com.almasb.fxgl.dev.DevService]
23:12:01.506 [FXGL Background Thread 3 ] DEBUG Engine               - fontGame: Abel-Regular.ttf
23:12:01.506 [FXGL Background Thread 3 ] DEBUG Engine               - fontMono: TerminalLandMono-Regular.otf
23:12:01.506 [FXGL Background Thread 3 ] DEBUG Engine               - fontText: Courier-Prime.ttf
23:12:01.506 [FXGL Background Thread 3 ] DEBUG Engine               - fontUI: VarelaRound-Regular.ttf
23:12:01.506 [FXGL Background Thread 3 ] DEBUG Engine               - fullScreen: BooleanProperty [value: false]
23:12:01.506 [FXGL Background Thread 3 ] DEBUG Engine               - gameDifficulty: MEDIUM
23:12:01.507 [FXGL Background Thread 3 ] DEBUG Engine               - gameDifficultyProperty: ObjectProperty [value: MEDIUM]
23:12:01.507 [FXGL Background Thread 3 ] DEBUG Engine               - globalMusicVolume: 0.5
23:12:01.507 [FXGL Background Thread 3 ] DEBUG Engine               - globalMusicVolumeProperty: DoubleProperty [value: 0.5]
23:12:01.507 [FXGL Background Thread 3 ] DEBUG Engine               - globalSoundVolume: 0.5
23:12:01.507 [FXGL Background Thread 3 ] DEBUG Engine               - globalSoundVolumeProperty: DoubleProperty [value: 0.5]
23:12:01.507 [FXGL Background Thread 3 ] DEBUG Engine               - height: 600
23:12:01.507 [FXGL Background Thread 3 ] DEBUG Engine               - is3D: false
23:12:01.507 [FXGL Background Thread 3 ] DEBUG Engine               - isAndroid: false
23:12:01.507 [FXGL Background Thread 3 ] DEBUG Engine               - isBrowser: false
23:12:01.507 [FXGL Background Thread 3 ] DEBUG Engine               - isClickFeedbackEnabled: false
23:12:01.507 [FXGL Background Thread 3 ] DEBUG Engine               - isCloseConfirmation: false
23:12:01.507 [FXGL Background Thread 3 ] DEBUG Engine               - isDesktop: true
23:12:01.507 [FXGL Background Thread 3 ] DEBUG Engine               - isDeveloperMenuEnabled: false
23:12:01.507 [FXGL Background Thread 3 ] DEBUG Engine               - isEmbedded: false
23:12:01.507 [FXGL Background Thread 3 ] DEBUG Engine               - isEntityPreloadEnabled: true
23:12:01.507 [FXGL Background Thread 3 ] DEBUG Engine               - isExperimentalTiledLargeMap: false
23:12:01.507 [FXGL Background Thread 3 ] DEBUG Engine               - isFileSystemWriteAllowed: true
23:12:01.507 [FXGL Background Thread 3 ] DEBUG Engine               - isFullScreenAllowed: false
23:12:01.507 [FXGL Background Thread 3 ] DEBUG Engine               - isFullScreenFromStart: false
23:12:01.507 [FXGL Background Thread 3 ] DEBUG Engine               - isGameMenuEnabled: true
23:12:01.507 [FXGL Background Thread 3 ] DEBUG Engine               - isIOS: false
23:12:01.507 [FXGL Background Thread 3 ] DEBUG Engine               - isIntroEnabled: false
23:12:01.508 [FXGL Background Thread 3 ] DEBUG Engine               - isLinux: false
23:12:01.508 [FXGL Background Thread 3 ] DEBUG Engine               - isMac: false
23:12:01.508 [FXGL Background Thread 3 ] DEBUG Engine               - isMainMenuEnabled: false
23:12:01.508 [FXGL Background Thread 3 ] DEBUG Engine               - isManualResizeEnabled: false
23:12:01.508 [FXGL Background Thread 3 ] DEBUG Engine               - isMobile: false
23:12:01.508 [FXGL Background Thread 3 ] DEBUG Engine               - isNative: false
23:12:01.508 [FXGL Background Thread 3 ] DEBUG Engine               - isPauseMusicWhenMinimized: true
23:12:01.508 [FXGL Background Thread 3 ] DEBUG Engine               - isPreserveResizeRatio: false
23:12:01.508 [FXGL Background Thread 3 ] DEBUG Engine               - isProfilingEnabled: false
23:12:01.508 [FXGL Background Thread 3 ] DEBUG Engine               - isScaleAffectedOnResize: true
23:12:01.508 [FXGL Background Thread 3 ] DEBUG Engine               - isSingleStep: false
23:12:01.508 [FXGL Background Thread 3 ] DEBUG Engine               - isUserProfileEnabled: false
23:12:01.508 [FXGL Background Thread 3 ] DEBUG Engine               - isWindows: true
23:12:01.508 [FXGL Background Thread 3 ] DEBUG Engine               - language: ObjectProperty [value: ENGLISH]
23:12:01.508 [FXGL Background Thread 3 ] DEBUG Engine               - menuKey: ESCAPE
23:12:01.508 [FXGL Background Thread 3 ] DEBUG Engine               - mouseSensitivity: 0.2
23:12:01.508 [FXGL Background Thread 3 ] DEBUG Engine               - notificationViewClass: class com.almasb.fxgl.notification.view.XboxNotificationView
23:12:01.508 [FXGL Background Thread 3 ] DEBUG Engine               - pixelsPerMeter: 50.0
23:12:01.508 [FXGL Background Thread 3 ] DEBUG Engine               - platform: WINDOWS
23:12:01.508 [FXGL Background Thread 3 ] DEBUG Engine               - prefHeightProperty: ReadOnlyDoubleProperty [value: 600.0]
23:12:01.508 [FXGL Background Thread 3 ] DEBUG Engine               - prefWidthProperty: ReadOnlyDoubleProperty [value: 600.0]
23:12:01.508 [FXGL Background Thread 3 ] DEBUG Engine               - profileDir: profiles/
23:12:01.508 [FXGL Background Thread 3 ] DEBUG Engine               - profileName: StringProperty [value: DEFAULT]
23:12:01.508 [FXGL Background Thread 3 ] DEBUG Engine               - randomSeed: -1
23:12:01.509 [FXGL Background Thread 3 ] DEBUG Engine               - runtimeInfo: RuntimeInfo(platform=WINDOWS, version=17.2, build=20.08.2022 16.50)
23:12:01.509 [FXGL Background Thread 3 ] DEBUG Engine               - saveFileExt: sav
23:12:01.509 [FXGL Background Thread 3 ] DEBUG Engine               - scaledHeightProp$fxgl: DoubleProperty [bound, value: 600.0]
23:12:01.509 [FXGL Background Thread 3 ] DEBUG Engine               - scaledWidthProp$fxgl: DoubleProperty [bound, value: 600.0]
23:12:01.509 [FXGL Background Thread 3 ] DEBUG Engine               - sceneFactory: com.almasb.fxgl.app.scene.SceneFactory@4772bea6
23:12:01.509 [FXGL Background Thread 3 ] DEBUG Engine               - secondsIn24h: 60
23:12:01.509 [FXGL Background Thread 3 ] DEBUG Engine               - soundMenuBack: menu/back.wav
23:12:01.509 [FXGL Background Thread 3 ] DEBUG Engine               - soundMenuPress: menu/press.wav
23:12:01.509 [FXGL Background Thread 3 ] DEBUG Engine               - soundMenuSelect: menu/select.wav
23:12:01.509 [FXGL Background Thread 3 ] DEBUG Engine               - soundNotification: core/notification.wav
23:12:01.509 [FXGL Background Thread 3 ] DEBUG Engine               - stageStyle: DECORATED
23:12:01.509 [FXGL Background Thread 3 ] DEBUG Engine               - supportedLanguages: [ENGLISH, FRENCH, GERMAN, HUNGARIAN, RUSSIAN]
23:12:01.509 [FXGL Background Thread 3 ] DEBUG Engine               - ticksPerSecond: -1
23:12:01.509 [FXGL Background Thread 3 ] DEBUG Engine               - title: Brick Breaker
23:12:01.509 [FXGL Background Thread 3 ] DEBUG Engine               - urlGithub: https://github.com/AlmasB/FXGL
23:12:01.509 [FXGL Background Thread 3 ] DEBUG Engine               - urlLeaderboard: http://fxgl-top.herokuapp.com/
23:12:01.509 [FXGL Background Thread 3 ] DEBUG Engine               - urlPOM: https://raw.githubusercontent.com/AlmasB/FXGL/release/README.md
23:12:01.509 [FXGL Background Thread 3 ] DEBUG Engine               - userAppClass: class com.example.brickbreaker.BrickBreakerApp
23:12:01.509 [FXGL Background Thread 3 ] DEBUG Engine               - version: 0.0
23:12:01.509 [FXGL Background Thread 3 ] DEBUG Engine               - versionCheckDays: 7
23:12:01.509 [FXGL Background Thread 3 ] DEBUG Engine               - width: 600
23:12:01.509 [FXGL Background Thread 3 ] DEBUG Engine               - Logging services
23:12:01.509 [FXGL Background Thread 3 ] DEBUG Engine               - class com.almasb.fxgl.app.services.FXGLAssetLoaderService
23:12:01.509 [FXGL Background Thread 3 ] DEBUG Engine               - class com.almasb.fxgl.app.FXGLApplication$GameApplicationService
23:12:01.510 [FXGL Background Thread 3 ] DEBUG Engine               - class com.almasb.fxgl.app.services.FXGLDialogService
23:12:01.510 [FXGL Background Thread 3 ] DEBUG Engine               - class com.almasb.fxgl.app.services.IOTaskExecutorService
23:12:01.510 [FXGL Background Thread 3 ] DEBUG Engine               - class com.almasb.fxgl.io.FileSystemService
23:12:01.510 [FXGL Background Thread 3 ] DEBUG Engine               - class com.almasb.fxgl.localization.LocalizationService
23:12:01.510 [FXGL Background Thread 3 ] DEBUG Engine               - class com.almasb.fxgl.app.services.SystemBundleService
23:12:01.510 [FXGL Background Thread 3 ] DEBUG Engine               - class com.almasb.fxgl.profile.SaveLoadService
23:12:01.510 [FXGL Background Thread 3 ] DEBUG Engine               - class com.almasb.fxgl.ui.FXGLUIFactoryServiceProvider
23:12:01.510 [FXGL Background Thread 3 ] DEBUG Engine               - class com.almasb.fxgl.ui.FXGLDialogFactoryServiceProvider
23:12:01.510 [FXGL Background Thread 3 ] DEBUG Engine               - class com.almasb.fxgl.audio.AudioPlayer
23:12:01.510 [FXGL Background Thread 3 ] DEBUG Engine               - class com.almasb.fxgl.notification.impl.NotificationServiceProvider
23:12:01.510 [FXGL Background Thread 3 ] DEBUG Engine               - class com.almasb.fxgl.achievement.AchievementService
23:12:01.510 [FXGL Background Thread 3 ] DEBUG Engine               - class com.almasb.fxgl.cutscene.CutsceneService
23:12:01.510 [FXGL Background Thread 3 ] DEBUG Engine               - class com.almasb.fxgl.minigames.MiniGameService
23:12:01.510 [FXGL Background Thread 3 ] DEBUG Engine               - class com.almasb.fxgl.net.NetService
23:12:01.510 [FXGL Background Thread 3 ] DEBUG Engine               - class com.almasb.fxgl.app.services.UpdaterService
23:12:01.510 [FXGL Background Thread 3 ] DEBUG Engine               - class com.almasb.fxgl.dev.DevService
23:13:18.062 [JavaFX Application Thread] DEBUG FXGLApplication      - Exiting FXGL
23:13:18.062 [JavaFX Application Thread] DEBUG LoopRunner           - Stopping loop
23:13:18.063 [JavaFX Application Thread] DEBUG SystemBundleService  - Saving FXGL system data
23:13:18.064 [JavaFX Application Thread] DEBUG FileSystemAccess     - Writing to: C:\Users\matip\Desktop\JavaProjects\brick-breaker\system\fxgl.bundle
23:13:18.065 [JavaFX Application Thread] DEBUG Async                - Shutting down background threads
23:13:18.065 [JavaFX Application Thread] DEBUG PrimaryStageWindow   - Closing main window
23:13:18.072 [JavaFX Application Thread] DEBUG Logger               - Closing Logger
