14:11:03.986 [main                     ] DEBUG Logger               - Configured Logger
14:11:04.002 [main                     ] DEBUG GameApplication      - Logging settings
Title: Brick Breaker
Version: 0.0
Width: 600
Height: 600
Fullscreen: false
Intro: false
Profiling: false
Single step:false
App Mode: DEVELOPER
Menu Key: ESCAPE
Stage Style: DECORATED
Scene Factory: class com.example.brickbreaker.menu.CustomSceneFactory

14:11:04.256 [JavaFX Application Thread] DEBUG FXGLApplication      - Initializing FXGL
14:11:04.260 [JavaFX Application Thread] INFO  Engine               - FXGL-17.2 (20.08.2022 16.50) on WINDOWS (J:18.0.1.1 FX:18.0.2)
14:11:04.260 [JavaFX Application Thread] DEBUG Engine               - JRE Vendor Name: Oracle Corporation
14:11:04.260 [JavaFX Application Thread] DEBUG Engine               - Running on OS: Windows 10 version 10.0
14:11:04.261 [JavaFX Application Thread] DEBUG Engine               - Architecture: amd64
14:11:04.261 [JavaFX Application Thread] INFO  Engine               - Source code and latest versions at: https://github.com/AlmasB/FXGL
14:11:04.261 [JavaFX Application Thread] INFO  Engine               -       Ask questions and discuss at: https://github.com/AlmasB/FXGL/discussions
14:11:04.261 [JavaFX Application Thread] INFO  Engine               -              Join the FXGL chat at: https://gitter.im/AlmasB/FXGL
14:11:04.310 [JavaFX Application Thread] DEBUG PrimaryStageWindow   - Creating a JavaFX scene
14:11:04.334 [JavaFX Application Thread] DEBUG PrimaryStageWindow   - Target settings size: 600.0 x 600.0
14:11:04.334 [JavaFX Application Thread] DEBUG PrimaryStageWindow   - Scaled scene size:    600.0 x 600.0
14:11:04.334 [JavaFX Application Thread] DEBUG PrimaryStageWindow   - Scaled ratio: (1.0, 1.0)
14:11:04.335 [JavaFX Application Thread] DEBUG PrimaryStageWindow   - Set initial scene to FXGLStartupScene
14:11:04.339 [JavaFX Application Thread] DEBUG PrimaryStageWindow   - Opening main window
14:11:04.378 [JavaFX Application Thread] DEBUG PrimaryStageWindow   - Window border size: (16.0, 39.0)
14:11:04.378 [JavaFX Application Thread] DEBUG PrimaryStageWindow   - Scaled size: 600.0 x 600.0
14:11:04.378 [JavaFX Application Thread] DEBUG PrimaryStageWindow   - Scaled ratio: (1.0, 1.0)
14:11:04.379 [JavaFX Application Thread] DEBUG PrimaryStageWindow   - Scene size: 600.0 x 600.0
14:11:04.379 [JavaFX Application Thread] DEBUG PrimaryStageWindow   - Stage size: 616.0 x 639.0
14:11:04.383 [FXGL Background Thread 1 ] DEBUG Engine               - Initializing environment variables
14:11:04.409 [FXGL Background Thread 1 ] DEBUG FXGLAssetLoaderServi - User app class for loading assets: class com.example.brickbreaker.BrickBreakerApp
14:11:04.409 [FXGL Background Thread 1 ] DEBUG GameApplicationServi - Applying CSS: fxgl_dark.css
14:11:04.410 [FXGL Background Thread 1 ] DEBUG FXGLAssetLoaderServi - Loading from file system: jar:file:///C:/Users/matip/.m2/repository/com/github/almasb/fxgl/17.2/fxgl-17.2.jar!/fxglassets/ui/css/fxgl_dark.css
14:11:04.435 [FXGL Background Thread 1 ] DEBUG GameApplicationServi - Initializing application scenes
14:11:04.454 [FXGL Background Thread 1 ] DEBUG GameWorld            - Game world initialized
14:11:04.482 [FXGL Background Thread 1 ] DEBUG PhysicsWorld         - Physics world initialized: appHeight=600, physics.ppm=50.0
14:11:04.482 [FXGL Background Thread 1 ] DEBUG PhysicsWorld         - Using strategy: BRUTE_FORCE
14:11:04.484 [FXGL Background Thread 1 ] DEBUG GameScene            - Game scene initialized: 600x600
14:11:04.485 [FXGL Background Thread 1 ] DEBUG FXGLAssetLoaderServi - Loading from file system: file:/C:/Users/matip/Desktop/JavaProjects/brick-breaker/target/classes/assets/textures/brick-wall.png
14:11:04.517 [FXGL Background Thread 1 ] WARN  FXGL.DefaultMenu     - FXGLDefaultMenu is not designed for resolutions < 800x600
14:11:04.517 [FXGL Background Thread 1 ] DEBUG FXGL.DefaultMenu     - createMenuBodyGameMenu()
14:11:04.524 [FXGL Background Thread 1 ] DEBUG FXGL.DefaultMenu     - createOptionsMenu()
14:11:04.533 [FXGL Background Thread 1 ] DEBUG FXGLAssetLoaderServi - Loading from file system: jar:file:///C:/Users/matip/.m2/repository/com/github/almasb/fxgl/17.2/fxgl-17.2.jar!/fxglassets/textures/particles/smoke.png
14:11:04.575 [FXGL Background Thread 1 ] DEBUG FXGLAssetLoaderServi - Loading from file system: jar:file:///C:/Users/matip/.m2/repository/com/github/almasb/fxgl/17.2/fxgl-17.2.jar!/fxglassets/textures/particles/trace_horizontal.png
14:11:04.585 [FXGL Background Thread 1 ] DEBUG GameApplicationServi - Application scenes initialized
14:11:04.591 [FXGL Background Thread 1 ] DEBUG SystemBundleService  - Loading FXGL system data
14:11:04.594 [FXGL Background Thread 1 ] DEBUG FileSystemAccess     - Reading from: C:\Users\matip\Desktop\JavaProjects\brick-breaker\system\fxgl.bundle
14:11:04.599 [FXGL Background Thread 1 ] DEBUG SystemBundleService  - Bundle FXGL: {}
14:11:04.599 [FXGL Background Thread 1 ] DEBUG UpdaterService       - Checking for updates
14:11:04.602 [FXGL Background Thread 4 ] DEBUG FXGLApplication      - Loading fonts
14:11:04.602 [FXGL Background Thread 1 ] DEBUG FXGLApplication      - Loading default localization
14:11:04.602 [FXGL Background Thread 4 ] DEBUG FXGLAssetLoaderServi - Loading from file system: jar:file:///C:/Users/matip/.m2/repository/com/github/almasb/fxgl/17.2/fxgl-17.2.jar!/fxglassets/ui/fonts/VarelaRound-Regular.ttf
14:11:04.602 [FXGL Background Thread 1 ] DEBUG FXGLAssetLoaderServi - Loading from file system: jar:file:///C:/Users/matip/.m2/repository/com/github/almasb/fxgl/17.2/fxgl-17.2.jar!/fxglassets/languages/english.lang
14:11:04.612 [FXGL Background Thread 1 ] INFO  FXGLApplication      - FXGL initialization took: 0.228 sec
14:11:04.617 [JavaFX Application Thread] DEBUG Input                - Registered new binding: action0 - D
14:11:04.618 [JavaFX Application Thread] DEBUG Input                - Registered new binding: action1 - A
14:11:04.618 [JavaFX Application Thread] DEBUG FXGLAssetLoaderServi - Loading from file system: jar:file:///C:/Users/matip/.m2/repository/com/github/almasb/fxgl/17.2/fxgl-17.2.jar!/fxglassets/textures/fxgl_icon.png
14:11:04.624 [JavaFX Application Thread] DEBUG FXGLAssetLoaderServi - Loading from file system: jar:file:///C:/Users/matip/.m2/repository/com/github/almasb/fxgl/17.2/fxgl-17.2.jar!/fxglassets/textures/fxgl_default_cursor.png
14:11:04.625 [JavaFX Application Thread] DEBUG Input                - Registered new binding: Screenshot - CTRL+8
14:11:04.625 [JavaFX Application Thread] DEBUG Input                - Registered new binding: System info dump - CTRL+9
14:11:04.625 [JavaFX Application Thread] DEBUG Input                - Registered new binding: Restart - CTRL+R
14:11:04.626 [JavaFX Application Thread] DEBUG Input                - Registered new binding: Toggle Debug Camera - CTRL+7
14:11:04.626 [FXGL Background Thread 4 ] DEBUG FXGLAssetLoaderServi - Loading from file system: jar:file:///C:/Users/matip/.m2/repository/com/github/almasb/fxgl/17.2/fxgl-17.2.jar!/fxglassets/ui/fonts/Abel-Regular.ttf
14:11:04.627 [JavaFX Application Thread] DEBUG LoopRunner           - Starting loop
14:11:04.627 [JavaFX Application Thread] DEBUG LoopRunner           - Initializing JavaFX AnimationTimerLoop
14:11:04.628 [JavaFX Application Thread] DEBUG Input                - Clearing active input actions
14:11:04.628 [FXGL Background Thread 4 ] DEBUG FXGLAssetLoaderServi - Loading from file system: jar:file:///C:/Users/matip/.m2/repository/com/github/almasb/fxgl/17.2/fxgl-17.2.jar!/fxglassets/ui/fonts/TerminalLandMono-Regular.otf
14:11:04.631 [FXGL Background Thread 4 ] DEBUG FXGLAssetLoaderServi - Loading from file system: jar:file:///C:/Users/matip/.m2/repository/com/github/almasb/fxgl/17.2/fxgl-17.2.jar!/fxglassets/ui/fonts/Courier-Prime.ttf
14:11:04.632 [JavaFX Application Thread] DEBUG GameApplicationServi - Removing overlay from FXGLStartupScene and adding to FXGLMainMenuDummyScene
14:11:04.633 [JavaFX Application Thread] DEBUG PrimaryStageWindow   - FXGLStartupScene -> FXGLMainMenuDummyScene
14:11:04.633 [JavaFX Application Thread] DEBUG PrimaryStageWindow   - Push state: MainMenu
14:11:04.633 [JavaFX Application Thread] DEBUG Input                - Clearing active input actions
14:11:04.633 [JavaFX Application Thread] DEBUG GameApplicationServi - Removing overlay from FXGLMainMenuDummyScene and adding to MainMenu
14:11:04.633 [JavaFX Application Thread] DEBUG PrimaryStageWindow   - FXGLMainMenuDummyScene -> MainMenu
14:11:04.634 [JavaFX Application Thread] DEBUG FXGLApplication      - Registering font factories with UI factory
14:11:04.874 [FXGL Background Thread 2 ] INFO  UpdaterService       - Your current version:  17.2
14:11:04.874 [FXGL Background Thread 2 ] INFO  UpdaterService       - Latest stable version: 17.3
14:11:05.309 [JavaFX Application Thread] DEBUG Menu                 - fireNewGame()
14:11:05.309 [JavaFX Application Thread] DEBUG GameApplicationServi - Starting new game
14:11:05.310 [JavaFX Application Thread] DEBUG PrimaryStageWindow   - Pop state: MainMenu
14:11:05.310 [JavaFX Application Thread] DEBUG Input                - Clearing active input actions
14:11:05.310 [JavaFX Application Thread] DEBUG GameApplicationServi - Removing overlay from MainMenu and adding to FXGLMainMenuDummyScene
14:11:05.310 [JavaFX Application Thread] DEBUG PrimaryStageWindow   - FXGLMainMenuDummyScene <- MainMenu
14:11:05.310 [JavaFX Application Thread] DEBUG Input                - Clearing active input actions
14:11:05.318 [JavaFX Application Thread] DEBUG GameApplicationServi - Removing overlay from FXGLMainMenuDummyScene and adding to FXGLLoadingScene
14:11:05.318 [JavaFX Application Thread] DEBUG PrimaryStageWindow   - FXGLMainMenuDummyScene -> FXGLLoadingScene
14:11:05.318 [JavaFX Application Thread] DEBUG GameApplicationServi - Clearing previous game
14:11:05.318 [JavaFX Application Thread] DEBUG GameScene            - Clearing game scene
14:11:05.318 [JavaFX Application Thread] DEBUG GameWorld            - Clearing game world
14:11:05.318 [JavaFX Application Thread] DEBUG PhysicsWorld         - Clearing physics world
14:11:05.319 [FXGL Background Thread 2 ] DEBUG FXGLApplication      - Initializing game
14:11:05.330 [FXGL Background Thread 2 ] WARN  GameWorld            - Entity is already attached to world
14:11:05.331 [FXGL Background Thread 2 ] DEBUG FXGLAssetLoaderServi - Loading from file system: file:/C:/Users/matip/Desktop/JavaProjects/brick-breaker/target/classes/assets/textures/brick.png
14:11:05.333 [FXGL Background Thread 2 ] WARN  GameWorld            - Entity is already attached to world
14:11:05.334 [FXGL Background Thread 2 ] WARN  GameWorld            - Entity is already attached to world
14:11:05.335 [FXGL Background Thread 2 ] WARN  GameWorld            - Entity is already attached to world
14:11:05.336 [FXGL Background Thread 2 ] WARN  GameWorld            - Entity is already attached to world
14:11:05.336 [FXGL Background Thread 2 ] WARN  GameWorld            - Entity is already attached to world
14:11:05.337 [FXGL Background Thread 2 ] WARN  GameWorld            - Entity is already attached to world
14:11:05.338 [FXGL Background Thread 2 ] WARN  GameWorld            - Entity is already attached to world
14:11:05.338 [FXGL Background Thread 2 ] WARN  GameWorld            - Entity is already attached to world
14:11:05.339 [FXGL Background Thread 2 ] WARN  GameWorld            - Entity is already attached to world
14:11:05.340 [FXGL Background Thread 2 ] WARN  GameWorld            - Entity is already attached to world
14:11:05.340 [FXGL Background Thread 2 ] WARN  GameWorld            - Entity is already attached to world
14:11:05.341 [FXGL Background Thread 2 ] WARN  GameWorld            - Entity is already attached to world
14:11:05.341 [FXGL Background Thread 2 ] WARN  GameWorld            - Entity is already attached to world
14:11:05.342 [FXGL Background Thread 2 ] WARN  GameWorld            - Entity is already attached to world
14:11:05.342 [FXGL Background Thread 2 ] WARN  GameWorld            - Entity is already attached to world
14:11:05.343 [FXGL Background Thread 2 ] WARN  GameWorld            - Entity is already attached to world
14:11:05.343 [FXGL Background Thread 2 ] WARN  GameWorld            - Entity is already attached to world
14:11:05.344 [FXGL Background Thread 2 ] WARN  GameWorld            - Entity is already attached to world
14:11:05.344 [FXGL Background Thread 2 ] WARN  GameWorld            - Entity is already attached to world
14:11:05.345 [FXGL Background Thread 2 ] WARN  GameWorld            - Entity is already attached to world
14:11:05.345 [FXGL Background Thread 2 ] WARN  GameWorld            - Entity is already attached to world
14:11:05.345 [FXGL Background Thread 2 ] WARN  GameWorld            - Entity is already attached to world
14:11:05.346 [FXGL Background Thread 2 ] WARN  GameWorld            - Entity is already attached to world
14:11:05.346 [FXGL Background Thread 2 ] WARN  GameWorld            - Entity is already attached to world
14:11:05.347 [FXGL Background Thread 2 ] WARN  GameWorld            - Entity is already attached to world
14:11:05.348 [FXGL Background Thread 2 ] WARN  GameWorld            - Entity is already attached to world
14:11:05.349 [FXGL Background Thread 2 ] WARN  GameWorld            - Entity is already attached to world
14:11:05.349 [FXGL Background Thread 2 ] WARN  GameWorld            - Entity is already attached to world
14:11:05.350 [FXGL Background Thread 2 ] WARN  GameWorld            - Entity is already attached to world
14:11:05.350 [FXGL Background Thread 2 ] WARN  GameWorld            - Entity is already attached to world
14:11:05.351 [FXGL Background Thread 2 ] WARN  GameWorld            - Entity is already attached to world
14:11:05.351 [FXGL Background Thread 2 ] WARN  GameWorld            - Entity is already attached to world
14:11:05.352 [FXGL Background Thread 2 ] WARN  GameWorld            - Entity is already attached to world
14:11:05.353 [FXGL Background Thread 2 ] WARN  GameWorld            - Entity is already attached to world
14:11:05.353 [FXGL Background Thread 2 ] WARN  GameWorld            - Entity is already attached to world
14:11:05.354 [FXGL Background Thread 2 ] WARN  GameWorld            - Entity is already attached to world
14:11:05.354 [FXGL Background Thread 2 ] WARN  GameWorld            - Entity is already attached to world
14:11:05.355 [FXGL Background Thread 2 ] WARN  GameWorld            - Entity is already attached to world
14:11:05.355 [FXGL Background Thread 2 ] WARN  GameWorld            - Entity is already attached to world
14:11:05.356 [FXGL Background Thread 2 ] WARN  GameWorld            - Entity is already attached to world
14:11:05.356 [FXGL Background Thread 2 ] WARN  GameWorld            - Entity is already attached to world
14:11:05.357 [FXGL Background Thread 2 ] WARN  GameWorld            - Entity is already attached to world
14:11:05.357 [FXGL Background Thread 2 ] WARN  GameWorld            - Entity is already attached to world
14:11:05.358 [FXGL Background Thread 2 ] WARN  GameWorld            - Entity is already attached to world
14:11:05.358 [FXGL Background Thread 2 ] WARN  GameWorld            - Entity is already attached to world
14:11:05.358 [FXGL Background Thread 2 ] WARN  GameWorld            - Entity is already attached to world
14:11:05.359 [FXGL Background Thread 2 ] WARN  GameWorld            - Entity is already attached to world
14:11:05.359 [FXGL Background Thread 2 ] WARN  GameWorld            - Entity is already attached to world
14:11:05.360 [FXGL Background Thread 2 ] WARN  GameWorld            - Entity is already attached to world
14:11:05.360 [FXGL Background Thread 2 ] WARN  GameWorld            - Entity is already attached to world
14:11:05.361 [FXGL Background Thread 2 ] WARN  GameWorld            - Entity is already attached to world
14:11:05.361 [FXGL Background Thread 2 ] WARN  GameWorld            - Entity is already attached to world
14:11:05.362 [FXGL Background Thread 2 ] WARN  GameWorld            - Entity is already attached to world
14:11:05.362 [FXGL Background Thread 2 ] WARN  GameWorld            - Entity is already attached to world
14:11:05.362 [FXGL Background Thread 2 ] WARN  GameWorld            - Entity is already attached to world
14:11:05.363 [FXGL Background Thread 2 ] WARN  GameWorld            - Entity is already attached to world
14:11:05.364 [FXGL Background Thread 2 ] WARN  GameWorld            - Entity is already attached to world
14:11:05.364 [FXGL Background Thread 2 ] WARN  GameWorld            - Entity is already attached to world
14:11:05.365 [FXGL Background Thread 2 ] WARN  GameWorld            - Entity is already attached to world
14:11:05.365 [FXGL Background Thread 2 ] WARN  GameWorld            - Entity is already attached to world
14:11:05.366 [FXGL Background Thread 2 ] WARN  GameWorld            - Entity is already attached to world
14:11:05.366 [FXGL Background Thread 2 ] WARN  GameWorld            - Entity is already attached to world
14:11:05.366 [FXGL Background Thread 2 ] DEBUG FXGLAssetLoaderServi - Loading from file system: file:/C:/Users/matip/Desktop/JavaProjects/brick-breaker/target/classes/assets/textures/ball.png
14:11:05.367 [FXGL Background Thread 2 ] WARN  GameWorld            - Entity is already attached to world
14:11:05.369 [FXGL Background Thread 2 ] INFO  FXGLApplication      - Game initialization took: 0.050 sec
14:11:05.375 [JavaFX Application Thread] DEBUG Input                - Clearing active input actions
14:11:05.380 [JavaFX Application Thread] DEBUG GameApplicationServi - Removing overlay from FXGLLoadingScene and adding to GameScene
14:11:05.381 [JavaFX Application Thread] DEBUG PrimaryStageWindow   - FXGLLoadingScene -> GameScene
14:11:07.602 [FXGL Background Thread 3 ] DEBUG Engine               - Logging environment variables
14:11:07.602 [FXGL Background Thread 3 ] DEBUG Engine               - achievements: []
14:11:07.602 [FXGL Background Thread 3 ] DEBUG Engine               - actualHeight: 600.0
14:11:07.602 [FXGL Background Thread 3 ] DEBUG Engine               - actualHeightProperty: ReadOnlyDoubleProperty [value: 600.0]
14:11:07.602 [FXGL Background Thread 3 ] DEBUG Engine               - actualWidth: 600.0
14:11:07.602 [FXGL Background Thread 3 ] DEBUG Engine               - actualWidthProperty: ReadOnlyDoubleProperty [value: 600.0]
14:11:07.602 [FXGL Background Thread 3 ] DEBUG Engine               - appIcon: fxgl_icon.png
14:11:07.602 [FXGL Background Thread 3 ] DEBUG Engine               - applicationMode: DEVELOPER
14:11:07.602 [FXGL Background Thread 3 ] DEBUG Engine               - cSSList: [fxgl_dark.css]
14:11:07.602 [FXGL Background Thread 3 ] DEBUG Engine               - collisionDetectionStrategy: BRUTE_FORCE
14:11:07.602 [FXGL Background Thread 3 ] DEBUG Engine               - configClass: Optional.empty
14:11:07.602 [FXGL Background Thread 3 ] DEBUG Engine               - credits: []
14:11:07.603 [FXGL Background Thread 3 ] DEBUG Engine               - defaultCursor: CursorInfo(imageName=fxgl_default_cursor.png, hotspotX=7.0, hotspotY=6.0)
14:11:07.603 [FXGL Background Thread 3 ] DEBUG Engine               - devBBoxColorProperty: ObjectProperty [value: 0xff0000ff]
14:11:07.603 [FXGL Background Thread 3 ] DEBUG Engine               - devEnableDebugCameraProperty: BooleanProperty [value: false]
14:11:07.603 [FXGL Background Thread 3 ] DEBUG Engine               - devSensorColorProperty: ObjectProperty [value: 0xffff00ff]
14:11:07.603 [FXGL Background Thread 3 ] DEBUG Engine               - devShowBBoxProperty: BooleanProperty [value: false]
14:11:07.603 [FXGL Background Thread 3 ] DEBUG Engine               - devShowPositionProperty: BooleanProperty [value: false]
14:11:07.603 [FXGL Background Thread 3 ] DEBUG Engine               - enabledMenuItems: []
14:11:07.603 [FXGL Background Thread 3 ] DEBUG Engine               - engineServices: [class com.almasb.fxgl.app.services.FXGLAssetLoaderService, class com.almasb.fxgl.app.FXGLApplication$GameApplicationService, class com.almasb.fxgl.app.services.FXGLDialogService, class com.almasb.fxgl.app.services.IOTaskExecutorService, class com.almasb.fxgl.io.FileSystemService, class com.almasb.fxgl.localization.LocalizationService, class com.almasb.fxgl.app.services.SystemBundleService, class com.almasb.fxgl.profile.SaveLoadService, class com.almasb.fxgl.ui.FXGLUIFactoryServiceProvider, class com.almasb.fxgl.ui.FXGLDialogFactoryServiceProvider, class com.almasb.fxgl.audio.AudioPlayer, class com.almasb.fxgl.notification.impl.NotificationServiceProvider, class com.almasb.fxgl.achievement.AchievementService, class com.almasb.fxgl.cutscene.CutsceneService, class com.almasb.fxgl.minigames.MiniGameService, class com.almasb.fxgl.net.NetService, class com.almasb.fxgl.app.services.UpdaterService, class com.almasb.fxgl.dev.DevService]
14:11:07.603 [FXGL Background Thread 3 ] DEBUG Engine               - fontGame: Abel-Regular.ttf
14:11:07.603 [FXGL Background Thread 3 ] DEBUG Engine               - fontMono: TerminalLandMono-Regular.otf
14:11:07.603 [FXGL Background Thread 3 ] DEBUG Engine               - fontText: Courier-Prime.ttf
14:11:07.603 [FXGL Background Thread 3 ] DEBUG Engine               - fontUI: VarelaRound-Regular.ttf
14:11:07.603 [FXGL Background Thread 3 ] DEBUG Engine               - fullScreen: BooleanProperty [value: false]
14:11:07.603 [FXGL Background Thread 3 ] DEBUG Engine               - gameDifficulty: MEDIUM
14:11:07.603 [FXGL Background Thread 3 ] DEBUG Engine               - gameDifficultyProperty: ObjectProperty [value: MEDIUM]
14:11:07.603 [FXGL Background Thread 3 ] DEBUG Engine               - globalMusicVolume: 0.5
14:11:07.603 [FXGL Background Thread 3 ] DEBUG Engine               - globalMusicVolumeProperty: DoubleProperty [value: 0.5]
14:11:07.603 [FXGL Background Thread 3 ] DEBUG Engine               - globalSoundVolume: 0.5
14:11:07.604 [FXGL Background Thread 3 ] DEBUG Engine               - globalSoundVolumeProperty: DoubleProperty [value: 0.5]
14:11:07.604 [FXGL Background Thread 3 ] DEBUG Engine               - height: 600
14:11:07.604 [FXGL Background Thread 3 ] DEBUG Engine               - is3D: false
14:11:07.604 [FXGL Background Thread 3 ] DEBUG Engine               - isAndroid: false
14:11:07.604 [FXGL Background Thread 3 ] DEBUG Engine               - isBrowser: false
14:11:07.604 [FXGL Background Thread 3 ] DEBUG Engine               - isClickFeedbackEnabled: false
14:11:07.604 [FXGL Background Thread 3 ] DEBUG Engine               - isCloseConfirmation: false
14:11:07.604 [FXGL Background Thread 3 ] DEBUG Engine               - isDesktop: true
14:11:07.604 [FXGL Background Thread 3 ] DEBUG Engine               - isDeveloperMenuEnabled: false
14:11:07.604 [FXGL Background Thread 3 ] DEBUG Engine               - isEmbedded: false
14:11:07.604 [FXGL Background Thread 3 ] DEBUG Engine               - isEntityPreloadEnabled: true
14:11:07.604 [FXGL Background Thread 3 ] DEBUG Engine               - isExperimentalTiledLargeMap: false
14:11:07.604 [FXGL Background Thread 3 ] DEBUG Engine               - isFileSystemWriteAllowed: true
14:11:07.604 [FXGL Background Thread 3 ] DEBUG Engine               - isFullScreenAllowed: false
14:11:07.604 [FXGL Background Thread 3 ] DEBUG Engine               - isFullScreenFromStart: false
14:11:07.604 [FXGL Background Thread 3 ] DEBUG Engine               - isGameMenuEnabled: true
14:11:07.604 [FXGL Background Thread 3 ] DEBUG Engine               - isIOS: false
14:11:07.604 [FXGL Background Thread 3 ] DEBUG Engine               - isIntroEnabled: false
14:11:07.604 [FXGL Background Thread 3 ] DEBUG Engine               - isLinux: false
14:11:07.604 [FXGL Background Thread 3 ] DEBUG Engine               - isMac: false
14:11:07.604 [FXGL Background Thread 3 ] DEBUG Engine               - isMainMenuEnabled: true
14:11:07.604 [FXGL Background Thread 3 ] DEBUG Engine               - isManualResizeEnabled: false
14:11:07.604 [FXGL Background Thread 3 ] DEBUG Engine               - isMobile: false
14:11:07.604 [FXGL Background Thread 3 ] DEBUG Engine               - isNative: false
14:11:07.604 [FXGL Background Thread 3 ] DEBUG Engine               - isPauseMusicWhenMinimized: true
14:11:07.604 [FXGL Background Thread 3 ] DEBUG Engine               - isPreserveResizeRatio: false
14:11:07.604 [FXGL Background Thread 3 ] DEBUG Engine               - isProfilingEnabled: false
14:11:07.604 [FXGL Background Thread 3 ] DEBUG Engine               - isScaleAffectedOnResize: true
14:11:07.604 [FXGL Background Thread 3 ] DEBUG Engine               - isSingleStep: false
14:11:07.604 [FXGL Background Thread 3 ] DEBUG Engine               - isUserProfileEnabled: false
14:11:07.604 [FXGL Background Thread 3 ] DEBUG Engine               - isWindows: true
14:11:07.604 [FXGL Background Thread 3 ] DEBUG Engine               - language: ObjectProperty [value: ENGLISH]
14:11:07.604 [FXGL Background Thread 3 ] DEBUG Engine               - menuKey: ESCAPE
14:11:07.605 [FXGL Background Thread 3 ] DEBUG Engine               - mouseSensitivity: 0.2
14:11:07.605 [FXGL Background Thread 3 ] DEBUG Engine               - notificationViewClass: class com.almasb.fxgl.notification.view.XboxNotificationView
14:11:07.605 [FXGL Background Thread 3 ] DEBUG Engine               - pixelsPerMeter: 50.0
14:11:07.605 [FXGL Background Thread 3 ] DEBUG Engine               - platform: WINDOWS
14:11:07.605 [FXGL Background Thread 3 ] DEBUG Engine               - prefHeightProperty: ReadOnlyDoubleProperty [value: 600.0]
14:11:07.605 [FXGL Background Thread 3 ] DEBUG Engine               - prefWidthProperty: ReadOnlyDoubleProperty [value: 600.0]
14:11:07.605 [FXGL Background Thread 3 ] DEBUG Engine               - profileDir: profiles/
14:11:07.605 [FXGL Background Thread 3 ] DEBUG Engine               - profileName: StringProperty [value: DEFAULT]
14:11:07.605 [FXGL Background Thread 3 ] DEBUG Engine               - randomSeed: -1
14:11:07.605 [FXGL Background Thread 3 ] DEBUG Engine               - runtimeInfo: RuntimeInfo(platform=WINDOWS, version=17.2, build=20.08.2022 16.50)
14:11:07.605 [FXGL Background Thread 3 ] DEBUG Engine               - saveFileExt: sav
14:11:07.605 [FXGL Background Thread 3 ] DEBUG Engine               - scaledHeightProp$fxgl: DoubleProperty [bound, value: 600.0]
14:11:07.605 [FXGL Background Thread 3 ] DEBUG Engine               - scaledWidthProp$fxgl: DoubleProperty [bound, value: 600.0]
14:11:07.605 [FXGL Background Thread 3 ] DEBUG Engine               - sceneFactory: com.example.brickbreaker.menu.CustomSceneFactory@58152f4f
14:11:07.605 [FXGL Background Thread 3 ] DEBUG Engine               - secondsIn24h: 60
14:11:07.605 [FXGL Background Thread 3 ] DEBUG Engine               - soundMenuBack: menu/back.wav
14:11:07.605 [FXGL Background Thread 3 ] DEBUG Engine               - soundMenuPress: menu/press.wav
14:11:07.605 [FXGL Background Thread 3 ] DEBUG Engine               - soundMenuSelect: menu/select.wav
14:11:07.605 [FXGL Background Thread 3 ] DEBUG Engine               - soundNotification: core/notification.wav
14:11:07.605 [FXGL Background Thread 3 ] DEBUG Engine               - stageStyle: DECORATED
14:11:07.605 [FXGL Background Thread 3 ] DEBUG Engine               - supportedLanguages: [ENGLISH, FRENCH, GERMAN, HUNGARIAN, RUSSIAN]
14:11:07.605 [FXGL Background Thread 3 ] DEBUG Engine               - ticksPerSecond: -1
14:11:07.605 [FXGL Background Thread 3 ] DEBUG Engine               - title: Brick Breaker
14:11:07.605 [FXGL Background Thread 3 ] DEBUG Engine               - urlGithub: https://github.com/AlmasB/FXGL
14:11:07.605 [FXGL Background Thread 3 ] DEBUG Engine               - urlLeaderboard: http://fxgl-top.herokuapp.com/
14:11:07.605 [FXGL Background Thread 3 ] DEBUG Engine               - urlPOM: https://raw.githubusercontent.com/AlmasB/FXGL/release/README.md
14:11:07.605 [FXGL Background Thread 3 ] DEBUG Engine               - userAppClass: class com.example.brickbreaker.BrickBreakerApp
14:11:07.605 [FXGL Background Thread 3 ] DEBUG Engine               - version: 0.0
14:11:07.605 [FXGL Background Thread 3 ] DEBUG Engine               - versionCheckDays: 7
14:11:07.605 [FXGL Background Thread 3 ] DEBUG Engine               - width: 600
14:11:07.605 [FXGL Background Thread 3 ] DEBUG Engine               - Logging services
14:11:07.605 [FXGL Background Thread 3 ] DEBUG Engine               - class com.almasb.fxgl.app.services.FXGLAssetLoaderService
14:11:07.606 [FXGL Background Thread 3 ] DEBUG Engine               - class com.almasb.fxgl.app.FXGLApplication$GameApplicationService
14:11:07.606 [FXGL Background Thread 3 ] DEBUG Engine               - class com.almasb.fxgl.app.services.FXGLDialogService
14:11:07.606 [FXGL Background Thread 3 ] DEBUG Engine               - class com.almasb.fxgl.app.services.IOTaskExecutorService
14:11:07.606 [FXGL Background Thread 3 ] DEBUG Engine               - class com.almasb.fxgl.io.FileSystemService
14:11:07.606 [FXGL Background Thread 3 ] DEBUG Engine               - class com.almasb.fxgl.localization.LocalizationService
14:11:07.606 [FXGL Background Thread 3 ] DEBUG Engine               - class com.almasb.fxgl.app.services.SystemBundleService
14:11:07.606 [FXGL Background Thread 3 ] DEBUG Engine               - class com.almasb.fxgl.profile.SaveLoadService
14:11:07.606 [FXGL Background Thread 3 ] DEBUG Engine               - class com.almasb.fxgl.ui.FXGLUIFactoryServiceProvider
14:11:07.606 [FXGL Background Thread 3 ] DEBUG Engine               - class com.almasb.fxgl.ui.FXGLDialogFactoryServiceProvider
14:11:07.606 [FXGL Background Thread 3 ] DEBUG Engine               - class com.almasb.fxgl.audio.AudioPlayer
14:11:07.606 [FXGL Background Thread 3 ] DEBUG Engine               - class com.almasb.fxgl.notification.impl.NotificationServiceProvider
14:11:07.606 [FXGL Background Thread 3 ] DEBUG Engine               - class com.almasb.fxgl.achievement.AchievementService
14:11:07.606 [FXGL Background Thread 3 ] DEBUG Engine               - class com.almasb.fxgl.cutscene.CutsceneService
14:11:07.606 [FXGL Background Thread 3 ] DEBUG Engine               - class com.almasb.fxgl.minigames.MiniGameService
14:11:07.606 [FXGL Background Thread 3 ] DEBUG Engine               - class com.almasb.fxgl.net.NetService
14:11:07.606 [FXGL Background Thread 3 ] DEBUG Engine               - class com.almasb.fxgl.app.services.UpdaterService
14:11:07.606 [FXGL Background Thread 3 ] DEBUG Engine               - class com.almasb.fxgl.dev.DevService
14:11:55.920 [JavaFX Application Thread] DEBUG FXGLApplication      - Exiting FXGL
14:11:55.920 [JavaFX Application Thread] DEBUG LoopRunner           - Stopping loop
14:11:55.920 [JavaFX Application Thread] DEBUG SystemBundleService  - Saving FXGL system data
14:11:55.921 [JavaFX Application Thread] DEBUG FileSystemAccess     - Writing to: C:\Users\matip\Desktop\JavaProjects\brick-breaker\system\fxgl.bundle
14:11:55.923 [JavaFX Application Thread] DEBUG Async                - Shutting down background threads
14:11:55.923 [JavaFX Application Thread] DEBUG PrimaryStageWindow   - Closing main window
14:11:55.928 [JavaFX Application Thread] DEBUG Logger               - Closing Logger
