13:58:38.699 [main                     ] DEBUG Logger               - Configured Logger
13:58:38.718 [main                     ] DEBUG GameApplication      - Logging settings
Title: Brick Breaker
Version: 0.0
Width: 600
Height: 600
Fullscreen: false
Intro: false
Profiling: false
Single step:false
App Mode: DEVELOPER
Menu Key: ESCAPE
Stage Style: DECORATED
Scene Factory: class com.example.brickbreaker.menu.CustomSceneFactory

13:58:39.089 [JavaFX Application Thread] DEBUG FXGLApplication      - Initializing FXGL
13:58:39.093 [JavaFX Application Thread] INFO  Engine               - FXGL-17.2 (20.08.2022 16.50) on WINDOWS (J:18.0.1.1 FX:18.0.2)
13:58:39.093 [JavaFX Application Thread] DEBUG Engine               - JRE Vendor Name: Oracle Corporation
13:58:39.093 [JavaFX Application Thread] DEBUG Engine               - Running on OS: Windows 10 version 10.0
13:58:39.093 [JavaFX Application Thread] DEBUG Engine               - Architecture: amd64
13:58:39.093 [JavaFX Application Thread] INFO  Engine               - Source code and latest versions at: https://github.com/AlmasB/FXGL
13:58:39.094 [JavaFX Application Thread] INFO  Engine               -       Ask questions and discuss at: https://github.com/AlmasB/FXGL/discussions
13:58:39.094 [JavaFX Application Thread] INFO  Engine               -              Join the FXGL chat at: https://gitter.im/AlmasB/FXGL
13:58:39.168 [JavaFX Application Thread] DEBUG PrimaryStageWindow   - Creating a JavaFX scene
13:58:39.201 [JavaFX Application Thread] DEBUG PrimaryStageWindow   - Target settings size: 600.0 x 600.0
13:58:39.201 [JavaFX Application Thread] DEBUG PrimaryStageWindow   - Scaled scene size:    600.0 x 600.0
13:58:39.201 [JavaFX Application Thread] DEBUG PrimaryStageWindow   - Scaled ratio: (1.0, 1.0)
13:58:39.202 [JavaFX Application Thread] DEBUG PrimaryStageWindow   - Set initial scene to FXGLStartupScene
13:58:39.207 [JavaFX Application Thread] DEBUG PrimaryStageWindow   - Opening main window
13:58:39.257 [JavaFX Application Thread] DEBUG PrimaryStageWindow   - Window border size: (16.0, 39.0)
13:58:39.257 [JavaFX Application Thread] DEBUG PrimaryStageWindow   - Scaled size: 600.0 x 600.0
13:58:39.258 [JavaFX Application Thread] DEBUG PrimaryStageWindow   - Scaled ratio: (1.0, 1.0)
13:58:39.258 [JavaFX Application Thread] DEBUG PrimaryStageWindow   - Scene size: 600.0 x 600.0
13:58:39.258 [JavaFX Application Thread] DEBUG PrimaryStageWindow   - Stage size: 616.0 x 639.0
13:58:39.262 [FXGL Background Thread 1 ] DEBUG Engine               - Initializing environment variables
13:58:39.297 [FXGL Background Thread 1 ] DEBUG FXGLAssetLoaderServi - User app class for loading assets: class com.example.brickbreaker.BrickBreakerApp
13:58:39.297 [FXGL Background Thread 1 ] DEBUG GameApplicationServi - Applying CSS: fxgl_dark.css
13:58:39.298 [FXGL Background Thread 1 ] DEBUG FXGLAssetLoaderServi - Loading from file system: jar:file:///C:/Users/matip/.m2/repository/com/github/almasb/fxgl/17.2/fxgl-17.2.jar!/fxglassets/ui/css/fxgl_dark.css
13:58:39.324 [FXGL Background Thread 1 ] DEBUG GameApplicationServi - Initializing application scenes
13:58:39.348 [FXGL Background Thread 1 ] DEBUG GameWorld            - Game world initialized
13:58:39.382 [FXGL Background Thread 1 ] DEBUG PhysicsWorld         - Physics world initialized: appHeight=600, physics.ppm=50.0
13:58:39.382 [FXGL Background Thread 1 ] DEBUG PhysicsWorld         - Using strategy: BRUTE_FORCE
13:58:39.385 [FXGL Background Thread 1 ] DEBUG GameScene            - Game scene initialized: 600x600
13:58:39.386 [FXGL Background Thread 1 ] DEBUG FXGLAssetLoaderServi - Loading from file system: file:/C:/Users/matip/Desktop/JavaProjects/brick-breaker/target/classes/assets/textures/game-start.png
13:58:39.424 [FXGL Background Thread 1 ] WARN  FXGL.DefaultMenu     - FXGLDefaultMenu is not designed for resolutions < 800x600
13:58:39.424 [FXGL Background Thread 1 ] DEBUG FXGL.DefaultMenu     - createMenuBodyGameMenu()
13:58:39.434 [FXGL Background Thread 1 ] DEBUG FXGL.DefaultMenu     - createOptionsMenu()
13:58:39.444 [FXGL Background Thread 1 ] DEBUG FXGLAssetLoaderServi - Loading from file system: jar:file:///C:/Users/matip/.m2/repository/com/github/almasb/fxgl/17.2/fxgl-17.2.jar!/fxglassets/textures/particles/smoke.png
13:58:39.496 [FXGL Background Thread 1 ] DEBUG FXGLAssetLoaderServi - Loading from file system: jar:file:///C:/Users/matip/.m2/repository/com/github/almasb/fxgl/17.2/fxgl-17.2.jar!/fxglassets/textures/particles/trace_horizontal.png
13:58:39.506 [FXGL Background Thread 1 ] DEBUG GameApplicationServi - Application scenes initialized
13:58:39.514 [FXGL Background Thread 1 ] DEBUG SystemBundleService  - Loading FXGL system data
13:58:39.517 [FXGL Background Thread 1 ] DEBUG FileSystemAccess     - Reading from: C:\Users\matip\Desktop\JavaProjects\brick-breaker\system\fxgl.bundle
13:58:39.527 [FXGL Background Thread 1 ] DEBUG SystemBundleService  - Bundle FXGL: {}
13:58:39.527 [FXGL Background Thread 1 ] DEBUG UpdaterService       - Checking for updates
13:58:39.530 [FXGL Background Thread 4 ] DEBUG FXGLApplication      - Loading fonts
13:58:39.530 [FXGL Background Thread 4 ] DEBUG FXGLAssetLoaderServi - Loading from file system: jar:file:///C:/Users/matip/.m2/repository/com/github/almasb/fxgl/17.2/fxgl-17.2.jar!/fxglassets/ui/fonts/VarelaRound-Regular.ttf
13:58:39.532 [FXGL Background Thread 1 ] DEBUG FXGLApplication      - Loading default localization
13:58:39.532 [FXGL Background Thread 1 ] DEBUG FXGLAssetLoaderServi - Loading from file system: jar:file:///C:/Users/matip/.m2/repository/com/github/almasb/fxgl/17.2/fxgl-17.2.jar!/fxglassets/languages/english.lang
13:58:39.545 [FXGL Background Thread 1 ] INFO  FXGLApplication      - FXGL initialization took: 0.282 sec
13:58:39.551 [JavaFX Application Thread] DEBUG Input                - Registered new binding: action0 - D
13:58:39.551 [JavaFX Application Thread] DEBUG Input                - Registered new binding: action1 - A
13:58:39.552 [JavaFX Application Thread] DEBUG FXGLAssetLoaderServi - Loading from file system: jar:file:///C:/Users/matip/.m2/repository/com/github/almasb/fxgl/17.2/fxgl-17.2.jar!/fxglassets/textures/fxgl_icon.png
13:58:39.559 [JavaFX Application Thread] DEBUG FXGLAssetLoaderServi - Loading from file system: jar:file:///C:/Users/matip/.m2/repository/com/github/almasb/fxgl/17.2/fxgl-17.2.jar!/fxglassets/textures/fxgl_default_cursor.png
13:58:39.561 [JavaFX Application Thread] DEBUG Input                - Registered new binding: Screenshot - CTRL+8
13:58:39.561 [JavaFX Application Thread] DEBUG Input                - Registered new binding: System info dump - CTRL+9
13:58:39.561 [JavaFX Application Thread] DEBUG Input                - Registered new binding: Restart - CTRL+R
13:58:39.562 [FXGL Background Thread 4 ] DEBUG FXGLAssetLoaderServi - Loading from file system: jar:file:///C:/Users/matip/.m2/repository/com/github/almasb/fxgl/17.2/fxgl-17.2.jar!/fxglassets/ui/fonts/Abel-Regular.ttf
13:58:39.562 [JavaFX Application Thread] DEBUG Input                - Registered new binding: Toggle Debug Camera - CTRL+7
13:58:39.563 [JavaFX Application Thread] DEBUG LoopRunner           - Starting loop
13:58:39.563 [JavaFX Application Thread] DEBUG LoopRunner           - Initializing JavaFX AnimationTimerLoop
13:58:39.565 [FXGL Background Thread 4 ] DEBUG FXGLAssetLoaderServi - Loading from file system: jar:file:///C:/Users/matip/.m2/repository/com/github/almasb/fxgl/17.2/fxgl-17.2.jar!/fxglassets/ui/fonts/TerminalLandMono-Regular.otf
13:58:39.565 [JavaFX Application Thread] DEBUG Input                - Clearing active input actions
13:58:39.568 [FXGL Background Thread 4 ] DEBUG FXGLAssetLoaderServi - Loading from file system: jar:file:///C:/Users/matip/.m2/repository/com/github/almasb/fxgl/17.2/fxgl-17.2.jar!/fxglassets/ui/fonts/Courier-Prime.ttf
13:58:39.570 [JavaFX Application Thread] DEBUG GameApplicationServi - Removing overlay from FXGLStartupScene and adding to FXGLMainMenuDummyScene
13:58:39.570 [JavaFX Application Thread] DEBUG PrimaryStageWindow   - FXGLStartupScene -> FXGLMainMenuDummyScene
13:58:39.570 [JavaFX Application Thread] DEBUG PrimaryStageWindow   - Push state: MainMenu
13:58:39.570 [JavaFX Application Thread] DEBUG Input                - Clearing active input actions
13:58:39.570 [JavaFX Application Thread] DEBUG GameApplicationServi - Removing overlay from FXGLMainMenuDummyScene and adding to MainMenu
13:58:39.571 [JavaFX Application Thread] DEBUG PrimaryStageWindow   - FXGLMainMenuDummyScene -> MainMenu
13:58:39.572 [JavaFX Application Thread] DEBUG FXGLApplication      - Registering font factories with UI factory
13:58:40.087 [FXGL Background Thread 2 ] INFO  UpdaterService       - Your current version:  17.2
13:58:40.088 [FXGL Background Thread 2 ] INFO  UpdaterService       - Latest stable version: 17.3
13:58:40.463 [JavaFX Application Thread] DEBUG Menu                 - fireNewGame()
13:58:40.463 [JavaFX Application Thread] DEBUG GameApplicationServi - Starting new game
13:58:40.463 [JavaFX Application Thread] DEBUG PrimaryStageWindow   - Pop state: MainMenu
13:58:40.463 [JavaFX Application Thread] DEBUG Input                - Clearing active input actions
13:58:40.463 [JavaFX Application Thread] DEBUG GameApplicationServi - Removing overlay from MainMenu and adding to FXGLMainMenuDummyScene
13:58:40.464 [JavaFX Application Thread] DEBUG PrimaryStageWindow   - FXGLMainMenuDummyScene <- MainMenu
13:58:40.464 [JavaFX Application Thread] DEBUG Input                - Clearing active input actions
13:58:40.469 [JavaFX Application Thread] DEBUG GameApplicationServi - Removing overlay from FXGLMainMenuDummyScene and adding to FXGLLoadingScene
13:58:40.469 [JavaFX Application Thread] DEBUG PrimaryStageWindow   - FXGLMainMenuDummyScene -> FXGLLoadingScene
13:58:40.469 [JavaFX Application Thread] DEBUG GameApplicationServi - Clearing previous game
13:58:40.469 [JavaFX Application Thread] DEBUG GameScene            - Clearing game scene
13:58:40.469 [JavaFX Application Thread] DEBUG GameWorld            - Clearing game world
13:58:40.469 [JavaFX Application Thread] DEBUG PhysicsWorld         - Clearing physics world
13:58:40.470 [FXGL Background Thread 2 ] DEBUG FXGLApplication      - Initializing game
13:58:40.482 [FXGL Background Thread 2 ] WARN  GameWorld            - Entity is already attached to world
13:58:40.483 [FXGL Background Thread 2 ] DEBUG FXGLAssetLoaderServi - Loading from file system: file:/C:/Users/matip/Desktop/JavaProjects/brick-breaker/target/classes/assets/textures/brick.png
13:58:40.485 [FXGL Background Thread 2 ] WARN  GameWorld            - Entity is already attached to world
13:58:40.485 [FXGL Background Thread 2 ] WARN  GameWorld            - Entity is already attached to world
13:58:40.486 [FXGL Background Thread 2 ] WARN  GameWorld            - Entity is already attached to world
13:58:40.486 [FXGL Background Thread 2 ] WARN  GameWorld            - Entity is already attached to world
13:58:40.487 [FXGL Background Thread 2 ] WARN  GameWorld            - Entity is already attached to world
13:58:40.488 [FXGL Background Thread 2 ] WARN  GameWorld            - Entity is already attached to world
13:58:40.488 [FXGL Background Thread 2 ] WARN  GameWorld            - Entity is already attached to world
13:58:40.489 [FXGL Background Thread 2 ] WARN  GameWorld            - Entity is already attached to world
13:58:40.489 [FXGL Background Thread 2 ] WARN  GameWorld            - Entity is already attached to world
13:58:40.490 [FXGL Background Thread 2 ] WARN  GameWorld            - Entity is already attached to world
13:58:40.490 [FXGL Background Thread 2 ] WARN  GameWorld            - Entity is already attached to world
13:58:40.491 [FXGL Background Thread 2 ] WARN  GameWorld            - Entity is already attached to world
13:58:40.491 [FXGL Background Thread 2 ] WARN  GameWorld            - Entity is already attached to world
13:58:40.492 [FXGL Background Thread 2 ] WARN  GameWorld            - Entity is already attached to world
13:58:40.492 [FXGL Background Thread 2 ] WARN  GameWorld            - Entity is already attached to world
13:58:40.493 [FXGL Background Thread 2 ] WARN  GameWorld            - Entity is already attached to world
13:58:40.493 [FXGL Background Thread 2 ] WARN  GameWorld            - Entity is already attached to world
13:58:40.494 [FXGL Background Thread 2 ] WARN  GameWorld            - Entity is already attached to world
13:58:40.494 [FXGL Background Thread 2 ] WARN  GameWorld            - Entity is already attached to world
13:58:40.495 [FXGL Background Thread 2 ] WARN  GameWorld            - Entity is already attached to world
13:58:40.495 [FXGL Background Thread 2 ] WARN  GameWorld            - Entity is already attached to world
13:58:40.496 [FXGL Background Thread 2 ] WARN  GameWorld            - Entity is already attached to world
13:58:40.496 [FXGL Background Thread 2 ] WARN  GameWorld            - Entity is already attached to world
13:58:40.497 [FXGL Background Thread 2 ] WARN  GameWorld            - Entity is already attached to world
13:58:40.497 [FXGL Background Thread 2 ] WARN  GameWorld            - Entity is already attached to world
13:58:40.498 [FXGL Background Thread 2 ] WARN  GameWorld            - Entity is already attached to world
13:58:40.498 [FXGL Background Thread 2 ] WARN  GameWorld            - Entity is already attached to world
13:58:40.499 [FXGL Background Thread 2 ] WARN  GameWorld            - Entity is already attached to world
13:58:40.499 [FXGL Background Thread 2 ] WARN  GameWorld            - Entity is already attached to world
13:58:40.500 [FXGL Background Thread 2 ] WARN  GameWorld            - Entity is already attached to world
13:58:40.500 [FXGL Background Thread 2 ] WARN  GameWorld            - Entity is already attached to world
13:58:40.501 [FXGL Background Thread 2 ] WARN  GameWorld            - Entity is already attached to world
13:58:40.501 [FXGL Background Thread 2 ] WARN  GameWorld            - Entity is already attached to world
13:58:40.501 [FXGL Background Thread 2 ] WARN  GameWorld            - Entity is already attached to world
13:58:40.502 [FXGL Background Thread 2 ] WARN  GameWorld            - Entity is already attached to world
13:58:40.502 [FXGL Background Thread 2 ] WARN  GameWorld            - Entity is already attached to world
13:58:40.503 [FXGL Background Thread 2 ] WARN  GameWorld            - Entity is already attached to world
13:58:40.503 [FXGL Background Thread 2 ] WARN  GameWorld            - Entity is already attached to world
13:58:40.504 [FXGL Background Thread 2 ] WARN  GameWorld            - Entity is already attached to world
13:58:40.504 [FXGL Background Thread 2 ] WARN  GameWorld            - Entity is already attached to world
13:58:40.504 [FXGL Background Thread 2 ] WARN  GameWorld            - Entity is already attached to world
13:58:40.505 [FXGL Background Thread 2 ] WARN  GameWorld            - Entity is already attached to world
13:58:40.505 [FXGL Background Thread 2 ] WARN  GameWorld            - Entity is already attached to world
13:58:40.506 [FXGL Background Thread 2 ] WARN  GameWorld            - Entity is already attached to world
13:58:40.506 [FXGL Background Thread 2 ] WARN  GameWorld            - Entity is already attached to world
13:58:40.507 [FXGL Background Thread 2 ] WARN  GameWorld            - Entity is already attached to world
13:58:40.507 [FXGL Background Thread 2 ] WARN  GameWorld            - Entity is already attached to world
13:58:40.508 [FXGL Background Thread 2 ] WARN  GameWorld            - Entity is already attached to world
13:58:40.508 [FXGL Background Thread 2 ] WARN  GameWorld            - Entity is already attached to world
13:58:40.508 [FXGL Background Thread 2 ] WARN  GameWorld            - Entity is already attached to world
13:58:40.509 [FXGL Background Thread 2 ] WARN  GameWorld            - Entity is already attached to world
13:58:40.509 [FXGL Background Thread 2 ] WARN  GameWorld            - Entity is already attached to world
13:58:40.510 [FXGL Background Thread 2 ] WARN  GameWorld            - Entity is already attached to world
13:58:40.510 [FXGL Background Thread 2 ] DEBUG FXGLAssetLoaderServi - Loading from file system: file:/C:/Users/matip/Desktop/JavaProjects/brick-breaker/target/classes/assets/textures/ball.png
13:58:40.512 [FXGL Background Thread 2 ] WARN  GameWorld            - Entity is already attached to world
13:58:40.512 [FXGL Background Thread 2 ] DEBUG FXGLAssetLoaderServi - Loading from file system: file:/C:/Users/matip/Desktop/JavaProjects/brick-breaker/target/classes/assets/textures/brick-wall.png
13:58:40.541 [FXGL Background Thread 2 ] INFO  FXGLApplication      - Game initialization took: 0.071 sec
13:58:40.549 [JavaFX Application Thread] DEBUG Input                - Clearing active input actions
13:58:40.554 [JavaFX Application Thread] DEBUG GameApplicationServi - Removing overlay from FXGLLoadingScene and adding to GameScene
13:58:40.554 [JavaFX Application Thread] DEBUG PrimaryStageWindow   - FXGLLoadingScene -> GameScene
13:58:41.480 [JavaFX Application Thread] DEBUG FXGLAssetLoaderServi - Loading from file system: file:/C:/Users/matip/Desktop/JavaProjects/brick-breaker/target/classes/assets/textures/brick_damaged.png
13:58:42.534 [FXGL Background Thread 3 ] DEBUG Engine               - Logging environment variables
13:58:42.534 [FXGL Background Thread 3 ] DEBUG Engine               - achievements: []
13:58:42.534 [FXGL Background Thread 3 ] DEBUG Engine               - actualHeight: 600.0
13:58:42.534 [FXGL Background Thread 3 ] DEBUG Engine               - actualHeightProperty: ReadOnlyDoubleProperty [value: 600.0]
13:58:42.534 [FXGL Background Thread 3 ] DEBUG Engine               - actualWidth: 600.0
13:58:42.534 [FXGL Background Thread 3 ] DEBUG Engine               - actualWidthProperty: ReadOnlyDoubleProperty [value: 600.0]
13:58:42.534 [FXGL Background Thread 3 ] DEBUG Engine               - appIcon: fxgl_icon.png
13:58:42.534 [FXGL Background Thread 3 ] DEBUG Engine               - applicationMode: DEVELOPER
13:58:42.534 [FXGL Background Thread 3 ] DEBUG Engine               - cSSList: [fxgl_dark.css]
13:58:42.534 [FXGL Background Thread 3 ] DEBUG Engine               - collisionDetectionStrategy: BRUTE_FORCE
13:58:42.534 [FXGL Background Thread 3 ] DEBUG Engine               - configClass: Optional.empty
13:58:42.534 [FXGL Background Thread 3 ] DEBUG Engine               - credits: []
13:58:42.535 [FXGL Background Thread 3 ] DEBUG Engine               - defaultCursor: CursorInfo(imageName=fxgl_default_cursor.png, hotspotX=7.0, hotspotY=6.0)
13:58:42.535 [FXGL Background Thread 3 ] DEBUG Engine               - devBBoxColorProperty: ObjectProperty [value: 0xff0000ff]
13:58:42.535 [FXGL Background Thread 3 ] DEBUG Engine               - devEnableDebugCameraProperty: BooleanProperty [value: false]
13:58:42.535 [FXGL Background Thread 3 ] DEBUG Engine               - devSensorColorProperty: ObjectProperty [value: 0xffff00ff]
13:58:42.535 [FXGL Background Thread 3 ] DEBUG Engine               - devShowBBoxProperty: BooleanProperty [value: false]
13:58:42.535 [FXGL Background Thread 3 ] DEBUG Engine               - devShowPositionProperty: BooleanProperty [value: false]
13:58:42.535 [FXGL Background Thread 3 ] DEBUG Engine               - enabledMenuItems: []
13:58:42.535 [FXGL Background Thread 3 ] DEBUG Engine               - engineServices: [class com.almasb.fxgl.app.services.FXGLAssetLoaderService, class com.almasb.fxgl.app.FXGLApplication$GameApplicationService, class com.almasb.fxgl.app.services.FXGLDialogService, class com.almasb.fxgl.app.services.IOTaskExecutorService, class com.almasb.fxgl.io.FileSystemService, class com.almasb.fxgl.localization.LocalizationService, class com.almasb.fxgl.app.services.SystemBundleService, class com.almasb.fxgl.profile.SaveLoadService, class com.almasb.fxgl.ui.FXGLUIFactoryServiceProvider, class com.almasb.fxgl.ui.FXGLDialogFactoryServiceProvider, class com.almasb.fxgl.audio.AudioPlayer, class com.almasb.fxgl.notification.impl.NotificationServiceProvider, class com.almasb.fxgl.achievement.AchievementService, class com.almasb.fxgl.cutscene.CutsceneService, class com.almasb.fxgl.minigames.MiniGameService, class com.almasb.fxgl.net.NetService, class com.almasb.fxgl.app.services.UpdaterService, class com.almasb.fxgl.dev.DevService]
13:58:42.535 [FXGL Background Thread 3 ] DEBUG Engine               - fontGame: Abel-Regular.ttf
13:58:42.535 [FXGL Background Thread 3 ] DEBUG Engine               - fontMono: TerminalLandMono-Regular.otf
13:58:42.535 [FXGL Background Thread 3 ] DEBUG Engine               - fontText: Courier-Prime.ttf
13:58:42.535 [FXGL Background Thread 3 ] DEBUG Engine               - fontUI: VarelaRound-Regular.ttf
13:58:42.535 [FXGL Background Thread 3 ] DEBUG Engine               - fullScreen: BooleanProperty [value: false]
13:58:42.535 [FXGL Background Thread 3 ] DEBUG Engine               - gameDifficulty: MEDIUM
13:58:42.535 [FXGL Background Thread 3 ] DEBUG Engine               - gameDifficultyProperty: ObjectProperty [value: MEDIUM]
13:58:42.535 [FXGL Background Thread 3 ] DEBUG Engine               - globalMusicVolume: 0.5
13:58:42.535 [FXGL Background Thread 3 ] DEBUG Engine               - globalMusicVolumeProperty: DoubleProperty [value: 0.5]
13:58:42.535 [FXGL Background Thread 3 ] DEBUG Engine               - globalSoundVolume: 0.5
13:58:42.535 [FXGL Background Thread 3 ] DEBUG Engine               - globalSoundVolumeProperty: DoubleProperty [value: 0.5]
13:58:42.535 [FXGL Background Thread 3 ] DEBUG Engine               - height: 600
13:58:42.535 [FXGL Background Thread 3 ] DEBUG Engine               - is3D: false
13:58:42.535 [FXGL Background Thread 3 ] DEBUG Engine               - isAndroid: false
13:58:42.536 [FXGL Background Thread 3 ] DEBUG Engine               - isBrowser: false
13:58:42.536 [FXGL Background Thread 3 ] DEBUG Engine               - isClickFeedbackEnabled: false
13:58:42.536 [FXGL Background Thread 3 ] DEBUG Engine               - isCloseConfirmation: false
13:58:42.536 [FXGL Background Thread 3 ] DEBUG Engine               - isDesktop: true
13:58:42.536 [FXGL Background Thread 3 ] DEBUG Engine               - isDeveloperMenuEnabled: false
13:58:42.536 [FXGL Background Thread 3 ] DEBUG Engine               - isEmbedded: false
13:58:42.536 [FXGL Background Thread 3 ] DEBUG Engine               - isEntityPreloadEnabled: true
13:58:42.536 [FXGL Background Thread 3 ] DEBUG Engine               - isExperimentalTiledLargeMap: false
13:58:42.536 [FXGL Background Thread 3 ] DEBUG Engine               - isFileSystemWriteAllowed: true
13:58:42.536 [FXGL Background Thread 3 ] DEBUG Engine               - isFullScreenAllowed: false
13:58:42.536 [FXGL Background Thread 3 ] DEBUG Engine               - isFullScreenFromStart: false
13:58:42.536 [FXGL Background Thread 3 ] DEBUG Engine               - isGameMenuEnabled: true
13:58:42.536 [FXGL Background Thread 3 ] DEBUG Engine               - isIOS: false
13:58:42.536 [FXGL Background Thread 3 ] DEBUG Engine               - isIntroEnabled: false
13:58:42.536 [FXGL Background Thread 3 ] DEBUG Engine               - isLinux: false
13:58:42.536 [FXGL Background Thread 3 ] DEBUG Engine               - isMac: false
13:58:42.536 [FXGL Background Thread 3 ] DEBUG Engine               - isMainMenuEnabled: true
13:58:42.536 [FXGL Background Thread 3 ] DEBUG Engine               - isManualResizeEnabled: false
13:58:42.536 [FXGL Background Thread 3 ] DEBUG Engine               - isMobile: false
13:58:42.536 [FXGL Background Thread 3 ] DEBUG Engine               - isNative: false
13:58:42.536 [FXGL Background Thread 3 ] DEBUG Engine               - isPauseMusicWhenMinimized: true
13:58:42.536 [FXGL Background Thread 3 ] DEBUG Engine               - isPreserveResizeRatio: false
13:58:42.536 [FXGL Background Thread 3 ] DEBUG Engine               - isProfilingEnabled: false
13:58:42.536 [FXGL Background Thread 3 ] DEBUG Engine               - isScaleAffectedOnResize: true
13:58:42.536 [FXGL Background Thread 3 ] DEBUG Engine               - isSingleStep: false
13:58:42.536 [FXGL Background Thread 3 ] DEBUG Engine               - isUserProfileEnabled: false
13:58:42.536 [FXGL Background Thread 3 ] DEBUG Engine               - isWindows: true
13:58:42.536 [FXGL Background Thread 3 ] DEBUG Engine               - language: ObjectProperty [value: ENGLISH]
13:58:42.536 [FXGL Background Thread 3 ] DEBUG Engine               - menuKey: ESCAPE
13:58:42.536 [FXGL Background Thread 3 ] DEBUG Engine               - mouseSensitivity: 0.2
13:58:42.537 [FXGL Background Thread 3 ] DEBUG Engine               - notificationViewClass: class com.almasb.fxgl.notification.view.XboxNotificationView
13:58:42.537 [FXGL Background Thread 3 ] DEBUG Engine               - pixelsPerMeter: 50.0
13:58:42.537 [FXGL Background Thread 3 ] DEBUG Engine               - platform: WINDOWS
13:58:42.537 [FXGL Background Thread 3 ] DEBUG Engine               - prefHeightProperty: ReadOnlyDoubleProperty [value: 600.0]
13:58:42.537 [FXGL Background Thread 3 ] DEBUG Engine               - prefWidthProperty: ReadOnlyDoubleProperty [value: 600.0]
13:58:42.537 [FXGL Background Thread 3 ] DEBUG Engine               - profileDir: profiles/
13:58:42.537 [FXGL Background Thread 3 ] DEBUG Engine               - profileName: StringProperty [value: DEFAULT]
13:58:42.537 [FXGL Background Thread 3 ] DEBUG Engine               - randomSeed: -1
13:58:42.537 [FXGL Background Thread 3 ] DEBUG Engine               - runtimeInfo: RuntimeInfo(platform=WINDOWS, version=17.2, build=20.08.2022 16.50)
13:58:42.537 [FXGL Background Thread 3 ] DEBUG Engine               - saveFileExt: sav
13:58:42.537 [FXGL Background Thread 3 ] DEBUG Engine               - scaledHeightProp$fxgl: DoubleProperty [bound, value: 600.0]
13:58:42.537 [FXGL Background Thread 3 ] DEBUG Engine               - scaledWidthProp$fxgl: DoubleProperty [bound, value: 600.0]
13:58:42.537 [FXGL Background Thread 3 ] DEBUG Engine               - sceneFactory: com.example.brickbreaker.menu.CustomSceneFactory@1e5a85f2
13:58:42.537 [FXGL Background Thread 3 ] DEBUG Engine               - secondsIn24h: 60
13:58:42.537 [FXGL Background Thread 3 ] DEBUG Engine               - soundMenuBack: menu/back.wav
13:58:42.537 [FXGL Background Thread 3 ] DEBUG Engine               - soundMenuPress: menu/press.wav
13:58:42.537 [FXGL Background Thread 3 ] DEBUG Engine               - soundMenuSelect: menu/select.wav
13:58:42.537 [FXGL Background Thread 3 ] DEBUG Engine               - soundNotification: core/notification.wav
13:58:42.537 [FXGL Background Thread 3 ] DEBUG Engine               - stageStyle: DECORATED
13:58:42.537 [FXGL Background Thread 3 ] DEBUG Engine               - supportedLanguages: [ENGLISH, FRENCH, GERMAN, HUNGARIAN, RUSSIAN]
13:58:42.537 [FXGL Background Thread 3 ] DEBUG Engine               - ticksPerSecond: -1
13:58:42.537 [FXGL Background Thread 3 ] DEBUG Engine               - title: Brick Breaker
13:58:42.538 [FXGL Background Thread 3 ] DEBUG Engine               - urlGithub: https://github.com/AlmasB/FXGL
13:58:42.538 [FXGL Background Thread 3 ] DEBUG Engine               - urlLeaderboard: http://fxgl-top.herokuapp.com/
13:58:42.538 [FXGL Background Thread 3 ] DEBUG Engine               - urlPOM: https://raw.githubusercontent.com/AlmasB/FXGL/release/README.md
13:58:42.538 [FXGL Background Thread 3 ] DEBUG Engine               - userAppClass: class com.example.brickbreaker.BrickBreakerApp
13:58:42.538 [FXGL Background Thread 3 ] DEBUG Engine               - version: 0.0
13:58:42.538 [FXGL Background Thread 3 ] DEBUG Engine               - versionCheckDays: 7
13:58:42.538 [FXGL Background Thread 3 ] DEBUG Engine               - width: 600
13:58:42.538 [FXGL Background Thread 3 ] DEBUG Engine               - Logging services
13:58:42.538 [FXGL Background Thread 3 ] DEBUG Engine               - class com.almasb.fxgl.app.services.FXGLAssetLoaderService
13:58:42.538 [FXGL Background Thread 3 ] DEBUG Engine               - class com.almasb.fxgl.app.FXGLApplication$GameApplicationService
13:58:42.538 [FXGL Background Thread 3 ] DEBUG Engine               - class com.almasb.fxgl.app.services.FXGLDialogService
13:58:42.538 [FXGL Background Thread 3 ] DEBUG Engine               - class com.almasb.fxgl.app.services.IOTaskExecutorService
13:58:42.538 [FXGL Background Thread 3 ] DEBUG Engine               - class com.almasb.fxgl.io.FileSystemService
13:58:42.538 [FXGL Background Thread 3 ] DEBUG Engine               - class com.almasb.fxgl.localization.LocalizationService
13:58:42.538 [FXGL Background Thread 3 ] DEBUG Engine               - class com.almasb.fxgl.app.services.SystemBundleService
13:58:42.538 [FXGL Background Thread 3 ] DEBUG Engine               - class com.almasb.fxgl.profile.SaveLoadService
13:58:42.538 [FXGL Background Thread 3 ] DEBUG Engine               - class com.almasb.fxgl.ui.FXGLUIFactoryServiceProvider
13:58:42.538 [FXGL Background Thread 3 ] DEBUG Engine               - class com.almasb.fxgl.ui.FXGLDialogFactoryServiceProvider
13:58:42.538 [FXGL Background Thread 3 ] DEBUG Engine               - class com.almasb.fxgl.audio.AudioPlayer
13:58:42.538 [FXGL Background Thread 3 ] DEBUG Engine               - class com.almasb.fxgl.notification.impl.NotificationServiceProvider
13:58:42.538 [FXGL Background Thread 3 ] DEBUG Engine               - class com.almasb.fxgl.achievement.AchievementService
13:58:42.538 [FXGL Background Thread 3 ] DEBUG Engine               - class com.almasb.fxgl.cutscene.CutsceneService
13:58:42.538 [FXGL Background Thread 3 ] DEBUG Engine               - class com.almasb.fxgl.minigames.MiniGameService
13:58:42.538 [FXGL Background Thread 3 ] DEBUG Engine               - class com.almasb.fxgl.net.NetService
13:58:42.538 [FXGL Background Thread 3 ] DEBUG Engine               - class com.almasb.fxgl.app.services.UpdaterService
13:58:42.538 [FXGL Background Thread 3 ] DEBUG Engine               - class com.almasb.fxgl.dev.DevService
13:58:49.674 [JavaFX Application Thread] DEBUG FXGLAssetLoaderServi - Loading from file system: file:/C:/Users/matip/Desktop/JavaProjects/brick-breaker/target/classes/assets/textures/brick_destroyed.png
13:58:59.555 [JavaFX Application Thread] DEBUG FXGLApplication      - Exiting FXGL
13:58:59.555 [JavaFX Application Thread] DEBUG LoopRunner           - Stopping loop
13:58:59.555 [JavaFX Application Thread] DEBUG SystemBundleService  - Saving FXGL system data
13:58:59.556 [JavaFX Application Thread] DEBUG FileSystemAccess     - Writing to: C:\Users\matip\Desktop\JavaProjects\brick-breaker\system\fxgl.bundle
13:58:59.557 [JavaFX Application Thread] DEBUG Async                - Shutting down background threads
13:58:59.557 [JavaFX Application Thread] DEBUG PrimaryStageWindow   - Closing main window
13:58:59.564 [JavaFX Application Thread] DEBUG Logger               - Closing Logger
