23:16:41.433 [main                     ] DEBUG Logger               - Configured Logger
23:16:41.450 [main                     ] DEBUG GameApplication      - Logging settings
Title: Brick Breaker
Version: 0.0
Width: 600
Height: 600
Fullscreen: false
Intro: false
Profiling: false
Single step:false
App Mode: DEVELOPER
Menu Key: ESCAPE
Stage Style: DECORATED
Scene Factory: class com.almasb.fxgl.app.scene.SceneFactory

23:16:41.780 [JavaFX Application Thread] DEBUG FXGLApplication      - Initializing FXGL
23:16:41.783 [JavaFX Application Thread] INFO  Engine               - FXGL-17.2 (20.08.2022 16.50) on WINDOWS (J:18.0.1.1 FX:18.0.2)
23:16:41.783 [JavaFX Application Thread] DEBUG Engine               - JRE Vendor Name: Oracle Corporation
23:16:41.784 [JavaFX Application Thread] DEBUG Engine               - Running on OS: Windows 10 version 10.0
23:16:41.784 [JavaFX Application Thread] DEBUG Engine               - Architecture: amd64
23:16:41.784 [JavaFX Application Thread] INFO  Engine               - Source code and latest versions at: https://github.com/AlmasB/FXGL
23:16:41.784 [JavaFX Application Thread] INFO  Engine               -       Ask questions and discuss at: https://github.com/AlmasB/FXGL/discussions
23:16:41.784 [JavaFX Application Thread] INFO  Engine               -              Join the FXGL chat at: https://gitter.im/AlmasB/FXGL
23:16:41.834 [JavaFX Application Thread] DEBUG PrimaryStageWindow   - Creating a JavaFX scene
23:16:41.859 [JavaFX Application Thread] DEBUG PrimaryStageWindow   - Target settings size: 600.0 x 600.0
23:16:41.859 [JavaFX Application Thread] DEBUG PrimaryStageWindow   - Scaled scene size:    600.0 x 600.0
23:16:41.859 [JavaFX Application Thread] DEBUG PrimaryStageWindow   - Scaled ratio: (1.0, 1.0)
23:16:41.859 [JavaFX Application Thread] DEBUG PrimaryStageWindow   - Set initial scene to FXGLStartupScene
23:16:41.863 [JavaFX Application Thread] DEBUG PrimaryStageWindow   - Opening main window
23:16:41.904 [JavaFX Application Thread] DEBUG PrimaryStageWindow   - Window border size: (16.0, 39.0)
23:16:41.904 [JavaFX Application Thread] DEBUG PrimaryStageWindow   - Scaled size: 600.0 x 600.0
23:16:41.904 [JavaFX Application Thread] DEBUG PrimaryStageWindow   - Scaled ratio: (1.0, 1.0)
23:16:41.905 [JavaFX Application Thread] DEBUG PrimaryStageWindow   - Scene size: 600.0 x 600.0
23:16:41.905 [JavaFX Application Thread] DEBUG PrimaryStageWindow   - Stage size: 616.0 x 639.0
23:16:41.909 [FXGL Background Thread 1 ] DEBUG Engine               - Initializing environment variables
23:16:41.934 [FXGL Background Thread 1 ] DEBUG FXGLAssetLoaderServi - User app class for loading assets: class com.example.brickbreaker.BrickBreakerApp
23:16:41.934 [FXGL Background Thread 1 ] DEBUG GameApplicationServi - Applying CSS: fxgl_dark.css
23:16:41.935 [FXGL Background Thread 1 ] DEBUG FXGLAssetLoaderServi - Loading from file system: jar:file:///C:/Users/matip/.m2/repository/com/github/almasb/fxgl/17.2/fxgl-17.2.jar!/fxglassets/ui/css/fxgl_dark.css
23:16:41.958 [FXGL Background Thread 1 ] DEBUG GameApplicationServi - Initializing application scenes
23:16:41.975 [FXGL Background Thread 1 ] DEBUG GameWorld            - Game world initialized
23:16:42.002 [FXGL Background Thread 1 ] DEBUG PhysicsWorld         - Physics world initialized: appHeight=600, physics.ppm=50.0
23:16:42.002 [FXGL Background Thread 1 ] DEBUG PhysicsWorld         - Using strategy: BRUTE_FORCE
23:16:42.004 [FXGL Background Thread 1 ] DEBUG GameScene            - Game scene initialized: 600x600
23:16:42.012 [FXGL Background Thread 1 ] WARN  FXGL.DefaultMenu     - FXGLDefaultMenu is not designed for resolutions < 800x600
23:16:42.012 [FXGL Background Thread 1 ] DEBUG FXGL.DefaultMenu     - createMenuBodyGameMenu()
23:16:42.020 [FXGL Background Thread 1 ] DEBUG FXGL.DefaultMenu     - createOptionsMenu()
23:16:42.025 [FXGL Background Thread 1 ] DEBUG FXGLAssetLoaderServi - Loading from file system: jar:file:///C:/Users/matip/.m2/repository/com/github/almasb/fxgl/17.2/fxgl-17.2.jar!/fxglassets/textures/particles/smoke.png
23:16:42.080 [FXGL Background Thread 1 ] DEBUG FXGLAssetLoaderServi - Loading from file system: jar:file:///C:/Users/matip/.m2/repository/com/github/almasb/fxgl/17.2/fxgl-17.2.jar!/fxglassets/textures/particles/trace_horizontal.png
23:16:42.094 [FXGL Background Thread 1 ] DEBUG GameApplicationServi - Application scenes initialized
23:16:42.102 [FXGL Background Thread 1 ] DEBUG SystemBundleService  - Loading FXGL system data
23:16:42.105 [FXGL Background Thread 1 ] DEBUG FileSystemAccess     - Reading from: C:\Users\matip\Desktop\JavaProjects\brick-breaker\system\fxgl.bundle
23:16:42.108 [FXGL Background Thread 1 ] DEBUG SystemBundleService  - Bundle FXGL: {}
23:16:42.108 [FXGL Background Thread 1 ] DEBUG UpdaterService       - Checking for updates
23:16:42.110 [FXGL Background Thread 4 ] DEBUG FXGLApplication      - Loading fonts
23:16:42.110 [FXGL Background Thread 1 ] DEBUG FXGLApplication      - Loading default localization
23:16:42.111 [FXGL Background Thread 4 ] DEBUG FXGLAssetLoaderServi - Loading from file system: jar:file:///C:/Users/matip/.m2/repository/com/github/almasb/fxgl/17.2/fxgl-17.2.jar!/fxglassets/ui/fonts/VarelaRound-Regular.ttf
23:16:42.111 [FXGL Background Thread 1 ] DEBUG FXGLAssetLoaderServi - Loading from file system: jar:file:///C:/Users/matip/.m2/repository/com/github/almasb/fxgl/17.2/fxgl-17.2.jar!/fxglassets/languages/english.lang
23:16:42.121 [FXGL Background Thread 1 ] INFO  FXGLApplication      - FXGL initialization took: 0.212 sec
23:16:42.126 [JavaFX Application Thread] DEBUG Input                - Registered new binding: action0 - D
23:16:42.126 [JavaFX Application Thread] DEBUG Input                - Registered new binding: action1 - A
23:16:42.127 [JavaFX Application Thread] DEBUG Input                - Registered new binding: action2 - Enter
23:16:42.127 [JavaFX Application Thread] DEBUG FXGLAssetLoaderServi - Loading from file system: jar:file:///C:/Users/matip/.m2/repository/com/github/almasb/fxgl/17.2/fxgl-17.2.jar!/fxglassets/textures/fxgl_icon.png
23:16:42.136 [FXGL Background Thread 4 ] DEBUG FXGLAssetLoaderServi - Loading from file system: jar:file:///C:/Users/matip/.m2/repository/com/github/almasb/fxgl/17.2/fxgl-17.2.jar!/fxglassets/ui/fonts/Abel-Regular.ttf
23:16:42.138 [FXGL Background Thread 4 ] DEBUG FXGLAssetLoaderServi - Loading from file system: jar:file:///C:/Users/matip/.m2/repository/com/github/almasb/fxgl/17.2/fxgl-17.2.jar!/fxglassets/ui/fonts/TerminalLandMono-Regular.otf
23:16:42.140 [JavaFX Application Thread] DEBUG FXGLAssetLoaderServi - Loading from file system: jar:file:///C:/Users/matip/.m2/repository/com/github/almasb/fxgl/17.2/fxgl-17.2.jar!/fxglassets/textures/fxgl_default_cursor.png
23:16:42.140 [FXGL Background Thread 4 ] DEBUG FXGLAssetLoaderServi - Loading from file system: jar:file:///C:/Users/matip/.m2/repository/com/github/almasb/fxgl/17.2/fxgl-17.2.jar!/fxglassets/ui/fonts/Courier-Prime.ttf
23:16:42.141 [JavaFX Application Thread] DEBUG Input                - Registered new binding: Screenshot - CTRL+8
23:16:42.142 [JavaFX Application Thread] DEBUG Input                - Registered new binding: System info dump - CTRL+9
23:16:42.142 [JavaFX Application Thread] DEBUG Input                - Registered new binding: Restart - CTRL+R
23:16:42.142 [JavaFX Application Thread] DEBUG Input                - Registered new binding: Toggle Debug Camera - CTRL+7
23:16:42.144 [JavaFX Application Thread] DEBUG LoopRunner           - Starting loop
23:16:42.144 [JavaFX Application Thread] DEBUG LoopRunner           - Initializing JavaFX AnimationTimerLoop
23:16:42.145 [JavaFX Application Thread] DEBUG GameApplicationServi - Starting new game
23:16:42.145 [JavaFX Application Thread] DEBUG Input                - Clearing active input actions
23:16:42.151 [JavaFX Application Thread] DEBUG GameApplicationServi - Removing overlay from FXGLStartupScene and adding to FXGLLoadingScene
23:16:42.151 [JavaFX Application Thread] DEBUG PrimaryStageWindow   - FXGLStartupScene -> FXGLLoadingScene
23:16:42.151 [JavaFX Application Thread] DEBUG GameApplicationServi - Clearing previous game
23:16:42.151 [JavaFX Application Thread] DEBUG GameScene            - Clearing game scene
23:16:42.151 [JavaFX Application Thread] DEBUG GameWorld            - Clearing game world
23:16:42.151 [JavaFX Application Thread] DEBUG PhysicsWorld         - Clearing physics world
23:16:42.152 [FXGL Background Thread 4 ] DEBUG FXGLApplication      - Initializing game
23:16:42.153 [JavaFX Application Thread] DEBUG FXGLApplication      - Registering font factories with UI factory
23:16:42.163 [FXGL Background Thread 4 ] WARN  GameWorld            - Entity is already attached to world
23:16:42.164 [FXGL Background Thread 4 ] WARN  GameWorld            - Entity is already attached to world
23:16:42.165 [FXGL Background Thread 4 ] WARN  GameWorld            - Entity is already attached to world
23:16:42.165 [FXGL Background Thread 4 ] WARN  GameWorld            - Entity is already attached to world
23:16:42.166 [FXGL Background Thread 4 ] WARN  GameWorld            - Entity is already attached to world
23:16:42.166 [FXGL Background Thread 4 ] WARN  GameWorld            - Entity is already attached to world
23:16:42.166 [FXGL Background Thread 4 ] WARN  GameWorld            - Entity is already attached to world
23:16:42.167 [FXGL Background Thread 4 ] WARN  GameWorld            - Entity is already attached to world
23:16:42.167 [FXGL Background Thread 4 ] WARN  GameWorld            - Entity is already attached to world
23:16:42.168 [FXGL Background Thread 4 ] WARN  GameWorld            - Entity is already attached to world
23:16:42.168 [FXGL Background Thread 4 ] WARN  GameWorld            - Entity is already attached to world
23:16:42.169 [FXGL Background Thread 4 ] WARN  GameWorld            - Entity is already attached to world
23:16:42.169 [FXGL Background Thread 4 ] WARN  GameWorld            - Entity is already attached to world
23:16:42.169 [FXGL Background Thread 4 ] WARN  GameWorld            - Entity is already attached to world
23:16:42.170 [FXGL Background Thread 4 ] WARN  GameWorld            - Entity is already attached to world
23:16:42.170 [FXGL Background Thread 4 ] WARN  GameWorld            - Entity is already attached to world
23:16:42.171 [FXGL Background Thread 4 ] WARN  GameWorld            - Entity is already attached to world
23:16:42.171 [FXGL Background Thread 4 ] WARN  GameWorld            - Entity is already attached to world
23:16:42.172 [FXGL Background Thread 4 ] WARN  GameWorld            - Entity is already attached to world
23:16:42.172 [FXGL Background Thread 4 ] WARN  GameWorld            - Entity is already attached to world
23:16:42.172 [FXGL Background Thread 4 ] WARN  GameWorld            - Entity is already attached to world
23:16:42.173 [FXGL Background Thread 4 ] WARN  GameWorld            - Entity is already attached to world
23:16:42.173 [FXGL Background Thread 4 ] WARN  GameWorld            - Entity is already attached to world
23:16:42.174 [FXGL Background Thread 4 ] WARN  GameWorld            - Entity is already attached to world
23:16:42.174 [FXGL Background Thread 4 ] WARN  GameWorld            - Entity is already attached to world
23:16:42.174 [FXGL Background Thread 4 ] WARN  GameWorld            - Entity is already attached to world
23:16:42.175 [FXGL Background Thread 4 ] WARN  GameWorld            - Entity is already attached to world
23:16:42.175 [FXGL Background Thread 4 ] WARN  GameWorld            - Entity is already attached to world
23:16:42.175 [FXGL Background Thread 4 ] WARN  GameWorld            - Entity is already attached to world
23:16:42.176 [FXGL Background Thread 4 ] WARN  GameWorld            - Entity is already attached to world
23:16:42.176 [FXGL Background Thread 4 ] WARN  GameWorld            - Entity is already attached to world
23:16:42.177 [FXGL Background Thread 4 ] WARN  GameWorld            - Entity is already attached to world
23:16:42.177 [FXGL Background Thread 4 ] WARN  GameWorld            - Entity is already attached to world
23:16:42.178 [FXGL Background Thread 4 ] WARN  GameWorld            - Entity is already attached to world
23:16:42.178 [FXGL Background Thread 4 ] WARN  GameWorld            - Entity is already attached to world
23:16:42.179 [FXGL Background Thread 4 ] WARN  GameWorld            - Entity is already attached to world
23:16:42.179 [FXGL Background Thread 4 ] WARN  GameWorld            - Entity is already attached to world
23:16:42.180 [FXGL Background Thread 4 ] WARN  GameWorld            - Entity is already attached to world
23:16:42.180 [FXGL Background Thread 4 ] WARN  GameWorld            - Entity is already attached to world
23:16:42.181 [FXGL Background Thread 4 ] WARN  GameWorld            - Entity is already attached to world
23:16:42.181 [FXGL Background Thread 4 ] WARN  GameWorld            - Entity is already attached to world
23:16:42.181 [FXGL Background Thread 4 ] WARN  GameWorld            - Entity is already attached to world
23:16:42.182 [FXGL Background Thread 4 ] WARN  GameWorld            - Entity is already attached to world
23:16:42.182 [FXGL Background Thread 4 ] WARN  GameWorld            - Entity is already attached to world
23:16:42.182 [FXGL Background Thread 4 ] WARN  GameWorld            - Entity is already attached to world
23:16:42.183 [FXGL Background Thread 4 ] WARN  GameWorld            - Entity is already attached to world
23:16:42.183 [FXGL Background Thread 4 ] WARN  GameWorld            - Entity is already attached to world
23:16:42.184 [FXGL Background Thread 4 ] WARN  GameWorld            - Entity is already attached to world
23:16:42.184 [FXGL Background Thread 4 ] WARN  GameWorld            - Entity is already attached to world
23:16:42.184 [FXGL Background Thread 4 ] WARN  GameWorld            - Entity is already attached to world
23:16:42.184 [FXGL Background Thread 4 ] WARN  GameWorld            - Entity is already attached to world
23:16:42.185 [FXGL Background Thread 4 ] WARN  GameWorld            - Entity is already attached to world
23:16:42.185 [FXGL Background Thread 4 ] WARN  GameWorld            - Entity is already attached to world
23:16:42.185 [FXGL Background Thread 4 ] WARN  GameWorld            - Entity is already attached to world
23:16:42.186 [FXGL Background Thread 4 ] WARN  GameWorld            - Entity is already attached to world
23:16:42.186 [FXGL Background Thread 4 ] WARN  GameWorld            - Entity is already attached to world
23:16:42.186 [FXGL Background Thread 4 ] WARN  GameWorld            - Entity is already attached to world
23:16:42.187 [FXGL Background Thread 4 ] WARN  GameWorld            - Entity is already attached to world
23:16:42.187 [FXGL Background Thread 4 ] WARN  GameWorld            - Entity is already attached to world
23:16:42.187 [FXGL Background Thread 4 ] WARN  GameWorld            - Entity is already attached to world
23:16:42.188 [FXGL Background Thread 4 ] WARN  GameWorld            - Entity is already attached to world
23:16:42.188 [FXGL Background Thread 4 ] WARN  GameWorld            - Entity is already attached to world
23:16:42.188 [FXGL Background Thread 4 ] WARN  GameWorld            - Entity is already attached to world
23:16:42.189 [FXGL Background Thread 4 ] WARN  GameWorld            - Entity is already attached to world
23:16:42.189 [FXGL Background Thread 4 ] WARN  GameWorld            - Entity is already attached to world
23:16:42.189 [FXGL Background Thread 4 ] WARN  GameWorld            - Entity is already attached to world
23:16:42.190 [FXGL Background Thread 4 ] WARN  GameWorld            - Entity is already attached to world
23:16:42.192 [FXGL Background Thread 4 ] INFO  FXGLApplication      - Game initialization took: 0.039 sec
23:16:42.219 [JavaFX Application Thread] DEBUG Input                - Clearing active input actions
23:16:42.224 [JavaFX Application Thread] DEBUG GameApplicationServi - Removing overlay from FXGLLoadingScene and adding to GameScene
23:16:42.224 [JavaFX Application Thread] DEBUG PrimaryStageWindow   - FXGLLoadingScene -> GameScene
23:16:42.389 [FXGL Background Thread 2 ] INFO  UpdaterService       - Your current version:  17.2
23:16:42.390 [FXGL Background Thread 2 ] INFO  UpdaterService       - Latest stable version: 17.3
23:16:45.112 [FXGL Background Thread 3 ] DEBUG Engine               - Logging environment variables
23:16:45.112 [FXGL Background Thread 3 ] DEBUG Engine               - achievements: []
23:16:45.112 [FXGL Background Thread 3 ] DEBUG Engine               - actualHeight: 600.0
23:16:45.112 [FXGL Background Thread 3 ] DEBUG Engine               - actualHeightProperty: ReadOnlyDoubleProperty [value: 600.0]
23:16:45.112 [FXGL Background Thread 3 ] DEBUG Engine               - actualWidth: 600.0
23:16:45.112 [FXGL Background Thread 3 ] DEBUG Engine               - actualWidthProperty: ReadOnlyDoubleProperty [value: 600.0]
23:16:45.113 [FXGL Background Thread 3 ] DEBUG Engine               - appIcon: fxgl_icon.png
23:16:45.113 [FXGL Background Thread 3 ] DEBUG Engine               - applicationMode: DEVELOPER
23:16:45.113 [FXGL Background Thread 3 ] DEBUG Engine               - cSSList: [fxgl_dark.css]
23:16:45.113 [FXGL Background Thread 3 ] DEBUG Engine               - collisionDetectionStrategy: BRUTE_FORCE
23:16:45.113 [FXGL Background Thread 3 ] DEBUG Engine               - configClass: Optional.empty
23:16:45.113 [FXGL Background Thread 3 ] DEBUG Engine               - credits: []
23:16:45.113 [FXGL Background Thread 3 ] DEBUG Engine               - defaultCursor: CursorInfo(imageName=fxgl_default_cursor.png, hotspotX=7.0, hotspotY=6.0)
23:16:45.113 [FXGL Background Thread 3 ] DEBUG Engine               - devBBoxColorProperty: ObjectProperty [value: 0xff0000ff]
23:16:45.113 [FXGL Background Thread 3 ] DEBUG Engine               - devEnableDebugCameraProperty: BooleanProperty [value: false]
23:16:45.113 [FXGL Background Thread 3 ] DEBUG Engine               - devSensorColorProperty: ObjectProperty [value: 0xffff00ff]
23:16:45.113 [FXGL Background Thread 3 ] DEBUG Engine               - devShowBBoxProperty: BooleanProperty [value: false]
23:16:45.113 [FXGL Background Thread 3 ] DEBUG Engine               - devShowPositionProperty: BooleanProperty [value: false]
23:16:45.114 [FXGL Background Thread 3 ] DEBUG Engine               - enabledMenuItems: []
23:16:45.114 [FXGL Background Thread 3 ] DEBUG Engine               - engineServices: [class com.almasb.fxgl.app.services.FXGLAssetLoaderService, class com.almasb.fxgl.app.FXGLApplication$GameApplicationService, class com.almasb.fxgl.app.services.FXGLDialogService, class com.almasb.fxgl.app.services.IOTaskExecutorService, class com.almasb.fxgl.io.FileSystemService, class com.almasb.fxgl.localization.LocalizationService, class com.almasb.fxgl.app.services.SystemBundleService, class com.almasb.fxgl.profile.SaveLoadService, class com.almasb.fxgl.ui.FXGLUIFactoryServiceProvider, class com.almasb.fxgl.ui.FXGLDialogFactoryServiceProvider, class com.almasb.fxgl.audio.AudioPlayer, class com.almasb.fxgl.notification.impl.NotificationServiceProvider, class com.almasb.fxgl.achievement.AchievementService, class com.almasb.fxgl.cutscene.CutsceneService, class com.almasb.fxgl.minigames.MiniGameService, class com.almasb.fxgl.net.NetService, class com.almasb.fxgl.app.services.UpdaterService, class com.almasb.fxgl.dev.DevService]
23:16:45.114 [FXGL Background Thread 3 ] DEBUG Engine               - fontGame: Abel-Regular.ttf
23:16:45.114 [FXGL Background Thread 3 ] DEBUG Engine               - fontMono: TerminalLandMono-Regular.otf
23:16:45.114 [FXGL Background Thread 3 ] DEBUG Engine               - fontText: Courier-Prime.ttf
23:16:45.114 [FXGL Background Thread 3 ] DEBUG Engine               - fontUI: VarelaRound-Regular.ttf
23:16:45.114 [FXGL Background Thread 3 ] DEBUG Engine               - fullScreen: BooleanProperty [value: false]
23:16:45.114 [FXGL Background Thread 3 ] DEBUG Engine               - gameDifficulty: MEDIUM
23:16:45.114 [FXGL Background Thread 3 ] DEBUG Engine               - gameDifficultyProperty: ObjectProperty [value: MEDIUM]
23:16:45.114 [FXGL Background Thread 3 ] DEBUG Engine               - globalMusicVolume: 0.5
23:16:45.114 [FXGL Background Thread 3 ] DEBUG Engine               - globalMusicVolumeProperty: DoubleProperty [value: 0.5]
23:16:45.114 [FXGL Background Thread 3 ] DEBUG Engine               - globalSoundVolume: 0.5
23:16:45.114 [FXGL Background Thread 3 ] DEBUG Engine               - globalSoundVolumeProperty: DoubleProperty [value: 0.5]
23:16:45.114 [FXGL Background Thread 3 ] DEBUG Engine               - height: 600
23:16:45.114 [FXGL Background Thread 3 ] DEBUG Engine               - is3D: false
23:16:45.114 [FXGL Background Thread 3 ] DEBUG Engine               - isAndroid: false
23:16:45.114 [FXGL Background Thread 3 ] DEBUG Engine               - isBrowser: false
23:16:45.114 [FXGL Background Thread 3 ] DEBUG Engine               - isClickFeedbackEnabled: false
23:16:45.114 [FXGL Background Thread 3 ] DEBUG Engine               - isCloseConfirmation: false
23:16:45.115 [FXGL Background Thread 3 ] DEBUG Engine               - isDesktop: true
23:16:45.115 [FXGL Background Thread 3 ] DEBUG Engine               - isDeveloperMenuEnabled: false
23:16:45.115 [FXGL Background Thread 3 ] DEBUG Engine               - isEmbedded: false
23:16:45.115 [FXGL Background Thread 3 ] DEBUG Engine               - isEntityPreloadEnabled: true
23:16:45.115 [FXGL Background Thread 3 ] DEBUG Engine               - isExperimentalTiledLargeMap: false
23:16:45.115 [FXGL Background Thread 3 ] DEBUG Engine               - isFileSystemWriteAllowed: true
23:16:45.115 [FXGL Background Thread 3 ] DEBUG Engine               - isFullScreenAllowed: false
23:16:45.115 [FXGL Background Thread 3 ] DEBUG Engine               - isFullScreenFromStart: false
23:16:45.115 [FXGL Background Thread 3 ] DEBUG Engine               - isGameMenuEnabled: true
23:16:45.115 [FXGL Background Thread 3 ] DEBUG Engine               - isIOS: false
23:16:45.115 [FXGL Background Thread 3 ] DEBUG Engine               - isIntroEnabled: false
23:16:45.115 [FXGL Background Thread 3 ] DEBUG Engine               - isLinux: false
23:16:45.115 [FXGL Background Thread 3 ] DEBUG Engine               - isMac: false
23:16:45.115 [FXGL Background Thread 3 ] DEBUG Engine               - isMainMenuEnabled: false
23:16:45.115 [FXGL Background Thread 3 ] DEBUG Engine               - isManualResizeEnabled: false
23:16:45.115 [FXGL Background Thread 3 ] DEBUG Engine               - isMobile: false
23:16:45.115 [FXGL Background Thread 3 ] DEBUG Engine               - isNative: false
23:16:45.115 [FXGL Background Thread 3 ] DEBUG Engine               - isPauseMusicWhenMinimized: true
23:16:45.115 [FXGL Background Thread 3 ] DEBUG Engine               - isPreserveResizeRatio: false
23:16:45.115 [FXGL Background Thread 3 ] DEBUG Engine               - isProfilingEnabled: false
23:16:45.115 [FXGL Background Thread 3 ] DEBUG Engine               - isScaleAffectedOnResize: true
23:16:45.115 [FXGL Background Thread 3 ] DEBUG Engine               - isSingleStep: false
23:16:45.115 [FXGL Background Thread 3 ] DEBUG Engine               - isUserProfileEnabled: false
23:16:45.115 [FXGL Background Thread 3 ] DEBUG Engine               - isWindows: true
23:16:45.115 [FXGL Background Thread 3 ] DEBUG Engine               - language: ObjectProperty [value: ENGLISH]
23:16:45.116 [FXGL Background Thread 3 ] DEBUG Engine               - menuKey: ESCAPE
23:16:45.116 [FXGL Background Thread 3 ] DEBUG Engine               - mouseSensitivity: 0.2
23:16:45.116 [FXGL Background Thread 3 ] DEBUG Engine               - notificationViewClass: class com.almasb.fxgl.notification.view.XboxNotificationView
23:16:45.116 [FXGL Background Thread 3 ] DEBUG Engine               - pixelsPerMeter: 50.0
23:16:45.116 [FXGL Background Thread 3 ] DEBUG Engine               - platform: WINDOWS
23:16:45.116 [FXGL Background Thread 3 ] DEBUG Engine               - prefHeightProperty: ReadOnlyDoubleProperty [value: 600.0]
23:16:45.116 [FXGL Background Thread 3 ] DEBUG Engine               - prefWidthProperty: ReadOnlyDoubleProperty [value: 600.0]
23:16:45.116 [FXGL Background Thread 3 ] DEBUG Engine               - profileDir: profiles/
23:16:45.116 [FXGL Background Thread 3 ] DEBUG Engine               - profileName: StringProperty [value: DEFAULT]
23:16:45.116 [FXGL Background Thread 3 ] DEBUG Engine               - randomSeed: -1
23:16:45.116 [FXGL Background Thread 3 ] DEBUG Engine               - runtimeInfo: RuntimeInfo(platform=WINDOWS, version=17.2, build=20.08.2022 16.50)
23:16:45.116 [FXGL Background Thread 3 ] DEBUG Engine               - saveFileExt: sav
23:16:45.116 [FXGL Background Thread 3 ] DEBUG Engine               - scaledHeightProp$fxgl: DoubleProperty [bound, value: 600.0]
23:16:45.116 [FXGL Background Thread 3 ] DEBUG Engine               - scaledWidthProp$fxgl: DoubleProperty [bound, value: 600.0]
23:16:45.116 [FXGL Background Thread 3 ] DEBUG Engine               - sceneFactory: com.almasb.fxgl.app.scene.SceneFactory@5cfbff0b
23:16:45.116 [FXGL Background Thread 3 ] DEBUG Engine               - secondsIn24h: 60
23:16:45.116 [FXGL Background Thread 3 ] DEBUG Engine               - soundMenuBack: menu/back.wav
23:16:45.116 [FXGL Background Thread 3 ] DEBUG Engine               - soundMenuPress: menu/press.wav
23:16:45.116 [FXGL Background Thread 3 ] DEBUG Engine               - soundMenuSelect: menu/select.wav
23:16:45.116 [FXGL Background Thread 3 ] DEBUG Engine               - soundNotification: core/notification.wav
23:16:45.116 [FXGL Background Thread 3 ] DEBUG Engine               - stageStyle: DECORATED
23:16:45.116 [FXGL Background Thread 3 ] DEBUG Engine               - supportedLanguages: [ENGLISH, FRENCH, GERMAN, HUNGARIAN, RUSSIAN]
23:16:45.116 [FXGL Background Thread 3 ] DEBUG Engine               - ticksPerSecond: -1
23:16:45.117 [FXGL Background Thread 3 ] DEBUG Engine               - title: Brick Breaker
23:16:45.117 [FXGL Background Thread 3 ] DEBUG Engine               - urlGithub: https://github.com/AlmasB/FXGL
23:16:45.117 [FXGL Background Thread 3 ] DEBUG Engine               - urlLeaderboard: http://fxgl-top.herokuapp.com/
23:16:45.117 [FXGL Background Thread 3 ] DEBUG Engine               - urlPOM: https://raw.githubusercontent.com/AlmasB/FXGL/release/README.md
23:16:45.117 [FXGL Background Thread 3 ] DEBUG Engine               - userAppClass: class com.example.brickbreaker.BrickBreakerApp
23:16:45.117 [FXGL Background Thread 3 ] DEBUG Engine               - version: 0.0
23:16:45.117 [FXGL Background Thread 3 ] DEBUG Engine               - versionCheckDays: 7
23:16:45.117 [FXGL Background Thread 3 ] DEBUG Engine               - width: 600
23:16:45.117 [FXGL Background Thread 3 ] DEBUG Engine               - Logging services
23:16:45.117 [FXGL Background Thread 3 ] DEBUG Engine               - class com.almasb.fxgl.app.services.FXGLAssetLoaderService
23:16:45.117 [FXGL Background Thread 3 ] DEBUG Engine               - class com.almasb.fxgl.app.FXGLApplication$GameApplicationService
23:16:45.117 [FXGL Background Thread 3 ] DEBUG Engine               - class com.almasb.fxgl.app.services.FXGLDialogService
23:16:45.117 [FXGL Background Thread 3 ] DEBUG Engine               - class com.almasb.fxgl.app.services.IOTaskExecutorService
23:16:45.117 [FXGL Background Thread 3 ] DEBUG Engine               - class com.almasb.fxgl.io.FileSystemService
23:16:45.117 [FXGL Background Thread 3 ] DEBUG Engine               - class com.almasb.fxgl.localization.LocalizationService
23:16:45.117 [FXGL Background Thread 3 ] DEBUG Engine               - class com.almasb.fxgl.app.services.SystemBundleService
23:16:45.117 [FXGL Background Thread 3 ] DEBUG Engine               - class com.almasb.fxgl.profile.SaveLoadService
23:16:45.117 [FXGL Background Thread 3 ] DEBUG Engine               - class com.almasb.fxgl.ui.FXGLUIFactoryServiceProvider
23:16:45.117 [FXGL Background Thread 3 ] DEBUG Engine               - class com.almasb.fxgl.ui.FXGLDialogFactoryServiceProvider
23:16:45.117 [FXGL Background Thread 3 ] DEBUG Engine               - class com.almasb.fxgl.audio.AudioPlayer
23:16:45.117 [FXGL Background Thread 3 ] DEBUG Engine               - class com.almasb.fxgl.notification.impl.NotificationServiceProvider
23:16:45.117 [FXGL Background Thread 3 ] DEBUG Engine               - class com.almasb.fxgl.achievement.AchievementService
23:16:45.117 [FXGL Background Thread 3 ] DEBUG Engine               - class com.almasb.fxgl.cutscene.CutsceneService
23:16:45.117 [FXGL Background Thread 3 ] DEBUG Engine               - class com.almasb.fxgl.minigames.MiniGameService
23:16:45.117 [FXGL Background Thread 3 ] DEBUG Engine               - class com.almasb.fxgl.net.NetService
23:16:45.117 [FXGL Background Thread 3 ] DEBUG Engine               - class com.almasb.fxgl.app.services.UpdaterService
23:16:45.117 [FXGL Background Thread 3 ] DEBUG Engine               - class com.almasb.fxgl.dev.DevService
23:17:42.863 [JavaFX Application Thread] DEBUG LoopRunner           - Stopping loop
23:17:42.864 [JavaFX Application Thread] FATAL FXGLApplication      - Uncaught Exception:
java.lang.IllegalArgumentException: Property velocity does not exist
	at com.almasb.fxgl.core@17.2/com.almasb.fxgl.core.collection.PropertyMap.get(PropertyMap.kt:251)
	at com.almasb.fxgl.core@17.2/com.almasb.fxgl.core.collection.PropertyMap.objectProperty(PropertyMap.kt:169)
	at com.almasb.fxgl.core@17.2/com.almasb.fxgl.core.collection.PropertyMap.getObject(PropertyMap.kt:158)
	at com.almasb.fxgl.entity@17.2/com.almasb.fxgl.entity.Entity.getObject(Entity.java:328)
	at com.example.brickbreaker/com.example.brickbreaker.BrickBreakerApp.onUpdate(BrickBreakerApp.java:94)
	at com.almasb.fxgl.all@17.2/com.almasb.fxgl.app.FXGLApplication$GameApplicationService.onGameUpdate(FXGLApplication.kt:421)
	at com.almasb.fxgl.all@17.2/com.almasb.fxgl.app.Engine.onGameUpdate(Engine.kt:138)
	at com.almasb.fxgl.all@17.2/com.almasb.fxgl.app.FXGLApplication.postServicesInit$lambda-7(FXGLApplication.kt:182)
	at com.almasb.fxgl.scene@17.2/com.almasb.fxgl.scene.Scene.update(Scene.kt:113)
	at com.almasb.fxgl.all@17.2/com.almasb.fxgl.app.MainWindow$update$1.invoke(MainWindow.kt:115)
	at com.almasb.fxgl.all@17.2/com.almasb.fxgl.app.MainWindow$update$1.invoke(MainWindow.kt:115)
	at com.almasb.fxgl.core@17.2/com.almasb.fxgl.core.fsm.StateMachine.runOnActiveStates(StateMachine.kt:69)
	at com.almasb.fxgl.all@17.2/com.almasb.fxgl.app.MainWindow.update(MainWindow.kt:115)
	at com.almasb.fxgl.all@17.2/com.almasb.fxgl.app.FXGLApplication$GameApplicationService.onUpdate(FXGLApplication.kt:426)
	at com.almasb.fxgl.all@17.2/com.almasb.fxgl.app.Engine.loop(Engine.kt:134)
	at com.almasb.fxgl.all@17.2/com.almasb.fxgl.app.Engine.access$loop(Engine.kt:24)
	at com.almasb.fxgl.all@17.2/com.almasb.fxgl.app.Engine$loop$1.invoke(Engine.kt:28)
	at com.almasb.fxgl.all@17.2/com.almasb.fxgl.app.Engine$loop$1.invoke(Engine.kt:28)
	at com.almasb.fxgl.all@17.2/com.almasb.fxgl.app.LoopRunner.frame(LoopRunner.kt:103)
	at com.almasb.fxgl.all@17.2/com.almasb.fxgl.app.LoopRunner.access$frame(LoopRunner.kt:23)
	at com.almasb.fxgl.all@17.2/com.almasb.fxgl.app.LoopRunner$impl$2$1.onTick(LoopRunner.kt:57)
	at com.almasb.fxgl.all@17.2/com.almasb.fxgl.app.AnimationTimerLoop$timer$1.handle(LoopRunner.kt:137)
	at javafx.graphics@18.0.2/javafx.animation.AnimationTimer$AnimationTimerReceiver.lambda$handle$0(AnimationTimer.java:58)
	at java.base/java.security.AccessController.doPrivileged(AccessController.java:399)
	at javafx.graphics@18.0.2/javafx.animation.AnimationTimer$AnimationTimerReceiver.handle(AnimationTimer.java:57)
	at javafx.graphics@18.0.2/com.sun.scenario.animation.AbstractPrimaryTimer.timePulseImpl(AbstractPrimaryTimer.java:356)
	at javafx.graphics@18.0.2/com.sun.scenario.animation.AbstractPrimaryTimer$MainLoop.run(AbstractPrimaryTimer.java:266)
	at javafx.graphics@18.0.2/com.sun.javafx.tk.quantum.QuantumToolkit.pulse(QuantumToolkit.java:571)
	at javafx.graphics@18.0.2/com.sun.javafx.tk.quantum.QuantumToolkit.pulse(QuantumToolkit.java:555)
	at javafx.graphics@18.0.2/com.sun.javafx.tk.quantum.QuantumToolkit.pulseFromQueue(QuantumToolkit.java:548)
	at javafx.graphics@18.0.2/com.sun.javafx.tk.quantum.QuantumToolkit.lambda$runToolkit$11(QuantumToolkit.java:352)
	at javafx.graphics@18.0.2/com.sun.glass.ui.InvokeLaterDispatcher$Future.run(InvokeLaterDispatcher.java:96)
	at javafx.graphics@18.0.2/com.sun.glass.ui.win.WinApplication._runLoop(Native Method)
	at javafx.graphics@18.0.2/com.sun.glass.ui.win.WinApplication.lambda$runLoop$3(WinApplication.java:184)
	at java.base/java.lang.Thread.run(Thread.java:833)

23:17:42.864 [JavaFX Application Thread] FATAL FXGLApplication      - Application will now exit
23:17:42.875 [JavaFX Application Thread] DEBUG PrimaryStageWindow   - Push state: ErrorSubScene
23:17:42.875 [JavaFX Application Thread] DEBUG Input                - Clearing active input actions
23:17:42.878 [JavaFX Application Thread] DEBUG GameApplicationServi - Removing overlay from GameScene and adding to ErrorSubScene
23:17:42.878 [JavaFX Application Thread] DEBUG PrimaryStageWindow   - GameScene -> ErrorSubScene
23:17:44.433 [JavaFX Application Thread] DEBUG FXGLApplication      - Exiting FXGL
23:17:44.433 [JavaFX Application Thread] DEBUG Async                - Shutting down background threads
23:17:44.433 [JavaFX Application Thread] DEBUG PrimaryStageWindow   - Closing main window
23:17:44.441 [JavaFX Application Thread] DEBUG Logger               - Closing Logger
