23:11:41.780 [main                     ] DEBUG Logger               - Configured Logger
23:11:41.795 [main                     ] DEBUG GameApplication      - Logging settings
Title: Brick Breaker
Version: 0.0
Width: 600
Height: 600
Fullscreen: false
Intro: false
Profiling: false
Single step:false
App Mode: DEVELOPER
Menu Key: ESCAPE
Stage Style: DECORATED
Scene Factory: class com.almasb.fxgl.app.scene.SceneFactory

23:11:42.064 [JavaFX Application Thread] DEBUG FXGLApplication      - Initializing FXGL
23:11:42.068 [JavaFX Application Thread] INFO  Engine               - FXGL-17.2 (20.08.2022 16.50) on WINDOWS (J:18.0.1.1 FX:18.0.2)
23:11:42.068 [JavaFX Application Thread] DEBUG Engine               - JRE Vendor Name: Oracle Corporation
23:11:42.068 [JavaFX Application Thread] DEBUG Engine               - Running on OS: Windows 10 version 10.0
23:11:42.068 [JavaFX Application Thread] DEBUG Engine               - Architecture: amd64
23:11:42.068 [JavaFX Application Thread] INFO  Engine               - Source code and latest versions at: https://github.com/AlmasB/FXGL
23:11:42.068 [JavaFX Application Thread] INFO  Engine               -       Ask questions and discuss at: https://github.com/AlmasB/FXGL/discussions
23:11:42.068 [JavaFX Application Thread] INFO  Engine               -              Join the FXGL chat at: https://gitter.im/AlmasB/FXGL
23:11:42.117 [JavaFX Application Thread] DEBUG PrimaryStageWindow   - Creating a JavaFX scene
23:11:42.142 [JavaFX Application Thread] DEBUG PrimaryStageWindow   - Target settings size: 600.0 x 600.0
23:11:42.143 [JavaFX Application Thread] DEBUG PrimaryStageWindow   - Scaled scene size:    600.0 x 600.0
23:11:42.143 [JavaFX Application Thread] DEBUG PrimaryStageWindow   - Scaled ratio: (1.0, 1.0)
23:11:42.143 [JavaFX Application Thread] DEBUG PrimaryStageWindow   - Set initial scene to FXGLStartupScene
23:11:42.147 [JavaFX Application Thread] DEBUG PrimaryStageWindow   - Opening main window
23:11:42.186 [JavaFX Application Thread] DEBUG PrimaryStageWindow   - Window border size: (16.0, 39.0)
23:11:42.186 [JavaFX Application Thread] DEBUG PrimaryStageWindow   - Scaled size: 600.0 x 600.0
23:11:42.186 [JavaFX Application Thread] DEBUG PrimaryStageWindow   - Scaled ratio: (1.0, 1.0)
23:11:42.186 [JavaFX Application Thread] DEBUG PrimaryStageWindow   - Scene size: 600.0 x 600.0
23:11:42.187 [JavaFX Application Thread] DEBUG PrimaryStageWindow   - Stage size: 616.0 x 639.0
23:11:42.191 [FXGL Background Thread 1 ] DEBUG Engine               - Initializing environment variables
23:11:42.217 [FXGL Background Thread 1 ] DEBUG FXGLAssetLoaderServi - User app class for loading assets: class com.example.brickbreaker.BrickBreakerApp
23:11:42.217 [FXGL Background Thread 1 ] DEBUG GameApplicationServi - Applying CSS: fxgl_dark.css
23:11:42.217 [FXGL Background Thread 1 ] DEBUG FXGLAssetLoaderServi - Loading from file system: jar:file:///C:/Users/matip/.m2/repository/com/github/almasb/fxgl/17.2/fxgl-17.2.jar!/fxglassets/ui/css/fxgl_dark.css
23:11:42.244 [FXGL Background Thread 1 ] DEBUG GameApplicationServi - Initializing application scenes
23:11:42.264 [FXGL Background Thread 1 ] DEBUG GameWorld            - Game world initialized
23:11:42.293 [FXGL Background Thread 1 ] DEBUG PhysicsWorld         - Physics world initialized: appHeight=600, physics.ppm=50.0
23:11:42.293 [FXGL Background Thread 1 ] DEBUG PhysicsWorld         - Using strategy: BRUTE_FORCE
23:11:42.296 [FXGL Background Thread 1 ] DEBUG GameScene            - Game scene initialized: 600x600
23:11:42.303 [FXGL Background Thread 1 ] WARN  FXGL.DefaultMenu     - FXGLDefaultMenu is not designed for resolutions < 800x600
23:11:42.304 [FXGL Background Thread 1 ] DEBUG FXGL.DefaultMenu     - createMenuBodyGameMenu()
23:11:42.311 [FXGL Background Thread 1 ] DEBUG FXGL.DefaultMenu     - createOptionsMenu()
23:11:42.318 [FXGL Background Thread 1 ] DEBUG FXGLAssetLoaderServi - Loading from file system: jar:file:///C:/Users/matip/.m2/repository/com/github/almasb/fxgl/17.2/fxgl-17.2.jar!/fxglassets/textures/particles/smoke.png
23:11:42.374 [FXGL Background Thread 1 ] DEBUG FXGLAssetLoaderServi - Loading from file system: jar:file:///C:/Users/matip/.m2/repository/com/github/almasb/fxgl/17.2/fxgl-17.2.jar!/fxglassets/textures/particles/trace_horizontal.png
23:11:42.396 [FXGL Background Thread 1 ] DEBUG GameApplicationServi - Application scenes initialized
23:11:42.403 [FXGL Background Thread 1 ] DEBUG SystemBundleService  - Loading FXGL system data
23:11:42.406 [FXGL Background Thread 1 ] DEBUG FileSystemAccess     - Reading from: C:\Users\matip\Desktop\JavaProjects\brick-breaker\system\fxgl.bundle
23:11:42.411 [FXGL Background Thread 1 ] DEBUG SystemBundleService  - Bundle FXGL: {}
23:11:42.412 [FXGL Background Thread 1 ] DEBUG UpdaterService       - Checking for updates
23:11:42.414 [FXGL Background Thread 4 ] DEBUG FXGLApplication      - Loading fonts
23:11:42.414 [FXGL Background Thread 1 ] DEBUG FXGLApplication      - Loading default localization
23:11:42.414 [FXGL Background Thread 4 ] DEBUG FXGLAssetLoaderServi - Loading from file system: jar:file:///C:/Users/matip/.m2/repository/com/github/almasb/fxgl/17.2/fxgl-17.2.jar!/fxglassets/ui/fonts/VarelaRound-Regular.ttf
23:11:42.415 [FXGL Background Thread 1 ] DEBUG FXGLAssetLoaderServi - Loading from file system: jar:file:///C:/Users/matip/.m2/repository/com/github/almasb/fxgl/17.2/fxgl-17.2.jar!/fxglassets/languages/english.lang
23:11:42.425 [FXGL Background Thread 1 ] INFO  FXGLApplication      - FXGL initialization took: 0.234 sec
23:11:42.431 [JavaFX Application Thread] DEBUG Input                - Registered new binding: action0 - D
23:11:42.431 [JavaFX Application Thread] DEBUG Input                - Registered new binding: action1 - A
23:11:42.432 [JavaFX Application Thread] DEBUG Input                - Registered new binding: action2 - Enter
23:11:42.432 [JavaFX Application Thread] DEBUG FXGLAssetLoaderServi - Loading from file system: jar:file:///C:/Users/matip/.m2/repository/com/github/almasb/fxgl/17.2/fxgl-17.2.jar!/fxglassets/textures/fxgl_icon.png
23:11:42.446 [JavaFX Application Thread] DEBUG FXGLAssetLoaderServi - Loading from file system: jar:file:///C:/Users/matip/.m2/repository/com/github/almasb/fxgl/17.2/fxgl-17.2.jar!/fxglassets/textures/fxgl_default_cursor.png
23:11:42.446 [FXGL Background Thread 4 ] DEBUG FXGLAssetLoaderServi - Loading from file system: jar:file:///C:/Users/matip/.m2/repository/com/github/almasb/fxgl/17.2/fxgl-17.2.jar!/fxglassets/ui/fonts/Abel-Regular.ttf
23:11:42.447 [JavaFX Application Thread] DEBUG Input                - Registered new binding: Screenshot - CTRL+8
23:11:42.447 [JavaFX Application Thread] DEBUG Input                - Registered new binding: System info dump - CTRL+9
23:11:42.448 [JavaFX Application Thread] DEBUG Input                - Registered new binding: Restart - CTRL+R
23:11:42.448 [FXGL Background Thread 4 ] DEBUG FXGLAssetLoaderServi - Loading from file system: jar:file:///C:/Users/matip/.m2/repository/com/github/almasb/fxgl/17.2/fxgl-17.2.jar!/fxglassets/ui/fonts/TerminalLandMono-Regular.otf
23:11:42.448 [JavaFX Application Thread] DEBUG Input                - Registered new binding: Toggle Debug Camera - CTRL+7
23:11:42.450 [JavaFX Application Thread] DEBUG LoopRunner           - Starting loop
23:11:42.450 [JavaFX Application Thread] DEBUG LoopRunner           - Initializing JavaFX AnimationTimerLoop
23:11:42.450 [FXGL Background Thread 4 ] DEBUG FXGLAssetLoaderServi - Loading from file system: jar:file:///C:/Users/matip/.m2/repository/com/github/almasb/fxgl/17.2/fxgl-17.2.jar!/fxglassets/ui/fonts/Courier-Prime.ttf
23:11:42.450 [JavaFX Application Thread] DEBUG GameApplicationServi - Starting new game
23:11:42.451 [JavaFX Application Thread] DEBUG Input                - Clearing active input actions
23:11:42.457 [JavaFX Application Thread] DEBUG GameApplicationServi - Removing overlay from FXGLStartupScene and adding to FXGLLoadingScene
23:11:42.458 [JavaFX Application Thread] DEBUG PrimaryStageWindow   - FXGLStartupScene -> FXGLLoadingScene
23:11:42.458 [JavaFX Application Thread] DEBUG GameApplicationServi - Clearing previous game
23:11:42.458 [JavaFX Application Thread] DEBUG GameScene            - Clearing game scene
23:11:42.458 [JavaFX Application Thread] DEBUG GameWorld            - Clearing game world
23:11:42.458 [JavaFX Application Thread] DEBUG PhysicsWorld         - Clearing physics world
23:11:42.459 [FXGL Background Thread 4 ] DEBUG FXGLApplication      - Initializing game
23:11:42.459 [JavaFX Application Thread] DEBUG FXGLApplication      - Registering font factories with UI factory
23:11:42.471 [FXGL Background Thread 4 ] WARN  GameWorld            - Entity is already attached to world
23:11:42.471 [FXGL Background Thread 4 ] WARN  GameWorld            - Entity is already attached to world
23:11:42.472 [FXGL Background Thread 4 ] WARN  GameWorld            - Entity is already attached to world
23:11:42.472 [FXGL Background Thread 4 ] WARN  GameWorld            - Entity is already attached to world
23:11:42.473 [FXGL Background Thread 4 ] WARN  GameWorld            - Entity is already attached to world
23:11:42.473 [FXGL Background Thread 4 ] WARN  GameWorld            - Entity is already attached to world
23:11:42.473 [FXGL Background Thread 4 ] WARN  GameWorld            - Entity is already attached to world
23:11:42.474 [FXGL Background Thread 4 ] WARN  GameWorld            - Entity is already attached to world
23:11:42.474 [FXGL Background Thread 4 ] WARN  GameWorld            - Entity is already attached to world
23:11:42.475 [FXGL Background Thread 4 ] WARN  GameWorld            - Entity is already attached to world
23:11:42.475 [FXGL Background Thread 4 ] WARN  GameWorld            - Entity is already attached to world
23:11:42.476 [FXGL Background Thread 4 ] WARN  GameWorld            - Entity is already attached to world
23:11:42.476 [FXGL Background Thread 4 ] WARN  GameWorld            - Entity is already attached to world
23:11:42.477 [FXGL Background Thread 4 ] WARN  GameWorld            - Entity is already attached to world
23:11:42.477 [FXGL Background Thread 4 ] WARN  GameWorld            - Entity is already attached to world
23:11:42.477 [FXGL Background Thread 4 ] WARN  GameWorld            - Entity is already attached to world
23:11:42.478 [FXGL Background Thread 4 ] WARN  GameWorld            - Entity is already attached to world
23:11:42.478 [FXGL Background Thread 4 ] WARN  GameWorld            - Entity is already attached to world
23:11:42.479 [FXGL Background Thread 4 ] WARN  GameWorld            - Entity is already attached to world
23:11:42.479 [FXGL Background Thread 4 ] WARN  GameWorld            - Entity is already attached to world
23:11:42.479 [FXGL Background Thread 4 ] WARN  GameWorld            - Entity is already attached to world
23:11:42.480 [FXGL Background Thread 4 ] WARN  GameWorld            - Entity is already attached to world
23:11:42.480 [FXGL Background Thread 4 ] WARN  GameWorld            - Entity is already attached to world
23:11:42.480 [FXGL Background Thread 4 ] WARN  GameWorld            - Entity is already attached to world
23:11:42.481 [FXGL Background Thread 4 ] WARN  GameWorld            - Entity is already attached to world
23:11:42.481 [FXGL Background Thread 4 ] WARN  GameWorld            - Entity is already attached to world
23:11:42.482 [FXGL Background Thread 4 ] WARN  GameWorld            - Entity is already attached to world
23:11:42.482 [FXGL Background Thread 4 ] WARN  GameWorld            - Entity is already attached to world
23:11:42.483 [FXGL Background Thread 4 ] WARN  GameWorld            - Entity is already attached to world
23:11:42.483 [FXGL Background Thread 4 ] WARN  GameWorld            - Entity is already attached to world
23:11:42.484 [FXGL Background Thread 4 ] WARN  GameWorld            - Entity is already attached to world
23:11:42.484 [FXGL Background Thread 4 ] WARN  GameWorld            - Entity is already attached to world
23:11:42.485 [FXGL Background Thread 4 ] WARN  GameWorld            - Entity is already attached to world
23:11:42.486 [FXGL Background Thread 4 ] WARN  GameWorld            - Entity is already attached to world
23:11:42.486 [FXGL Background Thread 4 ] WARN  GameWorld            - Entity is already attached to world
23:11:42.487 [FXGL Background Thread 4 ] WARN  GameWorld            - Entity is already attached to world
23:11:42.487 [FXGL Background Thread 4 ] WARN  GameWorld            - Entity is already attached to world
23:11:42.488 [FXGL Background Thread 4 ] WARN  GameWorld            - Entity is already attached to world
23:11:42.489 [FXGL Background Thread 4 ] WARN  GameWorld            - Entity is already attached to world
23:11:42.489 [FXGL Background Thread 4 ] WARN  GameWorld            - Entity is already attached to world
23:11:42.490 [FXGL Background Thread 4 ] WARN  GameWorld            - Entity is already attached to world
23:11:42.490 [FXGL Background Thread 4 ] WARN  GameWorld            - Entity is already attached to world
23:11:42.491 [FXGL Background Thread 4 ] WARN  GameWorld            - Entity is already attached to world
23:11:42.492 [FXGL Background Thread 4 ] WARN  GameWorld            - Entity is already attached to world
23:11:42.492 [FXGL Background Thread 4 ] WARN  GameWorld            - Entity is already attached to world
23:11:42.493 [FXGL Background Thread 4 ] WARN  GameWorld            - Entity is already attached to world
23:11:42.493 [FXGL Background Thread 4 ] WARN  GameWorld            - Entity is already attached to world
23:11:42.494 [FXGL Background Thread 4 ] WARN  GameWorld            - Entity is already attached to world
23:11:42.494 [FXGL Background Thread 4 ] WARN  GameWorld            - Entity is already attached to world
23:11:42.495 [FXGL Background Thread 4 ] WARN  GameWorld            - Entity is already attached to world
23:11:42.495 [FXGL Background Thread 4 ] WARN  GameWorld            - Entity is already attached to world
23:11:42.496 [FXGL Background Thread 4 ] WARN  GameWorld            - Entity is already attached to world
23:11:42.496 [FXGL Background Thread 4 ] WARN  GameWorld            - Entity is already attached to world
23:11:42.497 [FXGL Background Thread 4 ] WARN  GameWorld            - Entity is already attached to world
23:11:42.497 [FXGL Background Thread 4 ] WARN  GameWorld            - Entity is already attached to world
23:11:42.497 [FXGL Background Thread 4 ] WARN  GameWorld            - Entity is already attached to world
23:11:42.498 [FXGL Background Thread 4 ] WARN  GameWorld            - Entity is already attached to world
23:11:42.498 [FXGL Background Thread 4 ] WARN  GameWorld            - Entity is already attached to world
23:11:42.499 [FXGL Background Thread 4 ] WARN  GameWorld            - Entity is already attached to world
23:11:42.499 [FXGL Background Thread 4 ] WARN  GameWorld            - Entity is already attached to world
23:11:42.499 [FXGL Background Thread 4 ] WARN  GameWorld            - Entity is already attached to world
23:11:42.500 [FXGL Background Thread 4 ] WARN  GameWorld            - Entity is already attached to world
23:11:42.500 [FXGL Background Thread 4 ] WARN  GameWorld            - Entity is already attached to world
23:11:42.501 [FXGL Background Thread 4 ] WARN  GameWorld            - Entity is already attached to world
23:11:42.501 [FXGL Background Thread 4 ] WARN  GameWorld            - Entity is already attached to world
23:11:42.501 [FXGL Background Thread 4 ] WARN  GameWorld            - Entity is already attached to world
23:11:42.502 [FXGL Background Thread 4 ] WARN  GameWorld            - Entity is already attached to world
23:11:42.502 [FXGL Background Thread 4 ] WARN  GameWorld            - Entity is already attached to world
23:11:42.504 [FXGL Background Thread 4 ] INFO  FXGLApplication      - Game initialization took: 0.045 sec
23:11:42.517 [JavaFX Application Thread] DEBUG Input                - Clearing active input actions
23:11:42.529 [JavaFX Application Thread] DEBUG GameApplicationServi - Removing overlay from FXGLLoadingScene and adding to GameScene
23:11:42.529 [JavaFX Application Thread] DEBUG PrimaryStageWindow   - FXGLLoadingScene -> GameScene
23:11:42.716 [FXGL Background Thread 2 ] INFO  UpdaterService       - Your current version:  17.2
23:11:42.716 [FXGL Background Thread 2 ] INFO  UpdaterService       - Latest stable version: 17.3
23:11:43.608 [JavaFX Application Thread] DEBUG FXGLApplication      - Exiting FXGL
23:11:43.608 [JavaFX Application Thread] DEBUG LoopRunner           - Stopping loop
23:11:43.608 [JavaFX Application Thread] DEBUG SystemBundleService  - Saving FXGL system data
23:11:43.609 [JavaFX Application Thread] DEBUG FileSystemAccess     - Writing to: C:\Users\matip\Desktop\JavaProjects\brick-breaker\system\fxgl.bundle
23:11:43.610 [JavaFX Application Thread] DEBUG Async                - Shutting down background threads
23:11:43.610 [JavaFX Application Thread] DEBUG PrimaryStageWindow   - Closing main window
23:11:43.615 [JavaFX Application Thread] DEBUG Logger               - Closing Logger
