02:55:13.984 [main                     ] DEBUG Logger               - Configured Logger
02:55:14.001 [main                     ] DEBUG GameApplication      - Logging settings
Title: Brick Breaker
Version: 0.0
Width: 600
Height: 600
Fullscreen: false
Intro: false
Profiling: false
Single step:false
App Mode: DEVELOPER
Menu Key: ESCAPE
Stage Style: DECORATED
Scene Factory: class com.example.brickbreaker.menu.CustomSceneFactory

02:55:14.273 [JavaFX Application Thread] DEBUG FXGLApplication      - Initializing FXGL
02:55:14.276 [JavaFX Application Thread] INFO  Engine               - FXGL-17.2 (20.08.2022 16.50) on WINDOWS (J:18.0.1.1 FX:18.0.2)
02:55:14.277 [JavaFX Application Thread] DEBUG Engine               - JRE Vendor Name: Oracle Corporation
02:55:14.277 [JavaFX Application Thread] DEBUG Engine               - Running on OS: Windows 10 version 10.0
02:55:14.277 [JavaFX Application Thread] DEBUG Engine               - Architecture: amd64
02:55:14.277 [JavaFX Application Thread] INFO  Engine               - Source code and latest versions at: https://github.com/AlmasB/FXGL
02:55:14.277 [JavaFX Application Thread] INFO  Engine               -       Ask questions and discuss at: https://github.com/AlmasB/FXGL/discussions
02:55:14.277 [JavaFX Application Thread] INFO  Engine               -              Join the FXGL chat at: https://gitter.im/AlmasB/FXGL
02:55:14.330 [JavaFX Application Thread] DEBUG PrimaryStageWindow   - Creating a JavaFX scene
02:55:14.356 [JavaFX Application Thread] DEBUG PrimaryStageWindow   - Target settings size: 600.0 x 600.0
02:55:14.356 [JavaFX Application Thread] DEBUG PrimaryStageWindow   - Scaled scene size:    600.0 x 600.0
02:55:14.356 [JavaFX Application Thread] DEBUG PrimaryStageWindow   - Scaled ratio: (1.0, 1.0)
02:55:14.357 [JavaFX Application Thread] DEBUG PrimaryStageWindow   - Set initial scene to FXGLStartupScene
02:55:14.361 [JavaFX Application Thread] DEBUG PrimaryStageWindow   - Opening main window
02:55:14.402 [JavaFX Application Thread] DEBUG PrimaryStageWindow   - Window border size: (16.0, 39.0)
02:55:14.403 [JavaFX Application Thread] DEBUG PrimaryStageWindow   - Scaled size: 600.0 x 600.0
02:55:14.403 [JavaFX Application Thread] DEBUG PrimaryStageWindow   - Scaled ratio: (1.0, 1.0)
02:55:14.403 [JavaFX Application Thread] DEBUG PrimaryStageWindow   - Scene size: 600.0 x 600.0
02:55:14.403 [JavaFX Application Thread] DEBUG PrimaryStageWindow   - Stage size: 616.0 x 639.0
02:55:14.408 [FXGL Background Thread 1 ] DEBUG Engine               - Initializing environment variables
02:55:14.435 [FXGL Background Thread 1 ] DEBUG FXGLAssetLoaderServi - User app class for loading assets: class com.example.brickbreaker.BrickBreakerApp
02:55:14.435 [FXGL Background Thread 1 ] DEBUG GameApplicationServi - Applying CSS: fxgl_dark.css
02:55:14.435 [FXGL Background Thread 1 ] DEBUG FXGLAssetLoaderServi - Loading from file system: jar:file:///C:/Users/matip/.m2/repository/com/github/almasb/fxgl/17.2/fxgl-17.2.jar!/fxglassets/ui/css/fxgl_dark.css
02:55:14.463 [FXGL Background Thread 1 ] DEBUG GameApplicationServi - Initializing application scenes
02:55:14.482 [FXGL Background Thread 1 ] DEBUG GameWorld            - Game world initialized
02:55:14.507 [FXGL Background Thread 1 ] DEBUG PhysicsWorld         - Physics world initialized: appHeight=600, physics.ppm=50.0
02:55:14.507 [FXGL Background Thread 1 ] DEBUG PhysicsWorld         - Using strategy: BRUTE_FORCE
02:55:14.510 [FXGL Background Thread 1 ] DEBUG GameScene            - Game scene initialized: 600x600
02:55:14.511 [FXGL Background Thread 1 ] DEBUG FXGLAssetLoaderServi - Loading from file system: file:/C:/Users/matip/Desktop/JavaProjects/brick-breaker/target/classes/assets/textures/game-start.png
02:55:14.543 [FXGL Background Thread 1 ] WARN  FXGL.DefaultMenu     - FXGLDefaultMenu is not designed for resolutions < 800x600
02:55:14.543 [FXGL Background Thread 1 ] DEBUG FXGL.DefaultMenu     - createMenuBodyGameMenu()
02:55:14.550 [FXGL Background Thread 1 ] DEBUG FXGL.DefaultMenu     - createOptionsMenu()
02:55:14.555 [FXGL Background Thread 1 ] DEBUG FXGLAssetLoaderServi - Loading from file system: jar:file:///C:/Users/matip/.m2/repository/com/github/almasb/fxgl/17.2/fxgl-17.2.jar!/fxglassets/textures/particles/smoke.png
02:55:14.600 [FXGL Background Thread 1 ] DEBUG FXGLAssetLoaderServi - Loading from file system: jar:file:///C:/Users/matip/.m2/repository/com/github/almasb/fxgl/17.2/fxgl-17.2.jar!/fxglassets/textures/particles/trace_horizontal.png
02:55:14.610 [FXGL Background Thread 1 ] DEBUG GameApplicationServi - Application scenes initialized
02:55:14.617 [FXGL Background Thread 1 ] DEBUG SystemBundleService  - Loading FXGL system data
02:55:14.619 [FXGL Background Thread 1 ] DEBUG FileSystemAccess     - Reading from: C:\Users\matip\Desktop\JavaProjects\brick-breaker\system\fxgl.bundle
02:55:14.625 [FXGL Background Thread 1 ] DEBUG SystemBundleService  - Bundle FXGL: {}
02:55:14.625 [FXGL Background Thread 1 ] DEBUG UpdaterService       - Checking for updates
02:55:14.627 [FXGL Background Thread 4 ] DEBUG FXGLApplication      - Loading fonts
02:55:14.628 [FXGL Background Thread 1 ] DEBUG FXGLApplication      - Loading default localization
02:55:14.628 [FXGL Background Thread 4 ] DEBUG FXGLAssetLoaderServi - Loading from file system: jar:file:///C:/Users/matip/.m2/repository/com/github/almasb/fxgl/17.2/fxgl-17.2.jar!/fxglassets/ui/fonts/VarelaRound-Regular.ttf
02:55:14.628 [FXGL Background Thread 1 ] DEBUG FXGLAssetLoaderServi - Loading from file system: jar:file:///C:/Users/matip/.m2/repository/com/github/almasb/fxgl/17.2/fxgl-17.2.jar!/fxglassets/languages/english.lang
02:55:14.637 [FXGL Background Thread 1 ] INFO  FXGLApplication      - FXGL initialization took: 0.229 sec
02:55:14.643 [JavaFX Application Thread] DEBUG Input                - Registered new binding: action0 - D
02:55:14.643 [JavaFX Application Thread] DEBUG Input                - Registered new binding: action1 - A
02:55:14.644 [JavaFX Application Thread] DEBUG FXGLAssetLoaderServi - Loading from file system: jar:file:///C:/Users/matip/.m2/repository/com/github/almasb/fxgl/17.2/fxgl-17.2.jar!/fxglassets/textures/fxgl_icon.png
02:55:14.650 [JavaFX Application Thread] DEBUG FXGLAssetLoaderServi - Loading from file system: jar:file:///C:/Users/matip/.m2/repository/com/github/almasb/fxgl/17.2/fxgl-17.2.jar!/fxglassets/textures/fxgl_default_cursor.png
02:55:14.651 [JavaFX Application Thread] DEBUG Input                - Registered new binding: Screenshot - CTRL+8
02:55:14.651 [JavaFX Application Thread] DEBUG Input                - Registered new binding: System info dump - CTRL+9
02:55:14.651 [JavaFX Application Thread] DEBUG Input                - Registered new binding: Restart - CTRL+R
02:55:14.651 [JavaFX Application Thread] DEBUG Input                - Registered new binding: Toggle Debug Camera - CTRL+7
02:55:14.652 [JavaFX Application Thread] DEBUG LoopRunner           - Starting loop
02:55:14.652 [JavaFX Application Thread] DEBUG LoopRunner           - Initializing JavaFX AnimationTimerLoop
02:55:14.653 [FXGL Background Thread 4 ] DEBUG FXGLAssetLoaderServi - Loading from file system: jar:file:///C:/Users/matip/.m2/repository/com/github/almasb/fxgl/17.2/fxgl-17.2.jar!/fxglassets/ui/fonts/Abel-Regular.ttf
02:55:14.654 [JavaFX Application Thread] DEBUG Input                - Clearing active input actions
02:55:14.655 [FXGL Background Thread 4 ] DEBUG FXGLAssetLoaderServi - Loading from file system: jar:file:///C:/Users/matip/.m2/repository/com/github/almasb/fxgl/17.2/fxgl-17.2.jar!/fxglassets/ui/fonts/TerminalLandMono-Regular.otf
02:55:14.658 [JavaFX Application Thread] DEBUG GameApplicationServi - Removing overlay from FXGLStartupScene and adding to FXGLMainMenuDummyScene
02:55:14.658 [FXGL Background Thread 4 ] DEBUG FXGLAssetLoaderServi - Loading from file system: jar:file:///C:/Users/matip/.m2/repository/com/github/almasb/fxgl/17.2/fxgl-17.2.jar!/fxglassets/ui/fonts/Courier-Prime.ttf
02:55:14.659 [JavaFX Application Thread] DEBUG PrimaryStageWindow   - FXGLStartupScene -> FXGLMainMenuDummyScene
02:55:14.659 [JavaFX Application Thread] DEBUG PrimaryStageWindow   - Push state: MainMenu
02:55:14.659 [JavaFX Application Thread] DEBUG Input                - Clearing active input actions
02:55:14.659 [JavaFX Application Thread] DEBUG GameApplicationServi - Removing overlay from FXGLMainMenuDummyScene and adding to MainMenu
02:55:14.659 [JavaFX Application Thread] DEBUG PrimaryStageWindow   - FXGLMainMenuDummyScene -> MainMenu
02:55:14.662 [JavaFX Application Thread] DEBUG FXGLApplication      - Registering font factories with UI factory
02:55:14.899 [FXGL Background Thread 2 ] INFO  UpdaterService       - Your current version:  17.2
02:55:14.899 [FXGL Background Thread 2 ] INFO  UpdaterService       - Latest stable version: 17.3
02:55:15.722 [JavaFX Application Thread] DEBUG Menu                 - fireNewGame()
02:55:15.722 [JavaFX Application Thread] DEBUG GameApplicationServi - Starting new game
02:55:15.722 [JavaFX Application Thread] DEBUG PrimaryStageWindow   - Pop state: MainMenu
02:55:15.722 [JavaFX Application Thread] DEBUG Input                - Clearing active input actions
02:55:15.723 [JavaFX Application Thread] DEBUG GameApplicationServi - Removing overlay from MainMenu and adding to FXGLMainMenuDummyScene
02:55:15.723 [JavaFX Application Thread] DEBUG PrimaryStageWindow   - FXGLMainMenuDummyScene <- MainMenu
02:55:15.723 [JavaFX Application Thread] DEBUG Input                - Clearing active input actions
02:55:15.729 [JavaFX Application Thread] DEBUG GameApplicationServi - Removing overlay from FXGLMainMenuDummyScene and adding to FXGLLoadingScene
02:55:15.729 [JavaFX Application Thread] DEBUG PrimaryStageWindow   - FXGLMainMenuDummyScene -> FXGLLoadingScene
02:55:15.729 [JavaFX Application Thread] DEBUG GameApplicationServi - Clearing previous game
02:55:15.729 [JavaFX Application Thread] DEBUG GameScene            - Clearing game scene
02:55:15.729 [JavaFX Application Thread] DEBUG GameWorld            - Clearing game world
02:55:15.729 [JavaFX Application Thread] DEBUG PhysicsWorld         - Clearing physics world
02:55:15.731 [FXGL Background Thread 2 ] DEBUG FXGLApplication      - Initializing game
02:55:15.742 [FXGL Background Thread 2 ] WARN  GameWorld            - Entity is already attached to world
02:55:15.742 [FXGL Background Thread 2 ] DEBUG FXGLAssetLoaderServi - Loading from file system: file:/C:/Users/matip/Desktop/JavaProjects/brick-breaker/target/classes/assets/textures/brick.png
02:55:15.744 [FXGL Background Thread 2 ] WARN  GameWorld            - Entity is already attached to world
02:55:15.745 [FXGL Background Thread 2 ] WARN  GameWorld            - Entity is already attached to world
02:55:15.746 [FXGL Background Thread 2 ] WARN  GameWorld            - Entity is already attached to world
02:55:15.746 [FXGL Background Thread 2 ] WARN  GameWorld            - Entity is already attached to world
02:55:15.747 [FXGL Background Thread 2 ] WARN  GameWorld            - Entity is already attached to world
02:55:15.747 [FXGL Background Thread 2 ] WARN  GameWorld            - Entity is already attached to world
02:55:15.748 [FXGL Background Thread 2 ] WARN  GameWorld            - Entity is already attached to world
02:55:15.748 [FXGL Background Thread 2 ] WARN  GameWorld            - Entity is already attached to world
02:55:15.749 [FXGL Background Thread 2 ] WARN  GameWorld            - Entity is already attached to world
02:55:15.749 [FXGL Background Thread 2 ] WARN  GameWorld            - Entity is already attached to world
02:55:15.750 [FXGL Background Thread 2 ] WARN  GameWorld            - Entity is already attached to world
02:55:15.750 [FXGL Background Thread 2 ] WARN  GameWorld            - Entity is already attached to world
02:55:15.751 [FXGL Background Thread 2 ] WARN  GameWorld            - Entity is already attached to world
02:55:15.752 [FXGL Background Thread 2 ] WARN  GameWorld            - Entity is already attached to world
02:55:15.752 [FXGL Background Thread 2 ] WARN  GameWorld            - Entity is already attached to world
02:55:15.753 [FXGL Background Thread 2 ] WARN  GameWorld            - Entity is already attached to world
02:55:15.753 [FXGL Background Thread 2 ] WARN  GameWorld            - Entity is already attached to world
02:55:15.754 [FXGL Background Thread 2 ] WARN  GameWorld            - Entity is already attached to world
02:55:15.754 [FXGL Background Thread 2 ] WARN  GameWorld            - Entity is already attached to world
02:55:15.755 [FXGL Background Thread 2 ] WARN  GameWorld            - Entity is already attached to world
02:55:15.755 [FXGL Background Thread 2 ] WARN  GameWorld            - Entity is already attached to world
02:55:15.755 [FXGL Background Thread 2 ] WARN  GameWorld            - Entity is already attached to world
02:55:15.756 [FXGL Background Thread 2 ] WARN  GameWorld            - Entity is already attached to world
02:55:15.757 [FXGL Background Thread 2 ] WARN  GameWorld            - Entity is already attached to world
02:55:15.758 [FXGL Background Thread 2 ] WARN  GameWorld            - Entity is already attached to world
02:55:15.758 [FXGL Background Thread 2 ] WARN  GameWorld            - Entity is already attached to world
02:55:15.759 [FXGL Background Thread 2 ] WARN  GameWorld            - Entity is already attached to world
02:55:15.760 [FXGL Background Thread 2 ] WARN  GameWorld            - Entity is already attached to world
02:55:15.760 [FXGL Background Thread 2 ] WARN  GameWorld            - Entity is already attached to world
02:55:15.760 [FXGL Background Thread 2 ] WARN  GameWorld            - Entity is already attached to world
02:55:15.761 [FXGL Background Thread 2 ] WARN  GameWorld            - Entity is already attached to world
02:55:15.761 [FXGL Background Thread 2 ] WARN  GameWorld            - Entity is already attached to world
02:55:15.762 [FXGL Background Thread 2 ] WARN  GameWorld            - Entity is already attached to world
02:55:15.762 [FXGL Background Thread 2 ] WARN  GameWorld            - Entity is already attached to world
02:55:15.763 [FXGL Background Thread 2 ] WARN  GameWorld            - Entity is already attached to world
02:55:15.763 [FXGL Background Thread 2 ] WARN  GameWorld            - Entity is already attached to world
02:55:15.764 [FXGL Background Thread 2 ] WARN  GameWorld            - Entity is already attached to world
02:55:15.764 [FXGL Background Thread 2 ] WARN  GameWorld            - Entity is already attached to world
02:55:15.765 [FXGL Background Thread 2 ] WARN  GameWorld            - Entity is already attached to world
02:55:15.765 [FXGL Background Thread 2 ] WARN  GameWorld            - Entity is already attached to world
02:55:15.765 [FXGL Background Thread 2 ] WARN  GameWorld            - Entity is already attached to world
02:55:15.766 [FXGL Background Thread 2 ] WARN  GameWorld            - Entity is already attached to world
02:55:15.766 [FXGL Background Thread 2 ] WARN  GameWorld            - Entity is already attached to world
02:55:15.767 [FXGL Background Thread 2 ] WARN  GameWorld            - Entity is already attached to world
02:55:15.767 [FXGL Background Thread 2 ] WARN  GameWorld            - Entity is already attached to world
02:55:15.768 [FXGL Background Thread 2 ] WARN  GameWorld            - Entity is already attached to world
02:55:15.768 [FXGL Background Thread 2 ] WARN  GameWorld            - Entity is already attached to world
02:55:15.769 [FXGL Background Thread 2 ] WARN  GameWorld            - Entity is already attached to world
02:55:15.769 [FXGL Background Thread 2 ] WARN  GameWorld            - Entity is already attached to world
02:55:15.769 [FXGL Background Thread 2 ] WARN  GameWorld            - Entity is already attached to world
02:55:15.770 [FXGL Background Thread 2 ] WARN  GameWorld            - Entity is already attached to world
02:55:15.770 [FXGL Background Thread 2 ] WARN  GameWorld            - Entity is already attached to world
02:55:15.771 [FXGL Background Thread 2 ] WARN  GameWorld            - Entity is already attached to world
02:55:15.771 [FXGL Background Thread 2 ] WARN  GameWorld            - Entity is already attached to world
02:55:15.772 [FXGL Background Thread 2 ] WARN  GameWorld            - Entity is already attached to world
02:55:15.772 [FXGL Background Thread 2 ] WARN  GameWorld            - Entity is already attached to world
02:55:15.773 [FXGL Background Thread 2 ] DEBUG FXGLAssetLoaderServi - Loading from file system: file:/C:/Users/matip/Desktop/JavaProjects/brick-breaker/target/classes/assets/textures/ball.png
02:55:15.774 [FXGL Background Thread 2 ] WARN  GameWorld            - Entity is already attached to world
02:55:15.775 [FXGL Background Thread 2 ] DEBUG FXGLAssetLoaderServi - Loading from file system: file:/C:/Users/matip/Desktop/JavaProjects/brick-breaker/target/classes/assets/textures/brick-wall.png
02:55:15.795 [FXGL Background Thread 2 ] INFO  FXGLApplication      - Game initialization took: 0.063 sec
02:55:15.796 [JavaFX Application Thread] DEBUG Input                - Clearing active input actions
02:55:15.801 [JavaFX Application Thread] DEBUG GameApplicationServi - Removing overlay from FXGLLoadingScene and adding to GameScene
02:55:15.801 [JavaFX Application Thread] DEBUG PrimaryStageWindow   - FXGLLoadingScene -> GameScene
02:55:16.714 [JavaFX Application Thread] DEBUG FXGLAssetLoaderServi - Loading from file system: file:/C:/Users/matip/Desktop/JavaProjects/brick-breaker/target/classes/assets/textures/brick_damaged.png
02:55:17.629 [FXGL Background Thread 3 ] DEBUG Engine               - Logging environment variables
02:55:17.629 [FXGL Background Thread 3 ] DEBUG Engine               - achievements: []
02:55:17.629 [FXGL Background Thread 3 ] DEBUG Engine               - actualHeight: 600.0
02:55:17.629 [FXGL Background Thread 3 ] DEBUG Engine               - actualHeightProperty: ReadOnlyDoubleProperty [value: 600.0]
02:55:17.629 [FXGL Background Thread 3 ] DEBUG Engine               - actualWidth: 600.0
02:55:17.629 [FXGL Background Thread 3 ] DEBUG Engine               - actualWidthProperty: ReadOnlyDoubleProperty [value: 600.0]
02:55:17.629 [FXGL Background Thread 3 ] DEBUG Engine               - appIcon: fxgl_icon.png
02:55:17.629 [FXGL Background Thread 3 ] DEBUG Engine               - applicationMode: DEVELOPER
02:55:17.629 [FXGL Background Thread 3 ] DEBUG Engine               - cSSList: [fxgl_dark.css]
02:55:17.629 [FXGL Background Thread 3 ] DEBUG Engine               - collisionDetectionStrategy: BRUTE_FORCE
02:55:17.629 [FXGL Background Thread 3 ] DEBUG Engine               - configClass: Optional.empty
02:55:17.629 [FXGL Background Thread 3 ] DEBUG Engine               - credits: []
02:55:17.630 [FXGL Background Thread 3 ] DEBUG Engine               - defaultCursor: CursorInfo(imageName=fxgl_default_cursor.png, hotspotX=7.0, hotspotY=6.0)
02:55:17.630 [FXGL Background Thread 3 ] DEBUG Engine               - devBBoxColorProperty: ObjectProperty [value: 0xff0000ff]
02:55:17.630 [FXGL Background Thread 3 ] DEBUG Engine               - devEnableDebugCameraProperty: BooleanProperty [value: false]
02:55:17.630 [FXGL Background Thread 3 ] DEBUG Engine               - devSensorColorProperty: ObjectProperty [value: 0xffff00ff]
02:55:17.630 [FXGL Background Thread 3 ] DEBUG Engine               - devShowBBoxProperty: BooleanProperty [value: false]
02:55:17.630 [FXGL Background Thread 3 ] DEBUG Engine               - devShowPositionProperty: BooleanProperty [value: false]
02:55:17.630 [FXGL Background Thread 3 ] DEBUG Engine               - enabledMenuItems: []
02:55:17.630 [FXGL Background Thread 3 ] DEBUG Engine               - engineServices: [class com.almasb.fxgl.app.services.FXGLAssetLoaderService, class com.almasb.fxgl.app.FXGLApplication$GameApplicationService, class com.almasb.fxgl.app.services.FXGLDialogService, class com.almasb.fxgl.app.services.IOTaskExecutorService, class com.almasb.fxgl.io.FileSystemService, class com.almasb.fxgl.localization.LocalizationService, class com.almasb.fxgl.app.services.SystemBundleService, class com.almasb.fxgl.profile.SaveLoadService, class com.almasb.fxgl.ui.FXGLUIFactoryServiceProvider, class com.almasb.fxgl.ui.FXGLDialogFactoryServiceProvider, class com.almasb.fxgl.audio.AudioPlayer, class com.almasb.fxgl.notification.impl.NotificationServiceProvider, class com.almasb.fxgl.achievement.AchievementService, class com.almasb.fxgl.cutscene.CutsceneService, class com.almasb.fxgl.minigames.MiniGameService, class com.almasb.fxgl.net.NetService, class com.almasb.fxgl.app.services.UpdaterService, class com.almasb.fxgl.dev.DevService]
02:55:17.630 [FXGL Background Thread 3 ] DEBUG Engine               - fontGame: Abel-Regular.ttf
02:55:17.630 [FXGL Background Thread 3 ] DEBUG Engine               - fontMono: TerminalLandMono-Regular.otf
02:55:17.630 [FXGL Background Thread 3 ] DEBUG Engine               - fontText: Courier-Prime.ttf
02:55:17.630 [FXGL Background Thread 3 ] DEBUG Engine               - fontUI: VarelaRound-Regular.ttf
02:55:17.630 [FXGL Background Thread 3 ] DEBUG Engine               - fullScreen: BooleanProperty [value: false]
02:55:17.630 [FXGL Background Thread 3 ] DEBUG Engine               - gameDifficulty: MEDIUM
02:55:17.630 [FXGL Background Thread 3 ] DEBUG Engine               - gameDifficultyProperty: ObjectProperty [value: MEDIUM]
02:55:17.630 [FXGL Background Thread 3 ] DEBUG Engine               - globalMusicVolume: 0.5
02:55:17.630 [FXGL Background Thread 3 ] DEBUG Engine               - globalMusicVolumeProperty: DoubleProperty [value: 0.5]
02:55:17.630 [FXGL Background Thread 3 ] DEBUG Engine               - globalSoundVolume: 0.5
02:55:17.630 [FXGL Background Thread 3 ] DEBUG Engine               - globalSoundVolumeProperty: DoubleProperty [value: 0.5]
02:55:17.630 [FXGL Background Thread 3 ] DEBUG Engine               - height: 600
02:55:17.630 [FXGL Background Thread 3 ] DEBUG Engine               - is3D: false
02:55:17.630 [FXGL Background Thread 3 ] DEBUG Engine               - isAndroid: false
02:55:17.630 [FXGL Background Thread 3 ] DEBUG Engine               - isBrowser: false
02:55:17.631 [FXGL Background Thread 3 ] DEBUG Engine               - isClickFeedbackEnabled: false
02:55:17.631 [FXGL Background Thread 3 ] DEBUG Engine               - isCloseConfirmation: false
02:55:17.631 [FXGL Background Thread 3 ] DEBUG Engine               - isDesktop: true
02:55:17.631 [FXGL Background Thread 3 ] DEBUG Engine               - isDeveloperMenuEnabled: false
02:55:17.631 [FXGL Background Thread 3 ] DEBUG Engine               - isEmbedded: false
02:55:17.631 [FXGL Background Thread 3 ] DEBUG Engine               - isEntityPreloadEnabled: true
02:55:17.631 [FXGL Background Thread 3 ] DEBUG Engine               - isExperimentalTiledLargeMap: false
02:55:17.631 [FXGL Background Thread 3 ] DEBUG Engine               - isFileSystemWriteAllowed: true
02:55:17.631 [FXGL Background Thread 3 ] DEBUG Engine               - isFullScreenAllowed: false
02:55:17.631 [FXGL Background Thread 3 ] DEBUG Engine               - isFullScreenFromStart: false
02:55:17.631 [FXGL Background Thread 3 ] DEBUG Engine               - isGameMenuEnabled: true
02:55:17.631 [FXGL Background Thread 3 ] DEBUG Engine               - isIOS: false
02:55:17.631 [FXGL Background Thread 3 ] DEBUG Engine               - isIntroEnabled: false
02:55:17.631 [FXGL Background Thread 3 ] DEBUG Engine               - isLinux: false
02:55:17.631 [FXGL Background Thread 3 ] DEBUG Engine               - isMac: false
02:55:17.631 [FXGL Background Thread 3 ] DEBUG Engine               - isMainMenuEnabled: true
02:55:17.631 [FXGL Background Thread 3 ] DEBUG Engine               - isManualResizeEnabled: false
02:55:17.631 [FXGL Background Thread 3 ] DEBUG Engine               - isMobile: false
02:55:17.631 [FXGL Background Thread 3 ] DEBUG Engine               - isNative: false
02:55:17.631 [FXGL Background Thread 3 ] DEBUG Engine               - isPauseMusicWhenMinimized: true
02:55:17.631 [FXGL Background Thread 3 ] DEBUG Engine               - isPreserveResizeRatio: false
02:55:17.631 [FXGL Background Thread 3 ] DEBUG Engine               - isProfilingEnabled: false
02:55:17.631 [FXGL Background Thread 3 ] DEBUG Engine               - isScaleAffectedOnResize: true
02:55:17.631 [FXGL Background Thread 3 ] DEBUG Engine               - isSingleStep: false
02:55:17.631 [FXGL Background Thread 3 ] DEBUG Engine               - isUserProfileEnabled: false
02:55:17.631 [FXGL Background Thread 3 ] DEBUG Engine               - isWindows: true
02:55:17.631 [FXGL Background Thread 3 ] DEBUG Engine               - language: ObjectProperty [value: ENGLISH]
02:55:17.631 [FXGL Background Thread 3 ] DEBUG Engine               - menuKey: ESCAPE
02:55:17.631 [FXGL Background Thread 3 ] DEBUG Engine               - mouseSensitivity: 0.2
02:55:17.631 [FXGL Background Thread 3 ] DEBUG Engine               - notificationViewClass: class com.almasb.fxgl.notification.view.XboxNotificationView
02:55:17.631 [FXGL Background Thread 3 ] DEBUG Engine               - pixelsPerMeter: 50.0
02:55:17.631 [FXGL Background Thread 3 ] DEBUG Engine               - platform: WINDOWS
02:55:17.631 [FXGL Background Thread 3 ] DEBUG Engine               - prefHeightProperty: ReadOnlyDoubleProperty [value: 600.0]
02:55:17.631 [FXGL Background Thread 3 ] DEBUG Engine               - prefWidthProperty: ReadOnlyDoubleProperty [value: 600.0]
02:55:17.631 [FXGL Background Thread 3 ] DEBUG Engine               - profileDir: profiles/
02:55:17.631 [FXGL Background Thread 3 ] DEBUG Engine               - profileName: StringProperty [value: DEFAULT]
02:55:17.631 [FXGL Background Thread 3 ] DEBUG Engine               - randomSeed: -1
02:55:17.631 [FXGL Background Thread 3 ] DEBUG Engine               - runtimeInfo: RuntimeInfo(platform=WINDOWS, version=17.2, build=20.08.2022 16.50)
02:55:17.631 [FXGL Background Thread 3 ] DEBUG Engine               - saveFileExt: sav
02:55:17.631 [FXGL Background Thread 3 ] DEBUG Engine               - scaledHeightProp$fxgl: DoubleProperty [bound, value: 600.0]
02:55:17.631 [FXGL Background Thread 3 ] DEBUG Engine               - scaledWidthProp$fxgl: DoubleProperty [bound, value: 600.0]
02:55:17.631 [FXGL Background Thread 3 ] DEBUG Engine               - sceneFactory: com.example.brickbreaker.menu.CustomSceneFactory@3cf6d8a6
02:55:17.631 [FXGL Background Thread 3 ] DEBUG Engine               - secondsIn24h: 60
02:55:17.631 [FXGL Background Thread 3 ] DEBUG Engine               - soundMenuBack: menu/back.wav
02:55:17.631 [FXGL Background Thread 3 ] DEBUG Engine               - soundMenuPress: menu/press.wav
02:55:17.631 [FXGL Background Thread 3 ] DEBUG Engine               - soundMenuSelect: menu/select.wav
02:55:17.631 [FXGL Background Thread 3 ] DEBUG Engine               - soundNotification: core/notification.wav
02:55:17.631 [FXGL Background Thread 3 ] DEBUG Engine               - stageStyle: DECORATED
02:55:17.631 [FXGL Background Thread 3 ] DEBUG Engine               - supportedLanguages: [ENGLISH, FRENCH, GERMAN, HUNGARIAN, RUSSIAN]
02:55:17.631 [FXGL Background Thread 3 ] DEBUG Engine               - ticksPerSecond: -1
02:55:17.631 [FXGL Background Thread 3 ] DEBUG Engine               - title: Brick Breaker
02:55:17.631 [FXGL Background Thread 3 ] DEBUG Engine               - urlGithub: https://github.com/AlmasB/FXGL
02:55:17.631 [FXGL Background Thread 3 ] DEBUG Engine               - urlLeaderboard: http://fxgl-top.herokuapp.com/
02:55:17.631 [FXGL Background Thread 3 ] DEBUG Engine               - urlPOM: https://raw.githubusercontent.com/AlmasB/FXGL/release/README.md
02:55:17.631 [FXGL Background Thread 3 ] DEBUG Engine               - userAppClass: class com.example.brickbreaker.BrickBreakerApp
02:55:17.631 [FXGL Background Thread 3 ] DEBUG Engine               - version: 0.0
02:55:17.631 [FXGL Background Thread 3 ] DEBUG Engine               - versionCheckDays: 7
02:55:17.631 [FXGL Background Thread 3 ] DEBUG Engine               - width: 600
02:55:17.631 [FXGL Background Thread 3 ] DEBUG Engine               - Logging services
02:55:17.631 [FXGL Background Thread 3 ] DEBUG Engine               - class com.almasb.fxgl.app.services.FXGLAssetLoaderService
02:55:17.631 [FXGL Background Thread 3 ] DEBUG Engine               - class com.almasb.fxgl.app.FXGLApplication$GameApplicationService
02:55:17.631 [FXGL Background Thread 3 ] DEBUG Engine               - class com.almasb.fxgl.app.services.FXGLDialogService
02:55:17.631 [FXGL Background Thread 3 ] DEBUG Engine               - class com.almasb.fxgl.app.services.IOTaskExecutorService
02:55:17.631 [FXGL Background Thread 3 ] DEBUG Engine               - class com.almasb.fxgl.io.FileSystemService
02:55:17.632 [FXGL Background Thread 3 ] DEBUG Engine               - class com.almasb.fxgl.localization.LocalizationService
02:55:17.633 [FXGL Background Thread 3 ] DEBUG Engine               - class com.almasb.fxgl.app.services.SystemBundleService
02:55:17.633 [FXGL Background Thread 3 ] DEBUG Engine               - class com.almasb.fxgl.profile.SaveLoadService
02:55:17.633 [FXGL Background Thread 3 ] DEBUG Engine               - class com.almasb.fxgl.ui.FXGLUIFactoryServiceProvider
02:55:17.633 [FXGL Background Thread 3 ] DEBUG Engine               - class com.almasb.fxgl.ui.FXGLDialogFactoryServiceProvider
02:55:17.633 [FXGL Background Thread 3 ] DEBUG Engine               - class com.almasb.fxgl.audio.AudioPlayer
02:55:17.633 [FXGL Background Thread 3 ] DEBUG Engine               - class com.almasb.fxgl.notification.impl.NotificationServiceProvider
02:55:17.633 [FXGL Background Thread 3 ] DEBUG Engine               - class com.almasb.fxgl.achievement.AchievementService
02:55:17.633 [FXGL Background Thread 3 ] DEBUG Engine               - class com.almasb.fxgl.cutscene.CutsceneService
02:55:17.633 [FXGL Background Thread 3 ] DEBUG Engine               - class com.almasb.fxgl.minigames.MiniGameService
02:55:17.633 [FXGL Background Thread 3 ] DEBUG Engine               - class com.almasb.fxgl.net.NetService
02:55:17.633 [FXGL Background Thread 3 ] DEBUG Engine               - class com.almasb.fxgl.app.services.UpdaterService
02:55:17.633 [FXGL Background Thread 3 ] DEBUG Engine               - class com.almasb.fxgl.dev.DevService
02:55:24.922 [JavaFX Application Thread] DEBUG FXGLAssetLoaderServi - Loading from file system: file:/C:/Users/matip/Desktop/JavaProjects/brick-breaker/target/classes/assets/textures/brick_destroyed.png
02:55:36.108 [JavaFX Application Thread] DEBUG FXGLAssetLoaderServi - Loading from file system: file:/C:/Users/matip/Desktop/JavaProjects/brick-breaker/target/classes/assets/textures/game-over.png
02:55:36.112 [JavaFX Application Thread] DEBUG PrimaryStageWindow   - Push state: GameOverScene
02:55:36.112 [JavaFX Application Thread] DEBUG Input                - Clearing active input actions
02:55:36.112 [JavaFX Application Thread] DEBUG GameApplicationServi - Removing overlay from GameScene and adding to GameOverScene
02:55:36.112 [JavaFX Application Thread] DEBUG PrimaryStageWindow   - GameScene -> GameOverScene
02:55:42.062 [JavaFX Application Thread] DEBUG FXGLApplication      - Exiting FXGL
02:55:42.062 [JavaFX Application Thread] DEBUG LoopRunner           - Stopping loop
02:55:42.062 [JavaFX Application Thread] DEBUG SystemBundleService  - Saving FXGL system data
02:55:42.064 [JavaFX Application Thread] DEBUG FileSystemAccess     - Writing to: C:\Users\matip\Desktop\JavaProjects\brick-breaker\system\fxgl.bundle
02:55:42.065 [JavaFX Application Thread] DEBUG Async                - Shutting down background threads
02:55:42.065 [JavaFX Application Thread] DEBUG PrimaryStageWindow   - Closing main window
02:55:42.071 [JavaFX Application Thread] DEBUG Logger               - Closing Logger
