23:01:49.368 [main                     ] DEBUG Logger               - Configured Logger
23:01:49.386 [main                     ] DEBUG GameApplication      - Logging settings
Title: Brick Breaker
Version: 0.0
Width: 600
Height: 600
Fullscreen: false
Intro: false
Profiling: false
Single step:false
App Mode: DEVELOPER
Menu Key: ESCAPE
Stage Style: DECORATED
Scene Factory: class com.example.brickbreaker.menu.CustomSceneFactory

23:01:49.650 [JavaFX Application Thread] DEBUG FXGLApplication      - Initializing FXGL
23:01:49.653 [JavaFX Application Thread] INFO  Engine               - FXGL-17.2 (20.08.2022 16.50) on WINDOWS (J:18.0.1.1 FX:18.0.2)
23:01:49.654 [JavaFX Application Thread] DEBUG Engine               - JRE Vendor Name: Oracle Corporation
23:01:49.654 [JavaFX Application Thread] DEBUG Engine               - Running on OS: Windows 10 version 10.0
23:01:49.654 [JavaFX Application Thread] DEBUG Engine               - Architecture: amd64
23:01:49.654 [JavaFX Application Thread] INFO  Engine               - Source code and latest versions at: https://github.com/AlmasB/FXGL
23:01:49.654 [JavaFX Application Thread] INFO  Engine               -       Ask questions and discuss at: https://github.com/AlmasB/FXGL/discussions
23:01:49.654 [JavaFX Application Thread] INFO  Engine               -              Join the FXGL chat at: https://gitter.im/AlmasB/FXGL
23:01:49.703 [JavaFX Application Thread] DEBUG PrimaryStageWindow   - Creating a JavaFX scene
23:01:49.729 [JavaFX Application Thread] DEBUG PrimaryStageWindow   - Target settings size: 600.0 x 600.0
23:01:49.729 [JavaFX Application Thread] DEBUG PrimaryStageWindow   - Scaled scene size:    600.0 x 600.0
23:01:49.729 [JavaFX Application Thread] DEBUG PrimaryStageWindow   - Scaled ratio: (1.0, 1.0)
23:01:49.730 [JavaFX Application Thread] DEBUG PrimaryStageWindow   - Set initial scene to FXGLStartupScene
23:01:49.734 [JavaFX Application Thread] DEBUG PrimaryStageWindow   - Opening main window
23:01:49.772 [JavaFX Application Thread] DEBUG PrimaryStageWindow   - Window border size: (16.0, 39.0)
23:01:49.772 [JavaFX Application Thread] DEBUG PrimaryStageWindow   - Scaled size: 600.0 x 600.0
23:01:49.773 [JavaFX Application Thread] DEBUG PrimaryStageWindow   - Scaled ratio: (1.0, 1.0)
23:01:49.773 [JavaFX Application Thread] DEBUG PrimaryStageWindow   - Scene size: 600.0 x 600.0
23:01:49.773 [JavaFX Application Thread] DEBUG PrimaryStageWindow   - Stage size: 616.0 x 639.0
23:01:49.777 [FXGL Background Thread 1 ] DEBUG Engine               - Initializing environment variables
23:01:49.801 [FXGL Background Thread 1 ] DEBUG FXGLAssetLoaderServi - User app class for loading assets: class com.example.brickbreaker.BrickBreakerApp
23:01:49.801 [FXGL Background Thread 1 ] DEBUG GameApplicationServi - Applying CSS: fxgl_dark.css
23:01:49.802 [FXGL Background Thread 1 ] DEBUG FXGLAssetLoaderServi - Loading from file system: jar:file:///C:/Users/matip/.m2/repository/com/github/almasb/fxgl/17.2/fxgl-17.2.jar!/fxglassets/ui/css/fxgl_dark.css
23:01:49.826 [FXGL Background Thread 1 ] DEBUG GameApplicationServi - Initializing application scenes
23:01:49.844 [FXGL Background Thread 1 ] DEBUG GameWorld            - Game world initialized
23:01:49.870 [FXGL Background Thread 1 ] DEBUG PhysicsWorld         - Physics world initialized: appHeight=600, physics.ppm=50.0
23:01:49.870 [FXGL Background Thread 1 ] DEBUG PhysicsWorld         - Using strategy: BRUTE_FORCE
23:01:49.872 [FXGL Background Thread 1 ] DEBUG GameScene            - Game scene initialized: 600x600
23:01:49.873 [FXGL Background Thread 1 ] DEBUG FXGLAssetLoaderServi - Loading from file system: file:/C:/Users/matip/Desktop/JavaProjects/brick-breaker/target/classes/assets/textures/brick-wall.png
23:01:49.906 [FXGL Background Thread 1 ] WARN  FXGL.DefaultMenu     - FXGLDefaultMenu is not designed for resolutions < 800x600
23:01:49.906 [FXGL Background Thread 1 ] DEBUG FXGL.DefaultMenu     - createMenuBodyGameMenu()
23:01:49.913 [FXGL Background Thread 1 ] DEBUG FXGL.DefaultMenu     - createOptionsMenu()
23:01:49.919 [FXGL Background Thread 1 ] DEBUG FXGLAssetLoaderServi - Loading from file system: jar:file:///C:/Users/matip/.m2/repository/com/github/almasb/fxgl/17.2/fxgl-17.2.jar!/fxglassets/textures/particles/smoke.png
23:01:49.970 [FXGL Background Thread 1 ] DEBUG FXGLAssetLoaderServi - Loading from file system: jar:file:///C:/Users/matip/.m2/repository/com/github/almasb/fxgl/17.2/fxgl-17.2.jar!/fxglassets/textures/particles/trace_horizontal.png
23:01:49.979 [FXGL Background Thread 1 ] DEBUG GameApplicationServi - Application scenes initialized
23:01:49.986 [FXGL Background Thread 1 ] DEBUG SystemBundleService  - Loading FXGL system data
23:01:49.987 [FXGL Background Thread 1 ] DEBUG FileSystemAccess     - Reading from: C:\Users\matip\Desktop\JavaProjects\brick-breaker\system\fxgl.bundle
23:01:49.991 [FXGL Background Thread 1 ] DEBUG SystemBundleService  - Bundle FXGL: {}
23:01:49.991 [FXGL Background Thread 1 ] DEBUG UpdaterService       - Checking for updates
23:01:49.994 [FXGL Background Thread 4 ] DEBUG FXGLApplication      - Loading fonts
23:01:49.994 [FXGL Background Thread 1 ] DEBUG FXGLApplication      - Loading default localization
23:01:49.994 [FXGL Background Thread 4 ] DEBUG FXGLAssetLoaderServi - Loading from file system: jar:file:///C:/Users/matip/.m2/repository/com/github/almasb/fxgl/17.2/fxgl-17.2.jar!/fxglassets/ui/fonts/VarelaRound-Regular.ttf
23:01:49.994 [FXGL Background Thread 1 ] DEBUG FXGLAssetLoaderServi - Loading from file system: jar:file:///C:/Users/matip/.m2/repository/com/github/almasb/fxgl/17.2/fxgl-17.2.jar!/fxglassets/languages/english.lang
23:01:50.005 [FXGL Background Thread 1 ] INFO  FXGLApplication      - FXGL initialization took: 0.229 sec
23:01:50.010 [JavaFX Application Thread] DEBUG Input                - Registered new binding: action0 - D
23:01:50.011 [JavaFX Application Thread] DEBUG Input                - Registered new binding: action1 - A
23:01:50.011 [JavaFX Application Thread] DEBUG FXGLAssetLoaderServi - Loading from file system: jar:file:///C:/Users/matip/.m2/repository/com/github/almasb/fxgl/17.2/fxgl-17.2.jar!/fxglassets/textures/fxgl_icon.png
23:01:50.017 [JavaFX Application Thread] DEBUG FXGLAssetLoaderServi - Loading from file system: jar:file:///C:/Users/matip/.m2/repository/com/github/almasb/fxgl/17.2/fxgl-17.2.jar!/fxglassets/textures/fxgl_default_cursor.png
23:01:50.018 [JavaFX Application Thread] DEBUG Input                - Registered new binding: Screenshot - CTRL+8
23:01:50.018 [JavaFX Application Thread] DEBUG Input                - Registered new binding: System info dump - CTRL+9
23:01:50.018 [JavaFX Application Thread] DEBUG Input                - Registered new binding: Restart - CTRL+R
23:01:50.019 [JavaFX Application Thread] DEBUG Input                - Registered new binding: Toggle Debug Camera - CTRL+7
23:01:50.020 [FXGL Background Thread 4 ] DEBUG FXGLAssetLoaderServi - Loading from file system: jar:file:///C:/Users/matip/.m2/repository/com/github/almasb/fxgl/17.2/fxgl-17.2.jar!/fxglassets/ui/fonts/Abel-Regular.ttf
23:01:50.020 [JavaFX Application Thread] DEBUG LoopRunner           - Starting loop
23:01:50.020 [JavaFX Application Thread] DEBUG LoopRunner           - Initializing JavaFX AnimationTimerLoop
23:01:50.021 [JavaFX Application Thread] DEBUG Input                - Clearing active input actions
23:01:50.022 [FXGL Background Thread 4 ] DEBUG FXGLAssetLoaderServi - Loading from file system: jar:file:///C:/Users/matip/.m2/repository/com/github/almasb/fxgl/17.2/fxgl-17.2.jar!/fxglassets/ui/fonts/TerminalLandMono-Regular.otf
23:01:50.024 [FXGL Background Thread 4 ] DEBUG FXGLAssetLoaderServi - Loading from file system: jar:file:///C:/Users/matip/.m2/repository/com/github/almasb/fxgl/17.2/fxgl-17.2.jar!/fxglassets/ui/fonts/Courier-Prime.ttf
23:01:50.025 [JavaFX Application Thread] DEBUG GameApplicationServi - Removing overlay from FXGLStartupScene and adding to FXGLMainMenuDummyScene
23:01:50.025 [JavaFX Application Thread] DEBUG PrimaryStageWindow   - FXGLStartupScene -> FXGLMainMenuDummyScene
23:01:50.025 [JavaFX Application Thread] DEBUG PrimaryStageWindow   - Push state: MainMenu
23:01:50.026 [JavaFX Application Thread] DEBUG Input                - Clearing active input actions
23:01:50.026 [JavaFX Application Thread] DEBUG GameApplicationServi - Removing overlay from FXGLMainMenuDummyScene and adding to MainMenu
23:01:50.026 [JavaFX Application Thread] DEBUG PrimaryStageWindow   - FXGLMainMenuDummyScene -> MainMenu
23:01:50.031 [JavaFX Application Thread] DEBUG FXGLApplication      - Registering font factories with UI factory
23:01:50.284 [FXGL Background Thread 2 ] INFO  UpdaterService       - Your current version:  17.2
23:01:50.284 [FXGL Background Thread 2 ] INFO  UpdaterService       - Latest stable version: 17.3
23:01:51.262 [JavaFX Application Thread] DEBUG Menu                 - fireNewGame()
23:01:51.262 [JavaFX Application Thread] DEBUG GameApplicationServi - Starting new game
23:01:51.262 [JavaFX Application Thread] DEBUG PrimaryStageWindow   - Pop state: MainMenu
23:01:51.262 [JavaFX Application Thread] DEBUG Input                - Clearing active input actions
23:01:51.262 [JavaFX Application Thread] DEBUG GameApplicationServi - Removing overlay from MainMenu and adding to FXGLMainMenuDummyScene
23:01:51.262 [JavaFX Application Thread] DEBUG PrimaryStageWindow   - FXGLMainMenuDummyScene <- MainMenu
23:01:51.263 [JavaFX Application Thread] DEBUG Input                - Clearing active input actions
23:01:51.269 [JavaFX Application Thread] DEBUG GameApplicationServi - Removing overlay from FXGLMainMenuDummyScene and adding to FXGLLoadingScene
23:01:51.269 [JavaFX Application Thread] DEBUG PrimaryStageWindow   - FXGLMainMenuDummyScene -> FXGLLoadingScene
23:01:51.270 [JavaFX Application Thread] DEBUG GameApplicationServi - Clearing previous game
23:01:51.270 [JavaFX Application Thread] DEBUG GameScene            - Clearing game scene
23:01:51.270 [JavaFX Application Thread] DEBUG GameWorld            - Clearing game world
23:01:51.270 [JavaFX Application Thread] DEBUG PhysicsWorld         - Clearing physics world
23:01:51.270 [FXGL Background Thread 2 ] DEBUG FXGLApplication      - Initializing game
23:01:51.281 [FXGL Background Thread 2 ] WARN  GameWorld            - Entity is already attached to world
23:01:51.282 [FXGL Background Thread 2 ] DEBUG FXGLAssetLoaderServi - Loading from file system: file:/C:/Users/matip/Desktop/JavaProjects/brick-breaker/target/classes/assets/textures/ball.png
23:01:51.283 [FXGL Background Thread 2 ] WARN  GameWorld            - Entity is already attached to world
23:01:51.284 [FXGL Background Thread 2 ] INFO  FXGLApplication      - Game initialization took: 0.014 sec
23:01:51.288 [JavaFX Application Thread] DEBUG Input                - Clearing active input actions
23:01:51.292 [JavaFX Application Thread] DEBUG GameApplicationServi - Removing overlay from FXGLLoadingScene and adding to GameScene
23:01:51.292 [JavaFX Application Thread] DEBUG PrimaryStageWindow   - FXGLLoadingScene -> GameScene
23:01:52.995 [FXGL Background Thread 3 ] DEBUG Engine               - Logging environment variables
23:01:52.995 [FXGL Background Thread 3 ] DEBUG Engine               - achievements: []
23:01:52.995 [FXGL Background Thread 3 ] DEBUG Engine               - actualHeight: 600.0
23:01:52.995 [FXGL Background Thread 3 ] DEBUG Engine               - actualHeightProperty: ReadOnlyDoubleProperty [value: 600.0]
23:01:52.995 [FXGL Background Thread 3 ] DEBUG Engine               - actualWidth: 600.0
23:01:52.995 [FXGL Background Thread 3 ] DEBUG Engine               - actualWidthProperty: ReadOnlyDoubleProperty [value: 600.0]
23:01:52.995 [FXGL Background Thread 3 ] DEBUG Engine               - appIcon: fxgl_icon.png
23:01:52.995 [FXGL Background Thread 3 ] DEBUG Engine               - applicationMode: DEVELOPER
23:01:52.995 [FXGL Background Thread 3 ] DEBUG Engine               - cSSList: [fxgl_dark.css]
23:01:52.995 [FXGL Background Thread 3 ] DEBUG Engine               - collisionDetectionStrategy: BRUTE_FORCE
23:01:52.995 [FXGL Background Thread 3 ] DEBUG Engine               - configClass: Optional.empty
23:01:52.995 [FXGL Background Thread 3 ] DEBUG Engine               - credits: []
23:01:52.996 [FXGL Background Thread 3 ] DEBUG Engine               - defaultCursor: CursorInfo(imageName=fxgl_default_cursor.png, hotspotX=7.0, hotspotY=6.0)
23:01:52.996 [FXGL Background Thread 3 ] DEBUG Engine               - devBBoxColorProperty: ObjectProperty [value: 0xff0000ff]
23:01:52.996 [FXGL Background Thread 3 ] DEBUG Engine               - devEnableDebugCameraProperty: BooleanProperty [value: false]
23:01:52.996 [FXGL Background Thread 3 ] DEBUG Engine               - devSensorColorProperty: ObjectProperty [value: 0xffff00ff]
23:01:52.996 [FXGL Background Thread 3 ] DEBUG Engine               - devShowBBoxProperty: BooleanProperty [value: false]
23:01:52.996 [FXGL Background Thread 3 ] DEBUG Engine               - devShowPositionProperty: BooleanProperty [value: false]
23:01:52.996 [FXGL Background Thread 3 ] DEBUG Engine               - enabledMenuItems: []
23:01:52.996 [FXGL Background Thread 3 ] DEBUG Engine               - engineServices: [class com.almasb.fxgl.app.services.FXGLAssetLoaderService, class com.almasb.fxgl.app.FXGLApplication$GameApplicationService, class com.almasb.fxgl.app.services.FXGLDialogService, class com.almasb.fxgl.app.services.IOTaskExecutorService, class com.almasb.fxgl.io.FileSystemService, class com.almasb.fxgl.localization.LocalizationService, class com.almasb.fxgl.app.services.SystemBundleService, class com.almasb.fxgl.profile.SaveLoadService, class com.almasb.fxgl.ui.FXGLUIFactoryServiceProvider, class com.almasb.fxgl.ui.FXGLDialogFactoryServiceProvider, class com.almasb.fxgl.audio.AudioPlayer, class com.almasb.fxgl.notification.impl.NotificationServiceProvider, class com.almasb.fxgl.achievement.AchievementService, class com.almasb.fxgl.cutscene.CutsceneService, class com.almasb.fxgl.minigames.MiniGameService, class com.almasb.fxgl.net.NetService, class com.almasb.fxgl.app.services.UpdaterService, class com.almasb.fxgl.dev.DevService]
23:01:52.996 [FXGL Background Thread 3 ] DEBUG Engine               - fontGame: Abel-Regular.ttf
23:01:52.996 [FXGL Background Thread 3 ] DEBUG Engine               - fontMono: TerminalLandMono-Regular.otf
23:01:52.996 [FXGL Background Thread 3 ] DEBUG Engine               - fontText: Courier-Prime.ttf
23:01:52.996 [FXGL Background Thread 3 ] DEBUG Engine               - fontUI: VarelaRound-Regular.ttf
23:01:52.996 [FXGL Background Thread 3 ] DEBUG Engine               - fullScreen: BooleanProperty [value: false]
23:01:52.996 [FXGL Background Thread 3 ] DEBUG Engine               - gameDifficulty: MEDIUM
23:01:52.996 [FXGL Background Thread 3 ] DEBUG Engine               - gameDifficultyProperty: ObjectProperty [value: MEDIUM]
23:01:52.996 [FXGL Background Thread 3 ] DEBUG Engine               - globalMusicVolume: 0.5
23:01:52.996 [FXGL Background Thread 3 ] DEBUG Engine               - globalMusicVolumeProperty: DoubleProperty [value: 0.5]
23:01:52.996 [FXGL Background Thread 3 ] DEBUG Engine               - globalSoundVolume: 0.5
23:01:52.996 [FXGL Background Thread 3 ] DEBUG Engine               - globalSoundVolumeProperty: DoubleProperty [value: 0.5]
23:01:52.996 [FXGL Background Thread 3 ] DEBUG Engine               - height: 600
23:01:52.997 [FXGL Background Thread 3 ] DEBUG Engine               - is3D: false
23:01:52.997 [FXGL Background Thread 3 ] DEBUG Engine               - isAndroid: false
23:01:52.997 [FXGL Background Thread 3 ] DEBUG Engine               - isBrowser: false
23:01:52.997 [FXGL Background Thread 3 ] DEBUG Engine               - isClickFeedbackEnabled: false
23:01:52.997 [FXGL Background Thread 3 ] DEBUG Engine               - isCloseConfirmation: false
23:01:52.997 [FXGL Background Thread 3 ] DEBUG Engine               - isDesktop: true
23:01:52.997 [FXGL Background Thread 3 ] DEBUG Engine               - isDeveloperMenuEnabled: false
23:01:52.997 [FXGL Background Thread 3 ] DEBUG Engine               - isEmbedded: false
23:01:52.997 [FXGL Background Thread 3 ] DEBUG Engine               - isEntityPreloadEnabled: true
23:01:52.997 [FXGL Background Thread 3 ] DEBUG Engine               - isExperimentalTiledLargeMap: false
23:01:52.997 [FXGL Background Thread 3 ] DEBUG Engine               - isFileSystemWriteAllowed: true
23:01:52.997 [FXGL Background Thread 3 ] DEBUG Engine               - isFullScreenAllowed: false
23:01:52.997 [FXGL Background Thread 3 ] DEBUG Engine               - isFullScreenFromStart: false
23:01:52.997 [FXGL Background Thread 3 ] DEBUG Engine               - isGameMenuEnabled: true
23:01:52.997 [FXGL Background Thread 3 ] DEBUG Engine               - isIOS: false
23:01:52.997 [FXGL Background Thread 3 ] DEBUG Engine               - isIntroEnabled: false
23:01:52.997 [FXGL Background Thread 3 ] DEBUG Engine               - isLinux: false
23:01:52.997 [FXGL Background Thread 3 ] DEBUG Engine               - isMac: false
23:01:52.997 [FXGL Background Thread 3 ] DEBUG Engine               - isMainMenuEnabled: true
23:01:52.997 [FXGL Background Thread 3 ] DEBUG Engine               - isManualResizeEnabled: false
23:01:52.997 [FXGL Background Thread 3 ] DEBUG Engine               - isMobile: false
23:01:52.997 [FXGL Background Thread 3 ] DEBUG Engine               - isNative: false
23:01:52.997 [FXGL Background Thread 3 ] DEBUG Engine               - isPauseMusicWhenMinimized: true
23:01:52.997 [FXGL Background Thread 3 ] DEBUG Engine               - isPreserveResizeRatio: false
23:01:52.997 [FXGL Background Thread 3 ] DEBUG Engine               - isProfilingEnabled: false
23:01:52.997 [FXGL Background Thread 3 ] DEBUG Engine               - isScaleAffectedOnResize: true
23:01:52.997 [FXGL Background Thread 3 ] DEBUG Engine               - isSingleStep: false
23:01:52.997 [FXGL Background Thread 3 ] DEBUG Engine               - isUserProfileEnabled: false
23:01:52.997 [FXGL Background Thread 3 ] DEBUG Engine               - isWindows: true
23:01:52.998 [FXGL Background Thread 3 ] DEBUG Engine               - language: ObjectProperty [value: ENGLISH]
23:01:52.998 [FXGL Background Thread 3 ] DEBUG Engine               - menuKey: ESCAPE
23:01:52.998 [FXGL Background Thread 3 ] DEBUG Engine               - mouseSensitivity: 0.2
23:01:52.998 [FXGL Background Thread 3 ] DEBUG Engine               - notificationViewClass: class com.almasb.fxgl.notification.view.XboxNotificationView
23:01:52.998 [FXGL Background Thread 3 ] DEBUG Engine               - pixelsPerMeter: 50.0
23:01:52.998 [FXGL Background Thread 3 ] DEBUG Engine               - platform: WINDOWS
23:01:52.998 [FXGL Background Thread 3 ] DEBUG Engine               - prefHeightProperty: ReadOnlyDoubleProperty [value: 600.0]
23:01:52.998 [FXGL Background Thread 3 ] DEBUG Engine               - prefWidthProperty: ReadOnlyDoubleProperty [value: 600.0]
23:01:52.998 [FXGL Background Thread 3 ] DEBUG Engine               - profileDir: profiles/
23:01:52.998 [FXGL Background Thread 3 ] DEBUG Engine               - profileName: StringProperty [value: DEFAULT]
23:01:52.998 [FXGL Background Thread 3 ] DEBUG Engine               - randomSeed: -1
23:01:52.998 [FXGL Background Thread 3 ] DEBUG Engine               - runtimeInfo: RuntimeInfo(platform=WINDOWS, version=17.2, build=20.08.2022 16.50)
23:01:52.998 [FXGL Background Thread 3 ] DEBUG Engine               - saveFileExt: sav
23:01:52.998 [FXGL Background Thread 3 ] DEBUG Engine               - scaledHeightProp$fxgl: DoubleProperty [bound, value: 600.0]
23:01:52.998 [FXGL Background Thread 3 ] DEBUG Engine               - scaledWidthProp$fxgl: DoubleProperty [bound, value: 600.0]
23:01:52.998 [FXGL Background Thread 3 ] DEBUG Engine               - sceneFactory: com.example.brickbreaker.menu.CustomSceneFactory@5a7f2f14
23:01:52.998 [FXGL Background Thread 3 ] DEBUG Engine               - secondsIn24h: 60
23:01:52.998 [FXGL Background Thread 3 ] DEBUG Engine               - soundMenuBack: menu/back.wav
23:01:52.998 [FXGL Background Thread 3 ] DEBUG Engine               - soundMenuPress: menu/press.wav
23:01:52.998 [FXGL Background Thread 3 ] DEBUG Engine               - soundMenuSelect: menu/select.wav
23:01:52.998 [FXGL Background Thread 3 ] DEBUG Engine               - soundNotification: core/notification.wav
23:01:52.998 [FXGL Background Thread 3 ] DEBUG Engine               - stageStyle: DECORATED
23:01:52.998 [FXGL Background Thread 3 ] DEBUG Engine               - supportedLanguages: [ENGLISH, FRENCH, GERMAN, HUNGARIAN, RUSSIAN]
23:01:52.999 [FXGL Background Thread 3 ] DEBUG Engine               - ticksPerSecond: -1
23:01:52.999 [FXGL Background Thread 3 ] DEBUG Engine               - title: Brick Breaker
23:01:52.999 [FXGL Background Thread 3 ] DEBUG Engine               - urlGithub: https://github.com/AlmasB/FXGL
23:01:52.999 [FXGL Background Thread 3 ] DEBUG Engine               - urlLeaderboard: http://fxgl-top.herokuapp.com/
23:01:52.999 [FXGL Background Thread 3 ] DEBUG Engine               - urlPOM: https://raw.githubusercontent.com/AlmasB/FXGL/release/README.md
23:01:52.999 [FXGL Background Thread 3 ] DEBUG Engine               - userAppClass: class com.example.brickbreaker.BrickBreakerApp
23:01:52.999 [FXGL Background Thread 3 ] DEBUG Engine               - version: 0.0
23:01:52.999 [FXGL Background Thread 3 ] DEBUG Engine               - versionCheckDays: 7
23:01:52.999 [FXGL Background Thread 3 ] DEBUG Engine               - width: 600
23:01:52.999 [FXGL Background Thread 3 ] DEBUG Engine               - Logging services
23:01:52.999 [FXGL Background Thread 3 ] DEBUG Engine               - class com.almasb.fxgl.app.services.FXGLAssetLoaderService
23:01:52.999 [FXGL Background Thread 3 ] DEBUG Engine               - class com.almasb.fxgl.app.FXGLApplication$GameApplicationService
23:01:52.999 [FXGL Background Thread 3 ] DEBUG Engine               - class com.almasb.fxgl.app.services.FXGLDialogService
23:01:52.999 [FXGL Background Thread 3 ] DEBUG Engine               - class com.almasb.fxgl.app.services.IOTaskExecutorService
23:01:52.999 [FXGL Background Thread 3 ] DEBUG Engine               - class com.almasb.fxgl.io.FileSystemService
23:01:52.999 [FXGL Background Thread 3 ] DEBUG Engine               - class com.almasb.fxgl.localization.LocalizationService
23:01:52.999 [FXGL Background Thread 3 ] DEBUG Engine               - class com.almasb.fxgl.app.services.SystemBundleService
23:01:52.999 [FXGL Background Thread 3 ] DEBUG Engine               - class com.almasb.fxgl.profile.SaveLoadService
23:01:52.999 [FXGL Background Thread 3 ] DEBUG Engine               - class com.almasb.fxgl.ui.FXGLUIFactoryServiceProvider
23:01:52.999 [FXGL Background Thread 3 ] DEBUG Engine               - class com.almasb.fxgl.ui.FXGLDialogFactoryServiceProvider
23:01:52.999 [FXGL Background Thread 3 ] DEBUG Engine               - class com.almasb.fxgl.audio.AudioPlayer
23:01:52.999 [FXGL Background Thread 3 ] DEBUG Engine               - class com.almasb.fxgl.notification.impl.NotificationServiceProvider
23:01:52.999 [FXGL Background Thread 3 ] DEBUG Engine               - class com.almasb.fxgl.achievement.AchievementService
23:01:52.999 [FXGL Background Thread 3 ] DEBUG Engine               - class com.almasb.fxgl.cutscene.CutsceneService
23:01:52.999 [FXGL Background Thread 3 ] DEBUG Engine               - class com.almasb.fxgl.minigames.MiniGameService
23:01:52.999 [FXGL Background Thread 3 ] DEBUG Engine               - class com.almasb.fxgl.net.NetService
23:01:52.999 [FXGL Background Thread 3 ] DEBUG Engine               - class com.almasb.fxgl.app.services.UpdaterService
23:01:52.999 [FXGL Background Thread 3 ] DEBUG Engine               - class com.almasb.fxgl.dev.DevService
23:01:54.836 [JavaFX Application Thread] DEBUG FXGLApplication      - Exiting FXGL
23:01:54.836 [JavaFX Application Thread] DEBUG LoopRunner           - Stopping loop
23:01:54.836 [JavaFX Application Thread] DEBUG SystemBundleService  - Saving FXGL system data
23:01:54.837 [JavaFX Application Thread] DEBUG FileSystemAccess     - Writing to: C:\Users\matip\Desktop\JavaProjects\brick-breaker\system\fxgl.bundle
23:01:54.838 [JavaFX Application Thread] DEBUG Async                - Shutting down background threads
23:01:54.838 [JavaFX Application Thread] DEBUG PrimaryStageWindow   - Closing main window
23:01:54.842 [JavaFX Application Thread] DEBUG Logger               - Closing Logger
