23:06:58.005 [main                     ] DEBUG Logger               - Configured Logger
23:06:58.021 [main                     ] DEBUG GameApplication      - Logging settings
Title: Brick Breaker
Version: 0.0
Width: 600
Height: 600
Fullscreen: false
Intro: false
Profiling: false
Single step:false
App Mode: DEVELOPER
Menu Key: ESCAPE
Stage Style: DECORATED
Scene Factory: class com.example.brickbreaker.menu.CustomSceneFactory

23:06:58.285 [JavaFX Application Thread] DEBUG FXGLApplication      - Initializing FXGL
23:06:58.290 [JavaFX Application Thread] INFO  Engine               - FXGL-17.2 (20.08.2022 16.50) on WINDOWS (J:18.0.1.1 FX:18.0.2)
23:06:58.290 [JavaFX Application Thread] DEBUG Engine               - JRE Vendor Name: Oracle Corporation
23:06:58.290 [JavaFX Application Thread] DEBUG Engine               - Running on OS: Windows 10 version 10.0
23:06:58.290 [JavaFX Application Thread] DEBUG Engine               - Architecture: amd64
23:06:58.290 [JavaFX Application Thread] INFO  Engine               - Source code and latest versions at: https://github.com/AlmasB/FXGL
23:06:58.291 [JavaFX Application Thread] INFO  Engine               -       Ask questions and discuss at: https://github.com/AlmasB/FXGL/discussions
23:06:58.291 [JavaFX Application Thread] INFO  Engine               -              Join the FXGL chat at: https://gitter.im/AlmasB/FXGL
23:06:58.339 [JavaFX Application Thread] DEBUG PrimaryStageWindow   - Creating a JavaFX scene
23:06:58.364 [JavaFX Application Thread] DEBUG PrimaryStageWindow   - Target settings size: 600.0 x 600.0
23:06:58.364 [JavaFX Application Thread] DEBUG PrimaryStageWindow   - Scaled scene size:    600.0 x 600.0
23:06:58.365 [JavaFX Application Thread] DEBUG PrimaryStageWindow   - Scaled ratio: (1.0, 1.0)
23:06:58.365 [JavaFX Application Thread] DEBUG PrimaryStageWindow   - Set initial scene to FXGLStartupScene
23:06:58.369 [JavaFX Application Thread] DEBUG PrimaryStageWindow   - Opening main window
23:06:58.408 [JavaFX Application Thread] DEBUG PrimaryStageWindow   - Window border size: (16.0, 39.0)
23:06:58.408 [JavaFX Application Thread] DEBUG PrimaryStageWindow   - Scaled size: 600.0 x 600.0
23:06:58.408 [JavaFX Application Thread] DEBUG PrimaryStageWindow   - Scaled ratio: (1.0, 1.0)
23:06:58.409 [JavaFX Application Thread] DEBUG PrimaryStageWindow   - Scene size: 600.0 x 600.0
23:06:58.409 [JavaFX Application Thread] DEBUG PrimaryStageWindow   - Stage size: 616.0 x 639.0
23:06:58.412 [FXGL Background Thread 1 ] DEBUG Engine               - Initializing environment variables
23:06:58.436 [FXGL Background Thread 1 ] DEBUG FXGLAssetLoaderServi - User app class for loading assets: class com.example.brickbreaker.BrickBreakerApp
23:06:58.436 [FXGL Background Thread 1 ] DEBUG GameApplicationServi - Applying CSS: fxgl_dark.css
23:06:58.437 [FXGL Background Thread 1 ] DEBUG FXGLAssetLoaderServi - Loading from file system: jar:file:///C:/Users/matip/.m2/repository/com/github/almasb/fxgl/17.2/fxgl-17.2.jar!/fxglassets/ui/css/fxgl_dark.css
23:06:58.462 [FXGL Background Thread 1 ] DEBUG GameApplicationServi - Initializing application scenes
23:06:58.479 [FXGL Background Thread 1 ] DEBUG GameWorld            - Game world initialized
23:06:58.506 [FXGL Background Thread 1 ] DEBUG PhysicsWorld         - Physics world initialized: appHeight=600, physics.ppm=50.0
23:06:58.506 [FXGL Background Thread 1 ] DEBUG PhysicsWorld         - Using strategy: BRUTE_FORCE
23:06:58.508 [FXGL Background Thread 1 ] DEBUG GameScene            - Game scene initialized: 600x600
23:06:58.509 [FXGL Background Thread 1 ] DEBUG FXGLAssetLoaderServi - Loading from file system: file:/C:/Users/matip/Desktop/JavaProjects/brick-breaker/target/classes/assets/textures/brick-wall.png
23:06:58.541 [FXGL Background Thread 1 ] WARN  FXGL.DefaultMenu     - FXGLDefaultMenu is not designed for resolutions < 800x600
23:06:58.541 [FXGL Background Thread 1 ] DEBUG FXGL.DefaultMenu     - createMenuBodyGameMenu()
23:06:58.548 [FXGL Background Thread 1 ] DEBUG FXGL.DefaultMenu     - createOptionsMenu()
23:06:58.557 [FXGL Background Thread 1 ] DEBUG FXGLAssetLoaderServi - Loading from file system: jar:file:///C:/Users/matip/.m2/repository/com/github/almasb/fxgl/17.2/fxgl-17.2.jar!/fxglassets/textures/particles/smoke.png
23:06:58.599 [FXGL Background Thread 1 ] DEBUG FXGLAssetLoaderServi - Loading from file system: jar:file:///C:/Users/matip/.m2/repository/com/github/almasb/fxgl/17.2/fxgl-17.2.jar!/fxglassets/textures/particles/trace_horizontal.png
23:06:58.609 [FXGL Background Thread 1 ] DEBUG GameApplicationServi - Application scenes initialized
23:06:58.615 [FXGL Background Thread 1 ] DEBUG SystemBundleService  - Loading FXGL system data
23:06:58.617 [FXGL Background Thread 1 ] DEBUG FileSystemAccess     - Reading from: C:\Users\matip\Desktop\JavaProjects\brick-breaker\system\fxgl.bundle
23:06:58.622 [FXGL Background Thread 1 ] DEBUG SystemBundleService  - Bundle FXGL: {}
23:06:58.622 [FXGL Background Thread 1 ] DEBUG UpdaterService       - Checking for updates
23:06:58.624 [FXGL Background Thread 4 ] DEBUG FXGLApplication      - Loading fonts
23:06:58.624 [FXGL Background Thread 1 ] DEBUG FXGLApplication      - Loading default localization
23:06:58.625 [FXGL Background Thread 4 ] DEBUG FXGLAssetLoaderServi - Loading from file system: jar:file:///C:/Users/matip/.m2/repository/com/github/almasb/fxgl/17.2/fxgl-17.2.jar!/fxglassets/ui/fonts/VarelaRound-Regular.ttf
23:06:58.625 [FXGL Background Thread 1 ] DEBUG FXGLAssetLoaderServi - Loading from file system: jar:file:///C:/Users/matip/.m2/repository/com/github/almasb/fxgl/17.2/fxgl-17.2.jar!/fxglassets/languages/english.lang
23:06:58.633 [FXGL Background Thread 1 ] INFO  FXGLApplication      - FXGL initialization took: 0.221 sec
23:06:58.638 [JavaFX Application Thread] DEBUG Input                - Registered new binding: action0 - D
23:06:58.639 [JavaFX Application Thread] DEBUG Input                - Registered new binding: action1 - A
23:06:58.639 [JavaFX Application Thread] DEBUG FXGLAssetLoaderServi - Loading from file system: jar:file:///C:/Users/matip/.m2/repository/com/github/almasb/fxgl/17.2/fxgl-17.2.jar!/fxglassets/textures/fxgl_icon.png
23:06:58.644 [JavaFX Application Thread] DEBUG FXGLAssetLoaderServi - Loading from file system: jar:file:///C:/Users/matip/.m2/repository/com/github/almasb/fxgl/17.2/fxgl-17.2.jar!/fxglassets/textures/fxgl_default_cursor.png
23:06:58.645 [JavaFX Application Thread] DEBUG Input                - Registered new binding: Screenshot - CTRL+8
23:06:58.646 [JavaFX Application Thread] DEBUG Input                - Registered new binding: System info dump - CTRL+9
23:06:58.646 [JavaFX Application Thread] DEBUG Input                - Registered new binding: Restart - CTRL+R
23:06:58.646 [JavaFX Application Thread] DEBUG Input                - Registered new binding: Toggle Debug Camera - CTRL+7
23:06:58.648 [JavaFX Application Thread] DEBUG LoopRunner           - Starting loop
23:06:58.648 [JavaFX Application Thread] DEBUG LoopRunner           - Initializing JavaFX AnimationTimerLoop
23:06:58.649 [FXGL Background Thread 4 ] DEBUG FXGLAssetLoaderServi - Loading from file system: jar:file:///C:/Users/matip/.m2/repository/com/github/almasb/fxgl/17.2/fxgl-17.2.jar!/fxglassets/ui/fonts/Abel-Regular.ttf
23:06:58.649 [JavaFX Application Thread] DEBUG Input                - Clearing active input actions
23:06:58.651 [FXGL Background Thread 4 ] DEBUG FXGLAssetLoaderServi - Loading from file system: jar:file:///C:/Users/matip/.m2/repository/com/github/almasb/fxgl/17.2/fxgl-17.2.jar!/fxglassets/ui/fonts/TerminalLandMono-Regular.otf
23:06:58.653 [FXGL Background Thread 4 ] DEBUG FXGLAssetLoaderServi - Loading from file system: jar:file:///C:/Users/matip/.m2/repository/com/github/almasb/fxgl/17.2/fxgl-17.2.jar!/fxglassets/ui/fonts/Courier-Prime.ttf
23:06:58.654 [JavaFX Application Thread] DEBUG GameApplicationServi - Removing overlay from FXGLStartupScene and adding to FXGLMainMenuDummyScene
23:06:58.655 [JavaFX Application Thread] DEBUG PrimaryStageWindow   - FXGLStartupScene -> FXGLMainMenuDummyScene
23:06:58.655 [JavaFX Application Thread] DEBUG PrimaryStageWindow   - Push state: MainMenu
23:06:58.655 [JavaFX Application Thread] DEBUG Input                - Clearing active input actions
23:06:58.655 [JavaFX Application Thread] DEBUG GameApplicationServi - Removing overlay from FXGLMainMenuDummyScene and adding to MainMenu
23:06:58.656 [JavaFX Application Thread] DEBUG PrimaryStageWindow   - FXGLMainMenuDummyScene -> MainMenu
23:06:58.656 [JavaFX Application Thread] DEBUG FXGLApplication      - Registering font factories with UI factory
23:06:58.908 [FXGL Background Thread 2 ] INFO  UpdaterService       - Your current version:  17.2
23:06:58.908 [FXGL Background Thread 2 ] INFO  UpdaterService       - Latest stable version: 17.3
23:06:59.498 [JavaFX Application Thread] DEBUG FXGLApplication      - Exiting FXGL
23:06:59.499 [JavaFX Application Thread] DEBUG LoopRunner           - Stopping loop
23:06:59.499 [JavaFX Application Thread] DEBUG SystemBundleService  - Saving FXGL system data
23:06:59.499 [JavaFX Application Thread] DEBUG FileSystemAccess     - Writing to: C:\Users\matip\Desktop\JavaProjects\brick-breaker\system\fxgl.bundle
23:06:59.500 [JavaFX Application Thread] DEBUG Async                - Shutting down background threads
23:06:59.500 [JavaFX Application Thread] DEBUG PrimaryStageWindow   - Closing main window
23:06:59.506 [JavaFX Application Thread] DEBUG Logger               - Closing Logger
