14:55:05.528 [main                     ] DEBUG Logger               - Configured Logger
14:55:05.541 [main                     ] DEBUG GameApplication      - Logging settings
Title: Brick Breaker
Version: 0.0
Width: 600
Height: 600
Fullscreen: false
Intro: false
Profiling: false
Single step:false
App Mode: DEVELOPER
Menu Key: ESCAPE
Stage Style: DECORATED
Scene Factory: class com.example.brickbreaker.menu.CustomSceneFactory

14:55:05.792 [JavaFX Application Thread] DEBUG FXGLApplication      - Initializing FXGL
14:55:05.796 [JavaFX Application Thread] INFO  Engine               - FXGL-17.2 (20.08.2022 16.50) on WINDOWS (J:18.0.1.1 FX:18.0.2)
14:55:05.796 [JavaFX Application Thread] DEBUG Engine               - JRE Vendor Name: Oracle Corporation
14:55:05.796 [JavaFX Application Thread] DEBUG Engine               - Running on OS: Windows 10 version 10.0
14:55:05.796 [JavaFX Application Thread] DEBUG Engine               - Architecture: amd64
14:55:05.796 [JavaFX Application Thread] INFO  Engine               - Source code and latest versions at: https://github.com/AlmasB/FXGL
14:55:05.796 [JavaFX Application Thread] INFO  Engine               -       Ask questions and discuss at: https://github.com/AlmasB/FXGL/discussions
14:55:05.796 [JavaFX Application Thread] INFO  Engine               -              Join the FXGL chat at: https://gitter.im/AlmasB/FXGL
14:55:05.846 [JavaFX Application Thread] DEBUG PrimaryStageWindow   - Creating a JavaFX scene
14:55:05.871 [JavaFX Application Thread] DEBUG PrimaryStageWindow   - Target settings size: 600.0 x 600.0
14:55:05.872 [JavaFX Application Thread] DEBUG PrimaryStageWindow   - Scaled scene size:    600.0 x 600.0
14:55:05.872 [JavaFX Application Thread] DEBUG PrimaryStageWindow   - Scaled ratio: (1.0, 1.0)
14:55:05.872 [JavaFX Application Thread] DEBUG PrimaryStageWindow   - Set initial scene to FXGLStartupScene
14:55:05.876 [JavaFX Application Thread] DEBUG PrimaryStageWindow   - Opening main window
14:55:05.915 [JavaFX Application Thread] DEBUG PrimaryStageWindow   - Window border size: (16.0, 39.0)
14:55:05.915 [JavaFX Application Thread] DEBUG PrimaryStageWindow   - Scaled size: 600.0 x 600.0
14:55:05.915 [JavaFX Application Thread] DEBUG PrimaryStageWindow   - Scaled ratio: (1.0, 1.0)
14:55:05.915 [JavaFX Application Thread] DEBUG PrimaryStageWindow   - Scene size: 600.0 x 600.0
14:55:05.915 [JavaFX Application Thread] DEBUG PrimaryStageWindow   - Stage size: 616.0 x 639.0
14:55:05.919 [FXGL Background Thread 1 ] DEBUG Engine               - Initializing environment variables
14:55:05.943 [FXGL Background Thread 1 ] DEBUG FXGLAssetLoaderServi - User app class for loading assets: class com.example.brickbreaker.BrickBreakerApp
14:55:05.944 [FXGL Background Thread 1 ] DEBUG GameApplicationServi - Applying CSS: fxgl_dark.css
14:55:05.944 [FXGL Background Thread 1 ] DEBUG FXGLAssetLoaderServi - Loading from file system: jar:file:///C:/Users/matip/.m2/repository/com/github/almasb/fxgl/17.2/fxgl-17.2.jar!/fxglassets/ui/css/fxgl_dark.css
14:55:05.968 [FXGL Background Thread 1 ] DEBUG GameApplicationServi - Initializing application scenes
14:55:05.985 [FXGL Background Thread 1 ] DEBUG GameWorld            - Game world initialized
14:55:06.011 [FXGL Background Thread 1 ] DEBUG PhysicsWorld         - Physics world initialized: appHeight=600, physics.ppm=50.0
14:55:06.011 [FXGL Background Thread 1 ] DEBUG PhysicsWorld         - Using strategy: BRUTE_FORCE
14:55:06.014 [FXGL Background Thread 1 ] DEBUG GameScene            - Game scene initialized: 600x600
14:55:06.016 [FXGL Background Thread 1 ] DEBUG FXGLAssetLoaderServi - Loading from file system: file:/C:/Users/matip/Desktop/JavaProjects/brick-breaker/target/classes/assets/textures/brick-wall.png
14:55:06.049 [FXGL Background Thread 1 ] WARN  FXGL.DefaultMenu     - FXGLDefaultMenu is not designed for resolutions < 800x600
14:55:06.049 [FXGL Background Thread 1 ] DEBUG FXGL.DefaultMenu     - createMenuBodyGameMenu()
14:55:06.056 [FXGL Background Thread 1 ] DEBUG FXGL.DefaultMenu     - createOptionsMenu()
14:55:06.065 [FXGL Background Thread 1 ] DEBUG FXGLAssetLoaderServi - Loading from file system: jar:file:///C:/Users/matip/.m2/repository/com/github/almasb/fxgl/17.2/fxgl-17.2.jar!/fxglassets/textures/particles/smoke.png
14:55:06.112 [FXGL Background Thread 1 ] DEBUG FXGLAssetLoaderServi - Loading from file system: jar:file:///C:/Users/matip/.m2/repository/com/github/almasb/fxgl/17.2/fxgl-17.2.jar!/fxglassets/textures/particles/trace_horizontal.png
14:55:06.123 [FXGL Background Thread 1 ] DEBUG GameApplicationServi - Application scenes initialized
14:55:06.130 [FXGL Background Thread 1 ] DEBUG SystemBundleService  - Loading FXGL system data
14:55:06.132 [FXGL Background Thread 1 ] DEBUG FileSystemAccess     - Reading from: C:\Users\matip\Desktop\JavaProjects\brick-breaker\system\fxgl.bundle
14:55:06.137 [FXGL Background Thread 1 ] DEBUG SystemBundleService  - Bundle FXGL: {}
14:55:06.137 [FXGL Background Thread 1 ] DEBUG UpdaterService       - Checking for updates
14:55:06.139 [FXGL Background Thread 4 ] DEBUG FXGLApplication      - Loading fonts
14:55:06.139 [FXGL Background Thread 1 ] DEBUG FXGLApplication      - Loading default localization
14:55:06.139 [FXGL Background Thread 4 ] DEBUG FXGLAssetLoaderServi - Loading from file system: jar:file:///C:/Users/matip/.m2/repository/com/github/almasb/fxgl/17.2/fxgl-17.2.jar!/fxglassets/ui/fonts/VarelaRound-Regular.ttf
14:55:06.140 [FXGL Background Thread 1 ] DEBUG FXGLAssetLoaderServi - Loading from file system: jar:file:///C:/Users/matip/.m2/repository/com/github/almasb/fxgl/17.2/fxgl-17.2.jar!/fxglassets/languages/english.lang
14:55:06.149 [FXGL Background Thread 1 ] INFO  FXGLApplication      - FXGL initialization took: 0.229 sec
14:55:06.155 [JavaFX Application Thread] DEBUG Input                - Registered new binding: action0 - D
14:55:06.155 [JavaFX Application Thread] DEBUG Input                - Registered new binding: action1 - A
14:55:06.155 [JavaFX Application Thread] DEBUG FXGLAssetLoaderServi - Loading from file system: jar:file:///C:/Users/matip/.m2/repository/com/github/almasb/fxgl/17.2/fxgl-17.2.jar!/fxglassets/textures/fxgl_icon.png
14:55:06.159 [JavaFX Application Thread] DEBUG FXGLAssetLoaderServi - Loading from file system: jar:file:///C:/Users/matip/.m2/repository/com/github/almasb/fxgl/17.2/fxgl-17.2.jar!/fxglassets/textures/fxgl_default_cursor.png
14:55:06.160 [JavaFX Application Thread] DEBUG Input                - Registered new binding: Screenshot - CTRL+8
14:55:06.160 [JavaFX Application Thread] DEBUG Input                - Registered new binding: System info dump - CTRL+9
14:55:06.161 [JavaFX Application Thread] DEBUG Input                - Registered new binding: Restart - CTRL+R
14:55:06.162 [JavaFX Application Thread] DEBUG Input                - Registered new binding: Toggle Debug Camera - CTRL+7
14:55:06.163 [JavaFX Application Thread] DEBUG LoopRunner           - Starting loop
14:55:06.163 [JavaFX Application Thread] DEBUG LoopRunner           - Initializing JavaFX AnimationTimerLoop
14:55:06.164 [JavaFX Application Thread] DEBUG Input                - Clearing active input actions
14:55:06.167 [FXGL Background Thread 4 ] DEBUG FXGLAssetLoaderServi - Loading from file system: jar:file:///C:/Users/matip/.m2/repository/com/github/almasb/fxgl/17.2/fxgl-17.2.jar!/fxglassets/ui/fonts/Abel-Regular.ttf
14:55:06.168 [JavaFX Application Thread] DEBUG GameApplicationServi - Removing overlay from FXGLStartupScene and adding to FXGLMainMenuDummyScene
14:55:06.168 [JavaFX Application Thread] DEBUG PrimaryStageWindow   - FXGLStartupScene -> FXGLMainMenuDummyScene
14:55:06.168 [JavaFX Application Thread] DEBUG PrimaryStageWindow   - Push state: MainMenu
14:55:06.168 [JavaFX Application Thread] DEBUG Input                - Clearing active input actions
14:55:06.169 [JavaFX Application Thread] DEBUG GameApplicationServi - Removing overlay from FXGLMainMenuDummyScene and adding to MainMenu
14:55:06.169 [FXGL Background Thread 4 ] DEBUG FXGLAssetLoaderServi - Loading from file system: jar:file:///C:/Users/matip/.m2/repository/com/github/almasb/fxgl/17.2/fxgl-17.2.jar!/fxglassets/ui/fonts/TerminalLandMono-Regular.otf
14:55:06.169 [JavaFX Application Thread] DEBUG PrimaryStageWindow   - FXGLMainMenuDummyScene -> MainMenu
14:55:06.171 [FXGL Background Thread 4 ] DEBUG FXGLAssetLoaderServi - Loading from file system: jar:file:///C:/Users/matip/.m2/repository/com/github/almasb/fxgl/17.2/fxgl-17.2.jar!/fxglassets/ui/fonts/Courier-Prime.ttf
14:55:06.175 [JavaFX Application Thread] DEBUG FXGLApplication      - Registering font factories with UI factory
14:55:06.421 [FXGL Background Thread 2 ] INFO  UpdaterService       - Your current version:  17.2
14:55:06.422 [FXGL Background Thread 2 ] INFO  UpdaterService       - Latest stable version: 17.3
14:55:09.139 [FXGL Background Thread 3 ] DEBUG Engine               - Logging environment variables
14:55:09.139 [FXGL Background Thread 3 ] DEBUG Engine               - achievements: []
14:55:09.139 [FXGL Background Thread 3 ] DEBUG Engine               - actualHeight: 600.0
14:55:09.139 [FXGL Background Thread 3 ] DEBUG Engine               - actualHeightProperty: ReadOnlyDoubleProperty [value: 600.0]
14:55:09.139 [FXGL Background Thread 3 ] DEBUG Engine               - actualWidth: 600.0
14:55:09.139 [FXGL Background Thread 3 ] DEBUG Engine               - actualWidthProperty: ReadOnlyDoubleProperty [value: 600.0]
14:55:09.139 [FXGL Background Thread 3 ] DEBUG Engine               - appIcon: fxgl_icon.png
14:55:09.139 [FXGL Background Thread 3 ] DEBUG Engine               - applicationMode: DEVELOPER
14:55:09.139 [FXGL Background Thread 3 ] DEBUG Engine               - cSSList: [fxgl_dark.css]
14:55:09.140 [FXGL Background Thread 3 ] DEBUG Engine               - collisionDetectionStrategy: BRUTE_FORCE
14:55:09.140 [FXGL Background Thread 3 ] DEBUG Engine               - configClass: Optional.empty
14:55:09.140 [FXGL Background Thread 3 ] DEBUG Engine               - credits: []
14:55:09.140 [FXGL Background Thread 3 ] DEBUG Engine               - defaultCursor: CursorInfo(imageName=fxgl_default_cursor.png, hotspotX=7.0, hotspotY=6.0)
14:55:09.140 [FXGL Background Thread 3 ] DEBUG Engine               - devBBoxColorProperty: ObjectProperty [value: 0xff0000ff]
14:55:09.140 [FXGL Background Thread 3 ] DEBUG Engine               - devEnableDebugCameraProperty: BooleanProperty [value: false]
14:55:09.140 [FXGL Background Thread 3 ] DEBUG Engine               - devSensorColorProperty: ObjectProperty [value: 0xffff00ff]
14:55:09.140 [FXGL Background Thread 3 ] DEBUG Engine               - devShowBBoxProperty: BooleanProperty [value: false]
14:55:09.140 [FXGL Background Thread 3 ] DEBUG Engine               - devShowPositionProperty: BooleanProperty [value: false]
14:55:09.140 [FXGL Background Thread 3 ] DEBUG Engine               - enabledMenuItems: []
14:55:09.140 [FXGL Background Thread 3 ] DEBUG Engine               - engineServices: [class com.almasb.fxgl.app.services.FXGLAssetLoaderService, class com.almasb.fxgl.app.FXGLApplication$GameApplicationService, class com.almasb.fxgl.app.services.FXGLDialogService, class com.almasb.fxgl.app.services.IOTaskExecutorService, class com.almasb.fxgl.io.FileSystemService, class com.almasb.fxgl.localization.LocalizationService, class com.almasb.fxgl.app.services.SystemBundleService, class com.almasb.fxgl.profile.SaveLoadService, class com.almasb.fxgl.ui.FXGLUIFactoryServiceProvider, class com.almasb.fxgl.ui.FXGLDialogFactoryServiceProvider, class com.almasb.fxgl.audio.AudioPlayer, class com.almasb.fxgl.notification.impl.NotificationServiceProvider, class com.almasb.fxgl.achievement.AchievementService, class com.almasb.fxgl.cutscene.CutsceneService, class com.almasb.fxgl.minigames.MiniGameService, class com.almasb.fxgl.net.NetService, class com.almasb.fxgl.app.services.UpdaterService, class com.almasb.fxgl.dev.DevService]
14:55:09.140 [FXGL Background Thread 3 ] DEBUG Engine               - fontGame: Abel-Regular.ttf
14:55:09.140 [FXGL Background Thread 3 ] DEBUG Engine               - fontMono: TerminalLandMono-Regular.otf
14:55:09.140 [FXGL Background Thread 3 ] DEBUG Engine               - fontText: Courier-Prime.ttf
14:55:09.140 [FXGL Background Thread 3 ] DEBUG Engine               - fontUI: VarelaRound-Regular.ttf
14:55:09.140 [FXGL Background Thread 3 ] DEBUG Engine               - fullScreen: BooleanProperty [value: false]
14:55:09.140 [FXGL Background Thread 3 ] DEBUG Engine               - gameDifficulty: MEDIUM
14:55:09.141 [FXGL Background Thread 3 ] DEBUG Engine               - gameDifficultyProperty: ObjectProperty [value: MEDIUM]
14:55:09.141 [FXGL Background Thread 3 ] DEBUG Engine               - globalMusicVolume: 0.5
14:55:09.141 [FXGL Background Thread 3 ] DEBUG Engine               - globalMusicVolumeProperty: DoubleProperty [value: 0.5]
14:55:09.141 [FXGL Background Thread 3 ] DEBUG Engine               - globalSoundVolume: 0.5
14:55:09.141 [FXGL Background Thread 3 ] DEBUG Engine               - globalSoundVolumeProperty: DoubleProperty [value: 0.5]
14:55:09.141 [FXGL Background Thread 3 ] DEBUG Engine               - height: 600
14:55:09.141 [FXGL Background Thread 3 ] DEBUG Engine               - is3D: false
14:55:09.141 [FXGL Background Thread 3 ] DEBUG Engine               - isAndroid: false
14:55:09.141 [FXGL Background Thread 3 ] DEBUG Engine               - isBrowser: false
14:55:09.141 [FXGL Background Thread 3 ] DEBUG Engine               - isClickFeedbackEnabled: false
14:55:09.141 [FXGL Background Thread 3 ] DEBUG Engine               - isCloseConfirmation: false
14:55:09.141 [FXGL Background Thread 3 ] DEBUG Engine               - isDesktop: true
14:55:09.141 [FXGL Background Thread 3 ] DEBUG Engine               - isDeveloperMenuEnabled: false
14:55:09.141 [FXGL Background Thread 3 ] DEBUG Engine               - isEmbedded: false
14:55:09.141 [FXGL Background Thread 3 ] DEBUG Engine               - isEntityPreloadEnabled: true
14:55:09.141 [FXGL Background Thread 3 ] DEBUG Engine               - isExperimentalTiledLargeMap: false
14:55:09.141 [FXGL Background Thread 3 ] DEBUG Engine               - isFileSystemWriteAllowed: true
14:55:09.141 [FXGL Background Thread 3 ] DEBUG Engine               - isFullScreenAllowed: false
14:55:09.141 [FXGL Background Thread 3 ] DEBUG Engine               - isFullScreenFromStart: false
14:55:09.141 [FXGL Background Thread 3 ] DEBUG Engine               - isGameMenuEnabled: true
14:55:09.141 [FXGL Background Thread 3 ] DEBUG Engine               - isIOS: false
14:55:09.141 [FXGL Background Thread 3 ] DEBUG Engine               - isIntroEnabled: false
14:55:09.141 [FXGL Background Thread 3 ] DEBUG Engine               - isLinux: false
14:55:09.141 [FXGL Background Thread 3 ] DEBUG Engine               - isMac: false
14:55:09.142 [FXGL Background Thread 3 ] DEBUG Engine               - isMainMenuEnabled: true
14:55:09.142 [FXGL Background Thread 3 ] DEBUG Engine               - isManualResizeEnabled: false
14:55:09.142 [FXGL Background Thread 3 ] DEBUG Engine               - isMobile: false
14:55:09.142 [FXGL Background Thread 3 ] DEBUG Engine               - isNative: false
14:55:09.142 [FXGL Background Thread 3 ] DEBUG Engine               - isPauseMusicWhenMinimized: true
14:55:09.142 [FXGL Background Thread 3 ] DEBUG Engine               - isPreserveResizeRatio: false
14:55:09.142 [FXGL Background Thread 3 ] DEBUG Engine               - isProfilingEnabled: false
14:55:09.142 [FXGL Background Thread 3 ] DEBUG Engine               - isScaleAffectedOnResize: true
14:55:09.142 [FXGL Background Thread 3 ] DEBUG Engine               - isSingleStep: false
14:55:09.142 [FXGL Background Thread 3 ] DEBUG Engine               - isUserProfileEnabled: false
14:55:09.142 [FXGL Background Thread 3 ] DEBUG Engine               - isWindows: true
14:55:09.142 [FXGL Background Thread 3 ] DEBUG Engine               - language: ObjectProperty [value: ENGLISH]
14:55:09.142 [FXGL Background Thread 3 ] DEBUG Engine               - menuKey: ESCAPE
14:55:09.142 [FXGL Background Thread 3 ] DEBUG Engine               - mouseSensitivity: 0.2
14:55:09.142 [FXGL Background Thread 3 ] DEBUG Engine               - notificationViewClass: class com.almasb.fxgl.notification.view.XboxNotificationView
14:55:09.142 [FXGL Background Thread 3 ] DEBUG Engine               - pixelsPerMeter: 50.0
14:55:09.142 [FXGL Background Thread 3 ] DEBUG Engine               - platform: WINDOWS
14:55:09.142 [FXGL Background Thread 3 ] DEBUG Engine               - prefHeightProperty: ReadOnlyDoubleProperty [value: 600.0]
14:55:09.142 [FXGL Background Thread 3 ] DEBUG Engine               - prefWidthProperty: ReadOnlyDoubleProperty [value: 600.0]
14:55:09.142 [FXGL Background Thread 3 ] DEBUG Engine               - profileDir: profiles/
14:55:09.142 [FXGL Background Thread 3 ] DEBUG Engine               - profileName: StringProperty [value: DEFAULT]
14:55:09.142 [FXGL Background Thread 3 ] DEBUG Engine               - randomSeed: -1
14:55:09.142 [FXGL Background Thread 3 ] DEBUG Engine               - runtimeInfo: RuntimeInfo(platform=WINDOWS, version=17.2, build=20.08.2022 16.50)
14:55:09.143 [FXGL Background Thread 3 ] DEBUG Engine               - saveFileExt: sav
14:55:09.143 [FXGL Background Thread 3 ] DEBUG Engine               - scaledHeightProp$fxgl: DoubleProperty [bound, value: 600.0]
14:55:09.143 [FXGL Background Thread 3 ] DEBUG Engine               - scaledWidthProp$fxgl: DoubleProperty [bound, value: 600.0]
14:55:09.143 [FXGL Background Thread 3 ] DEBUG Engine               - sceneFactory: com.example.brickbreaker.menu.CustomSceneFactory@3bc6aee7
14:55:09.143 [FXGL Background Thread 3 ] DEBUG Engine               - secondsIn24h: 60
14:55:09.143 [FXGL Background Thread 3 ] DEBUG Engine               - soundMenuBack: menu/back.wav
14:55:09.143 [FXGL Background Thread 3 ] DEBUG Engine               - soundMenuPress: menu/press.wav
14:55:09.143 [FXGL Background Thread 3 ] DEBUG Engine               - soundMenuSelect: menu/select.wav
14:55:09.143 [FXGL Background Thread 3 ] DEBUG Engine               - soundNotification: core/notification.wav
14:55:09.143 [FXGL Background Thread 3 ] DEBUG Engine               - stageStyle: DECORATED
14:55:09.143 [FXGL Background Thread 3 ] DEBUG Engine               - supportedLanguages: [ENGLISH, FRENCH, GERMAN, HUNGARIAN, RUSSIAN]
14:55:09.143 [FXGL Background Thread 3 ] DEBUG Engine               - ticksPerSecond: -1
14:55:09.143 [FXGL Background Thread 3 ] DEBUG Engine               - title: Brick Breaker
14:55:09.143 [FXGL Background Thread 3 ] DEBUG Engine               - urlGithub: https://github.com/AlmasB/FXGL
14:55:09.143 [FXGL Background Thread 3 ] DEBUG Engine               - urlLeaderboard: http://fxgl-top.herokuapp.com/
14:55:09.143 [FXGL Background Thread 3 ] DEBUG Engine               - urlPOM: https://raw.githubusercontent.com/AlmasB/FXGL/release/README.md
14:55:09.143 [FXGL Background Thread 3 ] DEBUG Engine               - userAppClass: class com.example.brickbreaker.BrickBreakerApp
14:55:09.143 [FXGL Background Thread 3 ] DEBUG Engine               - version: 0.0
14:55:09.143 [FXGL Background Thread 3 ] DEBUG Engine               - versionCheckDays: 7
14:55:09.143 [FXGL Background Thread 3 ] DEBUG Engine               - width: 600
14:55:09.143 [FXGL Background Thread 3 ] DEBUG Engine               - Logging services
14:55:09.143 [FXGL Background Thread 3 ] DEBUG Engine               - class com.almasb.fxgl.app.services.FXGLAssetLoaderService
14:55:09.143 [FXGL Background Thread 3 ] DEBUG Engine               - class com.almasb.fxgl.app.FXGLApplication$GameApplicationService
14:55:09.143 [FXGL Background Thread 3 ] DEBUG Engine               - class com.almasb.fxgl.app.services.FXGLDialogService
14:55:09.143 [FXGL Background Thread 3 ] DEBUG Engine               - class com.almasb.fxgl.app.services.IOTaskExecutorService
14:55:09.143 [FXGL Background Thread 3 ] DEBUG Engine               - class com.almasb.fxgl.io.FileSystemService
14:55:09.143 [FXGL Background Thread 3 ] DEBUG Engine               - class com.almasb.fxgl.localization.LocalizationService
14:55:09.143 [FXGL Background Thread 3 ] DEBUG Engine               - class com.almasb.fxgl.app.services.SystemBundleService
14:55:09.143 [FXGL Background Thread 3 ] DEBUG Engine               - class com.almasb.fxgl.profile.SaveLoadService
14:55:09.144 [FXGL Background Thread 3 ] DEBUG Engine               - class com.almasb.fxgl.ui.FXGLUIFactoryServiceProvider
14:55:09.144 [FXGL Background Thread 3 ] DEBUG Engine               - class com.almasb.fxgl.ui.FXGLDialogFactoryServiceProvider
14:55:09.144 [FXGL Background Thread 3 ] DEBUG Engine               - class com.almasb.fxgl.audio.AudioPlayer
14:55:09.144 [FXGL Background Thread 3 ] DEBUG Engine               - class com.almasb.fxgl.notification.impl.NotificationServiceProvider
14:55:09.144 [FXGL Background Thread 3 ] DEBUG Engine               - class com.almasb.fxgl.achievement.AchievementService
14:55:09.144 [FXGL Background Thread 3 ] DEBUG Engine               - class com.almasb.fxgl.cutscene.CutsceneService
14:55:09.144 [FXGL Background Thread 3 ] DEBUG Engine               - class com.almasb.fxgl.minigames.MiniGameService
14:55:09.144 [FXGL Background Thread 3 ] DEBUG Engine               - class com.almasb.fxgl.net.NetService
14:55:09.144 [FXGL Background Thread 3 ] DEBUG Engine               - class com.almasb.fxgl.app.services.UpdaterService
14:55:09.144 [FXGL Background Thread 3 ] DEBUG Engine               - class com.almasb.fxgl.dev.DevService
14:55:10.337 [JavaFX Application Thread] DEBUG Menu                 - fireNewGame()
14:55:10.337 [JavaFX Application Thread] DEBUG GameApplicationServi - Starting new game
14:55:10.337 [JavaFX Application Thread] DEBUG PrimaryStageWindow   - Pop state: MainMenu
14:55:10.337 [JavaFX Application Thread] DEBUG Input                - Clearing active input actions
14:55:10.337 [JavaFX Application Thread] DEBUG GameApplicationServi - Removing overlay from MainMenu and adding to FXGLMainMenuDummyScene
14:55:10.338 [JavaFX Application Thread] DEBUG PrimaryStageWindow   - FXGLMainMenuDummyScene <- MainMenu
14:55:10.338 [JavaFX Application Thread] DEBUG Input                - Clearing active input actions
14:55:10.343 [JavaFX Application Thread] DEBUG GameApplicationServi - Removing overlay from FXGLMainMenuDummyScene and adding to FXGLLoadingScene
14:55:10.343 [JavaFX Application Thread] DEBUG PrimaryStageWindow   - FXGLMainMenuDummyScene -> FXGLLoadingScene
14:55:10.343 [JavaFX Application Thread] DEBUG GameApplicationServi - Clearing previous game
14:55:10.343 [JavaFX Application Thread] DEBUG GameScene            - Clearing game scene
14:55:10.343 [JavaFX Application Thread] DEBUG GameWorld            - Clearing game world
14:55:10.343 [JavaFX Application Thread] DEBUG PhysicsWorld         - Clearing physics world
14:55:10.344 [FXGL Background Thread 2 ] DEBUG FXGLApplication      - Initializing game
14:55:10.355 [FXGL Background Thread 2 ] WARN  GameWorld            - Entity is already attached to world
14:55:10.356 [FXGL Background Thread 2 ] WARN  GameWorld            - Entity is already attached to world
14:55:10.356 [FXGL Background Thread 2 ] WARN  GameWorld            - Entity is already attached to world
14:55:10.356 [FXGL Background Thread 2 ] WARN  GameWorld            - Entity is already attached to world
14:55:10.357 [FXGL Background Thread 2 ] WARN  GameWorld            - Entity is already attached to world
14:55:10.357 [FXGL Background Thread 2 ] WARN  GameWorld            - Entity is already attached to world
14:55:10.357 [FXGL Background Thread 2 ] WARN  GameWorld            - Entity is already attached to world
14:55:10.358 [FXGL Background Thread 2 ] WARN  GameWorld            - Entity is already attached to world
14:55:10.359 [FXGL Background Thread 2 ] WARN  GameWorld            - Entity is already attached to world
14:55:10.359 [FXGL Background Thread 2 ] WARN  GameWorld            - Entity is already attached to world
14:55:10.359 [FXGL Background Thread 2 ] WARN  GameWorld            - Entity is already attached to world
14:55:10.360 [FXGL Background Thread 2 ] WARN  GameWorld            - Entity is already attached to world
14:55:10.360 [FXGL Background Thread 2 ] WARN  GameWorld            - Entity is already attached to world
14:55:10.360 [FXGL Background Thread 2 ] WARN  GameWorld            - Entity is already attached to world
14:55:10.361 [FXGL Background Thread 2 ] WARN  GameWorld            - Entity is already attached to world
14:55:10.361 [FXGL Background Thread 2 ] WARN  GameWorld            - Entity is already attached to world
14:55:10.361 [FXGL Background Thread 2 ] WARN  GameWorld            - Entity is already attached to world
14:55:10.362 [FXGL Background Thread 2 ] WARN  GameWorld            - Entity is already attached to world
14:55:10.362 [FXGL Background Thread 2 ] WARN  GameWorld            - Entity is already attached to world
14:55:10.362 [FXGL Background Thread 2 ] WARN  GameWorld            - Entity is already attached to world
14:55:10.363 [FXGL Background Thread 2 ] WARN  GameWorld            - Entity is already attached to world
14:55:10.363 [FXGL Background Thread 2 ] WARN  GameWorld            - Entity is already attached to world
14:55:10.363 [FXGL Background Thread 2 ] WARN  GameWorld            - Entity is already attached to world
14:55:10.364 [FXGL Background Thread 2 ] WARN  GameWorld            - Entity is already attached to world
14:55:10.364 [FXGL Background Thread 2 ] WARN  GameWorld            - Entity is already attached to world
14:55:10.364 [FXGL Background Thread 2 ] WARN  GameWorld            - Entity is already attached to world
14:55:10.365 [FXGL Background Thread 2 ] WARN  GameWorld            - Entity is already attached to world
14:55:10.365 [FXGL Background Thread 2 ] WARN  GameWorld            - Entity is already attached to world
14:55:10.365 [FXGL Background Thread 2 ] WARN  GameWorld            - Entity is already attached to world
14:55:10.366 [FXGL Background Thread 2 ] WARN  GameWorld            - Entity is already attached to world
14:55:10.366 [FXGL Background Thread 2 ] WARN  GameWorld            - Entity is already attached to world
14:55:10.366 [FXGL Background Thread 2 ] WARN  GameWorld            - Entity is already attached to world
14:55:10.366 [FXGL Background Thread 2 ] WARN  GameWorld            - Entity is already attached to world
14:55:10.367 [FXGL Background Thread 2 ] WARN  GameWorld            - Entity is already attached to world
14:55:10.367 [FXGL Background Thread 2 ] WARN  GameWorld            - Entity is already attached to world
14:55:10.367 [FXGL Background Thread 2 ] WARN  GameWorld            - Entity is already attached to world
14:55:10.368 [FXGL Background Thread 2 ] WARN  GameWorld            - Entity is already attached to world
14:55:10.368 [FXGL Background Thread 2 ] WARN  GameWorld            - Entity is already attached to world
14:55:10.368 [FXGL Background Thread 2 ] WARN  GameWorld            - Entity is already attached to world
14:55:10.369 [FXGL Background Thread 2 ] WARN  GameWorld            - Entity is already attached to world
14:55:10.369 [FXGL Background Thread 2 ] WARN  GameWorld            - Entity is already attached to world
14:55:10.369 [FXGL Background Thread 2 ] WARN  GameWorld            - Entity is already attached to world
14:55:10.370 [FXGL Background Thread 2 ] WARN  GameWorld            - Entity is already attached to world
14:55:10.370 [FXGL Background Thread 2 ] WARN  GameWorld            - Entity is already attached to world
14:55:10.370 [FXGL Background Thread 2 ] WARN  GameWorld            - Entity is already attached to world
14:55:10.371 [FXGL Background Thread 2 ] WARN  GameWorld            - Entity is already attached to world
14:55:10.371 [FXGL Background Thread 2 ] WARN  GameWorld            - Entity is already attached to world
14:55:10.371 [FXGL Background Thread 2 ] WARN  GameWorld            - Entity is already attached to world
14:55:10.371 [FXGL Background Thread 2 ] WARN  GameWorld            - Entity is already attached to world
14:55:10.372 [FXGL Background Thread 2 ] WARN  GameWorld            - Entity is already attached to world
14:55:10.372 [FXGL Background Thread 2 ] WARN  GameWorld            - Entity is already attached to world
14:55:10.372 [FXGL Background Thread 2 ] WARN  GameWorld            - Entity is already attached to world
14:55:10.373 [FXGL Background Thread 2 ] WARN  GameWorld            - Entity is already attached to world
14:55:10.373 [FXGL Background Thread 2 ] WARN  GameWorld            - Entity is already attached to world
14:55:10.373 [FXGL Background Thread 2 ] WARN  GameWorld            - Entity is already attached to world
14:55:10.373 [FXGL Background Thread 2 ] WARN  GameWorld            - Entity is already attached to world
14:55:10.374 [FXGL Background Thread 2 ] WARN  GameWorld            - Entity is already attached to world
14:55:10.376 [FXGL Background Thread 2 ] INFO  FXGLApplication      - Game initialization took: 0.031 sec
14:55:10.395 [JavaFX Application Thread] DEBUG Input                - Clearing active input actions
14:55:10.399 [JavaFX Application Thread] DEBUG GameApplicationServi - Removing overlay from FXGLLoadingScene and adding to GameScene
14:55:10.399 [JavaFX Application Thread] DEBUG PrimaryStageWindow   - FXGLLoadingScene -> GameScene
14:55:12.267 [JavaFX Application Thread] DEBUG FXGLApplication      - Exiting FXGL
14:55:12.267 [JavaFX Application Thread] DEBUG LoopRunner           - Stopping loop
14:55:12.267 [JavaFX Application Thread] DEBUG SystemBundleService  - Saving FXGL system data
14:55:12.268 [JavaFX Application Thread] DEBUG FileSystemAccess     - Writing to: C:\Users\matip\Desktop\JavaProjects\brick-breaker\system\fxgl.bundle
14:55:12.269 [JavaFX Application Thread] DEBUG Async                - Shutting down background threads
14:55:12.269 [JavaFX Application Thread] DEBUG PrimaryStageWindow   - Closing main window
14:55:12.277 [JavaFX Application Thread] DEBUG Logger               - Closing Logger
