15:19:35.341 [main                     ] DEBUG Logger               - Configured Logger
15:19:35.360 [main                     ] DEBUG GameApplication      - Logging settings
Title: Brick Breaker
Version: 0.0
Width: 600
Height: 600
Fullscreen: false
Intro: false
Profiling: false
Single step:false
App Mode: DEVELOPER
Menu Key: ESCAPE
Stage Style: DECORATED
Scene Factory: class com.example.brickbreaker.menu.CustomSceneFactory

15:19:35.629 [JavaFX Application Thread] DEBUG FXGLApplication      - Initializing FXGL
15:19:35.633 [JavaFX Application Thread] INFO  Engine               - FXGL-17.2 (20.08.2022 16.50) on WINDOWS (J:18.0.1.1 FX:18.0.2)
15:19:35.633 [JavaFX Application Thread] DEBUG Engine               - JRE Vendor Name: Oracle Corporation
15:19:35.633 [JavaFX Application Thread] DEBUG Engine               - Running on OS: Windows 10 version 10.0
15:19:35.633 [JavaFX Application Thread] DEBUG Engine               - Architecture: amd64
15:19:35.633 [JavaFX Application Thread] INFO  Engine               - Source code and latest versions at: https://github.com/AlmasB/FXGL
15:19:35.633 [JavaFX Application Thread] INFO  Engine               -       Ask questions and discuss at: https://github.com/AlmasB/FXGL/discussions
15:19:35.633 [JavaFX Application Thread] INFO  Engine               -              Join the FXGL chat at: https://gitter.im/AlmasB/FXGL
15:19:35.680 [JavaFX Application Thread] DEBUG PrimaryStageWindow   - Creating a JavaFX scene
15:19:35.707 [JavaFX Application Thread] DEBUG PrimaryStageWindow   - Target settings size: 600.0 x 600.0
15:19:35.707 [JavaFX Application Thread] DEBUG PrimaryStageWindow   - Scaled scene size:    600.0 x 600.0
15:19:35.708 [JavaFX Application Thread] DEBUG PrimaryStageWindow   - Scaled ratio: (1.0, 1.0)
15:19:35.708 [JavaFX Application Thread] DEBUG PrimaryStageWindow   - Set initial scene to FXGLStartupScene
15:19:35.712 [JavaFX Application Thread] DEBUG PrimaryStageWindow   - Opening main window
15:19:35.753 [JavaFX Application Thread] DEBUG PrimaryStageWindow   - Window border size: (16.0, 39.0)
15:19:35.753 [JavaFX Application Thread] DEBUG PrimaryStageWindow   - Scaled size: 600.0 x 600.0
15:19:35.753 [JavaFX Application Thread] DEBUG PrimaryStageWindow   - Scaled ratio: (1.0, 1.0)
15:19:35.754 [JavaFX Application Thread] DEBUG PrimaryStageWindow   - Scene size: 600.0 x 600.0
15:19:35.754 [JavaFX Application Thread] DEBUG PrimaryStageWindow   - Stage size: 616.0 x 639.0
15:19:35.759 [FXGL Background Thread 1 ] DEBUG Engine               - Initializing environment variables
15:19:35.787 [FXGL Background Thread 1 ] DEBUG FXGLAssetLoaderServi - User app class for loading assets: class com.example.brickbreaker.BrickBreakerApp
15:19:35.787 [FXGL Background Thread 1 ] DEBUG GameApplicationServi - Applying CSS: fxgl_dark.css
15:19:35.788 [FXGL Background Thread 1 ] DEBUG FXGLAssetLoaderServi - Loading from file system: jar:file:///C:/Users/matip/.m2/repository/com/github/almasb/fxgl/17.2/fxgl-17.2.jar!/fxglassets/ui/css/fxgl_dark.css
15:19:35.816 [FXGL Background Thread 1 ] DEBUG GameApplicationServi - Initializing application scenes
15:19:35.834 [FXGL Background Thread 1 ] DEBUG GameWorld            - Game world initialized
15:19:35.866 [FXGL Background Thread 1 ] DEBUG PhysicsWorld         - Physics world initialized: appHeight=600, physics.ppm=50.0
15:19:35.867 [FXGL Background Thread 1 ] DEBUG PhysicsWorld         - Using strategy: BRUTE_FORCE
15:19:35.869 [FXGL Background Thread 1 ] DEBUG GameScene            - Game scene initialized: 600x600
15:19:35.870 [FXGL Background Thread 1 ] DEBUG FXGLAssetLoaderServi - Loading from file system: file:/C:/Users/matip/Desktop/JavaProjects/brick-breaker/target/classes/assets/textures/brick-wall.png
15:19:35.907 [FXGL Background Thread 1 ] WARN  FXGL.DefaultMenu     - FXGLDefaultMenu is not designed for resolutions < 800x600
15:19:35.907 [FXGL Background Thread 1 ] DEBUG FXGL.DefaultMenu     - createMenuBodyGameMenu()
15:19:35.913 [FXGL Background Thread 1 ] DEBUG FXGL.DefaultMenu     - createOptionsMenu()
15:19:35.919 [FXGL Background Thread 1 ] DEBUG FXGLAssetLoaderServi - Loading from file system: jar:file:///C:/Users/matip/.m2/repository/com/github/almasb/fxgl/17.2/fxgl-17.2.jar!/fxglassets/textures/particles/smoke.png
15:19:35.960 [FXGL Background Thread 1 ] DEBUG FXGLAssetLoaderServi - Loading from file system: jar:file:///C:/Users/matip/.m2/repository/com/github/almasb/fxgl/17.2/fxgl-17.2.jar!/fxglassets/textures/particles/trace_horizontal.png
15:19:35.969 [FXGL Background Thread 1 ] DEBUG GameApplicationServi - Application scenes initialized
15:19:35.976 [FXGL Background Thread 1 ] DEBUG SystemBundleService  - Loading FXGL system data
15:19:35.979 [FXGL Background Thread 1 ] DEBUG FileSystemAccess     - Reading from: C:\Users\matip\Desktop\JavaProjects\brick-breaker\system\fxgl.bundle
15:19:35.984 [FXGL Background Thread 1 ] DEBUG SystemBundleService  - Bundle FXGL: {}
15:19:35.984 [FXGL Background Thread 1 ] DEBUG UpdaterService       - Checking for updates
15:19:35.986 [FXGL Background Thread 4 ] DEBUG FXGLApplication      - Loading fonts
15:19:35.986 [FXGL Background Thread 1 ] DEBUG FXGLApplication      - Loading default localization
15:19:35.986 [FXGL Background Thread 4 ] DEBUG FXGLAssetLoaderServi - Loading from file system: jar:file:///C:/Users/matip/.m2/repository/com/github/almasb/fxgl/17.2/fxgl-17.2.jar!/fxglassets/ui/fonts/VarelaRound-Regular.ttf
15:19:35.986 [FXGL Background Thread 1 ] DEBUG FXGLAssetLoaderServi - Loading from file system: jar:file:///C:/Users/matip/.m2/repository/com/github/almasb/fxgl/17.2/fxgl-17.2.jar!/fxglassets/languages/english.lang
15:19:35.996 [FXGL Background Thread 1 ] INFO  FXGLApplication      - FXGL initialization took: 0.237 sec
15:19:36.002 [JavaFX Application Thread] DEBUG Input                - Registered new binding: action0 - D
15:19:36.002 [JavaFX Application Thread] DEBUG Input                - Registered new binding: action1 - A
15:19:36.002 [JavaFX Application Thread] DEBUG FXGLAssetLoaderServi - Loading from file system: jar:file:///C:/Users/matip/.m2/repository/com/github/almasb/fxgl/17.2/fxgl-17.2.jar!/fxglassets/textures/fxgl_icon.png
15:19:36.009 [JavaFX Application Thread] DEBUG FXGLAssetLoaderServi - Loading from file system: jar:file:///C:/Users/matip/.m2/repository/com/github/almasb/fxgl/17.2/fxgl-17.2.jar!/fxglassets/textures/fxgl_default_cursor.png
15:19:36.010 [JavaFX Application Thread] DEBUG Input                - Registered new binding: Screenshot - CTRL+8
15:19:36.010 [JavaFX Application Thread] DEBUG Input                - Registered new binding: System info dump - CTRL+9
15:19:36.011 [JavaFX Application Thread] DEBUG Input                - Registered new binding: Restart - CTRL+R
15:19:36.011 [JavaFX Application Thread] DEBUG Input                - Registered new binding: Toggle Debug Camera - CTRL+7
15:19:36.012 [JavaFX Application Thread] DEBUG LoopRunner           - Starting loop
15:19:36.012 [JavaFX Application Thread] DEBUG LoopRunner           - Initializing JavaFX AnimationTimerLoop
15:19:36.014 [JavaFX Application Thread] DEBUG Input                - Clearing active input actions
15:19:36.016 [FXGL Background Thread 4 ] DEBUG FXGLAssetLoaderServi - Loading from file system: jar:file:///C:/Users/matip/.m2/repository/com/github/almasb/fxgl/17.2/fxgl-17.2.jar!/fxglassets/ui/fonts/Abel-Regular.ttf
15:19:36.018 [FXGL Background Thread 4 ] DEBUG FXGLAssetLoaderServi - Loading from file system: jar:file:///C:/Users/matip/.m2/repository/com/github/almasb/fxgl/17.2/fxgl-17.2.jar!/fxglassets/ui/fonts/TerminalLandMono-Regular.otf
15:19:36.020 [JavaFX Application Thread] DEBUG GameApplicationServi - Removing overlay from FXGLStartupScene and adding to FXGLMainMenuDummyScene
15:19:36.020 [JavaFX Application Thread] DEBUG PrimaryStageWindow   - FXGLStartupScene -> FXGLMainMenuDummyScene
15:19:36.020 [JavaFX Application Thread] DEBUG PrimaryStageWindow   - Push state: MainMenu
15:19:36.020 [JavaFX Application Thread] DEBUG Input                - Clearing active input actions
15:19:36.020 [JavaFX Application Thread] DEBUG GameApplicationServi - Removing overlay from FXGLMainMenuDummyScene and adding to MainMenu
15:19:36.021 [JavaFX Application Thread] DEBUG PrimaryStageWindow   - FXGLMainMenuDummyScene -> MainMenu
15:19:36.041 [FXGL Background Thread 4 ] DEBUG FXGLAssetLoaderServi - Loading from file system: jar:file:///C:/Users/matip/.m2/repository/com/github/almasb/fxgl/17.2/fxgl-17.2.jar!/fxglassets/ui/fonts/Courier-Prime.ttf
15:19:36.045 [JavaFX Application Thread] DEBUG FXGLApplication      - Registering font factories with UI factory
15:19:36.320 [FXGL Background Thread 2 ] INFO  UpdaterService       - Your current version:  17.2
15:19:36.320 [FXGL Background Thread 2 ] INFO  UpdaterService       - Latest stable version: 17.3
15:19:36.837 [JavaFX Application Thread] DEBUG Menu                 - fireNewGame()
15:19:36.838 [JavaFX Application Thread] DEBUG GameApplicationServi - Starting new game
15:19:36.838 [JavaFX Application Thread] DEBUG PrimaryStageWindow   - Pop state: MainMenu
15:19:36.838 [JavaFX Application Thread] DEBUG Input                - Clearing active input actions
15:19:36.838 [JavaFX Application Thread] DEBUG GameApplicationServi - Removing overlay from MainMenu and adding to FXGLMainMenuDummyScene
15:19:36.838 [JavaFX Application Thread] DEBUG PrimaryStageWindow   - FXGLMainMenuDummyScene <- MainMenu
15:19:36.838 [JavaFX Application Thread] DEBUG Input                - Clearing active input actions
15:19:36.843 [JavaFX Application Thread] DEBUG GameApplicationServi - Removing overlay from FXGLMainMenuDummyScene and adding to FXGLLoadingScene
15:19:36.844 [JavaFX Application Thread] DEBUG PrimaryStageWindow   - FXGLMainMenuDummyScene -> FXGLLoadingScene
15:19:36.844 [JavaFX Application Thread] DEBUG GameApplicationServi - Clearing previous game
15:19:36.844 [JavaFX Application Thread] DEBUG GameScene            - Clearing game scene
15:19:36.844 [JavaFX Application Thread] DEBUG GameWorld            - Clearing game world
15:19:36.844 [JavaFX Application Thread] DEBUG PhysicsWorld         - Clearing physics world
15:19:36.845 [FXGL Background Thread 2 ] DEBUG FXGLApplication      - Initializing game
15:19:36.857 [FXGL Background Thread 2 ] WARN  GameWorld            - Entity is already attached to world
15:19:36.858 [FXGL Background Thread 2 ] DEBUG FXGLAssetLoaderServi - Loading from file system: file:/C:/Users/matip/Desktop/JavaProjects/brick-breaker/target/classes/assets/textures/brick.png
15:19:36.860 [FXGL Background Thread 2 ] WARN  GameWorld            - Entity is already attached to world
15:19:36.860 [FXGL Background Thread 2 ] WARN  GameWorld            - Entity is already attached to world
15:19:36.861 [FXGL Background Thread 2 ] WARN  GameWorld            - Entity is already attached to world
15:19:36.862 [FXGL Background Thread 2 ] WARN  GameWorld            - Entity is already attached to world
15:19:36.863 [FXGL Background Thread 2 ] WARN  GameWorld            - Entity is already attached to world
15:19:36.863 [FXGL Background Thread 2 ] WARN  GameWorld            - Entity is already attached to world
15:19:36.864 [FXGL Background Thread 2 ] WARN  GameWorld            - Entity is already attached to world
15:19:36.864 [FXGL Background Thread 2 ] WARN  GameWorld            - Entity is already attached to world
15:19:36.865 [FXGL Background Thread 2 ] WARN  GameWorld            - Entity is already attached to world
15:19:36.865 [FXGL Background Thread 2 ] WARN  GameWorld            - Entity is already attached to world
15:19:36.866 [FXGL Background Thread 2 ] WARN  GameWorld            - Entity is already attached to world
15:19:36.867 [FXGL Background Thread 2 ] WARN  GameWorld            - Entity is already attached to world
15:19:36.868 [FXGL Background Thread 2 ] WARN  GameWorld            - Entity is already attached to world
15:19:36.868 [FXGL Background Thread 2 ] WARN  GameWorld            - Entity is already attached to world
15:19:36.869 [FXGL Background Thread 2 ] WARN  GameWorld            - Entity is already attached to world
15:19:36.870 [FXGL Background Thread 2 ] WARN  GameWorld            - Entity is already attached to world
15:19:36.870 [FXGL Background Thread 2 ] WARN  GameWorld            - Entity is already attached to world
15:19:36.871 [FXGL Background Thread 2 ] WARN  GameWorld            - Entity is already attached to world
15:19:36.872 [FXGL Background Thread 2 ] WARN  GameWorld            - Entity is already attached to world
15:19:36.873 [FXGL Background Thread 2 ] WARN  GameWorld            - Entity is already attached to world
15:19:36.874 [FXGL Background Thread 2 ] WARN  GameWorld            - Entity is already attached to world
15:19:36.875 [FXGL Background Thread 2 ] WARN  GameWorld            - Entity is already attached to world
15:19:36.876 [FXGL Background Thread 2 ] WARN  GameWorld            - Entity is already attached to world
15:19:36.876 [FXGL Background Thread 2 ] WARN  GameWorld            - Entity is already attached to world
15:19:36.877 [FXGL Background Thread 2 ] WARN  GameWorld            - Entity is already attached to world
15:19:36.878 [FXGL Background Thread 2 ] WARN  GameWorld            - Entity is already attached to world
15:19:36.878 [FXGL Background Thread 2 ] WARN  GameWorld            - Entity is already attached to world
15:19:36.879 [FXGL Background Thread 2 ] WARN  GameWorld            - Entity is already attached to world
15:19:36.880 [FXGL Background Thread 2 ] WARN  GameWorld            - Entity is already attached to world
15:19:36.880 [FXGL Background Thread 2 ] WARN  GameWorld            - Entity is already attached to world
15:19:36.881 [FXGL Background Thread 2 ] WARN  GameWorld            - Entity is already attached to world
15:19:36.882 [FXGL Background Thread 2 ] WARN  GameWorld            - Entity is already attached to world
15:19:36.882 [FXGL Background Thread 2 ] WARN  GameWorld            - Entity is already attached to world
15:19:36.883 [FXGL Background Thread 2 ] WARN  GameWorld            - Entity is already attached to world
15:19:36.883 [FXGL Background Thread 2 ] WARN  GameWorld            - Entity is already attached to world
15:19:36.884 [FXGL Background Thread 2 ] WARN  GameWorld            - Entity is already attached to world
15:19:36.885 [FXGL Background Thread 2 ] WARN  GameWorld            - Entity is already attached to world
15:19:36.886 [FXGL Background Thread 2 ] WARN  GameWorld            - Entity is already attached to world
15:19:36.886 [FXGL Background Thread 2 ] WARN  GameWorld            - Entity is already attached to world
15:19:36.887 [FXGL Background Thread 2 ] WARN  GameWorld            - Entity is already attached to world
15:19:36.888 [FXGL Background Thread 2 ] WARN  GameWorld            - Entity is already attached to world
15:19:36.889 [FXGL Background Thread 2 ] WARN  GameWorld            - Entity is already attached to world
15:19:36.890 [FXGL Background Thread 2 ] WARN  GameWorld            - Entity is already attached to world
15:19:36.890 [FXGL Background Thread 2 ] WARN  GameWorld            - Entity is already attached to world
15:19:36.891 [FXGL Background Thread 2 ] WARN  GameWorld            - Entity is already attached to world
15:19:36.892 [FXGL Background Thread 2 ] DEBUG FXGLAssetLoaderServi - Loading from file system: file:/C:/Users/matip/Desktop/JavaProjects/brick-breaker/target/classes/assets/textures/ball.png
15:19:36.893 [FXGL Background Thread 2 ] WARN  GameWorld            - Entity is already attached to world
15:19:36.894 [FXGL Background Thread 2 ] INFO  FXGLApplication      - Game initialization took: 0.050 sec
15:19:36.894 [JavaFX Application Thread] DEBUG Input                - Clearing active input actions
15:19:36.900 [JavaFX Application Thread] DEBUG GameApplicationServi - Removing overlay from FXGLLoadingScene and adding to GameScene
15:19:36.900 [JavaFX Application Thread] DEBUG PrimaryStageWindow   - FXGLLoadingScene -> GameScene
15:19:37.815 [JavaFX Application Thread] DEBUG FXGLAssetLoaderServi - Loading from file system: file:/C:/Users/matip/Desktop/JavaProjects/brick-breaker/target/classes/assets/textures/brick_damaged.png
15:19:38.464 [JavaFX Application Thread] DEBUG PrimaryStageWindow   - Push state: FXGLDefaultMenu
15:19:38.466 [JavaFX Application Thread] DEBUG Input                - Clearing active input actions
15:19:38.468 [JavaFX Application Thread] DEBUG GameApplicationServi - Removing overlay from GameScene and adding to FXGLDefaultMenu
15:19:38.469 [JavaFX Application Thread] DEBUG PrimaryStageWindow   - GameScene -> FXGLDefaultMenu
15:19:38.987 [FXGL Background Thread 3 ] DEBUG Engine               - Logging environment variables
15:19:38.987 [FXGL Background Thread 3 ] DEBUG Engine               - achievements: []
15:19:38.987 [FXGL Background Thread 3 ] DEBUG Engine               - actualHeight: 600.0
15:19:38.987 [FXGL Background Thread 3 ] DEBUG Engine               - actualHeightProperty: ReadOnlyDoubleProperty [value: 600.0]
15:19:38.987 [FXGL Background Thread 3 ] DEBUG Engine               - actualWidth: 600.0
15:19:38.987 [FXGL Background Thread 3 ] DEBUG Engine               - actualWidthProperty: ReadOnlyDoubleProperty [value: 600.0]
15:19:38.987 [FXGL Background Thread 3 ] DEBUG Engine               - appIcon: fxgl_icon.png
15:19:38.987 [FXGL Background Thread 3 ] DEBUG Engine               - applicationMode: DEVELOPER
15:19:38.987 [FXGL Background Thread 3 ] DEBUG Engine               - cSSList: [fxgl_dark.css]
15:19:38.987 [FXGL Background Thread 3 ] DEBUG Engine               - collisionDetectionStrategy: BRUTE_FORCE
15:19:38.987 [FXGL Background Thread 3 ] DEBUG Engine               - configClass: Optional.empty
15:19:38.987 [FXGL Background Thread 3 ] DEBUG Engine               - credits: []
15:19:38.987 [FXGL Background Thread 3 ] DEBUG Engine               - defaultCursor: CursorInfo(imageName=fxgl_default_cursor.png, hotspotX=7.0, hotspotY=6.0)
15:19:38.988 [FXGL Background Thread 3 ] DEBUG Engine               - devBBoxColorProperty: ObjectProperty [value: 0xff0000ff]
15:19:38.988 [FXGL Background Thread 3 ] DEBUG Engine               - devEnableDebugCameraProperty: BooleanProperty [value: false]
15:19:38.988 [FXGL Background Thread 3 ] DEBUG Engine               - devSensorColorProperty: ObjectProperty [value: 0xffff00ff]
15:19:38.988 [FXGL Background Thread 3 ] DEBUG Engine               - devShowBBoxProperty: BooleanProperty [value: false]
15:19:38.988 [FXGL Background Thread 3 ] DEBUG Engine               - devShowPositionProperty: BooleanProperty [value: false]
15:19:38.988 [FXGL Background Thread 3 ] DEBUG Engine               - enabledMenuItems: []
15:19:38.988 [FXGL Background Thread 3 ] DEBUG Engine               - engineServices: [class com.almasb.fxgl.app.services.FXGLAssetLoaderService, class com.almasb.fxgl.app.FXGLApplication$GameApplicationService, class com.almasb.fxgl.app.services.FXGLDialogService, class com.almasb.fxgl.app.services.IOTaskExecutorService, class com.almasb.fxgl.io.FileSystemService, class com.almasb.fxgl.localization.LocalizationService, class com.almasb.fxgl.app.services.SystemBundleService, class com.almasb.fxgl.profile.SaveLoadService, class com.almasb.fxgl.ui.FXGLUIFactoryServiceProvider, class com.almasb.fxgl.ui.FXGLDialogFactoryServiceProvider, class com.almasb.fxgl.audio.AudioPlayer, class com.almasb.fxgl.notification.impl.NotificationServiceProvider, class com.almasb.fxgl.achievement.AchievementService, class com.almasb.fxgl.cutscene.CutsceneService, class com.almasb.fxgl.minigames.MiniGameService, class com.almasb.fxgl.net.NetService, class com.almasb.fxgl.app.services.UpdaterService, class com.almasb.fxgl.dev.DevService]
15:19:38.988 [FXGL Background Thread 3 ] DEBUG Engine               - fontGame: Abel-Regular.ttf
15:19:38.988 [FXGL Background Thread 3 ] DEBUG Engine               - fontMono: TerminalLandMono-Regular.otf
15:19:38.988 [FXGL Background Thread 3 ] DEBUG Engine               - fontText: Courier-Prime.ttf
15:19:38.988 [FXGL Background Thread 3 ] DEBUG Engine               - fontUI: VarelaRound-Regular.ttf
15:19:38.988 [FXGL Background Thread 3 ] DEBUG Engine               - fullScreen: BooleanProperty [value: false]
15:19:38.988 [FXGL Background Thread 3 ] DEBUG Engine               - gameDifficulty: MEDIUM
15:19:38.988 [FXGL Background Thread 3 ] DEBUG Engine               - gameDifficultyProperty: ObjectProperty [value: MEDIUM]
15:19:38.988 [FXGL Background Thread 3 ] DEBUG Engine               - globalMusicVolume: 0.5
15:19:38.988 [FXGL Background Thread 3 ] DEBUG Engine               - globalMusicVolumeProperty: DoubleProperty [value: 0.5]
15:19:38.988 [FXGL Background Thread 3 ] DEBUG Engine               - globalSoundVolume: 0.5
15:19:38.988 [FXGL Background Thread 3 ] DEBUG Engine               - globalSoundVolumeProperty: DoubleProperty [value: 0.5]
15:19:38.988 [FXGL Background Thread 3 ] DEBUG Engine               - height: 600
15:19:38.988 [FXGL Background Thread 3 ] DEBUG Engine               - is3D: false
15:19:38.988 [FXGL Background Thread 3 ] DEBUG Engine               - isAndroid: false
15:19:38.988 [FXGL Background Thread 3 ] DEBUG Engine               - isBrowser: false
15:19:38.988 [FXGL Background Thread 3 ] DEBUG Engine               - isClickFeedbackEnabled: false
15:19:38.988 [FXGL Background Thread 3 ] DEBUG Engine               - isCloseConfirmation: false
15:19:38.988 [FXGL Background Thread 3 ] DEBUG Engine               - isDesktop: true
15:19:38.989 [FXGL Background Thread 3 ] DEBUG Engine               - isDeveloperMenuEnabled: false
15:19:38.989 [FXGL Background Thread 3 ] DEBUG Engine               - isEmbedded: false
15:19:38.989 [FXGL Background Thread 3 ] DEBUG Engine               - isEntityPreloadEnabled: true
15:19:38.989 [FXGL Background Thread 3 ] DEBUG Engine               - isExperimentalTiledLargeMap: false
15:19:38.989 [FXGL Background Thread 3 ] DEBUG Engine               - isFileSystemWriteAllowed: true
15:19:38.989 [FXGL Background Thread 3 ] DEBUG Engine               - isFullScreenAllowed: false
15:19:38.989 [FXGL Background Thread 3 ] DEBUG Engine               - isFullScreenFromStart: false
15:19:38.989 [FXGL Background Thread 3 ] DEBUG Engine               - isGameMenuEnabled: true
15:19:38.989 [FXGL Background Thread 3 ] DEBUG Engine               - isIOS: false
15:19:38.989 [FXGL Background Thread 3 ] DEBUG Engine               - isIntroEnabled: false
15:19:38.989 [FXGL Background Thread 3 ] DEBUG Engine               - isLinux: false
15:19:38.989 [FXGL Background Thread 3 ] DEBUG Engine               - isMac: false
15:19:38.989 [FXGL Background Thread 3 ] DEBUG Engine               - isMainMenuEnabled: true
15:19:38.989 [FXGL Background Thread 3 ] DEBUG Engine               - isManualResizeEnabled: false
15:19:38.989 [FXGL Background Thread 3 ] DEBUG Engine               - isMobile: false
15:19:38.989 [FXGL Background Thread 3 ] DEBUG Engine               - isNative: false
15:19:38.989 [FXGL Background Thread 3 ] DEBUG Engine               - isPauseMusicWhenMinimized: true
15:19:38.989 [FXGL Background Thread 3 ] DEBUG Engine               - isPreserveResizeRatio: false
15:19:38.989 [FXGL Background Thread 3 ] DEBUG Engine               - isProfilingEnabled: false
15:19:38.989 [FXGL Background Thread 3 ] DEBUG Engine               - isScaleAffectedOnResize: true
15:19:38.989 [FXGL Background Thread 3 ] DEBUG Engine               - isSingleStep: false
15:19:38.989 [FXGL Background Thread 3 ] DEBUG Engine               - isUserProfileEnabled: false
15:19:38.989 [FXGL Background Thread 3 ] DEBUG Engine               - isWindows: true
15:19:38.989 [FXGL Background Thread 3 ] DEBUG Engine               - language: ObjectProperty [value: ENGLISH]
15:19:38.989 [FXGL Background Thread 3 ] DEBUG Engine               - menuKey: ESCAPE
15:19:38.989 [FXGL Background Thread 3 ] DEBUG Engine               - mouseSensitivity: 0.2
15:19:38.989 [FXGL Background Thread 3 ] DEBUG Engine               - notificationViewClass: class com.almasb.fxgl.notification.view.XboxNotificationView
15:19:38.989 [FXGL Background Thread 3 ] DEBUG Engine               - pixelsPerMeter: 50.0
15:19:38.989 [FXGL Background Thread 3 ] DEBUG Engine               - platform: WINDOWS
15:19:38.989 [FXGL Background Thread 3 ] DEBUG Engine               - prefHeightProperty: ReadOnlyDoubleProperty [value: 600.0]
15:19:38.989 [FXGL Background Thread 3 ] DEBUG Engine               - prefWidthProperty: ReadOnlyDoubleProperty [value: 600.0]
15:19:38.989 [FXGL Background Thread 3 ] DEBUG Engine               - profileDir: profiles/
15:19:38.989 [FXGL Background Thread 3 ] DEBUG Engine               - profileName: StringProperty [value: DEFAULT]
15:19:38.990 [FXGL Background Thread 3 ] DEBUG Engine               - randomSeed: -1
15:19:38.990 [FXGL Background Thread 3 ] DEBUG Engine               - runtimeInfo: RuntimeInfo(platform=WINDOWS, version=17.2, build=20.08.2022 16.50)
15:19:38.990 [FXGL Background Thread 3 ] DEBUG Engine               - saveFileExt: sav
15:19:38.990 [FXGL Background Thread 3 ] DEBUG Engine               - scaledHeightProp$fxgl: DoubleProperty [bound, value: 600.0]
15:19:38.990 [FXGL Background Thread 3 ] DEBUG Engine               - scaledWidthProp$fxgl: DoubleProperty [bound, value: 600.0]
15:19:38.990 [FXGL Background Thread 3 ] DEBUG Engine               - sceneFactory: com.example.brickbreaker.menu.CustomSceneFactory@250019fa
15:19:38.990 [FXGL Background Thread 3 ] DEBUG Engine               - secondsIn24h: 60
15:19:38.990 [FXGL Background Thread 3 ] DEBUG Engine               - soundMenuBack: menu/back.wav
15:19:38.990 [FXGL Background Thread 3 ] DEBUG Engine               - soundMenuPress: menu/press.wav
15:19:38.990 [FXGL Background Thread 3 ] DEBUG Engine               - soundMenuSelect: menu/select.wav
15:19:38.990 [FXGL Background Thread 3 ] DEBUG Engine               - soundNotification: core/notification.wav
15:19:38.990 [FXGL Background Thread 3 ] DEBUG Engine               - stageStyle: DECORATED
15:19:38.990 [FXGL Background Thread 3 ] DEBUG Engine               - supportedLanguages: [ENGLISH, FRENCH, GERMAN, HUNGARIAN, RUSSIAN]
15:19:38.990 [FXGL Background Thread 3 ] DEBUG Engine               - ticksPerSecond: -1
15:19:38.990 [FXGL Background Thread 3 ] DEBUG Engine               - title: Brick Breaker
15:19:38.990 [FXGL Background Thread 3 ] DEBUG Engine               - urlGithub: https://github.com/AlmasB/FXGL
15:19:38.990 [FXGL Background Thread 3 ] DEBUG Engine               - urlLeaderboard: http://fxgl-top.herokuapp.com/
15:19:38.990 [FXGL Background Thread 3 ] DEBUG Engine               - urlPOM: https://raw.githubusercontent.com/AlmasB/FXGL/release/README.md
15:19:38.990 [FXGL Background Thread 3 ] DEBUG Engine               - userAppClass: class com.example.brickbreaker.BrickBreakerApp
15:19:38.990 [FXGL Background Thread 3 ] DEBUG Engine               - version: 0.0
15:19:38.990 [FXGL Background Thread 3 ] DEBUG Engine               - versionCheckDays: 7
15:19:38.990 [FXGL Background Thread 3 ] DEBUG Engine               - width: 600
15:19:38.990 [FXGL Background Thread 3 ] DEBUG Engine               - Logging services
15:19:38.990 [FXGL Background Thread 3 ] DEBUG Engine               - class com.almasb.fxgl.app.services.FXGLAssetLoaderService
15:19:38.990 [FXGL Background Thread 3 ] DEBUG Engine               - class com.almasb.fxgl.app.FXGLApplication$GameApplicationService
15:19:38.990 [FXGL Background Thread 3 ] DEBUG Engine               - class com.almasb.fxgl.app.services.FXGLDialogService
15:19:38.990 [FXGL Background Thread 3 ] DEBUG Engine               - class com.almasb.fxgl.app.services.IOTaskExecutorService
15:19:38.990 [FXGL Background Thread 3 ] DEBUG Engine               - class com.almasb.fxgl.io.FileSystemService
15:19:38.990 [FXGL Background Thread 3 ] DEBUG Engine               - class com.almasb.fxgl.localization.LocalizationService
15:19:38.990 [FXGL Background Thread 3 ] DEBUG Engine               - class com.almasb.fxgl.app.services.SystemBundleService
15:19:38.990 [FXGL Background Thread 3 ] DEBUG Engine               - class com.almasb.fxgl.profile.SaveLoadService
15:19:38.991 [FXGL Background Thread 3 ] DEBUG Engine               - class com.almasb.fxgl.ui.FXGLUIFactoryServiceProvider
15:19:38.991 [FXGL Background Thread 3 ] DEBUG Engine               - class com.almasb.fxgl.ui.FXGLDialogFactoryServiceProvider
15:19:38.991 [FXGL Background Thread 3 ] DEBUG Engine               - class com.almasb.fxgl.audio.AudioPlayer
15:19:38.991 [FXGL Background Thread 3 ] DEBUG Engine               - class com.almasb.fxgl.notification.impl.NotificationServiceProvider
15:19:38.991 [FXGL Background Thread 3 ] DEBUG Engine               - class com.almasb.fxgl.achievement.AchievementService
15:19:38.991 [FXGL Background Thread 3 ] DEBUG Engine               - class com.almasb.fxgl.cutscene.CutsceneService
15:19:38.991 [FXGL Background Thread 3 ] DEBUG Engine               - class com.almasb.fxgl.minigames.MiniGameService
15:19:38.991 [FXGL Background Thread 3 ] DEBUG Engine               - class com.almasb.fxgl.net.NetService
15:19:38.991 [FXGL Background Thread 3 ] DEBUG Engine               - class com.almasb.fxgl.app.services.UpdaterService
15:19:38.991 [FXGL Background Thread 3 ] DEBUG Engine               - class com.almasb.fxgl.dev.DevService
15:19:39.079 [JavaFX Application Thread] DEBUG PrimaryStageWindow   - Pop state: FXGLDefaultMenu
15:19:39.079 [JavaFX Application Thread] DEBUG Input                - Clearing active input actions
15:19:39.079 [JavaFX Application Thread] DEBUG GameApplicationServi - Removing overlay from FXGLDefaultMenu and adding to GameScene
15:19:39.079 [JavaFX Application Thread] DEBUG PrimaryStageWindow   - GameScene <- FXGLDefaultMenu
15:19:40.904 [JavaFX Application Thread] DEBUG FXGLAssetLoaderServi - Loading from file system: file:/C:/Users/matip/Desktop/JavaProjects/brick-breaker/target/classes/assets/textures/game-over.png
15:19:40.908 [JavaFX Application Thread] DEBUG PrimaryStageWindow   - Push state: GameOverScene
15:19:40.908 [JavaFX Application Thread] DEBUG Input                - Clearing active input actions
15:19:40.908 [JavaFX Application Thread] DEBUG GameApplicationServi - Removing overlay from GameScene and adding to GameOverScene
15:19:40.909 [JavaFX Application Thread] DEBUG PrimaryStageWindow   - GameScene -> GameOverScene
15:19:44.493 [JavaFX Application Thread] DEBUG FXGLApplication      - Exiting FXGL
15:19:44.493 [JavaFX Application Thread] DEBUG LoopRunner           - Stopping loop
15:19:44.493 [JavaFX Application Thread] DEBUG SystemBundleService  - Saving FXGL system data
15:19:44.494 [JavaFX Application Thread] DEBUG FileSystemAccess     - Writing to: C:\Users\matip\Desktop\JavaProjects\brick-breaker\system\fxgl.bundle
15:19:44.495 [JavaFX Application Thread] DEBUG Async                - Shutting down background threads
15:19:44.495 [JavaFX Application Thread] DEBUG PrimaryStageWindow   - Closing main window
15:19:44.501 [JavaFX Application Thread] DEBUG Logger               - Closing Logger
