17:22:23.178 [main                     ] DEBUG Logger               - Configured Logger
17:22:23.194 [main                     ] DEBUG GameApplication      - Logging settings
Title: Brick Breaker
Version: 0.0
Width: 600
Height: 600
Fullscreen: false
Intro: false
Profiling: false
Single step:false
App Mode: DEVELOPER
Menu Key: ESCAPE
Stage Style: DECORATED
Scene Factory: class com.example.brickbreaker.menu.CustomSceneFactory

17:22:23.455 [JavaFX Application Thread] DEBUG FXGLApplication      - Initializing FXGL
17:22:23.459 [JavaFX Application Thread] INFO  Engine               - FXGL-17.2 (20.08.2022 16.50) on WINDOWS (J:18.0.1.1 FX:18.0.2)
17:22:23.459 [JavaFX Application Thread] DEBUG Engine               - JRE Vendor Name: Oracle Corporation
17:22:23.459 [JavaFX Application Thread] DEBUG Engine               - Running on OS: Windows 10 version 10.0
17:22:23.459 [JavaFX Application Thread] DEBUG Engine               - Architecture: amd64
17:22:23.459 [JavaFX Application Thread] INFO  Engine               - Source code and latest versions at: https://github.com/AlmasB/FXGL
17:22:23.460 [JavaFX Application Thread] INFO  Engine               -       Ask questions and discuss at: https://github.com/AlmasB/FXGL/discussions
17:22:23.460 [JavaFX Application Thread] INFO  Engine               -              Join the FXGL chat at: https://gitter.im/AlmasB/FXGL
17:22:23.508 [JavaFX Application Thread] DEBUG PrimaryStageWindow   - Creating a JavaFX scene
17:22:23.533 [JavaFX Application Thread] DEBUG PrimaryStageWindow   - Target settings size: 600.0 x 600.0
17:22:23.533 [JavaFX Application Thread] DEBUG PrimaryStageWindow   - Scaled scene size:    600.0 x 600.0
17:22:23.533 [JavaFX Application Thread] DEBUG PrimaryStageWindow   - Scaled ratio: (1.0, 1.0)
17:22:23.534 [JavaFX Application Thread] DEBUG PrimaryStageWindow   - Set initial scene to FXGLStartupScene
17:22:23.538 [JavaFX Application Thread] DEBUG PrimaryStageWindow   - Opening main window
17:22:23.577 [JavaFX Application Thread] DEBUG PrimaryStageWindow   - Window border size: (16.0, 39.0)
17:22:23.577 [JavaFX Application Thread] DEBUG PrimaryStageWindow   - Scaled size: 600.0 x 600.0
17:22:23.577 [JavaFX Application Thread] DEBUG PrimaryStageWindow   - Scaled ratio: (1.0, 1.0)
17:22:23.577 [JavaFX Application Thread] DEBUG PrimaryStageWindow   - Scene size: 600.0 x 600.0
17:22:23.577 [JavaFX Application Thread] DEBUG PrimaryStageWindow   - Stage size: 616.0 x 639.0
17:22:23.581 [FXGL Background Thread 1 ] DEBUG Engine               - Initializing environment variables
17:22:23.606 [FXGL Background Thread 1 ] DEBUG FXGLAssetLoaderServi - User app class for loading assets: class com.example.brickbreaker.BrickBreakerApp
17:22:23.606 [FXGL Background Thread 1 ] DEBUG GameApplicationServi - Applying CSS: fxgl_dark.css
17:22:23.607 [FXGL Background Thread 1 ] DEBUG FXGLAssetLoaderServi - Loading from file system: jar:file:///C:/Users/matip/.m2/repository/com/github/almasb/fxgl/17.2/fxgl-17.2.jar!/fxglassets/ui/css/fxgl_dark.css
17:22:23.630 [FXGL Background Thread 1 ] DEBUG GameApplicationServi - Initializing application scenes
17:22:23.648 [FXGL Background Thread 1 ] DEBUG GameWorld            - Game world initialized
17:22:23.674 [FXGL Background Thread 1 ] DEBUG PhysicsWorld         - Physics world initialized: appHeight=600, physics.ppm=50.0
17:22:23.674 [FXGL Background Thread 1 ] DEBUG PhysicsWorld         - Using strategy: BRUTE_FORCE
17:22:23.676 [FXGL Background Thread 1 ] DEBUG GameScene            - Game scene initialized: 600x600
17:22:23.677 [FXGL Background Thread 1 ] DEBUG FXGLAssetLoaderServi - Loading from file system: file:/C:/Users/matip/Desktop/JavaProjects/brick-breaker/target/classes/assets/textures/brick-wall.png
17:22:23.709 [FXGL Background Thread 1 ] WARN  FXGL.DefaultMenu     - FXGLDefaultMenu is not designed for resolutions < 800x600
17:22:23.709 [FXGL Background Thread 1 ] DEBUG FXGL.DefaultMenu     - createMenuBodyGameMenu()
17:22:23.716 [FXGL Background Thread 1 ] DEBUG FXGL.DefaultMenu     - createOptionsMenu()
17:22:23.725 [FXGL Background Thread 1 ] DEBUG FXGLAssetLoaderServi - Loading from file system: jar:file:///C:/Users/matip/.m2/repository/com/github/almasb/fxgl/17.2/fxgl-17.2.jar!/fxglassets/textures/particles/smoke.png
17:22:23.766 [FXGL Background Thread 1 ] DEBUG FXGLAssetLoaderServi - Loading from file system: jar:file:///C:/Users/matip/.m2/repository/com/github/almasb/fxgl/17.2/fxgl-17.2.jar!/fxglassets/textures/particles/trace_horizontal.png
17:22:23.776 [FXGL Background Thread 1 ] DEBUG GameApplicationServi - Application scenes initialized
17:22:23.782 [FXGL Background Thread 1 ] DEBUG SystemBundleService  - Loading FXGL system data
17:22:23.784 [FXGL Background Thread 1 ] DEBUG FileSystemAccess     - Reading from: C:\Users\matip\Desktop\JavaProjects\brick-breaker\system\fxgl.bundle
17:22:23.789 [FXGL Background Thread 1 ] DEBUG SystemBundleService  - Bundle FXGL: {}
17:22:23.789 [FXGL Background Thread 1 ] DEBUG UpdaterService       - Checking for updates
17:22:23.791 [FXGL Background Thread 4 ] DEBUG FXGLApplication      - Loading fonts
17:22:23.791 [FXGL Background Thread 1 ] DEBUG FXGLApplication      - Loading default localization
17:22:23.791 [FXGL Background Thread 4 ] DEBUG FXGLAssetLoaderServi - Loading from file system: jar:file:///C:/Users/matip/.m2/repository/com/github/almasb/fxgl/17.2/fxgl-17.2.jar!/fxglassets/ui/fonts/VarelaRound-Regular.ttf
17:22:23.791 [FXGL Background Thread 1 ] DEBUG FXGLAssetLoaderServi - Loading from file system: jar:file:///C:/Users/matip/.m2/repository/com/github/almasb/fxgl/17.2/fxgl-17.2.jar!/fxglassets/languages/english.lang
17:22:23.800 [FXGL Background Thread 1 ] INFO  FXGLApplication      - FXGL initialization took: 0.218 sec
17:22:23.805 [JavaFX Application Thread] DEBUG Input                - Registered new binding: action0 - D
17:22:23.805 [JavaFX Application Thread] DEBUG Input                - Registered new binding: action1 - A
17:22:23.805 [JavaFX Application Thread] DEBUG FXGLAssetLoaderServi - Loading from file system: jar:file:///C:/Users/matip/.m2/repository/com/github/almasb/fxgl/17.2/fxgl-17.2.jar!/fxglassets/textures/fxgl_icon.png
17:22:23.811 [JavaFX Application Thread] DEBUG FXGLAssetLoaderServi - Loading from file system: jar:file:///C:/Users/matip/.m2/repository/com/github/almasb/fxgl/17.2/fxgl-17.2.jar!/fxglassets/textures/fxgl_default_cursor.png
17:22:23.812 [JavaFX Application Thread] DEBUG Input                - Registered new binding: Screenshot - CTRL+8
17:22:23.812 [JavaFX Application Thread] DEBUG Input                - Registered new binding: System info dump - CTRL+9
17:22:23.812 [JavaFX Application Thread] DEBUG Input                - Registered new binding: Restart - CTRL+R
17:22:23.812 [JavaFX Application Thread] DEBUG Input                - Registered new binding: Toggle Debug Camera - CTRL+7
17:22:23.814 [JavaFX Application Thread] DEBUG LoopRunner           - Starting loop
17:22:23.814 [JavaFX Application Thread] DEBUG LoopRunner           - Initializing JavaFX AnimationTimerLoop
17:22:23.815 [JavaFX Application Thread] DEBUG Input                - Clearing active input actions
17:22:23.816 [FXGL Background Thread 4 ] DEBUG FXGLAssetLoaderServi - Loading from file system: jar:file:///C:/Users/matip/.m2/repository/com/github/almasb/fxgl/17.2/fxgl-17.2.jar!/fxglassets/ui/fonts/Abel-Regular.ttf
17:22:23.818 [FXGL Background Thread 4 ] DEBUG FXGLAssetLoaderServi - Loading from file system: jar:file:///C:/Users/matip/.m2/repository/com/github/almasb/fxgl/17.2/fxgl-17.2.jar!/fxglassets/ui/fonts/TerminalLandMono-Regular.otf
17:22:23.819 [JavaFX Application Thread] DEBUG GameApplicationServi - Removing overlay from FXGLStartupScene and adding to FXGLMainMenuDummyScene
17:22:23.819 [JavaFX Application Thread] DEBUG PrimaryStageWindow   - FXGLStartupScene -> FXGLMainMenuDummyScene
17:22:23.819 [JavaFX Application Thread] DEBUG PrimaryStageWindow   - Push state: MainMenu
17:22:23.819 [JavaFX Application Thread] DEBUG Input                - Clearing active input actions
17:22:23.820 [JavaFX Application Thread] DEBUG GameApplicationServi - Removing overlay from FXGLMainMenuDummyScene and adding to MainMenu
17:22:23.820 [JavaFX Application Thread] DEBUG PrimaryStageWindow   - FXGLMainMenuDummyScene -> MainMenu
17:22:23.820 [FXGL Background Thread 4 ] DEBUG FXGLAssetLoaderServi - Loading from file system: jar:file:///C:/Users/matip/.m2/repository/com/github/almasb/fxgl/17.2/fxgl-17.2.jar!/fxglassets/ui/fonts/Courier-Prime.ttf
17:22:23.825 [JavaFX Application Thread] DEBUG FXGLApplication      - Registering font factories with UI factory
17:22:24.063 [FXGL Background Thread 2 ] INFO  UpdaterService       - Your current version:  17.2
17:22:24.063 [FXGL Background Thread 2 ] INFO  UpdaterService       - Latest stable version: 17.3
17:22:24.336 [JavaFX Application Thread] DEBUG Menu                 - fireNewGame()
17:22:24.336 [JavaFX Application Thread] DEBUG GameApplicationServi - Starting new game
17:22:24.336 [JavaFX Application Thread] DEBUG PrimaryStageWindow   - Pop state: MainMenu
17:22:24.336 [JavaFX Application Thread] DEBUG Input                - Clearing active input actions
17:22:24.336 [JavaFX Application Thread] DEBUG GameApplicationServi - Removing overlay from MainMenu and adding to FXGLMainMenuDummyScene
17:22:24.336 [JavaFX Application Thread] DEBUG PrimaryStageWindow   - FXGLMainMenuDummyScene <- MainMenu
17:22:24.337 [JavaFX Application Thread] DEBUG Input                - Clearing active input actions
17:22:24.341 [JavaFX Application Thread] DEBUG GameApplicationServi - Removing overlay from FXGLMainMenuDummyScene and adding to FXGLLoadingScene
17:22:24.341 [JavaFX Application Thread] DEBUG PrimaryStageWindow   - FXGLMainMenuDummyScene -> FXGLLoadingScene
17:22:24.341 [JavaFX Application Thread] DEBUG GameApplicationServi - Clearing previous game
17:22:24.341 [JavaFX Application Thread] DEBUG GameScene            - Clearing game scene
17:22:24.341 [JavaFX Application Thread] DEBUG GameWorld            - Clearing game world
17:22:24.341 [JavaFX Application Thread] DEBUG PhysicsWorld         - Clearing physics world
17:22:24.342 [FXGL Background Thread 2 ] DEBUG FXGLApplication      - Initializing game
17:22:24.352 [FXGL Background Thread 2 ] WARN  GameWorld            - Entity is already attached to world
17:22:24.353 [FXGL Background Thread 2 ] DEBUG FXGLAssetLoaderServi - Loading from file system: file:/C:/Users/matip/Desktop/JavaProjects/brick-breaker/target/classes/assets/textures/brick.png
17:22:24.354 [FXGL Background Thread 2 ] WARN  GameWorld            - Entity is already attached to world
17:22:24.355 [FXGL Background Thread 2 ] WARN  GameWorld            - Entity is already attached to world
17:22:24.355 [FXGL Background Thread 2 ] WARN  GameWorld            - Entity is already attached to world
17:22:24.356 [FXGL Background Thread 2 ] WARN  GameWorld            - Entity is already attached to world
17:22:24.357 [FXGL Background Thread 2 ] WARN  GameWorld            - Entity is already attached to world
17:22:24.357 [FXGL Background Thread 2 ] WARN  GameWorld            - Entity is already attached to world
17:22:24.358 [FXGL Background Thread 2 ] WARN  GameWorld            - Entity is already attached to world
17:22:24.359 [FXGL Background Thread 2 ] WARN  GameWorld            - Entity is already attached to world
17:22:24.359 [FXGL Background Thread 2 ] WARN  GameWorld            - Entity is already attached to world
17:22:24.360 [FXGL Background Thread 2 ] WARN  GameWorld            - Entity is already attached to world
17:22:24.360 [FXGL Background Thread 2 ] WARN  GameWorld            - Entity is already attached to world
17:22:24.361 [FXGL Background Thread 2 ] WARN  GameWorld            - Entity is already attached to world
17:22:24.361 [FXGL Background Thread 2 ] WARN  GameWorld            - Entity is already attached to world
17:22:24.362 [FXGL Background Thread 2 ] WARN  GameWorld            - Entity is already attached to world
17:22:24.362 [FXGL Background Thread 2 ] WARN  GameWorld            - Entity is already attached to world
17:22:24.363 [FXGL Background Thread 2 ] WARN  GameWorld            - Entity is already attached to world
17:22:24.363 [FXGL Background Thread 2 ] WARN  GameWorld            - Entity is already attached to world
17:22:24.364 [FXGL Background Thread 2 ] WARN  GameWorld            - Entity is already attached to world
17:22:24.365 [FXGL Background Thread 2 ] WARN  GameWorld            - Entity is already attached to world
17:22:24.365 [FXGL Background Thread 2 ] WARN  GameWorld            - Entity is already attached to world
17:22:24.366 [FXGL Background Thread 2 ] WARN  GameWorld            - Entity is already attached to world
17:22:24.366 [FXGL Background Thread 2 ] WARN  GameWorld            - Entity is already attached to world
17:22:24.366 [FXGL Background Thread 2 ] WARN  GameWorld            - Entity is already attached to world
17:22:24.367 [FXGL Background Thread 2 ] WARN  GameWorld            - Entity is already attached to world
17:22:24.367 [FXGL Background Thread 2 ] WARN  GameWorld            - Entity is already attached to world
17:22:24.368 [FXGL Background Thread 2 ] WARN  GameWorld            - Entity is already attached to world
17:22:24.368 [FXGL Background Thread 2 ] WARN  GameWorld            - Entity is already attached to world
17:22:24.369 [FXGL Background Thread 2 ] WARN  GameWorld            - Entity is already attached to world
17:22:24.369 [FXGL Background Thread 2 ] WARN  GameWorld            - Entity is already attached to world
17:22:24.370 [FXGL Background Thread 2 ] WARN  GameWorld            - Entity is already attached to world
17:22:24.370 [FXGL Background Thread 2 ] WARN  GameWorld            - Entity is already attached to world
17:22:24.370 [FXGL Background Thread 2 ] WARN  GameWorld            - Entity is already attached to world
17:22:24.371 [FXGL Background Thread 2 ] WARN  GameWorld            - Entity is already attached to world
17:22:24.371 [FXGL Background Thread 2 ] WARN  GameWorld            - Entity is already attached to world
17:22:24.372 [FXGL Background Thread 2 ] WARN  GameWorld            - Entity is already attached to world
17:22:24.372 [FXGL Background Thread 2 ] WARN  GameWorld            - Entity is already attached to world
17:22:24.373 [FXGL Background Thread 2 ] WARN  GameWorld            - Entity is already attached to world
17:22:24.373 [FXGL Background Thread 2 ] WARN  GameWorld            - Entity is already attached to world
17:22:24.374 [FXGL Background Thread 2 ] WARN  GameWorld            - Entity is already attached to world
17:22:24.374 [FXGL Background Thread 2 ] WARN  GameWorld            - Entity is already attached to world
17:22:24.375 [FXGL Background Thread 2 ] WARN  GameWorld            - Entity is already attached to world
17:22:24.375 [FXGL Background Thread 2 ] WARN  GameWorld            - Entity is already attached to world
17:22:24.375 [FXGL Background Thread 2 ] WARN  GameWorld            - Entity is already attached to world
17:22:24.376 [FXGL Background Thread 2 ] WARN  GameWorld            - Entity is already attached to world
17:22:24.376 [FXGL Background Thread 2 ] WARN  GameWorld            - Entity is already attached to world
17:22:24.377 [FXGL Background Thread 2 ] WARN  GameWorld            - Entity is already attached to world
17:22:24.377 [FXGL Background Thread 2 ] WARN  GameWorld            - Entity is already attached to world
17:22:24.377 [FXGL Background Thread 2 ] WARN  GameWorld            - Entity is already attached to world
17:22:24.378 [FXGL Background Thread 2 ] WARN  GameWorld            - Entity is already attached to world
17:22:24.378 [FXGL Background Thread 2 ] WARN  GameWorld            - Entity is already attached to world
17:22:24.379 [FXGL Background Thread 2 ] WARN  GameWorld            - Entity is already attached to world
17:22:24.379 [FXGL Background Thread 2 ] WARN  GameWorld            - Entity is already attached to world
17:22:24.380 [FXGL Background Thread 2 ] WARN  GameWorld            - Entity is already attached to world
17:22:24.380 [FXGL Background Thread 2 ] WARN  GameWorld            - Entity is already attached to world
17:22:24.381 [FXGL Background Thread 2 ] WARN  GameWorld            - Entity is already attached to world
17:22:24.381 [FXGL Background Thread 2 ] WARN  GameWorld            - Entity is already attached to world
17:22:24.382 [FXGL Background Thread 2 ] WARN  GameWorld            - Entity is already attached to world
17:22:24.382 [FXGL Background Thread 2 ] WARN  GameWorld            - Entity is already attached to world
17:22:24.383 [FXGL Background Thread 2 ] WARN  GameWorld            - Entity is already attached to world
17:22:24.383 [FXGL Background Thread 2 ] WARN  GameWorld            - Entity is already attached to world
17:22:24.384 [FXGL Background Thread 2 ] WARN  GameWorld            - Entity is already attached to world
17:22:24.384 [FXGL Background Thread 2 ] WARN  GameWorld            - Entity is already attached to world
17:22:24.385 [FXGL Background Thread 2 ] WARN  GameWorld            - Entity is already attached to world
17:22:24.385 [FXGL Background Thread 2 ] WARN  GameWorld            - Entity is already attached to world
17:22:24.386 [FXGL Background Thread 2 ] WARN  GameWorld            - Entity is already attached to world
17:22:24.386 [FXGL Background Thread 2 ] WARN  GameWorld            - Entity is already attached to world
17:22:24.386 [FXGL Background Thread 2 ] WARN  GameWorld            - Entity is already attached to world
17:22:24.387 [FXGL Background Thread 2 ] WARN  GameWorld            - Entity is already attached to world
17:22:24.387 [FXGL Background Thread 2 ] WARN  GameWorld            - Entity is already attached to world
17:22:24.388 [FXGL Background Thread 2 ] WARN  GameWorld            - Entity is already attached to world
17:22:24.388 [FXGL Background Thread 2 ] WARN  GameWorld            - Entity is already attached to world
17:22:24.389 [FXGL Background Thread 2 ] WARN  GameWorld            - Entity is already attached to world
17:22:24.389 [FXGL Background Thread 2 ] WARN  GameWorld            - Entity is already attached to world
17:22:24.389 [FXGL Background Thread 2 ] WARN  GameWorld            - Entity is already attached to world
17:22:24.390 [FXGL Background Thread 2 ] WARN  GameWorld            - Entity is already attached to world
17:22:24.390 [FXGL Background Thread 2 ] WARN  GameWorld            - Entity is already attached to world
17:22:24.391 [FXGL Background Thread 2 ] WARN  GameWorld            - Entity is already attached to world
17:22:24.391 [FXGL Background Thread 2 ] WARN  GameWorld            - Entity is already attached to world
17:22:24.391 [FXGL Background Thread 2 ] WARN  GameWorld            - Entity is already attached to world
17:22:24.392 [FXGL Background Thread 2 ] WARN  GameWorld            - Entity is already attached to world
17:22:24.392 [FXGL Background Thread 2 ] WARN  GameWorld            - Entity is already attached to world
17:22:24.392 [FXGL Background Thread 2 ] WARN  GameWorld            - Entity is already attached to world
17:22:24.393 [FXGL Background Thread 2 ] WARN  GameWorld            - Entity is already attached to world
17:22:24.393 [FXGL Background Thread 2 ] WARN  GameWorld            - Entity is already attached to world
17:22:24.393 [FXGL Background Thread 2 ] WARN  GameWorld            - Entity is already attached to world
17:22:24.394 [FXGL Background Thread 2 ] WARN  GameWorld            - Entity is already attached to world
17:22:24.394 [FXGL Background Thread 2 ] WARN  GameWorld            - Entity is already attached to world
17:22:24.395 [FXGL Background Thread 2 ] WARN  GameWorld            - Entity is already attached to world
17:22:24.395 [FXGL Background Thread 2 ] WARN  GameWorld            - Entity is already attached to world
17:22:24.396 [FXGL Background Thread 2 ] WARN  GameWorld            - Entity is already attached to world
17:22:24.396 [FXGL Background Thread 2 ] WARN  GameWorld            - Entity is already attached to world
17:22:24.396 [FXGL Background Thread 2 ] WARN  GameWorld            - Entity is already attached to world
17:22:24.397 [FXGL Background Thread 2 ] WARN  GameWorld            - Entity is already attached to world
17:22:24.397 [FXGL Background Thread 2 ] WARN  GameWorld            - Entity is already attached to world
17:22:24.398 [FXGL Background Thread 2 ] WARN  GameWorld            - Entity is already attached to world
17:22:24.398 [FXGL Background Thread 2 ] WARN  GameWorld            - Entity is already attached to world
17:22:24.398 [FXGL Background Thread 2 ] WARN  GameWorld            - Entity is already attached to world
17:22:24.399 [FXGL Background Thread 2 ] WARN  GameWorld            - Entity is already attached to world
17:22:24.399 [FXGL Background Thread 2 ] WARN  GameWorld            - Entity is already attached to world
17:22:24.399 [FXGL Background Thread 2 ] WARN  GameWorld            - Entity is already attached to world
17:22:24.400 [FXGL Background Thread 2 ] WARN  GameWorld            - Entity is already attached to world
17:22:24.400 [FXGL Background Thread 2 ] WARN  GameWorld            - Entity is already attached to world
17:22:24.400 [FXGL Background Thread 2 ] WARN  GameWorld            - Entity is already attached to world
17:22:24.401 [FXGL Background Thread 2 ] WARN  GameWorld            - Entity is already attached to world
17:22:24.401 [FXGL Background Thread 2 ] WARN  GameWorld            - Entity is already attached to world
17:22:24.401 [FXGL Background Thread 2 ] WARN  GameWorld            - Entity is already attached to world
17:22:24.402 [FXGL Background Thread 2 ] WARN  GameWorld            - Entity is already attached to world
17:22:24.402 [FXGL Background Thread 2 ] WARN  GameWorld            - Entity is already attached to world
17:22:24.402 [FXGL Background Thread 2 ] WARN  GameWorld            - Entity is already attached to world
17:22:24.403 [FXGL Background Thread 2 ] DEBUG FXGLAssetLoaderServi - Loading from file system: file:/C:/Users/matip/Desktop/JavaProjects/brick-breaker/target/classes/assets/textures/ball.png
17:22:24.404 [FXGL Background Thread 2 ] WARN  GameWorld            - Entity is already attached to world
17:22:24.406 [FXGL Background Thread 2 ] INFO  FXGLApplication      - Game initialization took: 0.064 sec
17:22:24.406 [JavaFX Application Thread] DEBUG Input                - Clearing active input actions
17:22:24.412 [JavaFX Application Thread] DEBUG GameApplicationServi - Removing overlay from FXGLLoadingScene and adding to GameScene
17:22:24.412 [JavaFX Application Thread] DEBUG PrimaryStageWindow   - FXGLLoadingScene -> GameScene
17:22:26.791 [FXGL Background Thread 3 ] DEBUG Engine               - Logging environment variables
17:22:26.791 [FXGL Background Thread 3 ] DEBUG Engine               - achievements: []
17:22:26.791 [FXGL Background Thread 3 ] DEBUG Engine               - actualHeight: 600.0
17:22:26.791 [FXGL Background Thread 3 ] DEBUG Engine               - actualHeightProperty: ReadOnlyDoubleProperty [value: 600.0]
17:22:26.791 [FXGL Background Thread 3 ] DEBUG Engine               - actualWidth: 600.0
17:22:26.791 [FXGL Background Thread 3 ] DEBUG Engine               - actualWidthProperty: ReadOnlyDoubleProperty [value: 600.0]
17:22:26.791 [FXGL Background Thread 3 ] DEBUG Engine               - appIcon: fxgl_icon.png
17:22:26.791 [FXGL Background Thread 3 ] DEBUG Engine               - applicationMode: DEVELOPER
17:22:26.791 [FXGL Background Thread 3 ] DEBUG Engine               - cSSList: [fxgl_dark.css]
17:22:26.791 [FXGL Background Thread 3 ] DEBUG Engine               - collisionDetectionStrategy: BRUTE_FORCE
17:22:26.791 [FXGL Background Thread 3 ] DEBUG Engine               - configClass: Optional.empty
17:22:26.791 [FXGL Background Thread 3 ] DEBUG Engine               - credits: []
17:22:26.791 [FXGL Background Thread 3 ] DEBUG Engine               - defaultCursor: CursorInfo(imageName=fxgl_default_cursor.png, hotspotX=7.0, hotspotY=6.0)
17:22:26.792 [FXGL Background Thread 3 ] DEBUG Engine               - devBBoxColorProperty: ObjectProperty [value: 0xff0000ff]
17:22:26.792 [FXGL Background Thread 3 ] DEBUG Engine               - devEnableDebugCameraProperty: BooleanProperty [value: false]
17:22:26.792 [FXGL Background Thread 3 ] DEBUG Engine               - devSensorColorProperty: ObjectProperty [value: 0xffff00ff]
17:22:26.792 [FXGL Background Thread 3 ] DEBUG Engine               - devShowBBoxProperty: BooleanProperty [value: false]
17:22:26.792 [FXGL Background Thread 3 ] DEBUG Engine               - devShowPositionProperty: BooleanProperty [value: false]
17:22:26.792 [FXGL Background Thread 3 ] DEBUG Engine               - enabledMenuItems: []
17:22:26.792 [FXGL Background Thread 3 ] DEBUG Engine               - engineServices: [class com.almasb.fxgl.app.services.FXGLAssetLoaderService, class com.almasb.fxgl.app.FXGLApplication$GameApplicationService, class com.almasb.fxgl.app.services.FXGLDialogService, class com.almasb.fxgl.app.services.IOTaskExecutorService, class com.almasb.fxgl.io.FileSystemService, class com.almasb.fxgl.localization.LocalizationService, class com.almasb.fxgl.app.services.SystemBundleService, class com.almasb.fxgl.profile.SaveLoadService, class com.almasb.fxgl.ui.FXGLUIFactoryServiceProvider, class com.almasb.fxgl.ui.FXGLDialogFactoryServiceProvider, class com.almasb.fxgl.audio.AudioPlayer, class com.almasb.fxgl.notification.impl.NotificationServiceProvider, class com.almasb.fxgl.achievement.AchievementService, class com.almasb.fxgl.cutscene.CutsceneService, class com.almasb.fxgl.minigames.MiniGameService, class com.almasb.fxgl.net.NetService, class com.almasb.fxgl.app.services.UpdaterService, class com.almasb.fxgl.dev.DevService]
17:22:26.792 [FXGL Background Thread 3 ] DEBUG Engine               - fontGame: Abel-Regular.ttf
17:22:26.792 [FXGL Background Thread 3 ] DEBUG Engine               - fontMono: TerminalLandMono-Regular.otf
17:22:26.792 [FXGL Background Thread 3 ] DEBUG Engine               - fontText: Courier-Prime.ttf
17:22:26.792 [FXGL Background Thread 3 ] DEBUG Engine               - fontUI: VarelaRound-Regular.ttf
17:22:26.792 [FXGL Background Thread 3 ] DEBUG Engine               - fullScreen: BooleanProperty [value: false]
17:22:26.792 [FXGL Background Thread 3 ] DEBUG Engine               - gameDifficulty: MEDIUM
17:22:26.792 [FXGL Background Thread 3 ] DEBUG Engine               - gameDifficultyProperty: ObjectProperty [value: MEDIUM]
17:22:26.792 [FXGL Background Thread 3 ] DEBUG Engine               - globalMusicVolume: 0.5
17:22:26.792 [FXGL Background Thread 3 ] DEBUG Engine               - globalMusicVolumeProperty: DoubleProperty [value: 0.5]
17:22:26.792 [FXGL Background Thread 3 ] DEBUG Engine               - globalSoundVolume: 0.5
17:22:26.792 [FXGL Background Thread 3 ] DEBUG Engine               - globalSoundVolumeProperty: DoubleProperty [value: 0.5]
17:22:26.792 [FXGL Background Thread 3 ] DEBUG Engine               - height: 600
17:22:26.792 [FXGL Background Thread 3 ] DEBUG Engine               - is3D: false
17:22:26.792 [FXGL Background Thread 3 ] DEBUG Engine               - isAndroid: false
17:22:26.792 [FXGL Background Thread 3 ] DEBUG Engine               - isBrowser: false
17:22:26.792 [FXGL Background Thread 3 ] DEBUG Engine               - isClickFeedbackEnabled: false
17:22:26.792 [FXGL Background Thread 3 ] DEBUG Engine               - isCloseConfirmation: false
17:22:26.792 [FXGL Background Thread 3 ] DEBUG Engine               - isDesktop: true
17:22:26.792 [FXGL Background Thread 3 ] DEBUG Engine               - isDeveloperMenuEnabled: false
17:22:26.792 [FXGL Background Thread 3 ] DEBUG Engine               - isEmbedded: false
17:22:26.793 [FXGL Background Thread 3 ] DEBUG Engine               - isEntityPreloadEnabled: true
17:22:26.793 [FXGL Background Thread 3 ] DEBUG Engine               - isExperimentalTiledLargeMap: false
17:22:26.793 [FXGL Background Thread 3 ] DEBUG Engine               - isFileSystemWriteAllowed: true
17:22:26.793 [FXGL Background Thread 3 ] DEBUG Engine               - isFullScreenAllowed: false
17:22:26.793 [FXGL Background Thread 3 ] DEBUG Engine               - isFullScreenFromStart: false
17:22:26.793 [FXGL Background Thread 3 ] DEBUG Engine               - isGameMenuEnabled: true
17:22:26.793 [FXGL Background Thread 3 ] DEBUG Engine               - isIOS: false
17:22:26.793 [FXGL Background Thread 3 ] DEBUG Engine               - isIntroEnabled: false
17:22:26.793 [FXGL Background Thread 3 ] DEBUG Engine               - isLinux: false
17:22:26.793 [FXGL Background Thread 3 ] DEBUG Engine               - isMac: false
17:22:26.793 [FXGL Background Thread 3 ] DEBUG Engine               - isMainMenuEnabled: true
17:22:26.793 [FXGL Background Thread 3 ] DEBUG Engine               - isManualResizeEnabled: false
17:22:26.793 [FXGL Background Thread 3 ] DEBUG Engine               - isMobile: false
17:22:26.793 [FXGL Background Thread 3 ] DEBUG Engine               - isNative: false
17:22:26.793 [FXGL Background Thread 3 ] DEBUG Engine               - isPauseMusicWhenMinimized: true
17:22:26.793 [FXGL Background Thread 3 ] DEBUG Engine               - isPreserveResizeRatio: false
17:22:26.793 [FXGL Background Thread 3 ] DEBUG Engine               - isProfilingEnabled: false
17:22:26.793 [FXGL Background Thread 3 ] DEBUG Engine               - isScaleAffectedOnResize: true
17:22:26.793 [FXGL Background Thread 3 ] DEBUG Engine               - isSingleStep: false
17:22:26.793 [FXGL Background Thread 3 ] DEBUG Engine               - isUserProfileEnabled: false
17:22:26.793 [FXGL Background Thread 3 ] DEBUG Engine               - isWindows: true
17:22:26.793 [FXGL Background Thread 3 ] DEBUG Engine               - language: ObjectProperty [value: ENGLISH]
17:22:26.793 [FXGL Background Thread 3 ] DEBUG Engine               - menuKey: ESCAPE
17:22:26.793 [FXGL Background Thread 3 ] DEBUG Engine               - mouseSensitivity: 0.2
17:22:26.793 [FXGL Background Thread 3 ] DEBUG Engine               - notificationViewClass: class com.almasb.fxgl.notification.view.XboxNotificationView
17:22:26.793 [FXGL Background Thread 3 ] DEBUG Engine               - pixelsPerMeter: 50.0
17:22:26.793 [FXGL Background Thread 3 ] DEBUG Engine               - platform: WINDOWS
17:22:26.793 [FXGL Background Thread 3 ] DEBUG Engine               - prefHeightProperty: ReadOnlyDoubleProperty [value: 600.0]
17:22:26.793 [FXGL Background Thread 3 ] DEBUG Engine               - prefWidthProperty: ReadOnlyDoubleProperty [value: 600.0]
17:22:26.793 [FXGL Background Thread 3 ] DEBUG Engine               - profileDir: profiles/
17:22:26.793 [FXGL Background Thread 3 ] DEBUG Engine               - profileName: StringProperty [value: DEFAULT]
17:22:26.793 [FXGL Background Thread 3 ] DEBUG Engine               - randomSeed: -1
17:22:26.794 [FXGL Background Thread 3 ] DEBUG Engine               - runtimeInfo: RuntimeInfo(platform=WINDOWS, version=17.2, build=20.08.2022 16.50)
17:22:26.794 [FXGL Background Thread 3 ] DEBUG Engine               - saveFileExt: sav
17:22:26.794 [FXGL Background Thread 3 ] DEBUG Engine               - scaledHeightProp$fxgl: DoubleProperty [bound, value: 600.0]
17:22:26.794 [FXGL Background Thread 3 ] DEBUG Engine               - scaledWidthProp$fxgl: DoubleProperty [bound, value: 600.0]
17:22:26.794 [FXGL Background Thread 3 ] DEBUG Engine               - sceneFactory: com.example.brickbreaker.menu.CustomSceneFactory@2e152ffb
17:22:26.794 [FXGL Background Thread 3 ] DEBUG Engine               - secondsIn24h: 60
17:22:26.794 [FXGL Background Thread 3 ] DEBUG Engine               - soundMenuBack: menu/back.wav
17:22:26.794 [FXGL Background Thread 3 ] DEBUG Engine               - soundMenuPress: menu/press.wav
17:22:26.794 [FXGL Background Thread 3 ] DEBUG Engine               - soundMenuSelect: menu/select.wav
17:22:26.794 [FXGL Background Thread 3 ] DEBUG Engine               - soundNotification: core/notification.wav
17:22:26.794 [FXGL Background Thread 3 ] DEBUG Engine               - stageStyle: DECORATED
17:22:26.794 [FXGL Background Thread 3 ] DEBUG Engine               - supportedLanguages: [ENGLISH, FRENCH, GERMAN, HUNGARIAN, RUSSIAN]
17:22:26.794 [FXGL Background Thread 3 ] DEBUG Engine               - ticksPerSecond: -1
17:22:26.794 [FXGL Background Thread 3 ] DEBUG Engine               - title: Brick Breaker
17:22:26.794 [FXGL Background Thread 3 ] DEBUG Engine               - urlGithub: https://github.com/AlmasB/FXGL
17:22:26.794 [FXGL Background Thread 3 ] DEBUG Engine               - urlLeaderboard: http://fxgl-top.herokuapp.com/
17:22:26.794 [FXGL Background Thread 3 ] DEBUG Engine               - urlPOM: https://raw.githubusercontent.com/AlmasB/FXGL/release/README.md
17:22:26.794 [FXGL Background Thread 3 ] DEBUG Engine               - userAppClass: class com.example.brickbreaker.BrickBreakerApp
17:22:26.794 [FXGL Background Thread 3 ] DEBUG Engine               - version: 0.0
17:22:26.794 [FXGL Background Thread 3 ] DEBUG Engine               - versionCheckDays: 7
17:22:26.794 [FXGL Background Thread 3 ] DEBUG Engine               - width: 600
17:22:26.794 [FXGL Background Thread 3 ] DEBUG Engine               - Logging services
17:22:26.794 [FXGL Background Thread 3 ] DEBUG Engine               - class com.almasb.fxgl.app.services.FXGLAssetLoaderService
17:22:26.794 [FXGL Background Thread 3 ] DEBUG Engine               - class com.almasb.fxgl.app.FXGLApplication$GameApplicationService
17:22:26.794 [FXGL Background Thread 3 ] DEBUG Engine               - class com.almasb.fxgl.app.services.FXGLDialogService
17:22:26.794 [FXGL Background Thread 3 ] DEBUG Engine               - class com.almasb.fxgl.app.services.IOTaskExecutorService
17:22:26.794 [FXGL Background Thread 3 ] DEBUG Engine               - class com.almasb.fxgl.io.FileSystemService
17:22:26.794 [FXGL Background Thread 3 ] DEBUG Engine               - class com.almasb.fxgl.localization.LocalizationService
17:22:26.794 [FXGL Background Thread 3 ] DEBUG Engine               - class com.almasb.fxgl.app.services.SystemBundleService
17:22:26.794 [FXGL Background Thread 3 ] DEBUG Engine               - class com.almasb.fxgl.profile.SaveLoadService
17:22:26.794 [FXGL Background Thread 3 ] DEBUG Engine               - class com.almasb.fxgl.ui.FXGLUIFactoryServiceProvider
17:22:26.794 [FXGL Background Thread 3 ] DEBUG Engine               - class com.almasb.fxgl.ui.FXGLDialogFactoryServiceProvider
17:22:26.794 [FXGL Background Thread 3 ] DEBUG Engine               - class com.almasb.fxgl.audio.AudioPlayer
17:22:26.794 [FXGL Background Thread 3 ] DEBUG Engine               - class com.almasb.fxgl.notification.impl.NotificationServiceProvider
17:22:26.794 [FXGL Background Thread 3 ] DEBUG Engine               - class com.almasb.fxgl.achievement.AchievementService
17:22:26.794 [FXGL Background Thread 3 ] DEBUG Engine               - class com.almasb.fxgl.cutscene.CutsceneService
17:22:26.794 [FXGL Background Thread 3 ] DEBUG Engine               - class com.almasb.fxgl.minigames.MiniGameService
17:22:26.794 [FXGL Background Thread 3 ] DEBUG Engine               - class com.almasb.fxgl.net.NetService
17:22:26.794 [FXGL Background Thread 3 ] DEBUG Engine               - class com.almasb.fxgl.app.services.UpdaterService
17:22:26.794 [FXGL Background Thread 3 ] DEBUG Engine               - class com.almasb.fxgl.dev.DevService
17:22:31.253 [JavaFX Application Thread] DEBUG FXGLApplication      - Exiting FXGL
17:22:31.253 [JavaFX Application Thread] DEBUG LoopRunner           - Stopping loop
17:22:31.253 [JavaFX Application Thread] DEBUG SystemBundleService  - Saving FXGL system data
17:22:31.255 [JavaFX Application Thread] DEBUG FileSystemAccess     - Writing to: C:\Users\matip\Desktop\JavaProjects\brick-breaker\system\fxgl.bundle
17:22:31.256 [JavaFX Application Thread] DEBUG Async                - Shutting down background threads
17:22:31.256 [JavaFX Application Thread] DEBUG PrimaryStageWindow   - Closing main window
17:22:31.262 [JavaFX Application Thread] DEBUG Logger               - Closing Logger
