14:54:01.002 [main                     ] DEBUG Logger               - Configured Logger
14:54:01.018 [main                     ] DEBUG GameApplication      - Logging settings
Title: Brick Breaker
Version: 0.0
Width: 600
Height: 600
Fullscreen: false
Intro: false
Profiling: false
Single step:false
App Mode: DEVELOPER
Menu Key: ESCAPE
Stage Style: DECORATED
Scene Factory: class com.example.brickbreaker.menu.CustomSceneFactory

14:54:01.283 [JavaFX Application Thread] DEBUG FXGLApplication      - Initializing FXGL
14:54:01.287 [JavaFX Application Thread] INFO  Engine               - FXGL-17.2 (20.08.2022 16.50) on WINDOWS (J:18.0.1.1 FX:18.0.2)
14:54:01.288 [JavaFX Application Thread] DEBUG Engine               - JRE Vendor Name: Oracle Corporation
14:54:01.288 [JavaFX Application Thread] DEBUG Engine               - Running on OS: Windows 10 version 10.0
14:54:01.288 [JavaFX Application Thread] DEBUG Engine               - Architecture: amd64
14:54:01.288 [JavaFX Application Thread] INFO  Engine               - Source code and latest versions at: https://github.com/AlmasB/FXGL
14:54:01.288 [JavaFX Application Thread] INFO  Engine               -       Ask questions and discuss at: https://github.com/AlmasB/FXGL/discussions
14:54:01.288 [JavaFX Application Thread] INFO  Engine               -              Join the FXGL chat at: https://gitter.im/AlmasB/FXGL
14:54:01.340 [JavaFX Application Thread] DEBUG PrimaryStageWindow   - Creating a JavaFX scene
14:54:01.365 [JavaFX Application Thread] DEBUG PrimaryStageWindow   - Target settings size: 600.0 x 600.0
14:54:01.365 [JavaFX Application Thread] DEBUG PrimaryStageWindow   - Scaled scene size:    600.0 x 600.0
14:54:01.365 [JavaFX Application Thread] DEBUG PrimaryStageWindow   - Scaled ratio: (1.0, 1.0)
14:54:01.366 [JavaFX Application Thread] DEBUG PrimaryStageWindow   - Set initial scene to FXGLStartupScene
14:54:01.370 [JavaFX Application Thread] DEBUG PrimaryStageWindow   - Opening main window
14:54:01.409 [JavaFX Application Thread] DEBUG PrimaryStageWindow   - Window border size: (16.0, 39.0)
14:54:01.409 [JavaFX Application Thread] DEBUG PrimaryStageWindow   - Scaled size: 600.0 x 600.0
14:54:01.409 [JavaFX Application Thread] DEBUG PrimaryStageWindow   - Scaled ratio: (1.0, 1.0)
14:54:01.409 [JavaFX Application Thread] DEBUG PrimaryStageWindow   - Scene size: 600.0 x 600.0
14:54:01.409 [JavaFX Application Thread] DEBUG PrimaryStageWindow   - Stage size: 616.0 x 639.0
14:54:01.413 [FXGL Background Thread 1 ] DEBUG Engine               - Initializing environment variables
14:54:01.440 [FXGL Background Thread 1 ] DEBUG FXGLAssetLoaderServi - User app class for loading assets: class com.example.brickbreaker.BrickBreakerApp
14:54:01.440 [FXGL Background Thread 1 ] DEBUG GameApplicationServi - Applying CSS: fxgl_dark.css
14:54:01.441 [FXGL Background Thread 1 ] DEBUG FXGLAssetLoaderServi - Loading from file system: jar:file:///C:/Users/matip/.m2/repository/com/github/almasb/fxgl/17.2/fxgl-17.2.jar!/fxglassets/ui/css/fxgl_dark.css
14:54:01.465 [FXGL Background Thread 1 ] DEBUG GameApplicationServi - Initializing application scenes
14:54:01.485 [FXGL Background Thread 1 ] DEBUG GameWorld            - Game world initialized
14:54:01.515 [FXGL Background Thread 1 ] DEBUG PhysicsWorld         - Physics world initialized: appHeight=600, physics.ppm=50.0
14:54:01.516 [FXGL Background Thread 1 ] DEBUG PhysicsWorld         - Using strategy: BRUTE_FORCE
14:54:01.518 [FXGL Background Thread 1 ] DEBUG GameScene            - Game scene initialized: 600x600
14:54:01.519 [FXGL Background Thread 1 ] DEBUG FXGLAssetLoaderServi - Loading from file system: file:/C:/Users/matip/Desktop/JavaProjects/brick-breaker/target/classes/assets/textures/brick-wall.png
14:54:01.549 [FXGL Background Thread 1 ] WARN  FXGL.DefaultMenu     - FXGLDefaultMenu is not designed for resolutions < 800x600
14:54:01.549 [FXGL Background Thread 1 ] DEBUG FXGL.DefaultMenu     - createMenuBodyGameMenu()
14:54:01.557 [FXGL Background Thread 1 ] DEBUG FXGL.DefaultMenu     - createOptionsMenu()
14:54:01.566 [FXGL Background Thread 1 ] DEBUG FXGLAssetLoaderServi - Loading from file system: jar:file:///C:/Users/matip/.m2/repository/com/github/almasb/fxgl/17.2/fxgl-17.2.jar!/fxglassets/textures/particles/smoke.png
14:54:01.609 [FXGL Background Thread 1 ] DEBUG FXGLAssetLoaderServi - Loading from file system: jar:file:///C:/Users/matip/.m2/repository/com/github/almasb/fxgl/17.2/fxgl-17.2.jar!/fxglassets/textures/particles/trace_horizontal.png
14:54:01.620 [FXGL Background Thread 1 ] DEBUG GameApplicationServi - Application scenes initialized
14:54:01.628 [FXGL Background Thread 1 ] DEBUG SystemBundleService  - Loading FXGL system data
14:54:01.630 [FXGL Background Thread 1 ] DEBUG FileSystemAccess     - Reading from: C:\Users\matip\Desktop\JavaProjects\brick-breaker\system\fxgl.bundle
14:54:01.636 [FXGL Background Thread 1 ] DEBUG SystemBundleService  - Bundle FXGL: {}
14:54:01.636 [FXGL Background Thread 1 ] DEBUG UpdaterService       - Checking for updates
14:54:01.640 [FXGL Background Thread 4 ] DEBUG FXGLApplication      - Loading fonts
14:54:01.640 [FXGL Background Thread 1 ] DEBUG FXGLApplication      - Loading default localization
14:54:01.640 [FXGL Background Thread 4 ] DEBUG FXGLAssetLoaderServi - Loading from file system: jar:file:///C:/Users/matip/.m2/repository/com/github/almasb/fxgl/17.2/fxgl-17.2.jar!/fxglassets/ui/fonts/VarelaRound-Regular.ttf
14:54:01.640 [FXGL Background Thread 1 ] DEBUG FXGLAssetLoaderServi - Loading from file system: jar:file:///C:/Users/matip/.m2/repository/com/github/almasb/fxgl/17.2/fxgl-17.2.jar!/fxglassets/languages/english.lang
14:54:01.650 [FXGL Background Thread 1 ] INFO  FXGLApplication      - FXGL initialization took: 0.236 sec
14:54:01.657 [JavaFX Application Thread] DEBUG Input                - Registered new binding: action0 - D
14:54:01.657 [JavaFX Application Thread] DEBUG Input                - Registered new binding: action1 - A
14:54:01.657 [JavaFX Application Thread] DEBUG FXGLAssetLoaderServi - Loading from file system: jar:file:///C:/Users/matip/.m2/repository/com/github/almasb/fxgl/17.2/fxgl-17.2.jar!/fxglassets/textures/fxgl_icon.png
14:54:01.665 [JavaFX Application Thread] DEBUG FXGLAssetLoaderServi - Loading from file system: jar:file:///C:/Users/matip/.m2/repository/com/github/almasb/fxgl/17.2/fxgl-17.2.jar!/fxglassets/textures/fxgl_default_cursor.png
14:54:01.666 [JavaFX Application Thread] DEBUG Input                - Registered new binding: Screenshot - CTRL+8
14:54:01.666 [JavaFX Application Thread] DEBUG Input                - Registered new binding: System info dump - CTRL+9
14:54:01.666 [JavaFX Application Thread] DEBUG Input                - Registered new binding: Restart - CTRL+R
14:54:01.667 [JavaFX Application Thread] DEBUG Input                - Registered new binding: Toggle Debug Camera - CTRL+7
14:54:01.668 [JavaFX Application Thread] DEBUG LoopRunner           - Starting loop
14:54:01.668 [JavaFX Application Thread] DEBUG LoopRunner           - Initializing JavaFX AnimationTimerLoop
14:54:01.668 [FXGL Background Thread 4 ] DEBUG FXGLAssetLoaderServi - Loading from file system: jar:file:///C:/Users/matip/.m2/repository/com/github/almasb/fxgl/17.2/fxgl-17.2.jar!/fxglassets/ui/fonts/Abel-Regular.ttf
14:54:01.670 [JavaFX Application Thread] DEBUG Input                - Clearing active input actions
14:54:01.671 [FXGL Background Thread 4 ] DEBUG FXGLAssetLoaderServi - Loading from file system: jar:file:///C:/Users/matip/.m2/repository/com/github/almasb/fxgl/17.2/fxgl-17.2.jar!/fxglassets/ui/fonts/TerminalLandMono-Regular.otf
14:54:01.673 [FXGL Background Thread 4 ] DEBUG FXGLAssetLoaderServi - Loading from file system: jar:file:///C:/Users/matip/.m2/repository/com/github/almasb/fxgl/17.2/fxgl-17.2.jar!/fxglassets/ui/fonts/Courier-Prime.ttf
14:54:01.675 [JavaFX Application Thread] DEBUG GameApplicationServi - Removing overlay from FXGLStartupScene and adding to FXGLMainMenuDummyScene
14:54:01.675 [JavaFX Application Thread] DEBUG PrimaryStageWindow   - FXGLStartupScene -> FXGLMainMenuDummyScene
14:54:01.675 [JavaFX Application Thread] DEBUG PrimaryStageWindow   - Push state: MainMenu
14:54:01.675 [JavaFX Application Thread] DEBUG Input                - Clearing active input actions
14:54:01.675 [JavaFX Application Thread] DEBUG GameApplicationServi - Removing overlay from FXGLMainMenuDummyScene and adding to MainMenu
14:54:01.675 [JavaFX Application Thread] DEBUG PrimaryStageWindow   - FXGLMainMenuDummyScene -> MainMenu
14:54:01.677 [JavaFX Application Thread] DEBUG FXGLApplication      - Registering font factories with UI factory
14:54:01.933 [FXGL Background Thread 2 ] INFO  UpdaterService       - Your current version:  17.2
14:54:01.934 [FXGL Background Thread 2 ] INFO  UpdaterService       - Latest stable version: 17.3
14:54:04.072 [JavaFX Application Thread] DEBUG FXGLApplication      - Exiting FXGL
14:54:04.072 [JavaFX Application Thread] DEBUG LoopRunner           - Stopping loop
14:54:04.072 [JavaFX Application Thread] DEBUG SystemBundleService  - Saving FXGL system data
14:54:04.073 [JavaFX Application Thread] DEBUG FileSystemAccess     - Writing to: C:\Users\matip\Desktop\JavaProjects\brick-breaker\system\fxgl.bundle
14:54:04.074 [JavaFX Application Thread] DEBUG Async                - Shutting down background threads
14:54:04.074 [JavaFX Application Thread] DEBUG PrimaryStageWindow   - Closing main window
14:54:04.078 [JavaFX Application Thread] DEBUG Logger               - Closing Logger
