02:45:09.832 [main                     ] DEBUG Logger               - Configured Logger
02:45:09.854 [main                     ] DEBUG GameApplication      - Logging settings
Title: Brick Breaker
Version: 0.0
Width: 600
Height: 600
Fullscreen: false
Intro: false
Profiling: false
Single step:false
App Mode: DEVELOPER
Menu Key: ESCAPE
Stage Style: DECORATED
Scene Factory: class com.example.brickbreaker.menu.CustomSceneFactory

02:45:10.107 [JavaFX Application Thread] DEBUG FXGLApplication      - Initializing FXGL
02:45:10.110 [JavaFX Application Thread] INFO  Engine               - FXGL-17.2 (20.08.2022 16.50) on WINDOWS (J:18.0.1.1 FX:18.0.2)
02:45:10.111 [JavaFX Application Thread] DEBUG Engine               - JRE Vendor Name: Oracle Corporation
02:45:10.111 [JavaFX Application Thread] DEBUG Engine               - Running on OS: Windows 10 version 10.0
02:45:10.111 [JavaFX Application Thread] DEBUG Engine               - Architecture: amd64
02:45:10.111 [JavaFX Application Thread] INFO  Engine               - Source code and latest versions at: https://github.com/AlmasB/FXGL
02:45:10.111 [JavaFX Application Thread] INFO  Engine               -       Ask questions and discuss at: https://github.com/AlmasB/FXGL/discussions
02:45:10.111 [JavaFX Application Thread] INFO  Engine               -              Join the FXGL chat at: https://gitter.im/AlmasB/FXGL
02:45:10.163 [JavaFX Application Thread] DEBUG PrimaryStageWindow   - Creating a JavaFX scene
02:45:10.196 [JavaFX Application Thread] DEBUG PrimaryStageWindow   - Target settings size: 600.0 x 600.0
02:45:10.196 [JavaFX Application Thread] DEBUG PrimaryStageWindow   - Scaled scene size:    600.0 x 600.0
02:45:10.197 [JavaFX Application Thread] DEBUG PrimaryStageWindow   - Scaled ratio: (1.0, 1.0)
02:45:10.197 [JavaFX Application Thread] DEBUG PrimaryStageWindow   - Set initial scene to FXGLStartupScene
02:45:10.201 [JavaFX Application Thread] DEBUG PrimaryStageWindow   - Opening main window
02:45:10.250 [JavaFX Application Thread] DEBUG PrimaryStageWindow   - Window border size: (16.0, 39.0)
02:45:10.250 [JavaFX Application Thread] DEBUG PrimaryStageWindow   - Scaled size: 600.0 x 600.0
02:45:10.250 [JavaFX Application Thread] DEBUG PrimaryStageWindow   - Scaled ratio: (1.0, 1.0)
02:45:10.250 [JavaFX Application Thread] DEBUG PrimaryStageWindow   - Scene size: 600.0 x 600.0
02:45:10.251 [JavaFX Application Thread] DEBUG PrimaryStageWindow   - Stage size: 616.0 x 639.0
02:45:10.255 [FXGL Background Thread 1 ] DEBUG Engine               - Initializing environment variables
02:45:10.287 [FXGL Background Thread 1 ] DEBUG FXGLAssetLoaderServi - User app class for loading assets: class com.example.brickbreaker.BrickBreakerApp
02:45:10.287 [FXGL Background Thread 1 ] DEBUG GameApplicationServi - Applying CSS: fxgl_dark.css
02:45:10.287 [FXGL Background Thread 1 ] DEBUG FXGLAssetLoaderServi - Loading from file system: jar:file:///C:/Users/matip/.m2/repository/com/github/almasb/fxgl/17.2/fxgl-17.2.jar!/fxglassets/ui/css/fxgl_dark.css
02:45:10.317 [FXGL Background Thread 1 ] DEBUG GameApplicationServi - Initializing application scenes
02:45:10.342 [FXGL Background Thread 1 ] DEBUG GameWorld            - Game world initialized
02:45:10.376 [FXGL Background Thread 1 ] DEBUG PhysicsWorld         - Physics world initialized: appHeight=600, physics.ppm=50.0
02:45:10.376 [FXGL Background Thread 1 ] DEBUG PhysicsWorld         - Using strategy: BRUTE_FORCE
02:45:10.379 [FXGL Background Thread 1 ] DEBUG GameScene            - Game scene initialized: 600x600
02:45:10.380 [FXGL Background Thread 1 ] DEBUG FXGLAssetLoaderServi - Loading from file system: file:/C:/Users/matip/Desktop/JavaProjects/brick-breaker/target/classes/assets/textures/game-start.png
02:45:10.417 [FXGL Background Thread 1 ] WARN  FXGL.DefaultMenu     - FXGLDefaultMenu is not designed for resolutions < 800x600
02:45:10.417 [FXGL Background Thread 1 ] DEBUG FXGL.DefaultMenu     - createMenuBodyGameMenu()
02:45:10.425 [FXGL Background Thread 1 ] DEBUG FXGL.DefaultMenu     - createOptionsMenu()
02:45:10.430 [FXGL Background Thread 1 ] DEBUG FXGLAssetLoaderServi - Loading from file system: jar:file:///C:/Users/matip/.m2/repository/com/github/almasb/fxgl/17.2/fxgl-17.2.jar!/fxglassets/textures/particles/smoke.png
02:45:10.494 [FXGL Background Thread 1 ] DEBUG FXGLAssetLoaderServi - Loading from file system: jar:file:///C:/Users/matip/.m2/repository/com/github/almasb/fxgl/17.2/fxgl-17.2.jar!/fxglassets/textures/particles/trace_horizontal.png
02:45:10.504 [FXGL Background Thread 1 ] DEBUG GameApplicationServi - Application scenes initialized
02:45:10.510 [FXGL Background Thread 1 ] DEBUG SystemBundleService  - Loading FXGL system data
02:45:10.514 [FXGL Background Thread 1 ] DEBUG FileSystemAccess     - Reading from: C:\Users\matip\Desktop\JavaProjects\brick-breaker\system\fxgl.bundle
02:45:10.520 [FXGL Background Thread 1 ] DEBUG SystemBundleService  - Bundle FXGL: {}
02:45:10.520 [FXGL Background Thread 1 ] DEBUG UpdaterService       - Checking for updates
02:45:10.523 [FXGL Background Thread 4 ] DEBUG FXGLApplication      - Loading fonts
02:45:10.523 [FXGL Background Thread 1 ] DEBUG FXGLApplication      - Loading default localization
02:45:10.523 [FXGL Background Thread 4 ] DEBUG FXGLAssetLoaderServi - Loading from file system: jar:file:///C:/Users/matip/.m2/repository/com/github/almasb/fxgl/17.2/fxgl-17.2.jar!/fxglassets/ui/fonts/VarelaRound-Regular.ttf
02:45:10.523 [FXGL Background Thread 1 ] DEBUG FXGLAssetLoaderServi - Loading from file system: jar:file:///C:/Users/matip/.m2/repository/com/github/almasb/fxgl/17.2/fxgl-17.2.jar!/fxglassets/languages/english.lang
02:45:10.534 [FXGL Background Thread 1 ] INFO  FXGLApplication      - FXGL initialization took: 0.279 sec
02:45:10.540 [JavaFX Application Thread] DEBUG Input                - Registered new binding: action0 - D
02:45:10.540 [JavaFX Application Thread] DEBUG Input                - Registered new binding: action1 - A
02:45:10.541 [JavaFX Application Thread] DEBUG FXGLAssetLoaderServi - Loading from file system: jar:file:///C:/Users/matip/.m2/repository/com/github/almasb/fxgl/17.2/fxgl-17.2.jar!/fxglassets/textures/fxgl_icon.png
02:45:10.549 [JavaFX Application Thread] DEBUG FXGLAssetLoaderServi - Loading from file system: jar:file:///C:/Users/matip/.m2/repository/com/github/almasb/fxgl/17.2/fxgl-17.2.jar!/fxglassets/textures/fxgl_default_cursor.png
02:45:10.551 [JavaFX Application Thread] DEBUG Input                - Registered new binding: Screenshot - CTRL+8
02:45:10.551 [JavaFX Application Thread] DEBUG Input                - Registered new binding: System info dump - CTRL+9
02:45:10.551 [JavaFX Application Thread] DEBUG Input                - Registered new binding: Restart - CTRL+R
02:45:10.552 [JavaFX Application Thread] DEBUG Input                - Registered new binding: Toggle Debug Camera - CTRL+7
02:45:10.553 [JavaFX Application Thread] DEBUG LoopRunner           - Starting loop
02:45:10.554 [JavaFX Application Thread] DEBUG LoopRunner           - Initializing JavaFX AnimationTimerLoop
02:45:10.555 [JavaFX Application Thread] DEBUG Input                - Clearing active input actions
02:45:10.561 [JavaFX Application Thread] DEBUG GameApplicationServi - Removing overlay from FXGLStartupScene and adding to FXGLMainMenuDummyScene
02:45:10.561 [JavaFX Application Thread] DEBUG PrimaryStageWindow   - FXGLStartupScene -> FXGLMainMenuDummyScene
02:45:10.561 [JavaFX Application Thread] DEBUG PrimaryStageWindow   - Push state: MainMenu
02:45:10.562 [JavaFX Application Thread] DEBUG Input                - Clearing active input actions
02:45:10.562 [JavaFX Application Thread] DEBUG GameApplicationServi - Removing overlay from FXGLMainMenuDummyScene and adding to MainMenu
02:45:10.562 [FXGL Background Thread 4 ] DEBUG FXGLAssetLoaderServi - Loading from file system: jar:file:///C:/Users/matip/.m2/repository/com/github/almasb/fxgl/17.2/fxgl-17.2.jar!/fxglassets/ui/fonts/Abel-Regular.ttf
02:45:10.562 [JavaFX Application Thread] DEBUG PrimaryStageWindow   - FXGLMainMenuDummyScene -> MainMenu
02:45:10.565 [FXGL Background Thread 4 ] DEBUG FXGLAssetLoaderServi - Loading from file system: jar:file:///C:/Users/matip/.m2/repository/com/github/almasb/fxgl/17.2/fxgl-17.2.jar!/fxglassets/ui/fonts/TerminalLandMono-Regular.otf
02:45:10.568 [FXGL Background Thread 4 ] DEBUG FXGLAssetLoaderServi - Loading from file system: jar:file:///C:/Users/matip/.m2/repository/com/github/almasb/fxgl/17.2/fxgl-17.2.jar!/fxglassets/ui/fonts/Courier-Prime.ttf
02:45:10.573 [JavaFX Application Thread] DEBUG FXGLApplication      - Registering font factories with UI factory
02:45:11.109 [FXGL Background Thread 2 ] INFO  UpdaterService       - Your current version:  17.2
02:45:11.109 [FXGL Background Thread 2 ] INFO  UpdaterService       - Latest stable version: 17.3
02:45:11.473 [JavaFX Application Thread] DEBUG Menu                 - fireNewGame()
02:45:11.473 [JavaFX Application Thread] DEBUG GameApplicationServi - Starting new game
02:45:11.473 [JavaFX Application Thread] DEBUG PrimaryStageWindow   - Pop state: MainMenu
02:45:11.473 [JavaFX Application Thread] DEBUG Input                - Clearing active input actions
02:45:11.474 [JavaFX Application Thread] DEBUG GameApplicationServi - Removing overlay from MainMenu and adding to FXGLMainMenuDummyScene
02:45:11.474 [JavaFX Application Thread] DEBUG PrimaryStageWindow   - FXGLMainMenuDummyScene <- MainMenu
02:45:11.474 [JavaFX Application Thread] DEBUG Input                - Clearing active input actions
02:45:11.481 [JavaFX Application Thread] DEBUG GameApplicationServi - Removing overlay from FXGLMainMenuDummyScene and adding to FXGLLoadingScene
02:45:11.481 [JavaFX Application Thread] DEBUG PrimaryStageWindow   - FXGLMainMenuDummyScene -> FXGLLoadingScene
02:45:11.481 [JavaFX Application Thread] DEBUG GameApplicationServi - Clearing previous game
02:45:11.481 [JavaFX Application Thread] DEBUG GameScene            - Clearing game scene
02:45:11.481 [JavaFX Application Thread] DEBUG GameWorld            - Clearing game world
02:45:11.482 [JavaFX Application Thread] DEBUG PhysicsWorld         - Clearing physics world
02:45:11.482 [FXGL Background Thread 2 ] DEBUG FXGLApplication      - Initializing game
02:45:11.494 [FXGL Background Thread 2 ] WARN  GameWorld            - Entity is already attached to world
02:45:11.495 [FXGL Background Thread 2 ] DEBUG FXGLAssetLoaderServi - Loading from file system: file:/C:/Users/matip/Desktop/JavaProjects/brick-breaker/target/classes/assets/textures/brick.png
02:45:11.496 [FXGL Background Thread 2 ] WARN  GameWorld            - Entity is already attached to world
02:45:11.497 [FXGL Background Thread 2 ] WARN  GameWorld            - Entity is already attached to world
02:45:11.498 [FXGL Background Thread 2 ] WARN  GameWorld            - Entity is already attached to world
02:45:11.499 [FXGL Background Thread 2 ] WARN  GameWorld            - Entity is already attached to world
02:45:11.500 [FXGL Background Thread 2 ] WARN  GameWorld            - Entity is already attached to world
02:45:11.500 [FXGL Background Thread 2 ] WARN  GameWorld            - Entity is already attached to world
02:45:11.501 [FXGL Background Thread 2 ] WARN  GameWorld            - Entity is already attached to world
02:45:11.501 [FXGL Background Thread 2 ] WARN  GameWorld            - Entity is already attached to world
02:45:11.502 [FXGL Background Thread 2 ] WARN  GameWorld            - Entity is already attached to world
02:45:11.503 [FXGL Background Thread 2 ] WARN  GameWorld            - Entity is already attached to world
02:45:11.503 [FXGL Background Thread 2 ] WARN  GameWorld            - Entity is already attached to world
02:45:11.504 [FXGL Background Thread 2 ] WARN  GameWorld            - Entity is already attached to world
02:45:11.505 [FXGL Background Thread 2 ] WARN  GameWorld            - Entity is already attached to world
02:45:11.505 [FXGL Background Thread 2 ] WARN  GameWorld            - Entity is already attached to world
02:45:11.506 [FXGL Background Thread 2 ] WARN  GameWorld            - Entity is already attached to world
02:45:11.507 [FXGL Background Thread 2 ] WARN  GameWorld            - Entity is already attached to world
02:45:11.507 [FXGL Background Thread 2 ] WARN  GameWorld            - Entity is already attached to world
02:45:11.508 [FXGL Background Thread 2 ] WARN  GameWorld            - Entity is already attached to world
02:45:11.509 [FXGL Background Thread 2 ] WARN  GameWorld            - Entity is already attached to world
02:45:11.509 [FXGL Background Thread 2 ] WARN  GameWorld            - Entity is already attached to world
02:45:11.510 [FXGL Background Thread 2 ] WARN  GameWorld            - Entity is already attached to world
02:45:11.511 [FXGL Background Thread 2 ] WARN  GameWorld            - Entity is already attached to world
02:45:11.511 [FXGL Background Thread 2 ] WARN  GameWorld            - Entity is already attached to world
02:45:11.512 [FXGL Background Thread 2 ] WARN  GameWorld            - Entity is already attached to world
02:45:11.513 [FXGL Background Thread 2 ] WARN  GameWorld            - Entity is already attached to world
02:45:11.514 [FXGL Background Thread 2 ] WARN  GameWorld            - Entity is already attached to world
02:45:11.515 [FXGL Background Thread 2 ] WARN  GameWorld            - Entity is already attached to world
02:45:11.515 [FXGL Background Thread 2 ] WARN  GameWorld            - Entity is already attached to world
02:45:11.516 [FXGL Background Thread 2 ] WARN  GameWorld            - Entity is already attached to world
02:45:11.517 [FXGL Background Thread 2 ] WARN  GameWorld            - Entity is already attached to world
02:45:11.517 [FXGL Background Thread 2 ] WARN  GameWorld            - Entity is already attached to world
02:45:11.518 [FXGL Background Thread 2 ] WARN  GameWorld            - Entity is already attached to world
02:45:11.519 [FXGL Background Thread 2 ] WARN  GameWorld            - Entity is already attached to world
02:45:11.519 [FXGL Background Thread 2 ] WARN  GameWorld            - Entity is already attached to world
02:45:11.520 [FXGL Background Thread 2 ] WARN  GameWorld            - Entity is already attached to world
02:45:11.521 [FXGL Background Thread 2 ] WARN  GameWorld            - Entity is already attached to world
02:45:11.521 [FXGL Background Thread 2 ] WARN  GameWorld            - Entity is already attached to world
02:45:11.522 [FXGL Background Thread 2 ] WARN  GameWorld            - Entity is already attached to world
02:45:11.523 [FXGL Background Thread 2 ] WARN  GameWorld            - Entity is already attached to world
02:45:11.523 [FXGL Background Thread 2 ] WARN  GameWorld            - Entity is already attached to world
02:45:11.524 [FXGL Background Thread 2 ] WARN  GameWorld            - Entity is already attached to world
02:45:11.525 [FXGL Background Thread 2 ] WARN  GameWorld            - Entity is already attached to world
02:45:11.525 [FXGL Background Thread 2 ] WARN  GameWorld            - Entity is already attached to world
02:45:11.526 [FXGL Background Thread 2 ] WARN  GameWorld            - Entity is already attached to world
02:45:11.527 [FXGL Background Thread 2 ] WARN  GameWorld            - Entity is already attached to world
02:45:11.528 [FXGL Background Thread 2 ] WARN  GameWorld            - Entity is already attached to world
02:45:11.529 [FXGL Background Thread 2 ] WARN  GameWorld            - Entity is already attached to world
02:45:11.530 [FXGL Background Thread 2 ] WARN  GameWorld            - Entity is already attached to world
02:45:11.531 [FXGL Background Thread 2 ] WARN  GameWorld            - Entity is already attached to world
02:45:11.532 [FXGL Background Thread 2 ] WARN  GameWorld            - Entity is already attached to world
02:45:11.533 [FXGL Background Thread 2 ] WARN  GameWorld            - Entity is already attached to world
02:45:11.534 [FXGL Background Thread 2 ] WARN  GameWorld            - Entity is already attached to world
02:45:11.534 [FXGL Background Thread 2 ] WARN  GameWorld            - Entity is already attached to world
02:45:11.535 [FXGL Background Thread 2 ] DEBUG FXGLAssetLoaderServi - Loading from file system: file:/C:/Users/matip/Desktop/JavaProjects/brick-breaker/target/classes/assets/textures/ball.png
02:45:11.536 [FXGL Background Thread 2 ] WARN  GameWorld            - Entity is already attached to world
02:45:11.536 [FXGL Background Thread 2 ] DEBUG FXGLAssetLoaderServi - Loading from file system: file:/C:/Users/matip/Desktop/JavaProjects/brick-breaker/target/classes/assets/textures/brick-wall.png
02:45:11.557 [FXGL Background Thread 2 ] INFO  FXGLApplication      - Game initialization took: 0.074 sec
02:45:11.565 [JavaFX Application Thread] DEBUG Input                - Clearing active input actions
02:45:11.570 [JavaFX Application Thread] DEBUG GameApplicationServi - Removing overlay from FXGLLoadingScene and adding to GameScene
02:45:11.570 [JavaFX Application Thread] DEBUG PrimaryStageWindow   - FXGLLoadingScene -> GameScene
02:45:12.485 [JavaFX Application Thread] DEBUG FXGLAssetLoaderServi - Loading from file system: file:/C:/Users/matip/Desktop/JavaProjects/brick-breaker/target/classes/assets/textures/brick_damaged.png
02:45:13.496 [JavaFX Application Thread] DEBUG FXGLApplication      - Exiting FXGL
02:45:13.497 [JavaFX Application Thread] DEBUG LoopRunner           - Stopping loop
02:45:13.497 [JavaFX Application Thread] DEBUG SystemBundleService  - Saving FXGL system data
02:45:13.498 [JavaFX Application Thread] DEBUG FileSystemAccess     - Writing to: C:\Users\matip\Desktop\JavaProjects\brick-breaker\system\fxgl.bundle
02:45:13.500 [JavaFX Application Thread] DEBUG Async                - Shutting down background threads
02:45:13.500 [JavaFX Application Thread] DEBUG PrimaryStageWindow   - Closing main window
02:45:13.505 [JavaFX Application Thread] DEBUG Logger               - Closing Logger
