15:55:31.207 [main                     ] DEBUG Logger               - Configured Logger
15:55:31.224 [main                     ] DEBUG GameApplication      - Logging settings
Title: Brick Breaker
Version: 0.0
Width: 600
Height: 600
Fullscreen: false
Intro: false
Profiling: false
Single step:false
App Mode: DEVELOPER
Menu Key: ESCAPE
Stage Style: DECORATED
Scene Factory: class com.example.brickbreaker.menu.CustomSceneFactory

15:55:31.486 [JavaFX Application Thread] DEBUG FXGLApplication      - Initializing FXGL
15:55:31.489 [JavaFX Application Thread] INFO  Engine               - FXGL-17.2 (20.08.2022 16.50) on WINDOWS (J:18.0.1.1 FX:18.0.2)
15:55:31.489 [JavaFX Application Thread] DEBUG Engine               - JRE Vendor Name: Oracle Corporation
15:55:31.489 [JavaFX Application Thread] DEBUG Engine               - Running on OS: Windows 10 version 10.0
15:55:31.489 [JavaFX Application Thread] DEBUG Engine               - Architecture: amd64
15:55:31.489 [JavaFX Application Thread] INFO  Engine               - Source code and latest versions at: https://github.com/AlmasB/FXGL
15:55:31.489 [JavaFX Application Thread] INFO  Engine               -       Ask questions and discuss at: https://github.com/AlmasB/FXGL/discussions
15:55:31.490 [JavaFX Application Thread] INFO  Engine               -              Join the FXGL chat at: https://gitter.im/AlmasB/FXGL
15:55:31.539 [JavaFX Application Thread] DEBUG PrimaryStageWindow   - Creating a JavaFX scene
15:55:31.565 [JavaFX Application Thread] DEBUG PrimaryStageWindow   - Target settings size: 600.0 x 600.0
15:55:31.566 [JavaFX Application Thread] DEBUG PrimaryStageWindow   - Scaled scene size:    600.0 x 600.0
15:55:31.566 [JavaFX Application Thread] DEBUG PrimaryStageWindow   - Scaled ratio: (1.0, 1.0)
15:55:31.566 [JavaFX Application Thread] DEBUG PrimaryStageWindow   - Set initial scene to FXGLStartupScene
15:55:31.570 [JavaFX Application Thread] DEBUG PrimaryStageWindow   - Opening main window
15:55:31.609 [JavaFX Application Thread] DEBUG PrimaryStageWindow   - Window border size: (16.0, 39.0)
15:55:31.609 [JavaFX Application Thread] DEBUG PrimaryStageWindow   - Scaled size: 600.0 x 600.0
15:55:31.610 [JavaFX Application Thread] DEBUG PrimaryStageWindow   - Scaled ratio: (1.0, 1.0)
15:55:31.610 [JavaFX Application Thread] DEBUG PrimaryStageWindow   - Scene size: 600.0 x 600.0
15:55:31.611 [JavaFX Application Thread] DEBUG PrimaryStageWindow   - Stage size: 616.0 x 639.0
15:55:31.615 [FXGL Background Thread 1 ] DEBUG Engine               - Initializing environment variables
15:55:31.641 [FXGL Background Thread 1 ] DEBUG FXGLAssetLoaderServi - User app class for loading assets: class com.example.brickbreaker.BrickBreakerApp
15:55:31.641 [FXGL Background Thread 1 ] DEBUG GameApplicationServi - Applying CSS: fxgl_dark.css
15:55:31.641 [FXGL Background Thread 1 ] DEBUG FXGLAssetLoaderServi - Loading from file system: jar:file:///C:/Users/matip/.m2/repository/com/github/almasb/fxgl/17.2/fxgl-17.2.jar!/fxglassets/ui/css/fxgl_dark.css
15:55:31.666 [FXGL Background Thread 1 ] DEBUG GameApplicationServi - Initializing application scenes
15:55:31.684 [FXGL Background Thread 1 ] DEBUG GameWorld            - Game world initialized
15:55:31.711 [FXGL Background Thread 1 ] DEBUG PhysicsWorld         - Physics world initialized: appHeight=600, physics.ppm=50.0
15:55:31.711 [FXGL Background Thread 1 ] DEBUG PhysicsWorld         - Using strategy: BRUTE_FORCE
15:55:31.714 [FXGL Background Thread 1 ] DEBUG GameScene            - Game scene initialized: 600x600
15:55:31.715 [FXGL Background Thread 1 ] DEBUG FXGLAssetLoaderServi - Loading from file system: file:/C:/Users/matip/Desktop/JavaProjects/brick-breaker/target/classes/assets/textures/brick-wall.png
15:55:31.748 [FXGL Background Thread 1 ] WARN  FXGL.DefaultMenu     - FXGLDefaultMenu is not designed for resolutions < 800x600
15:55:31.748 [FXGL Background Thread 1 ] DEBUG FXGL.DefaultMenu     - createMenuBodyGameMenu()
15:55:31.754 [FXGL Background Thread 1 ] DEBUG FXGL.DefaultMenu     - createOptionsMenu()
15:55:31.763 [FXGL Background Thread 1 ] DEBUG FXGLAssetLoaderServi - Loading from file system: jar:file:///C:/Users/matip/.m2/repository/com/github/almasb/fxgl/17.2/fxgl-17.2.jar!/fxglassets/textures/particles/smoke.png
15:55:31.807 [FXGL Background Thread 1 ] DEBUG FXGLAssetLoaderServi - Loading from file system: jar:file:///C:/Users/matip/.m2/repository/com/github/almasb/fxgl/17.2/fxgl-17.2.jar!/fxglassets/textures/particles/trace_horizontal.png
15:55:31.818 [FXGL Background Thread 1 ] DEBUG GameApplicationServi - Application scenes initialized
15:55:31.824 [FXGL Background Thread 1 ] DEBUG SystemBundleService  - Loading FXGL system data
15:55:31.827 [FXGL Background Thread 1 ] DEBUG FileSystemAccess     - Reading from: C:\Users\matip\Desktop\JavaProjects\brick-breaker\system\fxgl.bundle
15:55:31.832 [FXGL Background Thread 1 ] DEBUG SystemBundleService  - Bundle FXGL: {}
15:55:31.832 [FXGL Background Thread 1 ] DEBUG UpdaterService       - Checking for updates
15:55:31.834 [FXGL Background Thread 4 ] DEBUG FXGLApplication      - Loading fonts
15:55:31.834 [FXGL Background Thread 1 ] DEBUG FXGLApplication      - Loading default localization
15:55:31.834 [FXGL Background Thread 4 ] DEBUG FXGLAssetLoaderServi - Loading from file system: jar:file:///C:/Users/matip/.m2/repository/com/github/almasb/fxgl/17.2/fxgl-17.2.jar!/fxglassets/ui/fonts/VarelaRound-Regular.ttf
15:55:31.834 [FXGL Background Thread 1 ] DEBUG FXGLAssetLoaderServi - Loading from file system: jar:file:///C:/Users/matip/.m2/repository/com/github/almasb/fxgl/17.2/fxgl-17.2.jar!/fxglassets/languages/english.lang
15:55:31.843 [FXGL Background Thread 1 ] INFO  FXGLApplication      - FXGL initialization took: 0.228 sec
15:55:31.849 [JavaFX Application Thread] DEBUG Input                - Registered new binding: action0 - D
15:55:31.849 [JavaFX Application Thread] DEBUG Input                - Registered new binding: action1 - A
15:55:31.850 [JavaFX Application Thread] DEBUG FXGLAssetLoaderServi - Loading from file system: jar:file:///C:/Users/matip/.m2/repository/com/github/almasb/fxgl/17.2/fxgl-17.2.jar!/fxglassets/textures/fxgl_icon.png
15:55:31.854 [JavaFX Application Thread] DEBUG FXGLAssetLoaderServi - Loading from file system: jar:file:///C:/Users/matip/.m2/repository/com/github/almasb/fxgl/17.2/fxgl-17.2.jar!/fxglassets/textures/fxgl_default_cursor.png
15:55:31.855 [JavaFX Application Thread] DEBUG Input                - Registered new binding: Screenshot - CTRL+8
15:55:31.855 [JavaFX Application Thread] DEBUG Input                - Registered new binding: System info dump - CTRL+9
15:55:31.855 [JavaFX Application Thread] DEBUG Input                - Registered new binding: Restart - CTRL+R
15:55:31.856 [JavaFX Application Thread] DEBUG Input                - Registered new binding: Toggle Debug Camera - CTRL+7
15:55:31.856 [JavaFX Application Thread] DEBUG LoopRunner           - Starting loop
15:55:31.857 [JavaFX Application Thread] DEBUG LoopRunner           - Initializing JavaFX AnimationTimerLoop
15:55:31.858 [JavaFX Application Thread] DEBUG Input                - Clearing active input actions
15:55:31.859 [FXGL Background Thread 4 ] DEBUG FXGLAssetLoaderServi - Loading from file system: jar:file:///C:/Users/matip/.m2/repository/com/github/almasb/fxgl/17.2/fxgl-17.2.jar!/fxglassets/ui/fonts/Abel-Regular.ttf
15:55:31.861 [FXGL Background Thread 4 ] DEBUG FXGLAssetLoaderServi - Loading from file system: jar:file:///C:/Users/matip/.m2/repository/com/github/almasb/fxgl/17.2/fxgl-17.2.jar!/fxglassets/ui/fonts/TerminalLandMono-Regular.otf
15:55:31.863 [JavaFX Application Thread] DEBUG GameApplicationServi - Removing overlay from FXGLStartupScene and adding to FXGLMainMenuDummyScene
15:55:31.864 [FXGL Background Thread 4 ] DEBUG FXGLAssetLoaderServi - Loading from file system: jar:file:///C:/Users/matip/.m2/repository/com/github/almasb/fxgl/17.2/fxgl-17.2.jar!/fxglassets/ui/fonts/Courier-Prime.ttf
15:55:31.864 [JavaFX Application Thread] DEBUG PrimaryStageWindow   - FXGLStartupScene -> FXGLMainMenuDummyScene
15:55:31.864 [JavaFX Application Thread] DEBUG PrimaryStageWindow   - Push state: MainMenu
15:55:31.864 [JavaFX Application Thread] DEBUG Input                - Clearing active input actions
15:55:31.864 [JavaFX Application Thread] DEBUG GameApplicationServi - Removing overlay from FXGLMainMenuDummyScene and adding to MainMenu
15:55:31.865 [JavaFX Application Thread] DEBUG PrimaryStageWindow   - FXGLMainMenuDummyScene -> MainMenu
15:55:31.873 [JavaFX Application Thread] DEBUG FXGLApplication      - Registering font factories with UI factory
15:55:32.245 [FXGL Background Thread 2 ] INFO  UpdaterService       - Your current version:  17.2
15:55:32.245 [FXGL Background Thread 2 ] INFO  UpdaterService       - Latest stable version: 17.3
15:55:33.258 [JavaFX Application Thread] DEBUG Menu                 - fireNewGame()
15:55:33.259 [JavaFX Application Thread] DEBUG GameApplicationServi - Starting new game
15:55:33.259 [JavaFX Application Thread] DEBUG PrimaryStageWindow   - Pop state: MainMenu
15:55:33.259 [JavaFX Application Thread] DEBUG Input                - Clearing active input actions
15:55:33.259 [JavaFX Application Thread] DEBUG GameApplicationServi - Removing overlay from MainMenu and adding to FXGLMainMenuDummyScene
15:55:33.259 [JavaFX Application Thread] DEBUG PrimaryStageWindow   - FXGLMainMenuDummyScene <- MainMenu
15:55:33.259 [JavaFX Application Thread] DEBUG Input                - Clearing active input actions
15:55:33.265 [JavaFX Application Thread] DEBUG GameApplicationServi - Removing overlay from FXGLMainMenuDummyScene and adding to FXGLLoadingScene
15:55:33.265 [JavaFX Application Thread] DEBUG PrimaryStageWindow   - FXGLMainMenuDummyScene -> FXGLLoadingScene
15:55:33.265 [JavaFX Application Thread] DEBUG GameApplicationServi - Clearing previous game
15:55:33.265 [JavaFX Application Thread] DEBUG GameScene            - Clearing game scene
15:55:33.265 [JavaFX Application Thread] DEBUG GameWorld            - Clearing game world
15:55:33.265 [JavaFX Application Thread] DEBUG PhysicsWorld         - Clearing physics world
15:55:33.267 [FXGL Background Thread 2 ] DEBUG FXGLApplication      - Initializing game
15:55:33.279 [FXGL Background Thread 2 ] WARN  GameWorld            - Entity is already attached to world
15:55:33.280 [FXGL Background Thread 2 ] DEBUG FXGLAssetLoaderServi - Loading from file system: file:/C:/Users/matip/Desktop/JavaProjects/brick-breaker/target/classes/assets/textures/brick.png
15:55:33.281 [FXGL Background Thread 2 ] WARN  GameWorld            - Entity is already attached to world
15:55:33.282 [FXGL Background Thread 2 ] WARN  GameWorld            - Entity is already attached to world
15:55:33.282 [FXGL Background Thread 2 ] WARN  GameWorld            - Entity is already attached to world
15:55:33.283 [FXGL Background Thread 2 ] WARN  GameWorld            - Entity is already attached to world
15:55:33.284 [FXGL Background Thread 2 ] WARN  GameWorld            - Entity is already attached to world
15:55:33.284 [FXGL Background Thread 2 ] WARN  GameWorld            - Entity is already attached to world
15:55:33.285 [FXGL Background Thread 2 ] WARN  GameWorld            - Entity is already attached to world
15:55:33.286 [FXGL Background Thread 2 ] WARN  GameWorld            - Entity is already attached to world
15:55:33.286 [FXGL Background Thread 2 ] WARN  GameWorld            - Entity is already attached to world
15:55:33.287 [FXGL Background Thread 2 ] WARN  GameWorld            - Entity is already attached to world
15:55:33.288 [FXGL Background Thread 2 ] WARN  GameWorld            - Entity is already attached to world
15:55:33.288 [FXGL Background Thread 2 ] WARN  GameWorld            - Entity is already attached to world
15:55:33.289 [FXGL Background Thread 2 ] WARN  GameWorld            - Entity is already attached to world
15:55:33.290 [FXGL Background Thread 2 ] WARN  GameWorld            - Entity is already attached to world
15:55:33.290 [FXGL Background Thread 2 ] WARN  GameWorld            - Entity is already attached to world
15:55:33.291 [FXGL Background Thread 2 ] WARN  GameWorld            - Entity is already attached to world
15:55:33.291 [FXGL Background Thread 2 ] WARN  GameWorld            - Entity is already attached to world
15:55:33.292 [FXGL Background Thread 2 ] WARN  GameWorld            - Entity is already attached to world
15:55:33.292 [FXGL Background Thread 2 ] WARN  GameWorld            - Entity is already attached to world
15:55:33.293 [FXGL Background Thread 2 ] WARN  GameWorld            - Entity is already attached to world
15:55:33.293 [FXGL Background Thread 2 ] WARN  GameWorld            - Entity is already attached to world
15:55:33.294 [FXGL Background Thread 2 ] WARN  GameWorld            - Entity is already attached to world
15:55:33.294 [FXGL Background Thread 2 ] WARN  GameWorld            - Entity is already attached to world
15:55:33.295 [FXGL Background Thread 2 ] WARN  GameWorld            - Entity is already attached to world
15:55:33.295 [FXGL Background Thread 2 ] WARN  GameWorld            - Entity is already attached to world
15:55:33.296 [FXGL Background Thread 2 ] WARN  GameWorld            - Entity is already attached to world
15:55:33.296 [FXGL Background Thread 2 ] WARN  GameWorld            - Entity is already attached to world
15:55:33.297 [FXGL Background Thread 2 ] WARN  GameWorld            - Entity is already attached to world
15:55:33.297 [FXGL Background Thread 2 ] WARN  GameWorld            - Entity is already attached to world
15:55:33.298 [FXGL Background Thread 2 ] WARN  GameWorld            - Entity is already attached to world
15:55:33.298 [FXGL Background Thread 2 ] WARN  GameWorld            - Entity is already attached to world
15:55:33.299 [FXGL Background Thread 2 ] WARN  GameWorld            - Entity is already attached to world
15:55:33.299 [FXGL Background Thread 2 ] WARN  GameWorld            - Entity is already attached to world
15:55:33.300 [FXGL Background Thread 2 ] WARN  GameWorld            - Entity is already attached to world
15:55:33.300 [FXGL Background Thread 2 ] WARN  GameWorld            - Entity is already attached to world
15:55:33.301 [FXGL Background Thread 2 ] WARN  GameWorld            - Entity is already attached to world
15:55:33.301 [FXGL Background Thread 2 ] WARN  GameWorld            - Entity is already attached to world
15:55:33.302 [FXGL Background Thread 2 ] WARN  GameWorld            - Entity is already attached to world
15:55:33.302 [FXGL Background Thread 2 ] WARN  GameWorld            - Entity is already attached to world
15:55:33.303 [FXGL Background Thread 2 ] WARN  GameWorld            - Entity is already attached to world
15:55:33.304 [FXGL Background Thread 2 ] WARN  GameWorld            - Entity is already attached to world
15:55:33.304 [FXGL Background Thread 2 ] WARN  GameWorld            - Entity is already attached to world
15:55:33.305 [FXGL Background Thread 2 ] WARN  GameWorld            - Entity is already attached to world
15:55:33.305 [FXGL Background Thread 2 ] WARN  GameWorld            - Entity is already attached to world
15:55:33.306 [FXGL Background Thread 2 ] WARN  GameWorld            - Entity is already attached to world
15:55:33.306 [FXGL Background Thread 2 ] WARN  GameWorld            - Entity is already attached to world
15:55:33.306 [FXGL Background Thread 2 ] WARN  GameWorld            - Entity is already attached to world
15:55:33.307 [FXGL Background Thread 2 ] WARN  GameWorld            - Entity is already attached to world
15:55:33.307 [FXGL Background Thread 2 ] WARN  GameWorld            - Entity is already attached to world
15:55:33.308 [FXGL Background Thread 2 ] WARN  GameWorld            - Entity is already attached to world
15:55:33.308 [FXGL Background Thread 2 ] WARN  GameWorld            - Entity is already attached to world
15:55:33.309 [FXGL Background Thread 2 ] WARN  GameWorld            - Entity is already attached to world
15:55:33.309 [FXGL Background Thread 2 ] WARN  GameWorld            - Entity is already attached to world
15:55:33.310 [FXGL Background Thread 2 ] WARN  GameWorld            - Entity is already attached to world
15:55:33.311 [FXGL Background Thread 2 ] WARN  GameWorld            - Entity is already attached to world
15:55:33.312 [FXGL Background Thread 2 ] WARN  GameWorld            - Entity is already attached to world
15:55:33.312 [FXGL Background Thread 2 ] WARN  GameWorld            - Entity is already attached to world
15:55:33.313 [FXGL Background Thread 2 ] WARN  GameWorld            - Entity is already attached to world
15:55:33.313 [FXGL Background Thread 2 ] WARN  GameWorld            - Entity is already attached to world
15:55:33.314 [FXGL Background Thread 2 ] WARN  GameWorld            - Entity is already attached to world
15:55:33.314 [FXGL Background Thread 2 ] WARN  GameWorld            - Entity is already attached to world
15:55:33.315 [FXGL Background Thread 2 ] WARN  GameWorld            - Entity is already attached to world
15:55:33.315 [FXGL Background Thread 2 ] WARN  GameWorld            - Entity is already attached to world
15:55:33.316 [FXGL Background Thread 2 ] WARN  GameWorld            - Entity is already attached to world
15:55:33.316 [FXGL Background Thread 2 ] WARN  GameWorld            - Entity is already attached to world
15:55:33.317 [FXGL Background Thread 2 ] DEBUG FXGLAssetLoaderServi - Loading from file system: file:/C:/Users/matip/Desktop/JavaProjects/brick-breaker/target/classes/assets/textures/ball.png
15:55:33.317 [FXGL Background Thread 2 ] WARN  GameWorld            - Entity is already attached to world
15:55:33.320 [FXGL Background Thread 2 ] INFO  FXGLApplication      - Game initialization took: 0.053 sec
15:55:33.328 [JavaFX Application Thread] DEBUG Input                - Clearing active input actions
15:55:33.333 [JavaFX Application Thread] DEBUG GameApplicationServi - Removing overlay from FXGLLoadingScene and adding to GameScene
15:55:33.333 [JavaFX Application Thread] DEBUG PrimaryStageWindow   - FXGLLoadingScene -> GameScene
15:55:34.834 [FXGL Background Thread 3 ] DEBUG Engine               - Logging environment variables
15:55:34.834 [FXGL Background Thread 3 ] DEBUG Engine               - achievements: []
15:55:34.834 [FXGL Background Thread 3 ] DEBUG Engine               - actualHeight: 600.0
15:55:34.834 [FXGL Background Thread 3 ] DEBUG Engine               - actualHeightProperty: ReadOnlyDoubleProperty [value: 600.0]
15:55:34.834 [FXGL Background Thread 3 ] DEBUG Engine               - actualWidth: 600.0
15:55:34.834 [FXGL Background Thread 3 ] DEBUG Engine               - actualWidthProperty: ReadOnlyDoubleProperty [value: 600.0]
15:55:34.834 [FXGL Background Thread 3 ] DEBUG Engine               - appIcon: fxgl_icon.png
15:55:34.834 [FXGL Background Thread 3 ] DEBUG Engine               - applicationMode: DEVELOPER
15:55:34.834 [FXGL Background Thread 3 ] DEBUG Engine               - cSSList: [fxgl_dark.css]
15:55:34.834 [FXGL Background Thread 3 ] DEBUG Engine               - collisionDetectionStrategy: BRUTE_FORCE
15:55:34.834 [FXGL Background Thread 3 ] DEBUG Engine               - configClass: Optional.empty
15:55:34.834 [FXGL Background Thread 3 ] DEBUG Engine               - credits: []
15:55:34.835 [FXGL Background Thread 3 ] DEBUG Engine               - defaultCursor: CursorInfo(imageName=fxgl_default_cursor.png, hotspotX=7.0, hotspotY=6.0)
15:55:34.835 [FXGL Background Thread 3 ] DEBUG Engine               - devBBoxColorProperty: ObjectProperty [value: 0xff0000ff]
15:55:34.835 [FXGL Background Thread 3 ] DEBUG Engine               - devEnableDebugCameraProperty: BooleanProperty [value: false]
15:55:34.835 [FXGL Background Thread 3 ] DEBUG Engine               - devSensorColorProperty: ObjectProperty [value: 0xffff00ff]
15:55:34.835 [FXGL Background Thread 3 ] DEBUG Engine               - devShowBBoxProperty: BooleanProperty [value: false]
15:55:34.835 [FXGL Background Thread 3 ] DEBUG Engine               - devShowPositionProperty: BooleanProperty [value: false]
15:55:34.835 [FXGL Background Thread 3 ] DEBUG Engine               - enabledMenuItems: []
15:55:34.835 [FXGL Background Thread 3 ] DEBUG Engine               - engineServices: [class com.almasb.fxgl.app.services.FXGLAssetLoaderService, class com.almasb.fxgl.app.FXGLApplication$GameApplicationService, class com.almasb.fxgl.app.services.FXGLDialogService, class com.almasb.fxgl.app.services.IOTaskExecutorService, class com.almasb.fxgl.io.FileSystemService, class com.almasb.fxgl.localization.LocalizationService, class com.almasb.fxgl.app.services.SystemBundleService, class com.almasb.fxgl.profile.SaveLoadService, class com.almasb.fxgl.ui.FXGLUIFactoryServiceProvider, class com.almasb.fxgl.ui.FXGLDialogFactoryServiceProvider, class com.almasb.fxgl.audio.AudioPlayer, class com.almasb.fxgl.notification.impl.NotificationServiceProvider, class com.almasb.fxgl.achievement.AchievementService, class com.almasb.fxgl.cutscene.CutsceneService, class com.almasb.fxgl.minigames.MiniGameService, class com.almasb.fxgl.net.NetService, class com.almasb.fxgl.app.services.UpdaterService, class com.almasb.fxgl.dev.DevService]
15:55:34.835 [FXGL Background Thread 3 ] DEBUG Engine               - fontGame: Abel-Regular.ttf
15:55:34.835 [FXGL Background Thread 3 ] DEBUG Engine               - fontMono: TerminalLandMono-Regular.otf
15:55:34.835 [FXGL Background Thread 3 ] DEBUG Engine               - fontText: Courier-Prime.ttf
15:55:34.835 [FXGL Background Thread 3 ] DEBUG Engine               - fontUI: VarelaRound-Regular.ttf
15:55:34.835 [FXGL Background Thread 3 ] DEBUG Engine               - fullScreen: BooleanProperty [value: false]
15:55:34.835 [FXGL Background Thread 3 ] DEBUG Engine               - gameDifficulty: MEDIUM
15:55:34.835 [FXGL Background Thread 3 ] DEBUG Engine               - gameDifficultyProperty: ObjectProperty [value: MEDIUM]
15:55:34.835 [FXGL Background Thread 3 ] DEBUG Engine               - globalMusicVolume: 0.5
15:55:34.835 [FXGL Background Thread 3 ] DEBUG Engine               - globalMusicVolumeProperty: DoubleProperty [value: 0.5]
15:55:34.835 [FXGL Background Thread 3 ] DEBUG Engine               - globalSoundVolume: 0.5
15:55:34.835 [FXGL Background Thread 3 ] DEBUG Engine               - globalSoundVolumeProperty: DoubleProperty [value: 0.5]
15:55:34.835 [FXGL Background Thread 3 ] DEBUG Engine               - height: 600
15:55:34.835 [FXGL Background Thread 3 ] DEBUG Engine               - is3D: false
15:55:34.835 [FXGL Background Thread 3 ] DEBUG Engine               - isAndroid: false
15:55:34.835 [FXGL Background Thread 3 ] DEBUG Engine               - isBrowser: false
15:55:34.835 [FXGL Background Thread 3 ] DEBUG Engine               - isClickFeedbackEnabled: false
15:55:34.836 [FXGL Background Thread 3 ] DEBUG Engine               - isCloseConfirmation: false
15:55:34.836 [FXGL Background Thread 3 ] DEBUG Engine               - isDesktop: true
15:55:34.836 [FXGL Background Thread 3 ] DEBUG Engine               - isDeveloperMenuEnabled: false
15:55:34.836 [FXGL Background Thread 3 ] DEBUG Engine               - isEmbedded: false
15:55:34.836 [FXGL Background Thread 3 ] DEBUG Engine               - isEntityPreloadEnabled: true
15:55:34.836 [FXGL Background Thread 3 ] DEBUG Engine               - isExperimentalTiledLargeMap: false
15:55:34.836 [FXGL Background Thread 3 ] DEBUG Engine               - isFileSystemWriteAllowed: true
15:55:34.836 [FXGL Background Thread 3 ] DEBUG Engine               - isFullScreenAllowed: false
15:55:34.836 [FXGL Background Thread 3 ] DEBUG Engine               - isFullScreenFromStart: false
15:55:34.836 [FXGL Background Thread 3 ] DEBUG Engine               - isGameMenuEnabled: true
15:55:34.836 [FXGL Background Thread 3 ] DEBUG Engine               - isIOS: false
15:55:34.836 [FXGL Background Thread 3 ] DEBUG Engine               - isIntroEnabled: false
15:55:34.836 [FXGL Background Thread 3 ] DEBUG Engine               - isLinux: false
15:55:34.836 [FXGL Background Thread 3 ] DEBUG Engine               - isMac: false
15:55:34.836 [FXGL Background Thread 3 ] DEBUG Engine               - isMainMenuEnabled: true
15:55:34.836 [FXGL Background Thread 3 ] DEBUG Engine               - isManualResizeEnabled: false
15:55:34.836 [FXGL Background Thread 3 ] DEBUG Engine               - isMobile: false
15:55:34.836 [FXGL Background Thread 3 ] DEBUG Engine               - isNative: false
15:55:34.836 [FXGL Background Thread 3 ] DEBUG Engine               - isPauseMusicWhenMinimized: true
15:55:34.836 [FXGL Background Thread 3 ] DEBUG Engine               - isPreserveResizeRatio: false
15:55:34.836 [FXGL Background Thread 3 ] DEBUG Engine               - isProfilingEnabled: false
15:55:34.836 [FXGL Background Thread 3 ] DEBUG Engine               - isScaleAffectedOnResize: true
15:55:34.836 [FXGL Background Thread 3 ] DEBUG Engine               - isSingleStep: false
15:55:34.836 [FXGL Background Thread 3 ] DEBUG Engine               - isUserProfileEnabled: false
15:55:34.836 [FXGL Background Thread 3 ] DEBUG Engine               - isWindows: true
15:55:34.836 [FXGL Background Thread 3 ] DEBUG Engine               - language: ObjectProperty [value: ENGLISH]
15:55:34.837 [FXGL Background Thread 3 ] DEBUG Engine               - menuKey: ESCAPE
15:55:34.837 [FXGL Background Thread 3 ] DEBUG Engine               - mouseSensitivity: 0.2
15:55:34.837 [FXGL Background Thread 3 ] DEBUG Engine               - notificationViewClass: class com.almasb.fxgl.notification.view.XboxNotificationView
15:55:34.837 [FXGL Background Thread 3 ] DEBUG Engine               - pixelsPerMeter: 50.0
15:55:34.837 [FXGL Background Thread 3 ] DEBUG Engine               - platform: WINDOWS
15:55:34.837 [FXGL Background Thread 3 ] DEBUG Engine               - prefHeightProperty: ReadOnlyDoubleProperty [value: 600.0]
15:55:34.837 [FXGL Background Thread 3 ] DEBUG Engine               - prefWidthProperty: ReadOnlyDoubleProperty [value: 600.0]
15:55:34.837 [FXGL Background Thread 3 ] DEBUG Engine               - profileDir: profiles/
15:55:34.837 [FXGL Background Thread 3 ] DEBUG Engine               - profileName: StringProperty [value: DEFAULT]
15:55:34.837 [FXGL Background Thread 3 ] DEBUG Engine               - randomSeed: -1
15:55:34.837 [FXGL Background Thread 3 ] DEBUG Engine               - runtimeInfo: RuntimeInfo(platform=WINDOWS, version=17.2, build=20.08.2022 16.50)
15:55:34.837 [FXGL Background Thread 3 ] DEBUG Engine               - saveFileExt: sav
15:55:34.837 [FXGL Background Thread 3 ] DEBUG Engine               - scaledHeightProp$fxgl: DoubleProperty [bound, value: 600.0]
15:55:34.837 [FXGL Background Thread 3 ] DEBUG Engine               - scaledWidthProp$fxgl: DoubleProperty [bound, value: 600.0]
15:55:34.837 [FXGL Background Thread 3 ] DEBUG Engine               - sceneFactory: com.example.brickbreaker.menu.CustomSceneFactory@21ad1790
15:55:34.837 [FXGL Background Thread 3 ] DEBUG Engine               - secondsIn24h: 60
15:55:34.837 [FXGL Background Thread 3 ] DEBUG Engine               - soundMenuBack: menu/back.wav
15:55:34.837 [FXGL Background Thread 3 ] DEBUG Engine               - soundMenuPress: menu/press.wav
15:55:34.837 [FXGL Background Thread 3 ] DEBUG Engine               - soundMenuSelect: menu/select.wav
15:55:34.837 [FXGL Background Thread 3 ] DEBUG Engine               - soundNotification: core/notification.wav
15:55:34.837 [FXGL Background Thread 3 ] DEBUG Engine               - stageStyle: DECORATED
15:55:34.837 [FXGL Background Thread 3 ] DEBUG Engine               - supportedLanguages: [ENGLISH, FRENCH, GERMAN, HUNGARIAN, RUSSIAN]
15:55:34.837 [FXGL Background Thread 3 ] DEBUG Engine               - ticksPerSecond: -1
15:55:34.838 [FXGL Background Thread 3 ] DEBUG Engine               - title: Brick Breaker
15:55:34.838 [FXGL Background Thread 3 ] DEBUG Engine               - urlGithub: https://github.com/AlmasB/FXGL
15:55:34.838 [FXGL Background Thread 3 ] DEBUG Engine               - urlLeaderboard: http://fxgl-top.herokuapp.com/
15:55:34.838 [FXGL Background Thread 3 ] DEBUG Engine               - urlPOM: https://raw.githubusercontent.com/AlmasB/FXGL/release/README.md
15:55:34.838 [FXGL Background Thread 3 ] DEBUG Engine               - userAppClass: class com.example.brickbreaker.BrickBreakerApp
15:55:34.838 [FXGL Background Thread 3 ] DEBUG Engine               - version: 0.0
15:55:34.838 [FXGL Background Thread 3 ] DEBUG Engine               - versionCheckDays: 7
15:55:34.838 [FXGL Background Thread 3 ] DEBUG Engine               - width: 600
15:55:34.838 [FXGL Background Thread 3 ] DEBUG Engine               - Logging services
15:55:34.838 [FXGL Background Thread 3 ] DEBUG Engine               - class com.almasb.fxgl.app.services.FXGLAssetLoaderService
15:55:34.838 [FXGL Background Thread 3 ] DEBUG Engine               - class com.almasb.fxgl.app.FXGLApplication$GameApplicationService
15:55:34.838 [FXGL Background Thread 3 ] DEBUG Engine               - class com.almasb.fxgl.app.services.FXGLDialogService
15:55:34.838 [FXGL Background Thread 3 ] DEBUG Engine               - class com.almasb.fxgl.app.services.IOTaskExecutorService
15:55:34.838 [FXGL Background Thread 3 ] DEBUG Engine               - class com.almasb.fxgl.io.FileSystemService
15:55:34.838 [FXGL Background Thread 3 ] DEBUG Engine               - class com.almasb.fxgl.localization.LocalizationService
15:55:34.838 [FXGL Background Thread 3 ] DEBUG Engine               - class com.almasb.fxgl.app.services.SystemBundleService
15:55:34.838 [FXGL Background Thread 3 ] DEBUG Engine               - class com.almasb.fxgl.profile.SaveLoadService
15:55:34.838 [FXGL Background Thread 3 ] DEBUG Engine               - class com.almasb.fxgl.ui.FXGLUIFactoryServiceProvider
15:55:34.838 [FXGL Background Thread 3 ] DEBUG Engine               - class com.almasb.fxgl.ui.FXGLDialogFactoryServiceProvider
15:55:34.838 [FXGL Background Thread 3 ] DEBUG Engine               - class com.almasb.fxgl.audio.AudioPlayer
15:55:34.838 [FXGL Background Thread 3 ] DEBUG Engine               - class com.almasb.fxgl.notification.impl.NotificationServiceProvider
15:55:34.838 [FXGL Background Thread 3 ] DEBUG Engine               - class com.almasb.fxgl.achievement.AchievementService
15:55:34.838 [FXGL Background Thread 3 ] DEBUG Engine               - class com.almasb.fxgl.cutscene.CutsceneService
15:55:34.838 [FXGL Background Thread 3 ] DEBUG Engine               - class com.almasb.fxgl.minigames.MiniGameService
15:55:34.838 [FXGL Background Thread 3 ] DEBUG Engine               - class com.almasb.fxgl.net.NetService
15:55:34.838 [FXGL Background Thread 3 ] DEBUG Engine               - class com.almasb.fxgl.app.services.UpdaterService
15:55:34.838 [FXGL Background Thread 3 ] DEBUG Engine               - class com.almasb.fxgl.dev.DevService
15:56:05.848 [JavaFX Application Thread] DEBUG LoopRunner           - Stopping loop
15:56:05.849 [JavaFX Application Thread] FATAL FXGLApplication      - Uncaught Exception:
java.lang.IllegalArgumentException: Property velocity does not exist
	at com.almasb.fxgl.core@17.2/com.almasb.fxgl.core.collection.PropertyMap.get(PropertyMap.kt:251)
	at com.almasb.fxgl.core@17.2/com.almasb.fxgl.core.collection.PropertyMap.objectProperty(PropertyMap.kt:169)
	at com.almasb.fxgl.core@17.2/com.almasb.fxgl.core.collection.PropertyMap.getObject(PropertyMap.kt:158)
	at com.almasb.fxgl.entity@17.2/com.almasb.fxgl.entity.Entity.getObject(Entity.java:328)
	at com.example.brickbreaker/com.example.brickbreaker.BrickBreakerApp.onUpdate(BrickBreakerApp.java:79)
	at com.almasb.fxgl.all@17.2/com.almasb.fxgl.app.FXGLApplication$GameApplicationService.onGameUpdate(FXGLApplication.kt:421)
	at com.almasb.fxgl.all@17.2/com.almasb.fxgl.app.Engine.onGameUpdate(Engine.kt:138)
	at com.almasb.fxgl.all@17.2/com.almasb.fxgl.app.FXGLApplication.postServicesInit$lambda-7(FXGLApplication.kt:182)
	at com.almasb.fxgl.scene@17.2/com.almasb.fxgl.scene.Scene.update(Scene.kt:113)
	at com.almasb.fxgl.all@17.2/com.almasb.fxgl.app.MainWindow$update$1.invoke(MainWindow.kt:115)
	at com.almasb.fxgl.all@17.2/com.almasb.fxgl.app.MainWindow$update$1.invoke(MainWindow.kt:115)
	at com.almasb.fxgl.core@17.2/com.almasb.fxgl.core.fsm.StateMachine.runOnActiveStates(StateMachine.kt:69)
	at com.almasb.fxgl.all@17.2/com.almasb.fxgl.app.MainWindow.update(MainWindow.kt:115)
	at com.almasb.fxgl.all@17.2/com.almasb.fxgl.app.FXGLApplication$GameApplicationService.onUpdate(FXGLApplication.kt:426)
	at com.almasb.fxgl.all@17.2/com.almasb.fxgl.app.Engine.loop(Engine.kt:134)
	at com.almasb.fxgl.all@17.2/com.almasb.fxgl.app.Engine.access$loop(Engine.kt:24)
	at com.almasb.fxgl.all@17.2/com.almasb.fxgl.app.Engine$loop$1.invoke(Engine.kt:28)
	at com.almasb.fxgl.all@17.2/com.almasb.fxgl.app.Engine$loop$1.invoke(Engine.kt:28)
	at com.almasb.fxgl.all@17.2/com.almasb.fxgl.app.LoopRunner.frame(LoopRunner.kt:103)
	at com.almasb.fxgl.all@17.2/com.almasb.fxgl.app.LoopRunner.access$frame(LoopRunner.kt:23)
	at com.almasb.fxgl.all@17.2/com.almasb.fxgl.app.LoopRunner$impl$2$1.onTick(LoopRunner.kt:57)
	at com.almasb.fxgl.all@17.2/com.almasb.fxgl.app.AnimationTimerLoop$timer$1.handle(LoopRunner.kt:137)
	at javafx.graphics@18.0.2/javafx.animation.AnimationTimer$AnimationTimerReceiver.lambda$handle$0(AnimationTimer.java:58)
	at java.base/java.security.AccessController.doPrivileged(AccessController.java:399)
	at javafx.graphics@18.0.2/javafx.animation.AnimationTimer$AnimationTimerReceiver.handle(AnimationTimer.java:57)
	at javafx.graphics@18.0.2/com.sun.scenario.animation.AbstractPrimaryTimer.timePulseImpl(AbstractPrimaryTimer.java:356)
	at javafx.graphics@18.0.2/com.sun.scenario.animation.AbstractPrimaryTimer$MainLoop.run(AbstractPrimaryTimer.java:266)
	at javafx.graphics@18.0.2/com.sun.javafx.tk.quantum.QuantumToolkit.pulse(QuantumToolkit.java:571)
	at javafx.graphics@18.0.2/com.sun.javafx.tk.quantum.QuantumToolkit.pulse(QuantumToolkit.java:555)
	at javafx.graphics@18.0.2/com.sun.javafx.tk.quantum.QuantumToolkit.pulseFromQueue(QuantumToolkit.java:548)
	at javafx.graphics@18.0.2/com.sun.javafx.tk.quantum.QuantumToolkit.lambda$runToolkit$11(QuantumToolkit.java:352)
	at javafx.graphics@18.0.2/com.sun.glass.ui.InvokeLaterDispatcher$Future.run(InvokeLaterDispatcher.java:96)
	at javafx.graphics@18.0.2/com.sun.glass.ui.win.WinApplication._runLoop(Native Method)
	at javafx.graphics@18.0.2/com.sun.glass.ui.win.WinApplication.lambda$runLoop$3(WinApplication.java:184)
	at java.base/java.lang.Thread.run(Thread.java:833)

15:56:05.849 [JavaFX Application Thread] FATAL FXGLApplication      - Application will now exit
15:56:05.859 [JavaFX Application Thread] DEBUG PrimaryStageWindow   - Push state: ErrorSubScene
15:56:05.859 [JavaFX Application Thread] DEBUG Input                - Clearing active input actions
15:56:05.862 [JavaFX Application Thread] DEBUG GameApplicationServi - Removing overlay from GameScene and adding to ErrorSubScene
15:56:05.863 [JavaFX Application Thread] DEBUG PrimaryStageWindow   - GameScene -> ErrorSubScene
15:56:06.347 [JavaFX Application Thread] DEBUG FXGLApplication      - Exiting FXGL
15:56:06.347 [JavaFX Application Thread] DEBUG Async                - Shutting down background threads
15:56:06.347 [JavaFX Application Thread] DEBUG PrimaryStageWindow   - Closing main window
15:56:06.353 [JavaFX Application Thread] DEBUG Logger               - Closing Logger
