18:48:02.594 [main                     ] DEBUG Logger               - Configured Logger
18:48:02.614 [main                     ] DEBUG GameApplication      - Logging settings
Title: Brick Breaker
Version: 0.0
Width: 600
Height: 600
Fullscreen: false
Intro: false
Profiling: false
Single step:false
App Mode: DEVELOPER
Menu Key: ESCAPE
Stage Style: DECORATED
Scene Factory: class com.example.brickbreaker.menu.CustomSceneFactory

18:48:02.880 [JavaFX Application Thread] DEBUG FXGLApplication      - Initializing FXGL
18:48:02.884 [JavaFX Application Thread] INFO  Engine               - FXGL-17.2 (20.08.2022 16.50) on WINDOWS (J:18.0.1.1 FX:18.0.2)
18:48:02.884 [JavaFX Application Thread] DEBUG Engine               - JRE Vendor Name: Oracle Corporation
18:48:02.884 [JavaFX Application Thread] DEBUG Engine               - Running on OS: Windows 10 version 10.0
18:48:02.884 [JavaFX Application Thread] DEBUG Engine               - Architecture: amd64
18:48:02.884 [JavaFX Application Thread] INFO  Engine               - Source code and latest versions at: https://github.com/AlmasB/FXGL
18:48:02.885 [JavaFX Application Thread] INFO  Engine               -       Ask questions and discuss at: https://github.com/AlmasB/FXGL/discussions
18:48:02.885 [JavaFX Application Thread] INFO  Engine               -              Join the FXGL chat at: https://gitter.im/AlmasB/FXGL
18:48:02.936 [JavaFX Application Thread] DEBUG PrimaryStageWindow   - Creating a JavaFX scene
18:48:02.962 [JavaFX Application Thread] DEBUG PrimaryStageWindow   - Target settings size: 600.0 x 600.0
18:48:02.963 [JavaFX Application Thread] DEBUG PrimaryStageWindow   - Scaled scene size:    600.0 x 600.0
18:48:02.963 [JavaFX Application Thread] DEBUG PrimaryStageWindow   - Scaled ratio: (1.0, 1.0)
18:48:02.963 [JavaFX Application Thread] DEBUG PrimaryStageWindow   - Set initial scene to FXGLStartupScene
18:48:02.967 [JavaFX Application Thread] DEBUG PrimaryStageWindow   - Opening main window
18:48:03.006 [JavaFX Application Thread] DEBUG PrimaryStageWindow   - Window border size: (16.0, 39.0)
18:48:03.007 [JavaFX Application Thread] DEBUG PrimaryStageWindow   - Scaled size: 600.0 x 600.0
18:48:03.007 [JavaFX Application Thread] DEBUG PrimaryStageWindow   - Scaled ratio: (1.0, 1.0)
18:48:03.007 [JavaFX Application Thread] DEBUG PrimaryStageWindow   - Scene size: 600.0 x 600.0
18:48:03.007 [JavaFX Application Thread] DEBUG PrimaryStageWindow   - Stage size: 616.0 x 639.0
18:48:03.011 [FXGL Background Thread 1 ] DEBUG Engine               - Initializing environment variables
18:48:03.035 [FXGL Background Thread 1 ] DEBUG FXGLAssetLoaderServi - User app class for loading assets: class com.example.brickbreaker.BrickBreakerApp
18:48:03.035 [FXGL Background Thread 1 ] DEBUG GameApplicationServi - Applying CSS: fxgl_dark.css
18:48:03.036 [FXGL Background Thread 1 ] DEBUG FXGLAssetLoaderServi - Loading from file system: jar:file:///C:/Users/matip/.m2/repository/com/github/almasb/fxgl/17.2/fxgl-17.2.jar!/fxglassets/ui/css/fxgl_dark.css
18:48:03.059 [FXGL Background Thread 1 ] DEBUG GameApplicationServi - Initializing application scenes
18:48:03.077 [FXGL Background Thread 1 ] DEBUG GameWorld            - Game world initialized
18:48:03.104 [FXGL Background Thread 1 ] DEBUG PhysicsWorld         - Physics world initialized: appHeight=600, physics.ppm=50.0
18:48:03.104 [FXGL Background Thread 1 ] DEBUG PhysicsWorld         - Using strategy: BRUTE_FORCE
18:48:03.107 [FXGL Background Thread 1 ] DEBUG GameScene            - Game scene initialized: 600x600
18:48:03.108 [FXGL Background Thread 1 ] DEBUG FXGLAssetLoaderServi - Loading from file system: file:/C:/Users/matip/Desktop/JavaProjects/brick-breaker/target/classes/assets/textures/brick-wall.png
18:48:03.141 [FXGL Background Thread 1 ] WARN  FXGL.DefaultMenu     - FXGLDefaultMenu is not designed for resolutions < 800x600
18:48:03.141 [FXGL Background Thread 1 ] DEBUG FXGL.DefaultMenu     - createMenuBodyGameMenu()
18:48:03.147 [FXGL Background Thread 1 ] DEBUG FXGL.DefaultMenu     - createOptionsMenu()
18:48:03.156 [FXGL Background Thread 1 ] DEBUG FXGLAssetLoaderServi - Loading from file system: jar:file:///C:/Users/matip/.m2/repository/com/github/almasb/fxgl/17.2/fxgl-17.2.jar!/fxglassets/textures/particles/smoke.png
18:48:03.198 [FXGL Background Thread 1 ] DEBUG FXGLAssetLoaderServi - Loading from file system: jar:file:///C:/Users/matip/.m2/repository/com/github/almasb/fxgl/17.2/fxgl-17.2.jar!/fxglassets/textures/particles/trace_horizontal.png
18:48:03.210 [FXGL Background Thread 1 ] DEBUG GameApplicationServi - Application scenes initialized
18:48:03.216 [FXGL Background Thread 1 ] DEBUG SystemBundleService  - Loading FXGL system data
18:48:03.218 [FXGL Background Thread 1 ] DEBUG FileSystemAccess     - Reading from: C:\Users\matip\Desktop\JavaProjects\brick-breaker\system\fxgl.bundle
18:48:03.223 [FXGL Background Thread 1 ] DEBUG SystemBundleService  - Bundle FXGL: {}
18:48:03.223 [FXGL Background Thread 1 ] DEBUG UpdaterService       - Checking for updates
18:48:03.225 [FXGL Background Thread 4 ] DEBUG FXGLApplication      - Loading fonts
18:48:03.226 [FXGL Background Thread 1 ] DEBUG FXGLApplication      - Loading default localization
18:48:03.226 [FXGL Background Thread 4 ] DEBUG FXGLAssetLoaderServi - Loading from file system: jar:file:///C:/Users/matip/.m2/repository/com/github/almasb/fxgl/17.2/fxgl-17.2.jar!/fxglassets/ui/fonts/VarelaRound-Regular.ttf
18:48:03.226 [FXGL Background Thread 1 ] DEBUG FXGLAssetLoaderServi - Loading from file system: jar:file:///C:/Users/matip/.m2/repository/com/github/almasb/fxgl/17.2/fxgl-17.2.jar!/fxglassets/languages/english.lang
18:48:03.235 [FXGL Background Thread 1 ] INFO  FXGLApplication      - FXGL initialization took: 0.224 sec
18:48:03.240 [JavaFX Application Thread] DEBUG Input                - Registered new binding: action0 - D
18:48:03.240 [JavaFX Application Thread] DEBUG Input                - Registered new binding: action1 - A
18:48:03.240 [JavaFX Application Thread] DEBUG FXGLAssetLoaderServi - Loading from file system: jar:file:///C:/Users/matip/.m2/repository/com/github/almasb/fxgl/17.2/fxgl-17.2.jar!/fxglassets/textures/fxgl_icon.png
18:48:03.244 [JavaFX Application Thread] DEBUG FXGLAssetLoaderServi - Loading from file system: jar:file:///C:/Users/matip/.m2/repository/com/github/almasb/fxgl/17.2/fxgl-17.2.jar!/fxglassets/textures/fxgl_default_cursor.png
18:48:03.245 [JavaFX Application Thread] DEBUG Input                - Registered new binding: Screenshot - CTRL+8
18:48:03.246 [JavaFX Application Thread] DEBUG Input                - Registered new binding: System info dump - CTRL+9
18:48:03.246 [JavaFX Application Thread] DEBUG Input                - Registered new binding: Restart - CTRL+R
18:48:03.246 [JavaFX Application Thread] DEBUG Input                - Registered new binding: Toggle Debug Camera - CTRL+7
18:48:03.247 [JavaFX Application Thread] DEBUG LoopRunner           - Starting loop
18:48:03.247 [JavaFX Application Thread] DEBUG LoopRunner           - Initializing JavaFX AnimationTimerLoop
18:48:03.248 [JavaFX Application Thread] DEBUG Input                - Clearing active input actions
18:48:03.251 [FXGL Background Thread 4 ] DEBUG FXGLAssetLoaderServi - Loading from file system: jar:file:///C:/Users/matip/.m2/repository/com/github/almasb/fxgl/17.2/fxgl-17.2.jar!/fxglassets/ui/fonts/Abel-Regular.ttf
18:48:03.252 [JavaFX Application Thread] DEBUG GameApplicationServi - Removing overlay from FXGLStartupScene and adding to FXGLMainMenuDummyScene
18:48:03.252 [JavaFX Application Thread] DEBUG PrimaryStageWindow   - FXGLStartupScene -> FXGLMainMenuDummyScene
18:48:03.252 [JavaFX Application Thread] DEBUG PrimaryStageWindow   - Push state: MainMenu
18:48:03.252 [JavaFX Application Thread] DEBUG Input                - Clearing active input actions
18:48:03.252 [JavaFX Application Thread] DEBUG GameApplicationServi - Removing overlay from FXGLMainMenuDummyScene and adding to MainMenu
18:48:03.252 [JavaFX Application Thread] DEBUG PrimaryStageWindow   - FXGLMainMenuDummyScene -> MainMenu
18:48:03.254 [FXGL Background Thread 4 ] DEBUG FXGLAssetLoaderServi - Loading from file system: jar:file:///C:/Users/matip/.m2/repository/com/github/almasb/fxgl/17.2/fxgl-17.2.jar!/fxglassets/ui/fonts/TerminalLandMono-Regular.otf
18:48:03.256 [FXGL Background Thread 4 ] DEBUG FXGLAssetLoaderServi - Loading from file system: jar:file:///C:/Users/matip/.m2/repository/com/github/almasb/fxgl/17.2/fxgl-17.2.jar!/fxglassets/ui/fonts/Courier-Prime.ttf
18:48:03.264 [JavaFX Application Thread] DEBUG FXGLApplication      - Registering font factories with UI factory
18:48:03.665 [FXGL Background Thread 2 ] INFO  UpdaterService       - Your current version:  17.2
18:48:03.665 [FXGL Background Thread 2 ] INFO  UpdaterService       - Latest stable version: 17.3
18:48:03.991 [JavaFX Application Thread] DEBUG Menu                 - fireNewGame()
18:48:03.991 [JavaFX Application Thread] DEBUG GameApplicationServi - Starting new game
18:48:03.992 [JavaFX Application Thread] DEBUG PrimaryStageWindow   - Pop state: MainMenu
18:48:03.992 [JavaFX Application Thread] DEBUG Input                - Clearing active input actions
18:48:03.992 [JavaFX Application Thread] DEBUG GameApplicationServi - Removing overlay from MainMenu and adding to FXGLMainMenuDummyScene
18:48:03.992 [JavaFX Application Thread] DEBUG PrimaryStageWindow   - FXGLMainMenuDummyScene <- MainMenu
18:48:03.992 [JavaFX Application Thread] DEBUG Input                - Clearing active input actions
18:48:03.997 [JavaFX Application Thread] DEBUG GameApplicationServi - Removing overlay from FXGLMainMenuDummyScene and adding to FXGLLoadingScene
18:48:03.998 [JavaFX Application Thread] DEBUG PrimaryStageWindow   - FXGLMainMenuDummyScene -> FXGLLoadingScene
18:48:03.998 [JavaFX Application Thread] DEBUG GameApplicationServi - Clearing previous game
18:48:03.998 [JavaFX Application Thread] DEBUG GameScene            - Clearing game scene
18:48:03.998 [JavaFX Application Thread] DEBUG GameWorld            - Clearing game world
18:48:03.998 [JavaFX Application Thread] DEBUG PhysicsWorld         - Clearing physics world
18:48:03.999 [FXGL Background Thread 2 ] DEBUG FXGLApplication      - Initializing game
18:48:04.010 [FXGL Background Thread 2 ] WARN  GameWorld            - Entity is already attached to world
18:48:04.011 [FXGL Background Thread 2 ] DEBUG FXGLAssetLoaderServi - Loading from file system: file:/C:/Users/matip/Desktop/JavaProjects/brick-breaker/target/classes/assets/textures/brick.png
18:48:04.012 [FXGL Background Thread 2 ] WARN  GameWorld            - Entity is already attached to world
18:48:04.013 [FXGL Background Thread 2 ] WARN  GameWorld            - Entity is already attached to world
18:48:04.014 [FXGL Background Thread 2 ] WARN  GameWorld            - Entity is already attached to world
18:48:04.015 [FXGL Background Thread 2 ] WARN  GameWorld            - Entity is already attached to world
18:48:04.015 [FXGL Background Thread 2 ] WARN  GameWorld            - Entity is already attached to world
18:48:04.016 [FXGL Background Thread 2 ] WARN  GameWorld            - Entity is already attached to world
18:48:04.017 [FXGL Background Thread 2 ] WARN  GameWorld            - Entity is already attached to world
18:48:04.017 [FXGL Background Thread 2 ] WARN  GameWorld            - Entity is already attached to world
18:48:04.018 [FXGL Background Thread 2 ] WARN  GameWorld            - Entity is already attached to world
18:48:04.019 [FXGL Background Thread 2 ] WARN  GameWorld            - Entity is already attached to world
18:48:04.019 [FXGL Background Thread 2 ] WARN  GameWorld            - Entity is already attached to world
18:48:04.020 [FXGL Background Thread 2 ] WARN  GameWorld            - Entity is already attached to world
18:48:04.020 [FXGL Background Thread 2 ] WARN  GameWorld            - Entity is already attached to world
18:48:04.021 [FXGL Background Thread 2 ] WARN  GameWorld            - Entity is already attached to world
18:48:04.021 [FXGL Background Thread 2 ] WARN  GameWorld            - Entity is already attached to world
18:48:04.022 [FXGL Background Thread 2 ] WARN  GameWorld            - Entity is already attached to world
18:48:04.023 [FXGL Background Thread 2 ] WARN  GameWorld            - Entity is already attached to world
18:48:04.023 [FXGL Background Thread 2 ] WARN  GameWorld            - Entity is already attached to world
18:48:04.024 [FXGL Background Thread 2 ] WARN  GameWorld            - Entity is already attached to world
18:48:04.025 [FXGL Background Thread 2 ] WARN  GameWorld            - Entity is already attached to world
18:48:04.026 [FXGL Background Thread 2 ] WARN  GameWorld            - Entity is already attached to world
18:48:04.026 [FXGL Background Thread 2 ] WARN  GameWorld            - Entity is already attached to world
18:48:04.027 [FXGL Background Thread 2 ] WARN  GameWorld            - Entity is already attached to world
18:48:04.028 [FXGL Background Thread 2 ] WARN  GameWorld            - Entity is already attached to world
18:48:04.028 [FXGL Background Thread 2 ] WARN  GameWorld            - Entity is already attached to world
18:48:04.029 [FXGL Background Thread 2 ] WARN  GameWorld            - Entity is already attached to world
18:48:04.030 [FXGL Background Thread 2 ] WARN  GameWorld            - Entity is already attached to world
18:48:04.030 [FXGL Background Thread 2 ] WARN  GameWorld            - Entity is already attached to world
18:48:04.031 [FXGL Background Thread 2 ] WARN  GameWorld            - Entity is already attached to world
18:48:04.031 [FXGL Background Thread 2 ] WARN  GameWorld            - Entity is already attached to world
18:48:04.032 [FXGL Background Thread 2 ] WARN  GameWorld            - Entity is already attached to world
18:48:04.032 [FXGL Background Thread 2 ] WARN  GameWorld            - Entity is already attached to world
18:48:04.033 [FXGL Background Thread 2 ] WARN  GameWorld            - Entity is already attached to world
18:48:04.033 [FXGL Background Thread 2 ] WARN  GameWorld            - Entity is already attached to world
18:48:04.034 [FXGL Background Thread 2 ] WARN  GameWorld            - Entity is already attached to world
18:48:04.034 [FXGL Background Thread 2 ] WARN  GameWorld            - Entity is already attached to world
18:48:04.035 [FXGL Background Thread 2 ] WARN  GameWorld            - Entity is already attached to world
18:48:04.035 [FXGL Background Thread 2 ] WARN  GameWorld            - Entity is already attached to world
18:48:04.036 [FXGL Background Thread 2 ] WARN  GameWorld            - Entity is already attached to world
18:48:04.036 [FXGL Background Thread 2 ] WARN  GameWorld            - Entity is already attached to world
18:48:04.037 [FXGL Background Thread 2 ] WARN  GameWorld            - Entity is already attached to world
18:48:04.037 [FXGL Background Thread 2 ] WARN  GameWorld            - Entity is already attached to world
18:48:04.038 [FXGL Background Thread 2 ] WARN  GameWorld            - Entity is already attached to world
18:48:04.038 [FXGL Background Thread 2 ] WARN  GameWorld            - Entity is already attached to world
18:48:04.039 [FXGL Background Thread 2 ] WARN  GameWorld            - Entity is already attached to world
18:48:04.039 [FXGL Background Thread 2 ] WARN  GameWorld            - Entity is already attached to world
18:48:04.040 [FXGL Background Thread 2 ] WARN  GameWorld            - Entity is already attached to world
18:48:04.040 [FXGL Background Thread 2 ] WARN  GameWorld            - Entity is already attached to world
18:48:04.041 [FXGL Background Thread 2 ] WARN  GameWorld            - Entity is already attached to world
18:48:04.041 [FXGL Background Thread 2 ] WARN  GameWorld            - Entity is already attached to world
18:48:04.042 [FXGL Background Thread 2 ] WARN  GameWorld            - Entity is already attached to world
18:48:04.043 [FXGL Background Thread 2 ] WARN  GameWorld            - Entity is already attached to world
18:48:04.043 [FXGL Background Thread 2 ] WARN  GameWorld            - Entity is already attached to world
18:48:04.044 [FXGL Background Thread 2 ] DEBUG FXGLAssetLoaderServi - Loading from file system: file:/C:/Users/matip/Desktop/JavaProjects/brick-breaker/target/classes/assets/textures/ball.png
18:48:04.045 [FXGL Background Thread 2 ] WARN  GameWorld            - Entity is already attached to world
18:48:04.046 [FXGL Background Thread 2 ] INFO  FXGLApplication      - Game initialization took: 0.048 sec
18:48:04.056 [JavaFX Application Thread] DEBUG Input                - Clearing active input actions
18:48:04.061 [JavaFX Application Thread] DEBUG GameApplicationServi - Removing overlay from FXGLLoadingScene and adding to GameScene
18:48:04.061 [JavaFX Application Thread] DEBUG PrimaryStageWindow   - FXGLLoadingScene -> GameScene
18:48:04.987 [JavaFX Application Thread] DEBUG FXGLAssetLoaderServi - Loading from file system: file:/C:/Users/matip/Desktop/JavaProjects/brick-breaker/target/classes/assets/textures/brick_damaged.png
18:48:06.227 [FXGL Background Thread 3 ] DEBUG Engine               - Logging environment variables
18:48:06.227 [FXGL Background Thread 3 ] DEBUG Engine               - achievements: []
18:48:06.227 [FXGL Background Thread 3 ] DEBUG Engine               - actualHeight: 600.0
18:48:06.227 [FXGL Background Thread 3 ] DEBUG Engine               - actualHeightProperty: ReadOnlyDoubleProperty [value: 600.0]
18:48:06.227 [FXGL Background Thread 3 ] DEBUG Engine               - actualWidth: 600.0
18:48:06.227 [FXGL Background Thread 3 ] DEBUG Engine               - actualWidthProperty: ReadOnlyDoubleProperty [value: 600.0]
18:48:06.227 [FXGL Background Thread 3 ] DEBUG Engine               - appIcon: fxgl_icon.png
18:48:06.227 [FXGL Background Thread 3 ] DEBUG Engine               - applicationMode: DEVELOPER
18:48:06.227 [FXGL Background Thread 3 ] DEBUG Engine               - cSSList: [fxgl_dark.css]
18:48:06.227 [FXGL Background Thread 3 ] DEBUG Engine               - collisionDetectionStrategy: BRUTE_FORCE
18:48:06.227 [FXGL Background Thread 3 ] DEBUG Engine               - configClass: Optional.empty
18:48:06.227 [FXGL Background Thread 3 ] DEBUG Engine               - credits: []
18:48:06.228 [FXGL Background Thread 3 ] DEBUG Engine               - defaultCursor: CursorInfo(imageName=fxgl_default_cursor.png, hotspotX=7.0, hotspotY=6.0)
18:48:06.228 [FXGL Background Thread 3 ] DEBUG Engine               - devBBoxColorProperty: ObjectProperty [value: 0xff0000ff]
18:48:06.228 [FXGL Background Thread 3 ] DEBUG Engine               - devEnableDebugCameraProperty: BooleanProperty [value: false]
18:48:06.228 [FXGL Background Thread 3 ] DEBUG Engine               - devSensorColorProperty: ObjectProperty [value: 0xffff00ff]
18:48:06.228 [FXGL Background Thread 3 ] DEBUG Engine               - devShowBBoxProperty: BooleanProperty [value: false]
18:48:06.228 [FXGL Background Thread 3 ] DEBUG Engine               - devShowPositionProperty: BooleanProperty [value: false]
18:48:06.228 [FXGL Background Thread 3 ] DEBUG Engine               - enabledMenuItems: []
18:48:06.228 [FXGL Background Thread 3 ] DEBUG Engine               - engineServices: [class com.almasb.fxgl.app.services.FXGLAssetLoaderService, class com.almasb.fxgl.app.FXGLApplication$GameApplicationService, class com.almasb.fxgl.app.services.FXGLDialogService, class com.almasb.fxgl.app.services.IOTaskExecutorService, class com.almasb.fxgl.io.FileSystemService, class com.almasb.fxgl.localization.LocalizationService, class com.almasb.fxgl.app.services.SystemBundleService, class com.almasb.fxgl.profile.SaveLoadService, class com.almasb.fxgl.ui.FXGLUIFactoryServiceProvider, class com.almasb.fxgl.ui.FXGLDialogFactoryServiceProvider, class com.almasb.fxgl.audio.AudioPlayer, class com.almasb.fxgl.notification.impl.NotificationServiceProvider, class com.almasb.fxgl.achievement.AchievementService, class com.almasb.fxgl.cutscene.CutsceneService, class com.almasb.fxgl.minigames.MiniGameService, class com.almasb.fxgl.net.NetService, class com.almasb.fxgl.app.services.UpdaterService, class com.almasb.fxgl.dev.DevService]
18:48:06.228 [FXGL Background Thread 3 ] DEBUG Engine               - fontGame: Abel-Regular.ttf
18:48:06.228 [FXGL Background Thread 3 ] DEBUG Engine               - fontMono: TerminalLandMono-Regular.otf
18:48:06.228 [FXGL Background Thread 3 ] DEBUG Engine               - fontText: Courier-Prime.ttf
18:48:06.228 [FXGL Background Thread 3 ] DEBUG Engine               - fontUI: VarelaRound-Regular.ttf
18:48:06.228 [FXGL Background Thread 3 ] DEBUG Engine               - fullScreen: BooleanProperty [value: false]
18:48:06.228 [FXGL Background Thread 3 ] DEBUG Engine               - gameDifficulty: MEDIUM
18:48:06.228 [FXGL Background Thread 3 ] DEBUG Engine               - gameDifficultyProperty: ObjectProperty [value: MEDIUM]
18:48:06.228 [FXGL Background Thread 3 ] DEBUG Engine               - globalMusicVolume: 0.5
18:48:06.228 [FXGL Background Thread 3 ] DEBUG Engine               - globalMusicVolumeProperty: DoubleProperty [value: 0.5]
18:48:06.228 [FXGL Background Thread 3 ] DEBUG Engine               - globalSoundVolume: 0.5
18:48:06.228 [FXGL Background Thread 3 ] DEBUG Engine               - globalSoundVolumeProperty: DoubleProperty [value: 0.5]
18:48:06.228 [FXGL Background Thread 3 ] DEBUG Engine               - height: 600
18:48:06.228 [FXGL Background Thread 3 ] DEBUG Engine               - is3D: false
18:48:06.228 [FXGL Background Thread 3 ] DEBUG Engine               - isAndroid: false
18:48:06.228 [FXGL Background Thread 3 ] DEBUG Engine               - isBrowser: false
18:48:06.228 [FXGL Background Thread 3 ] DEBUG Engine               - isClickFeedbackEnabled: false
18:48:06.228 [FXGL Background Thread 3 ] DEBUG Engine               - isCloseConfirmation: false
18:48:06.228 [FXGL Background Thread 3 ] DEBUG Engine               - isDesktop: true
18:48:06.229 [FXGL Background Thread 3 ] DEBUG Engine               - isDeveloperMenuEnabled: false
18:48:06.229 [FXGL Background Thread 3 ] DEBUG Engine               - isEmbedded: false
18:48:06.229 [FXGL Background Thread 3 ] DEBUG Engine               - isEntityPreloadEnabled: true
18:48:06.229 [FXGL Background Thread 3 ] DEBUG Engine               - isExperimentalTiledLargeMap: false
18:48:06.229 [FXGL Background Thread 3 ] DEBUG Engine               - isFileSystemWriteAllowed: true
18:48:06.229 [FXGL Background Thread 3 ] DEBUG Engine               - isFullScreenAllowed: false
18:48:06.229 [FXGL Background Thread 3 ] DEBUG Engine               - isFullScreenFromStart: false
18:48:06.229 [FXGL Background Thread 3 ] DEBUG Engine               - isGameMenuEnabled: true
18:48:06.229 [FXGL Background Thread 3 ] DEBUG Engine               - isIOS: false
18:48:06.229 [FXGL Background Thread 3 ] DEBUG Engine               - isIntroEnabled: false
18:48:06.229 [FXGL Background Thread 3 ] DEBUG Engine               - isLinux: false
18:48:06.229 [FXGL Background Thread 3 ] DEBUG Engine               - isMac: false
18:48:06.229 [FXGL Background Thread 3 ] DEBUG Engine               - isMainMenuEnabled: true
18:48:06.229 [FXGL Background Thread 3 ] DEBUG Engine               - isManualResizeEnabled: false
18:48:06.229 [FXGL Background Thread 3 ] DEBUG Engine               - isMobile: false
18:48:06.229 [FXGL Background Thread 3 ] DEBUG Engine               - isNative: false
18:48:06.229 [FXGL Background Thread 3 ] DEBUG Engine               - isPauseMusicWhenMinimized: true
18:48:06.229 [FXGL Background Thread 3 ] DEBUG Engine               - isPreserveResizeRatio: false
18:48:06.229 [FXGL Background Thread 3 ] DEBUG Engine               - isProfilingEnabled: false
18:48:06.229 [FXGL Background Thread 3 ] DEBUG Engine               - isScaleAffectedOnResize: true
18:48:06.229 [FXGL Background Thread 3 ] DEBUG Engine               - isSingleStep: false
18:48:06.229 [FXGL Background Thread 3 ] DEBUG Engine               - isUserProfileEnabled: false
18:48:06.229 [FXGL Background Thread 3 ] DEBUG Engine               - isWindows: true
18:48:06.229 [FXGL Background Thread 3 ] DEBUG Engine               - language: ObjectProperty [value: ENGLISH]
18:48:06.229 [FXGL Background Thread 3 ] DEBUG Engine               - menuKey: ESCAPE
18:48:06.229 [FXGL Background Thread 3 ] DEBUG Engine               - mouseSensitivity: 0.2
18:48:06.229 [FXGL Background Thread 3 ] DEBUG Engine               - notificationViewClass: class com.almasb.fxgl.notification.view.XboxNotificationView
18:48:06.229 [FXGL Background Thread 3 ] DEBUG Engine               - pixelsPerMeter: 50.0
18:48:06.229 [FXGL Background Thread 3 ] DEBUG Engine               - platform: WINDOWS
18:48:06.229 [FXGL Background Thread 3 ] DEBUG Engine               - prefHeightProperty: ReadOnlyDoubleProperty [value: 600.0]
18:48:06.229 [FXGL Background Thread 3 ] DEBUG Engine               - prefWidthProperty: ReadOnlyDoubleProperty [value: 600.0]
18:48:06.229 [FXGL Background Thread 3 ] DEBUG Engine               - profileDir: profiles/
18:48:06.229 [FXGL Background Thread 3 ] DEBUG Engine               - profileName: StringProperty [value: DEFAULT]
18:48:06.229 [FXGL Background Thread 3 ] DEBUG Engine               - randomSeed: -1
18:48:06.230 [FXGL Background Thread 3 ] DEBUG Engine               - runtimeInfo: RuntimeInfo(platform=WINDOWS, version=17.2, build=20.08.2022 16.50)
18:48:06.230 [FXGL Background Thread 3 ] DEBUG Engine               - saveFileExt: sav
18:48:06.230 [FXGL Background Thread 3 ] DEBUG Engine               - scaledHeightProp$fxgl: DoubleProperty [bound, value: 600.0]
18:48:06.230 [FXGL Background Thread 3 ] DEBUG Engine               - scaledWidthProp$fxgl: DoubleProperty [bound, value: 600.0]
18:48:06.230 [FXGL Background Thread 3 ] DEBUG Engine               - sceneFactory: com.example.brickbreaker.menu.CustomSceneFactory@4caab9c2
18:48:06.230 [FXGL Background Thread 3 ] DEBUG Engine               - secondsIn24h: 60
18:48:06.230 [FXGL Background Thread 3 ] DEBUG Engine               - soundMenuBack: menu/back.wav
18:48:06.230 [FXGL Background Thread 3 ] DEBUG Engine               - soundMenuPress: menu/press.wav
18:48:06.230 [FXGL Background Thread 3 ] DEBUG Engine               - soundMenuSelect: menu/select.wav
18:48:06.230 [FXGL Background Thread 3 ] DEBUG Engine               - soundNotification: core/notification.wav
18:48:06.230 [FXGL Background Thread 3 ] DEBUG Engine               - stageStyle: DECORATED
18:48:06.230 [FXGL Background Thread 3 ] DEBUG Engine               - supportedLanguages: [ENGLISH, FRENCH, GERMAN, HUNGARIAN, RUSSIAN]
18:48:06.230 [FXGL Background Thread 3 ] DEBUG Engine               - ticksPerSecond: -1
18:48:06.230 [FXGL Background Thread 3 ] DEBUG Engine               - title: Brick Breaker
18:48:06.230 [FXGL Background Thread 3 ] DEBUG Engine               - urlGithub: https://github.com/AlmasB/FXGL
18:48:06.230 [FXGL Background Thread 3 ] DEBUG Engine               - urlLeaderboard: http://fxgl-top.herokuapp.com/
18:48:06.230 [FXGL Background Thread 3 ] DEBUG Engine               - urlPOM: https://raw.githubusercontent.com/AlmasB/FXGL/release/README.md
18:48:06.230 [FXGL Background Thread 3 ] DEBUG Engine               - userAppClass: class com.example.brickbreaker.BrickBreakerApp
18:48:06.230 [FXGL Background Thread 3 ] DEBUG Engine               - version: 0.0
18:48:06.230 [FXGL Background Thread 3 ] DEBUG Engine               - versionCheckDays: 7
18:48:06.230 [FXGL Background Thread 3 ] DEBUG Engine               - width: 600
18:48:06.230 [FXGL Background Thread 3 ] DEBUG Engine               - Logging services
18:48:06.230 [FXGL Background Thread 3 ] DEBUG Engine               - class com.almasb.fxgl.app.services.FXGLAssetLoaderService
18:48:06.230 [FXGL Background Thread 3 ] DEBUG Engine               - class com.almasb.fxgl.app.FXGLApplication$GameApplicationService
18:48:06.230 [FXGL Background Thread 3 ] DEBUG Engine               - class com.almasb.fxgl.app.services.FXGLDialogService
18:48:06.230 [FXGL Background Thread 3 ] DEBUG Engine               - class com.almasb.fxgl.app.services.IOTaskExecutorService
18:48:06.230 [FXGL Background Thread 3 ] DEBUG Engine               - class com.almasb.fxgl.io.FileSystemService
18:48:06.230 [FXGL Background Thread 3 ] DEBUG Engine               - class com.almasb.fxgl.localization.LocalizationService
18:48:06.230 [FXGL Background Thread 3 ] DEBUG Engine               - class com.almasb.fxgl.app.services.SystemBundleService
18:48:06.230 [FXGL Background Thread 3 ] DEBUG Engine               - class com.almasb.fxgl.profile.SaveLoadService
18:48:06.230 [FXGL Background Thread 3 ] DEBUG Engine               - class com.almasb.fxgl.ui.FXGLUIFactoryServiceProvider
18:48:06.230 [FXGL Background Thread 3 ] DEBUG Engine               - class com.almasb.fxgl.ui.FXGLDialogFactoryServiceProvider
18:48:06.230 [FXGL Background Thread 3 ] DEBUG Engine               - class com.almasb.fxgl.audio.AudioPlayer
18:48:06.230 [FXGL Background Thread 3 ] DEBUG Engine               - class com.almasb.fxgl.notification.impl.NotificationServiceProvider
18:48:06.230 [FXGL Background Thread 3 ] DEBUG Engine               - class com.almasb.fxgl.achievement.AchievementService
18:48:06.230 [FXGL Background Thread 3 ] DEBUG Engine               - class com.almasb.fxgl.cutscene.CutsceneService
18:48:06.231 [FXGL Background Thread 3 ] DEBUG Engine               - class com.almasb.fxgl.minigames.MiniGameService
18:48:06.231 [FXGL Background Thread 3 ] DEBUG Engine               - class com.almasb.fxgl.net.NetService
18:48:06.231 [FXGL Background Thread 3 ] DEBUG Engine               - class com.almasb.fxgl.app.services.UpdaterService
18:48:06.231 [FXGL Background Thread 3 ] DEBUG Engine               - class com.almasb.fxgl.dev.DevService
18:48:07.450 [JavaFX Application Thread] DEBUG FXGLAssetLoaderServi - Loading from file system: file:/C:/Users/matip/Desktop/JavaProjects/brick-breaker/target/classes/assets/textures/game-over.png
18:48:07.454 [JavaFX Application Thread] DEBUG PrimaryStageWindow   - Push state: GameOverScene
18:48:07.454 [JavaFX Application Thread] DEBUG Input                - Clearing active input actions
18:48:07.454 [JavaFX Application Thread] DEBUG GameApplicationServi - Removing overlay from GameScene and adding to GameOverScene
18:48:07.454 [JavaFX Application Thread] DEBUG PrimaryStageWindow   - GameScene -> GameOverScene
18:48:16.453 [JavaFX Application Thread] DEBUG FXGLApplication      - Exiting FXGL
18:48:16.453 [JavaFX Application Thread] DEBUG LoopRunner           - Stopping loop
18:48:16.453 [JavaFX Application Thread] DEBUG SystemBundleService  - Saving FXGL system data
18:48:16.454 [JavaFX Application Thread] DEBUG FileSystemAccess     - Writing to: C:\Users\matip\Desktop\JavaProjects\brick-breaker\system\fxgl.bundle
18:48:16.455 [JavaFX Application Thread] DEBUG Async                - Shutting down background threads
18:48:16.455 [JavaFX Application Thread] DEBUG PrimaryStageWindow   - Closing main window
18:48:16.462 [JavaFX Application Thread] DEBUG Logger               - Closing Logger
