23:01:41.351 [main                     ] DEBUG Logger               - Configured Logger
23:01:41.369 [main                     ] DEBUG GameApplication      - Logging settings
Title: Brick Breaker
Version: 0.0
Width: 600
Height: 600
Fullscreen: false
Intro: false
Profiling: false
Single step:false
App Mode: DEVELOPER
Menu Key: ESCAPE
Stage Style: DECORATED
Scene Factory: class com.example.brickbreaker.menu.CustomSceneFactory

23:01:41.619 [JavaFX Application Thread] DEBUG FXGLApplication      - Initializing FXGL
23:01:41.623 [JavaFX Application Thread] INFO  Engine               - FXGL-17.2 (20.08.2022 16.50) on WINDOWS (J:18.0.1.1 FX:18.0.2)
23:01:41.623 [JavaFX Application Thread] DEBUG Engine               - JRE Vendor Name: Oracle Corporation
23:01:41.623 [JavaFX Application Thread] DEBUG Engine               - Running on OS: Windows 10 version 10.0
23:01:41.623 [JavaFX Application Thread] DEBUG Engine               - Architecture: amd64
23:01:41.623 [JavaFX Application Thread] INFO  Engine               - Source code and latest versions at: https://github.com/AlmasB/FXGL
23:01:41.623 [JavaFX Application Thread] INFO  Engine               -       Ask questions and discuss at: https://github.com/AlmasB/FXGL/discussions
23:01:41.623 [JavaFX Application Thread] INFO  Engine               -              Join the FXGL chat at: https://gitter.im/AlmasB/FXGL
23:01:41.673 [JavaFX Application Thread] DEBUG PrimaryStageWindow   - Creating a JavaFX scene
23:01:41.698 [JavaFX Application Thread] DEBUG PrimaryStageWindow   - Target settings size: 600.0 x 600.0
23:01:41.698 [JavaFX Application Thread] DEBUG PrimaryStageWindow   - Scaled scene size:    600.0 x 600.0
23:01:41.698 [JavaFX Application Thread] DEBUG PrimaryStageWindow   - Scaled ratio: (1.0, 1.0)
23:01:41.699 [JavaFX Application Thread] DEBUG PrimaryStageWindow   - Set initial scene to FXGLStartupScene
23:01:41.702 [JavaFX Application Thread] DEBUG PrimaryStageWindow   - Opening main window
23:01:41.740 [JavaFX Application Thread] DEBUG PrimaryStageWindow   - Window border size: (16.0, 39.0)
23:01:41.740 [JavaFX Application Thread] DEBUG PrimaryStageWindow   - Scaled size: 600.0 x 600.0
23:01:41.740 [JavaFX Application Thread] DEBUG PrimaryStageWindow   - Scaled ratio: (1.0, 1.0)
23:01:41.741 [JavaFX Application Thread] DEBUG PrimaryStageWindow   - Scene size: 600.0 x 600.0
23:01:41.741 [JavaFX Application Thread] DEBUG PrimaryStageWindow   - Stage size: 616.0 x 639.0
23:01:41.744 [FXGL Background Thread 1 ] DEBUG Engine               - Initializing environment variables
23:01:41.771 [FXGL Background Thread 1 ] DEBUG FXGLAssetLoaderServi - User app class for loading assets: class com.example.brickbreaker.BrickBreakerApp
23:01:41.771 [FXGL Background Thread 1 ] DEBUG GameApplicationServi - Applying CSS: fxgl_dark.css
23:01:41.772 [FXGL Background Thread 1 ] DEBUG FXGLAssetLoaderServi - Loading from file system: jar:file:///C:/Users/matip/.m2/repository/com/github/almasb/fxgl/17.2/fxgl-17.2.jar!/fxglassets/ui/css/fxgl_dark.css
23:01:41.796 [FXGL Background Thread 1 ] DEBUG GameApplicationServi - Initializing application scenes
23:01:41.814 [FXGL Background Thread 1 ] DEBUG GameWorld            - Game world initialized
23:01:41.839 [FXGL Background Thread 1 ] DEBUG PhysicsWorld         - Physics world initialized: appHeight=600, physics.ppm=50.0
23:01:41.840 [FXGL Background Thread 1 ] DEBUG PhysicsWorld         - Using strategy: BRUTE_FORCE
23:01:41.842 [FXGL Background Thread 1 ] DEBUG GameScene            - Game scene initialized: 600x600
23:01:41.843 [FXGL Background Thread 1 ] DEBUG FXGLAssetLoaderServi - Loading from file system: file:/C:/Users/matip/Desktop/JavaProjects/brick-breaker/target/classes/assets/textures/brick-wall.png
23:01:41.875 [FXGL Background Thread 1 ] WARN  FXGL.DefaultMenu     - FXGLDefaultMenu is not designed for resolutions < 800x600
23:01:41.875 [FXGL Background Thread 1 ] DEBUG FXGL.DefaultMenu     - createMenuBodyGameMenu()
23:01:41.882 [FXGL Background Thread 1 ] DEBUG FXGL.DefaultMenu     - createOptionsMenu()
23:01:41.887 [FXGL Background Thread 1 ] DEBUG FXGLAssetLoaderServi - Loading from file system: jar:file:///C:/Users/matip/.m2/repository/com/github/almasb/fxgl/17.2/fxgl-17.2.jar!/fxglassets/textures/particles/smoke.png
23:01:41.931 [FXGL Background Thread 1 ] DEBUG FXGLAssetLoaderServi - Loading from file system: jar:file:///C:/Users/matip/.m2/repository/com/github/almasb/fxgl/17.2/fxgl-17.2.jar!/fxglassets/textures/particles/trace_horizontal.png
23:01:41.940 [FXGL Background Thread 1 ] DEBUG GameApplicationServi - Application scenes initialized
23:01:41.946 [FXGL Background Thread 1 ] DEBUG SystemBundleService  - Loading FXGL system data
23:01:41.949 [FXGL Background Thread 1 ] DEBUG FileSystemAccess     - Reading from: C:\Users\matip\Desktop\JavaProjects\brick-breaker\system\fxgl.bundle
23:01:41.954 [FXGL Background Thread 1 ] DEBUG SystemBundleService  - Bundle FXGL: {}
23:01:41.954 [FXGL Background Thread 1 ] DEBUG UpdaterService       - Checking for updates
23:01:41.956 [FXGL Background Thread 4 ] DEBUG FXGLApplication      - Loading fonts
23:01:41.956 [FXGL Background Thread 1 ] DEBUG FXGLApplication      - Loading default localization
23:01:41.956 [FXGL Background Thread 4 ] DEBUG FXGLAssetLoaderServi - Loading from file system: jar:file:///C:/Users/matip/.m2/repository/com/github/almasb/fxgl/17.2/fxgl-17.2.jar!/fxglassets/ui/fonts/VarelaRound-Regular.ttf
23:01:41.956 [FXGL Background Thread 1 ] DEBUG FXGLAssetLoaderServi - Loading from file system: jar:file:///C:/Users/matip/.m2/repository/com/github/almasb/fxgl/17.2/fxgl-17.2.jar!/fxglassets/languages/english.lang
23:01:41.965 [FXGL Background Thread 1 ] INFO  FXGLApplication      - FXGL initialization took: 0.221 sec
23:01:41.970 [JavaFX Application Thread] DEBUG Input                - Registered new binding: action0 - D
23:01:41.971 [JavaFX Application Thread] DEBUG Input                - Registered new binding: action1 - A
23:01:41.971 [JavaFX Application Thread] DEBUG FXGLAssetLoaderServi - Loading from file system: jar:file:///C:/Users/matip/.m2/repository/com/github/almasb/fxgl/17.2/fxgl-17.2.jar!/fxglassets/textures/fxgl_icon.png
23:01:41.976 [JavaFX Application Thread] DEBUG FXGLAssetLoaderServi - Loading from file system: jar:file:///C:/Users/matip/.m2/repository/com/github/almasb/fxgl/17.2/fxgl-17.2.jar!/fxglassets/textures/fxgl_default_cursor.png
23:01:41.978 [JavaFX Application Thread] DEBUG Input                - Registered new binding: Screenshot - CTRL+8
23:01:41.978 [JavaFX Application Thread] DEBUG Input                - Registered new binding: System info dump - CTRL+9
23:01:41.978 [JavaFX Application Thread] DEBUG Input                - Registered new binding: Restart - CTRL+R
23:01:41.979 [JavaFX Application Thread] DEBUG Input                - Registered new binding: Toggle Debug Camera - CTRL+7
23:01:41.980 [JavaFX Application Thread] DEBUG LoopRunner           - Starting loop
23:01:41.980 [JavaFX Application Thread] DEBUG LoopRunner           - Initializing JavaFX AnimationTimerLoop
23:01:41.982 [JavaFX Application Thread] DEBUG Input                - Clearing active input actions
23:01:41.983 [FXGL Background Thread 4 ] DEBUG FXGLAssetLoaderServi - Loading from file system: jar:file:///C:/Users/matip/.m2/repository/com/github/almasb/fxgl/17.2/fxgl-17.2.jar!/fxglassets/ui/fonts/Abel-Regular.ttf
23:01:41.986 [FXGL Background Thread 4 ] DEBUG FXGLAssetLoaderServi - Loading from file system: jar:file:///C:/Users/matip/.m2/repository/com/github/almasb/fxgl/17.2/fxgl-17.2.jar!/fxglassets/ui/fonts/TerminalLandMono-Regular.otf
23:01:41.987 [JavaFX Application Thread] DEBUG GameApplicationServi - Removing overlay from FXGLStartupScene and adding to FXGLMainMenuDummyScene
23:01:41.987 [JavaFX Application Thread] DEBUG PrimaryStageWindow   - FXGLStartupScene -> FXGLMainMenuDummyScene
23:01:41.987 [JavaFX Application Thread] DEBUG PrimaryStageWindow   - Push state: MainMenu
23:01:41.987 [JavaFX Application Thread] DEBUG Input                - Clearing active input actions
23:01:41.988 [JavaFX Application Thread] DEBUG GameApplicationServi - Removing overlay from FXGLMainMenuDummyScene and adding to MainMenu
23:01:41.988 [FXGL Background Thread 4 ] DEBUG FXGLAssetLoaderServi - Loading from file system: jar:file:///C:/Users/matip/.m2/repository/com/github/almasb/fxgl/17.2/fxgl-17.2.jar!/fxglassets/ui/fonts/Courier-Prime.ttf
23:01:41.988 [JavaFX Application Thread] DEBUG PrimaryStageWindow   - FXGLMainMenuDummyScene -> MainMenu
23:01:41.991 [JavaFX Application Thread] DEBUG FXGLApplication      - Registering font factories with UI factory
23:01:42.272 [FXGL Background Thread 2 ] INFO  UpdaterService       - Your current version:  17.2
23:01:42.273 [FXGL Background Thread 2 ] INFO  UpdaterService       - Latest stable version: 17.3
23:01:42.594 [JavaFX Application Thread] DEBUG Menu                 - fireNewGame()
23:01:42.594 [JavaFX Application Thread] DEBUG GameApplicationServi - Starting new game
23:01:42.594 [JavaFX Application Thread] DEBUG PrimaryStageWindow   - Pop state: MainMenu
23:01:42.594 [JavaFX Application Thread] DEBUG Input                - Clearing active input actions
23:01:42.594 [JavaFX Application Thread] DEBUG GameApplicationServi - Removing overlay from MainMenu and adding to FXGLMainMenuDummyScene
23:01:42.595 [JavaFX Application Thread] DEBUG PrimaryStageWindow   - FXGLMainMenuDummyScene <- MainMenu
23:01:42.595 [JavaFX Application Thread] DEBUG Input                - Clearing active input actions
23:01:42.599 [JavaFX Application Thread] DEBUG GameApplicationServi - Removing overlay from FXGLMainMenuDummyScene and adding to FXGLLoadingScene
23:01:42.599 [JavaFX Application Thread] DEBUG PrimaryStageWindow   - FXGLMainMenuDummyScene -> FXGLLoadingScene
23:01:42.599 [JavaFX Application Thread] DEBUG GameApplicationServi - Clearing previous game
23:01:42.599 [JavaFX Application Thread] DEBUG GameScene            - Clearing game scene
23:01:42.599 [JavaFX Application Thread] DEBUG GameWorld            - Clearing game world
23:01:42.599 [JavaFX Application Thread] DEBUG PhysicsWorld         - Clearing physics world
23:01:42.600 [FXGL Background Thread 2 ] DEBUG FXGLApplication      - Initializing game
23:01:42.610 [FXGL Background Thread 2 ] WARN  GameWorld            - Entity is already attached to world
23:01:42.610 [FXGL Background Thread 2 ] DEBUG FXGLAssetLoaderServi - Loading from file system: file:/C:/Users/matip/Desktop/JavaProjects/brick-breaker/target/classes/assets/textures/ball.png
23:01:42.611 [FXGL Background Thread 2 ] WARN  GameWorld            - Entity is already attached to world
23:01:42.613 [FXGL Background Thread 2 ] INFO  FXGLApplication      - Game initialization took: 0.013 sec
23:01:42.615 [JavaFX Application Thread] DEBUG Input                - Clearing active input actions
23:01:42.619 [JavaFX Application Thread] DEBUG GameApplicationServi - Removing overlay from FXGLLoadingScene and adding to GameScene
23:01:42.619 [JavaFX Application Thread] DEBUG PrimaryStageWindow   - FXGLLoadingScene -> GameScene
23:01:43.416 [JavaFX Application Thread] DEBUG FXGLApplication      - Exiting FXGL
23:01:43.416 [JavaFX Application Thread] DEBUG LoopRunner           - Stopping loop
23:01:43.416 [JavaFX Application Thread] DEBUG SystemBundleService  - Saving FXGL system data
23:01:43.417 [JavaFX Application Thread] DEBUG FileSystemAccess     - Writing to: C:\Users\matip\Desktop\JavaProjects\brick-breaker\system\fxgl.bundle
23:01:43.418 [JavaFX Application Thread] DEBUG Async                - Shutting down background threads
23:01:43.418 [JavaFX Application Thread] DEBUG PrimaryStageWindow   - Closing main window
23:01:43.423 [JavaFX Application Thread] DEBUG Logger               - Closing Logger
