02:42:03.484 [main                     ] DEBUG Logger               - Configured Logger
02:42:03.500 [main                     ] DEBUG GameApplication      - Logging settings
Title: Brick Breaker
Version: 0.0
Width: 600
Height: 600
Fullscreen: false
Intro: false
Profiling: false
Single step:false
App Mode: DEVELOPER
Menu Key: ESCAPE
Stage Style: DECORATED
Scene Factory: class com.example.brickbreaker.menu.CustomSceneFactory

02:42:03.763 [JavaFX Application Thread] DEBUG FXGLApplication      - Initializing FXGL
02:42:03.766 [JavaFX Application Thread] INFO  Engine               - FXGL-17.2 (20.08.2022 16.50) on WINDOWS (J:18.0.1.1 FX:18.0.2)
02:42:03.766 [JavaFX Application Thread] DEBUG Engine               - JRE Vendor Name: Oracle Corporation
02:42:03.766 [JavaFX Application Thread] DEBUG Engine               - Running on OS: Windows 10 version 10.0
02:42:03.767 [JavaFX Application Thread] DEBUG Engine               - Architecture: amd64
02:42:03.767 [JavaFX Application Thread] INFO  Engine               - Source code and latest versions at: https://github.com/AlmasB/FXGL
02:42:03.767 [JavaFX Application Thread] INFO  Engine               -       Ask questions and discuss at: https://github.com/AlmasB/FXGL/discussions
02:42:03.767 [JavaFX Application Thread] INFO  Engine               -              Join the FXGL chat at: https://gitter.im/AlmasB/FXGL
02:42:03.820 [JavaFX Application Thread] DEBUG PrimaryStageWindow   - Creating a JavaFX scene
02:42:03.845 [JavaFX Application Thread] DEBUG PrimaryStageWindow   - Target settings size: 600.0 x 600.0
02:42:03.845 [JavaFX Application Thread] DEBUG PrimaryStageWindow   - Scaled scene size:    600.0 x 600.0
02:42:03.845 [JavaFX Application Thread] DEBUG PrimaryStageWindow   - Scaled ratio: (1.0, 1.0)
02:42:03.845 [JavaFX Application Thread] DEBUG PrimaryStageWindow   - Set initial scene to FXGLStartupScene
02:42:03.849 [JavaFX Application Thread] DEBUG PrimaryStageWindow   - Opening main window
02:42:03.891 [JavaFX Application Thread] DEBUG PrimaryStageWindow   - Window border size: (16.0, 39.0)
02:42:03.891 [JavaFX Application Thread] DEBUG PrimaryStageWindow   - Scaled size: 600.0 x 600.0
02:42:03.891 [JavaFX Application Thread] DEBUG PrimaryStageWindow   - Scaled ratio: (1.0, 1.0)
02:42:03.891 [JavaFX Application Thread] DEBUG PrimaryStageWindow   - Scene size: 600.0 x 600.0
02:42:03.891 [JavaFX Application Thread] DEBUG PrimaryStageWindow   - Stage size: 616.0 x 639.0
02:42:03.895 [FXGL Background Thread 1 ] DEBUG Engine               - Initializing environment variables
02:42:03.921 [FXGL Background Thread 1 ] DEBUG FXGLAssetLoaderServi - User app class for loading assets: class com.example.brickbreaker.BrickBreakerApp
02:42:03.921 [FXGL Background Thread 1 ] DEBUG GameApplicationServi - Applying CSS: fxgl_dark.css
02:42:03.922 [FXGL Background Thread 1 ] DEBUG FXGLAssetLoaderServi - Loading from file system: jar:file:///C:/Users/matip/.m2/repository/com/github/almasb/fxgl/17.2/fxgl-17.2.jar!/fxglassets/ui/css/fxgl_dark.css
02:42:03.946 [FXGL Background Thread 1 ] DEBUG GameApplicationServi - Initializing application scenes
02:42:03.965 [FXGL Background Thread 1 ] DEBUG GameWorld            - Game world initialized
02:42:03.994 [FXGL Background Thread 1 ] DEBUG PhysicsWorld         - Physics world initialized: appHeight=600, physics.ppm=50.0
02:42:03.994 [FXGL Background Thread 1 ] DEBUG PhysicsWorld         - Using strategy: BRUTE_FORCE
02:42:03.996 [FXGL Background Thread 1 ] DEBUG GameScene            - Game scene initialized: 600x600
02:42:03.997 [FXGL Background Thread 1 ] DEBUG FXGLAssetLoaderServi - Loading from file system: file:/C:/Users/matip/Desktop/JavaProjects/brick-breaker/target/classes/assets/textures/game-start.png
02:42:04.031 [FXGL Background Thread 1 ] WARN  FXGL.DefaultMenu     - FXGLDefaultMenu is not designed for resolutions < 800x600
02:42:04.031 [FXGL Background Thread 1 ] DEBUG FXGL.DefaultMenu     - createMenuBodyGameMenu()
02:42:04.038 [FXGL Background Thread 1 ] DEBUG FXGL.DefaultMenu     - createOptionsMenu()
02:42:04.048 [FXGL Background Thread 1 ] DEBUG FXGLAssetLoaderServi - Loading from file system: jar:file:///C:/Users/matip/.m2/repository/com/github/almasb/fxgl/17.2/fxgl-17.2.jar!/fxglassets/textures/particles/smoke.png
02:42:04.091 [FXGL Background Thread 1 ] DEBUG FXGLAssetLoaderServi - Loading from file system: jar:file:///C:/Users/matip/.m2/repository/com/github/almasb/fxgl/17.2/fxgl-17.2.jar!/fxglassets/textures/particles/trace_horizontal.png
02:42:04.101 [FXGL Background Thread 1 ] DEBUG GameApplicationServi - Application scenes initialized
02:42:04.108 [FXGL Background Thread 1 ] DEBUG SystemBundleService  - Loading FXGL system data
02:42:04.110 [FXGL Background Thread 1 ] DEBUG FileSystemAccess     - Reading from: C:\Users\matip\Desktop\JavaProjects\brick-breaker\system\fxgl.bundle
02:42:04.115 [FXGL Background Thread 1 ] DEBUG SystemBundleService  - Bundle FXGL: {}
02:42:04.115 [FXGL Background Thread 1 ] DEBUG UpdaterService       - Checking for updates
02:42:04.118 [FXGL Background Thread 4 ] DEBUG FXGLApplication      - Loading fonts
02:42:04.118 [FXGL Background Thread 1 ] DEBUG FXGLApplication      - Loading default localization
02:42:04.118 [FXGL Background Thread 4 ] DEBUG FXGLAssetLoaderServi - Loading from file system: jar:file:///C:/Users/matip/.m2/repository/com/github/almasb/fxgl/17.2/fxgl-17.2.jar!/fxglassets/ui/fonts/VarelaRound-Regular.ttf
02:42:04.118 [FXGL Background Thread 1 ] DEBUG FXGLAssetLoaderServi - Loading from file system: jar:file:///C:/Users/matip/.m2/repository/com/github/almasb/fxgl/17.2/fxgl-17.2.jar!/fxglassets/languages/english.lang
02:42:04.127 [FXGL Background Thread 1 ] INFO  FXGLApplication      - FXGL initialization took: 0.232 sec
02:42:04.132 [JavaFX Application Thread] DEBUG Input                - Registered new binding: action0 - D
02:42:04.132 [JavaFX Application Thread] DEBUG Input                - Registered new binding: action1 - A
02:42:04.132 [JavaFX Application Thread] DEBUG FXGLAssetLoaderServi - Loading from file system: jar:file:///C:/Users/matip/.m2/repository/com/github/almasb/fxgl/17.2/fxgl-17.2.jar!/fxglassets/textures/fxgl_icon.png
02:42:04.139 [JavaFX Application Thread] DEBUG FXGLAssetLoaderServi - Loading from file system: jar:file:///C:/Users/matip/.m2/repository/com/github/almasb/fxgl/17.2/fxgl-17.2.jar!/fxglassets/textures/fxgl_default_cursor.png
02:42:04.140 [JavaFX Application Thread] DEBUG Input                - Registered new binding: Screenshot - CTRL+8
02:42:04.140 [JavaFX Application Thread] DEBUG Input                - Registered new binding: System info dump - CTRL+9
02:42:04.140 [JavaFX Application Thread] DEBUG Input                - Registered new binding: Restart - CTRL+R
02:42:04.141 [JavaFX Application Thread] DEBUG Input                - Registered new binding: Toggle Debug Camera - CTRL+7
02:42:04.142 [JavaFX Application Thread] DEBUG LoopRunner           - Starting loop
02:42:04.142 [JavaFX Application Thread] DEBUG LoopRunner           - Initializing JavaFX AnimationTimerLoop
02:42:04.144 [FXGL Background Thread 4 ] DEBUG FXGLAssetLoaderServi - Loading from file system: jar:file:///C:/Users/matip/.m2/repository/com/github/almasb/fxgl/17.2/fxgl-17.2.jar!/fxglassets/ui/fonts/Abel-Regular.ttf
02:42:04.144 [JavaFX Application Thread] DEBUG Input                - Clearing active input actions
02:42:04.145 [FXGL Background Thread 4 ] DEBUG FXGLAssetLoaderServi - Loading from file system: jar:file:///C:/Users/matip/.m2/repository/com/github/almasb/fxgl/17.2/fxgl-17.2.jar!/fxglassets/ui/fonts/TerminalLandMono-Regular.otf
02:42:04.148 [FXGL Background Thread 4 ] DEBUG FXGLAssetLoaderServi - Loading from file system: jar:file:///C:/Users/matip/.m2/repository/com/github/almasb/fxgl/17.2/fxgl-17.2.jar!/fxglassets/ui/fonts/Courier-Prime.ttf
02:42:04.149 [JavaFX Application Thread] DEBUG GameApplicationServi - Removing overlay from FXGLStartupScene and adding to FXGLMainMenuDummyScene
02:42:04.149 [JavaFX Application Thread] DEBUG PrimaryStageWindow   - FXGLStartupScene -> FXGLMainMenuDummyScene
02:42:04.149 [JavaFX Application Thread] DEBUG PrimaryStageWindow   - Push state: MainMenu
02:42:04.149 [JavaFX Application Thread] DEBUG Input                - Clearing active input actions
02:42:04.149 [JavaFX Application Thread] DEBUG GameApplicationServi - Removing overlay from FXGLMainMenuDummyScene and adding to MainMenu
02:42:04.150 [JavaFX Application Thread] DEBUG PrimaryStageWindow   - FXGLMainMenuDummyScene -> MainMenu
02:42:04.152 [JavaFX Application Thread] DEBUG FXGLApplication      - Registering font factories with UI factory
02:42:04.395 [FXGL Background Thread 2 ] INFO  UpdaterService       - Your current version:  17.2
02:42:04.395 [FXGL Background Thread 2 ] INFO  UpdaterService       - Latest stable version: 17.3
02:42:04.763 [JavaFX Application Thread] DEBUG Menu                 - fireNewGame()
02:42:04.763 [JavaFX Application Thread] DEBUG GameApplicationServi - Starting new game
02:42:04.763 [JavaFX Application Thread] DEBUG PrimaryStageWindow   - Pop state: MainMenu
02:42:04.763 [JavaFX Application Thread] DEBUG Input                - Clearing active input actions
02:42:04.763 [JavaFX Application Thread] DEBUG GameApplicationServi - Removing overlay from MainMenu and adding to FXGLMainMenuDummyScene
02:42:04.764 [JavaFX Application Thread] DEBUG PrimaryStageWindow   - FXGLMainMenuDummyScene <- MainMenu
02:42:04.764 [JavaFX Application Thread] DEBUG Input                - Clearing active input actions
02:42:04.768 [JavaFX Application Thread] DEBUG GameApplicationServi - Removing overlay from FXGLMainMenuDummyScene and adding to FXGLLoadingScene
02:42:04.768 [JavaFX Application Thread] DEBUG PrimaryStageWindow   - FXGLMainMenuDummyScene -> FXGLLoadingScene
02:42:04.768 [JavaFX Application Thread] DEBUG GameApplicationServi - Clearing previous game
02:42:04.768 [JavaFX Application Thread] DEBUG GameScene            - Clearing game scene
02:42:04.768 [JavaFX Application Thread] DEBUG GameWorld            - Clearing game world
02:42:04.769 [JavaFX Application Thread] DEBUG PhysicsWorld         - Clearing physics world
02:42:04.769 [FXGL Background Thread 2 ] DEBUG FXGLApplication      - Initializing game
02:42:04.780 [FXGL Background Thread 2 ] WARN  GameWorld            - Entity is already attached to world
02:42:04.781 [FXGL Background Thread 2 ] DEBUG FXGLAssetLoaderServi - Loading from file system: file:/C:/Users/matip/Desktop/JavaProjects/brick-breaker/target/classes/assets/textures/brick.png
02:42:04.783 [FXGL Background Thread 2 ] WARN  GameWorld            - Entity is already attached to world
02:42:04.784 [FXGL Background Thread 2 ] WARN  GameWorld            - Entity is already attached to world
02:42:04.785 [FXGL Background Thread 2 ] WARN  GameWorld            - Entity is already attached to world
02:42:04.786 [FXGL Background Thread 2 ] WARN  GameWorld            - Entity is already attached to world
02:42:04.786 [FXGL Background Thread 2 ] WARN  GameWorld            - Entity is already attached to world
02:42:04.787 [FXGL Background Thread 2 ] WARN  GameWorld            - Entity is already attached to world
02:42:04.787 [FXGL Background Thread 2 ] WARN  GameWorld            - Entity is already attached to world
02:42:04.788 [FXGL Background Thread 2 ] WARN  GameWorld            - Entity is already attached to world
02:42:04.788 [FXGL Background Thread 2 ] WARN  GameWorld            - Entity is already attached to world
02:42:04.789 [FXGL Background Thread 2 ] WARN  GameWorld            - Entity is already attached to world
02:42:04.790 [FXGL Background Thread 2 ] WARN  GameWorld            - Entity is already attached to world
02:42:04.790 [FXGL Background Thread 2 ] WARN  GameWorld            - Entity is already attached to world
02:42:04.791 [FXGL Background Thread 2 ] WARN  GameWorld            - Entity is already attached to world
02:42:04.791 [FXGL Background Thread 2 ] WARN  GameWorld            - Entity is already attached to world
02:42:04.792 [FXGL Background Thread 2 ] WARN  GameWorld            - Entity is already attached to world
02:42:04.792 [FXGL Background Thread 2 ] WARN  GameWorld            - Entity is already attached to world
02:42:04.793 [FXGL Background Thread 2 ] WARN  GameWorld            - Entity is already attached to world
02:42:04.793 [FXGL Background Thread 2 ] WARN  GameWorld            - Entity is already attached to world
02:42:04.794 [FXGL Background Thread 2 ] WARN  GameWorld            - Entity is already attached to world
02:42:04.794 [FXGL Background Thread 2 ] WARN  GameWorld            - Entity is already attached to world
02:42:04.795 [FXGL Background Thread 2 ] WARN  GameWorld            - Entity is already attached to world
02:42:04.795 [FXGL Background Thread 2 ] WARN  GameWorld            - Entity is already attached to world
02:42:04.796 [FXGL Background Thread 2 ] WARN  GameWorld            - Entity is already attached to world
02:42:04.796 [FXGL Background Thread 2 ] WARN  GameWorld            - Entity is already attached to world
02:42:04.797 [FXGL Background Thread 2 ] WARN  GameWorld            - Entity is already attached to world
02:42:04.797 [FXGL Background Thread 2 ] WARN  GameWorld            - Entity is already attached to world
02:42:04.798 [FXGL Background Thread 2 ] WARN  GameWorld            - Entity is already attached to world
02:42:04.799 [FXGL Background Thread 2 ] WARN  GameWorld            - Entity is already attached to world
02:42:04.799 [FXGL Background Thread 2 ] WARN  GameWorld            - Entity is already attached to world
02:42:04.800 [FXGL Background Thread 2 ] WARN  GameWorld            - Entity is already attached to world
02:42:04.800 [FXGL Background Thread 2 ] WARN  GameWorld            - Entity is already attached to world
02:42:04.801 [FXGL Background Thread 2 ] WARN  GameWorld            - Entity is already attached to world
02:42:04.801 [FXGL Background Thread 2 ] WARN  GameWorld            - Entity is already attached to world
02:42:04.802 [FXGL Background Thread 2 ] WARN  GameWorld            - Entity is already attached to world
02:42:04.802 [FXGL Background Thread 2 ] WARN  GameWorld            - Entity is already attached to world
02:42:04.803 [FXGL Background Thread 2 ] WARN  GameWorld            - Entity is already attached to world
02:42:04.803 [FXGL Background Thread 2 ] WARN  GameWorld            - Entity is already attached to world
02:42:04.804 [FXGL Background Thread 2 ] WARN  GameWorld            - Entity is already attached to world
02:42:04.805 [FXGL Background Thread 2 ] WARN  GameWorld            - Entity is already attached to world
02:42:04.805 [FXGL Background Thread 2 ] WARN  GameWorld            - Entity is already attached to world
02:42:04.806 [FXGL Background Thread 2 ] WARN  GameWorld            - Entity is already attached to world
02:42:04.806 [FXGL Background Thread 2 ] WARN  GameWorld            - Entity is already attached to world
02:42:04.807 [FXGL Background Thread 2 ] WARN  GameWorld            - Entity is already attached to world
02:42:04.807 [FXGL Background Thread 2 ] WARN  GameWorld            - Entity is already attached to world
02:42:04.808 [FXGL Background Thread 2 ] WARN  GameWorld            - Entity is already attached to world
02:42:04.808 [FXGL Background Thread 2 ] WARN  GameWorld            - Entity is already attached to world
02:42:04.809 [FXGL Background Thread 2 ] WARN  GameWorld            - Entity is already attached to world
02:42:04.810 [FXGL Background Thread 2 ] WARN  GameWorld            - Entity is already attached to world
02:42:04.810 [FXGL Background Thread 2 ] DEBUG FXGLAssetLoaderServi - Loading from file system: file:/C:/Users/matip/Desktop/JavaProjects/brick-breaker/target/classes/assets/textures/ball.png
02:42:04.811 [FXGL Background Thread 2 ] WARN  GameWorld            - Entity is already attached to world
02:42:04.811 [FXGL Background Thread 2 ] DEBUG FXGLAssetLoaderServi - Loading from file system: file:/C:/Users/matip/Desktop/JavaProjects/brick-breaker/target/classes/assets/textures/brick-wall.png
02:42:04.832 [FXGL Background Thread 2 ] INFO  FXGLApplication      - Game initialization took: 0.063 sec
02:42:04.836 [JavaFX Application Thread] DEBUG Input                - Clearing active input actions
02:42:04.840 [JavaFX Application Thread] DEBUG GameApplicationServi - Removing overlay from FXGLLoadingScene and adding to GameScene
02:42:04.840 [JavaFX Application Thread] DEBUG PrimaryStageWindow   - FXGLLoadingScene -> GameScene
02:42:05.759 [JavaFX Application Thread] DEBUG FXGLAssetLoaderServi - Loading from file system: file:/C:/Users/matip/Desktop/JavaProjects/brick-breaker/target/classes/assets/textures/brick_damaged.png
02:42:07.118 [FXGL Background Thread 3 ] DEBUG Engine               - Logging environment variables
02:42:07.118 [FXGL Background Thread 3 ] DEBUG Engine               - achievements: []
02:42:07.118 [FXGL Background Thread 3 ] DEBUG Engine               - actualHeight: 600.0
02:42:07.118 [FXGL Background Thread 3 ] DEBUG Engine               - actualHeightProperty: ReadOnlyDoubleProperty [value: 600.0]
02:42:07.118 [FXGL Background Thread 3 ] DEBUG Engine               - actualWidth: 600.0
02:42:07.118 [FXGL Background Thread 3 ] DEBUG Engine               - actualWidthProperty: ReadOnlyDoubleProperty [value: 600.0]
02:42:07.119 [FXGL Background Thread 3 ] DEBUG Engine               - appIcon: fxgl_icon.png
02:42:07.119 [FXGL Background Thread 3 ] DEBUG Engine               - applicationMode: DEVELOPER
02:42:07.119 [FXGL Background Thread 3 ] DEBUG Engine               - cSSList: [fxgl_dark.css]
02:42:07.119 [FXGL Background Thread 3 ] DEBUG Engine               - collisionDetectionStrategy: BRUTE_FORCE
02:42:07.119 [FXGL Background Thread 3 ] DEBUG Engine               - configClass: Optional.empty
02:42:07.119 [FXGL Background Thread 3 ] DEBUG Engine               - credits: []
02:42:07.119 [FXGL Background Thread 3 ] DEBUG Engine               - defaultCursor: CursorInfo(imageName=fxgl_default_cursor.png, hotspotX=7.0, hotspotY=6.0)
02:42:07.119 [FXGL Background Thread 3 ] DEBUG Engine               - devBBoxColorProperty: ObjectProperty [value: 0xff0000ff]
02:42:07.119 [FXGL Background Thread 3 ] DEBUG Engine               - devEnableDebugCameraProperty: BooleanProperty [value: false]
02:42:07.119 [FXGL Background Thread 3 ] DEBUG Engine               - devSensorColorProperty: ObjectProperty [value: 0xffff00ff]
02:42:07.119 [FXGL Background Thread 3 ] DEBUG Engine               - devShowBBoxProperty: BooleanProperty [value: false]
02:42:07.119 [FXGL Background Thread 3 ] DEBUG Engine               - devShowPositionProperty: BooleanProperty [value: false]
02:42:07.119 [FXGL Background Thread 3 ] DEBUG Engine               - enabledMenuItems: []
02:42:07.119 [FXGL Background Thread 3 ] DEBUG Engine               - engineServices: [class com.almasb.fxgl.app.services.FXGLAssetLoaderService, class com.almasb.fxgl.app.FXGLApplication$GameApplicationService, class com.almasb.fxgl.app.services.FXGLDialogService, class com.almasb.fxgl.app.services.IOTaskExecutorService, class com.almasb.fxgl.io.FileSystemService, class com.almasb.fxgl.localization.LocalizationService, class com.almasb.fxgl.app.services.SystemBundleService, class com.almasb.fxgl.profile.SaveLoadService, class com.almasb.fxgl.ui.FXGLUIFactoryServiceProvider, class com.almasb.fxgl.ui.FXGLDialogFactoryServiceProvider, class com.almasb.fxgl.audio.AudioPlayer, class com.almasb.fxgl.notification.impl.NotificationServiceProvider, class com.almasb.fxgl.achievement.AchievementService, class com.almasb.fxgl.cutscene.CutsceneService, class com.almasb.fxgl.minigames.MiniGameService, class com.almasb.fxgl.net.NetService, class com.almasb.fxgl.app.services.UpdaterService, class com.almasb.fxgl.dev.DevService]
02:42:07.119 [FXGL Background Thread 3 ] DEBUG Engine               - fontGame: Abel-Regular.ttf
02:42:07.119 [FXGL Background Thread 3 ] DEBUG Engine               - fontMono: TerminalLandMono-Regular.otf
02:42:07.120 [FXGL Background Thread 3 ] DEBUG Engine               - fontText: Courier-Prime.ttf
02:42:07.120 [FXGL Background Thread 3 ] DEBUG Engine               - fontUI: VarelaRound-Regular.ttf
02:42:07.120 [FXGL Background Thread 3 ] DEBUG Engine               - fullScreen: BooleanProperty [value: false]
02:42:07.120 [FXGL Background Thread 3 ] DEBUG Engine               - gameDifficulty: MEDIUM
02:42:07.120 [FXGL Background Thread 3 ] DEBUG Engine               - gameDifficultyProperty: ObjectProperty [value: MEDIUM]
02:42:07.120 [FXGL Background Thread 3 ] DEBUG Engine               - globalMusicVolume: 0.5
02:42:07.120 [FXGL Background Thread 3 ] DEBUG Engine               - globalMusicVolumeProperty: DoubleProperty [value: 0.5]
02:42:07.120 [FXGL Background Thread 3 ] DEBUG Engine               - globalSoundVolume: 0.5
02:42:07.120 [FXGL Background Thread 3 ] DEBUG Engine               - globalSoundVolumeProperty: DoubleProperty [value: 0.5]
02:42:07.120 [FXGL Background Thread 3 ] DEBUG Engine               - height: 600
02:42:07.120 [FXGL Background Thread 3 ] DEBUG Engine               - is3D: false
02:42:07.120 [FXGL Background Thread 3 ] DEBUG Engine               - isAndroid: false
02:42:07.120 [FXGL Background Thread 3 ] DEBUG Engine               - isBrowser: false
02:42:07.120 [FXGL Background Thread 3 ] DEBUG Engine               - isClickFeedbackEnabled: false
02:42:07.120 [FXGL Background Thread 3 ] DEBUG Engine               - isCloseConfirmation: false
02:42:07.120 [FXGL Background Thread 3 ] DEBUG Engine               - isDesktop: true
02:42:07.120 [FXGL Background Thread 3 ] DEBUG Engine               - isDeveloperMenuEnabled: false
02:42:07.120 [FXGL Background Thread 3 ] DEBUG Engine               - isEmbedded: false
02:42:07.120 [FXGL Background Thread 3 ] DEBUG Engine               - isEntityPreloadEnabled: true
02:42:07.120 [FXGL Background Thread 3 ] DEBUG Engine               - isExperimentalTiledLargeMap: false
02:42:07.120 [FXGL Background Thread 3 ] DEBUG Engine               - isFileSystemWriteAllowed: true
02:42:07.120 [FXGL Background Thread 3 ] DEBUG Engine               - isFullScreenAllowed: false
02:42:07.120 [FXGL Background Thread 3 ] DEBUG Engine               - isFullScreenFromStart: false
02:42:07.120 [FXGL Background Thread 3 ] DEBUG Engine               - isGameMenuEnabled: true
02:42:07.120 [FXGL Background Thread 3 ] DEBUG Engine               - isIOS: false
02:42:07.120 [FXGL Background Thread 3 ] DEBUG Engine               - isIntroEnabled: false
02:42:07.120 [FXGL Background Thread 3 ] DEBUG Engine               - isLinux: false
02:42:07.121 [FXGL Background Thread 3 ] DEBUG Engine               - isMac: false
02:42:07.121 [FXGL Background Thread 3 ] DEBUG Engine               - isMainMenuEnabled: true
02:42:07.121 [FXGL Background Thread 3 ] DEBUG Engine               - isManualResizeEnabled: false
02:42:07.121 [FXGL Background Thread 3 ] DEBUG Engine               - isMobile: false
02:42:07.121 [FXGL Background Thread 3 ] DEBUG Engine               - isNative: false
02:42:07.121 [FXGL Background Thread 3 ] DEBUG Engine               - isPauseMusicWhenMinimized: true
02:42:07.121 [FXGL Background Thread 3 ] DEBUG Engine               - isPreserveResizeRatio: false
02:42:07.121 [FXGL Background Thread 3 ] DEBUG Engine               - isProfilingEnabled: false
02:42:07.121 [FXGL Background Thread 3 ] DEBUG Engine               - isScaleAffectedOnResize: true
02:42:07.121 [FXGL Background Thread 3 ] DEBUG Engine               - isSingleStep: false
02:42:07.121 [FXGL Background Thread 3 ] DEBUG Engine               - isUserProfileEnabled: false
02:42:07.121 [FXGL Background Thread 3 ] DEBUG Engine               - isWindows: true
02:42:07.121 [FXGL Background Thread 3 ] DEBUG Engine               - language: ObjectProperty [value: ENGLISH]
02:42:07.121 [FXGL Background Thread 3 ] DEBUG Engine               - menuKey: ESCAPE
02:42:07.121 [FXGL Background Thread 3 ] DEBUG Engine               - mouseSensitivity: 0.2
02:42:07.121 [FXGL Background Thread 3 ] DEBUG Engine               - notificationViewClass: class com.almasb.fxgl.notification.view.XboxNotificationView
02:42:07.121 [FXGL Background Thread 3 ] DEBUG Engine               - pixelsPerMeter: 50.0
02:42:07.121 [FXGL Background Thread 3 ] DEBUG Engine               - platform: WINDOWS
02:42:07.121 [FXGL Background Thread 3 ] DEBUG Engine               - prefHeightProperty: ReadOnlyDoubleProperty [value: 600.0]
02:42:07.121 [FXGL Background Thread 3 ] DEBUG Engine               - prefWidthProperty: ReadOnlyDoubleProperty [value: 600.0]
02:42:07.121 [FXGL Background Thread 3 ] DEBUG Engine               - profileDir: profiles/
02:42:07.121 [FXGL Background Thread 3 ] DEBUG Engine               - profileName: StringProperty [value: DEFAULT]
02:42:07.121 [FXGL Background Thread 3 ] DEBUG Engine               - randomSeed: -1
02:42:07.121 [FXGL Background Thread 3 ] DEBUG Engine               - runtimeInfo: RuntimeInfo(platform=WINDOWS, version=17.2, build=20.08.2022 16.50)
02:42:07.121 [FXGL Background Thread 3 ] DEBUG Engine               - saveFileExt: sav
02:42:07.121 [FXGL Background Thread 3 ] DEBUG Engine               - scaledHeightProp$fxgl: DoubleProperty [bound, value: 600.0]
02:42:07.122 [FXGL Background Thread 3 ] DEBUG Engine               - scaledWidthProp$fxgl: DoubleProperty [bound, value: 600.0]
02:42:07.122 [FXGL Background Thread 3 ] DEBUG Engine               - sceneFactory: com.example.brickbreaker.menu.CustomSceneFactory@1872fa65
02:42:07.122 [FXGL Background Thread 3 ] DEBUG Engine               - secondsIn24h: 60
02:42:07.122 [FXGL Background Thread 3 ] DEBUG Engine               - soundMenuBack: menu/back.wav
02:42:07.122 [FXGL Background Thread 3 ] DEBUG Engine               - soundMenuPress: menu/press.wav
02:42:07.122 [FXGL Background Thread 3 ] DEBUG Engine               - soundMenuSelect: menu/select.wav
02:42:07.122 [FXGL Background Thread 3 ] DEBUG Engine               - soundNotification: core/notification.wav
02:42:07.122 [FXGL Background Thread 3 ] DEBUG Engine               - stageStyle: DECORATED
02:42:07.122 [FXGL Background Thread 3 ] DEBUG Engine               - supportedLanguages: [ENGLISH, FRENCH, GERMAN, HUNGARIAN, RUSSIAN]
02:42:07.122 [FXGL Background Thread 3 ] DEBUG Engine               - ticksPerSecond: -1
02:42:07.122 [FXGL Background Thread 3 ] DEBUG Engine               - title: Brick Breaker
02:42:07.122 [FXGL Background Thread 3 ] DEBUG Engine               - urlGithub: https://github.com/AlmasB/FXGL
02:42:07.122 [FXGL Background Thread 3 ] DEBUG Engine               - urlLeaderboard: http://fxgl-top.herokuapp.com/
02:42:07.122 [FXGL Background Thread 3 ] DEBUG Engine               - urlPOM: https://raw.githubusercontent.com/AlmasB/FXGL/release/README.md
02:42:07.122 [FXGL Background Thread 3 ] DEBUG Engine               - userAppClass: class com.example.brickbreaker.BrickBreakerApp
02:42:07.122 [FXGL Background Thread 3 ] DEBUG Engine               - version: 0.0
02:42:07.122 [FXGL Background Thread 3 ] DEBUG Engine               - versionCheckDays: 7
02:42:07.122 [FXGL Background Thread 3 ] DEBUG Engine               - width: 600
02:42:07.122 [FXGL Background Thread 3 ] DEBUG Engine               - Logging services
02:42:07.122 [FXGL Background Thread 3 ] DEBUG Engine               - class com.almasb.fxgl.app.services.FXGLAssetLoaderService
02:42:07.122 [FXGL Background Thread 3 ] DEBUG Engine               - class com.almasb.fxgl.app.FXGLApplication$GameApplicationService
02:42:07.122 [FXGL Background Thread 3 ] DEBUG Engine               - class com.almasb.fxgl.app.services.FXGLDialogService
02:42:07.122 [FXGL Background Thread 3 ] DEBUG Engine               - class com.almasb.fxgl.app.services.IOTaskExecutorService
02:42:07.122 [FXGL Background Thread 3 ] DEBUG Engine               - class com.almasb.fxgl.io.FileSystemService
02:42:07.122 [FXGL Background Thread 3 ] DEBUG Engine               - class com.almasb.fxgl.localization.LocalizationService
02:42:07.122 [FXGL Background Thread 3 ] DEBUG Engine               - class com.almasb.fxgl.app.services.SystemBundleService
02:42:07.122 [FXGL Background Thread 3 ] DEBUG Engine               - class com.almasb.fxgl.profile.SaveLoadService
02:42:07.122 [FXGL Background Thread 3 ] DEBUG Engine               - class com.almasb.fxgl.ui.FXGLUIFactoryServiceProvider
02:42:07.123 [FXGL Background Thread 3 ] DEBUG Engine               - class com.almasb.fxgl.ui.FXGLDialogFactoryServiceProvider
02:42:07.123 [FXGL Background Thread 3 ] DEBUG Engine               - class com.almasb.fxgl.audio.AudioPlayer
02:42:07.123 [FXGL Background Thread 3 ] DEBUG Engine               - class com.almasb.fxgl.notification.impl.NotificationServiceProvider
02:42:07.123 [FXGL Background Thread 3 ] DEBUG Engine               - class com.almasb.fxgl.achievement.AchievementService
02:42:07.123 [FXGL Background Thread 3 ] DEBUG Engine               - class com.almasb.fxgl.cutscene.CutsceneService
02:42:07.123 [FXGL Background Thread 3 ] DEBUG Engine               - class com.almasb.fxgl.minigames.MiniGameService
02:42:07.123 [FXGL Background Thread 3 ] DEBUG Engine               - class com.almasb.fxgl.net.NetService
02:42:07.123 [FXGL Background Thread 3 ] DEBUG Engine               - class com.almasb.fxgl.app.services.UpdaterService
02:42:07.123 [FXGL Background Thread 3 ] DEBUG Engine               - class com.almasb.fxgl.dev.DevService
02:42:16.415 [JavaFX Application Thread] DEBUG FXGLAssetLoaderServi - Loading from file system: file:/C:/Users/matip/Desktop/JavaProjects/brick-breaker/target/classes/assets/textures/game-over.png
02:42:16.419 [JavaFX Application Thread] DEBUG PrimaryStageWindow   - Push state: GameOverScene
02:42:16.420 [JavaFX Application Thread] DEBUG Input                - Clearing active input actions
02:42:16.420 [JavaFX Application Thread] DEBUG GameApplicationServi - Removing overlay from GameScene and adding to GameOverScene
02:42:16.420 [JavaFX Application Thread] DEBUG PrimaryStageWindow   - GameScene -> GameOverScene
02:42:18.824 [JavaFX Application Thread] DEBUG GameApplicationServi - Starting new game
02:42:18.824 [JavaFX Application Thread] DEBUG PrimaryStageWindow   - Pop state: GameOverScene
02:42:18.824 [JavaFX Application Thread] DEBUG Input                - Clearing active input actions
02:42:18.825 [JavaFX Application Thread] DEBUG GameApplicationServi - Removing overlay from GameOverScene and adding to GameScene
02:42:18.825 [JavaFX Application Thread] DEBUG PrimaryStageWindow   - GameScene <- GameOverScene
02:42:18.825 [JavaFX Application Thread] DEBUG Input                - Clearing active input actions
02:42:18.827 [JavaFX Application Thread] DEBUG GameApplicationServi - Removing overlay from GameScene and adding to FXGLLoadingScene
02:42:18.827 [JavaFX Application Thread] DEBUG PrimaryStageWindow   - GameScene -> FXGLLoadingScene
02:42:18.827 [JavaFX Application Thread] DEBUG GameApplicationServi - Clearing previous game
02:42:18.827 [JavaFX Application Thread] DEBUG GameScene            - Clearing game scene
02:42:18.827 [JavaFX Application Thread] DEBUG GameWorld            - Clearing game world
02:42:18.831 [JavaFX Application Thread] DEBUG PhysicsWorld         - Clearing physics world
02:42:18.831 [FXGL Background Thread 2 ] DEBUG FXGLApplication      - Initializing game
02:42:18.831 [FXGL Background Thread 2 ] WARN  GameWorld            - Entity is already attached to world
02:42:18.832 [FXGL Background Thread 2 ] WARN  GameWorld            - Entity is already attached to world
02:42:18.832 [FXGL Background Thread 2 ] WARN  GameWorld            - Entity is already attached to world
02:42:18.833 [FXGL Background Thread 2 ] WARN  GameWorld            - Entity is already attached to world
02:42:18.833 [FXGL Background Thread 2 ] WARN  GameWorld            - Entity is already attached to world
02:42:18.834 [FXGL Background Thread 2 ] WARN  GameWorld            - Entity is already attached to world
02:42:18.834 [FXGL Background Thread 2 ] WARN  GameWorld            - Entity is already attached to world
02:42:18.834 [FXGL Background Thread 2 ] WARN  GameWorld            - Entity is already attached to world
02:42:18.835 [FXGL Background Thread 2 ] WARN  GameWorld            - Entity is already attached to world
02:42:18.835 [FXGL Background Thread 2 ] WARN  GameWorld            - Entity is already attached to world
02:42:18.836 [FXGL Background Thread 2 ] WARN  GameWorld            - Entity is already attached to world
02:42:18.836 [FXGL Background Thread 2 ] WARN  GameWorld            - Entity is already attached to world
02:42:18.837 [FXGL Background Thread 2 ] WARN  GameWorld            - Entity is already attached to world
02:42:18.837 [FXGL Background Thread 2 ] WARN  GameWorld            - Entity is already attached to world
02:42:18.837 [FXGL Background Thread 2 ] WARN  GameWorld            - Entity is already attached to world
02:42:18.838 [FXGL Background Thread 2 ] WARN  GameWorld            - Entity is already attached to world
02:42:18.838 [FXGL Background Thread 2 ] WARN  GameWorld            - Entity is already attached to world
02:42:18.838 [FXGL Background Thread 2 ] WARN  GameWorld            - Entity is already attached to world
02:42:18.839 [FXGL Background Thread 2 ] WARN  GameWorld            - Entity is already attached to world
02:42:18.839 [FXGL Background Thread 2 ] WARN  GameWorld            - Entity is already attached to world
02:42:18.839 [FXGL Background Thread 2 ] WARN  GameWorld            - Entity is already attached to world
02:42:18.840 [FXGL Background Thread 2 ] WARN  GameWorld            - Entity is already attached to world
02:42:18.840 [FXGL Background Thread 2 ] WARN  GameWorld            - Entity is already attached to world
02:42:18.840 [FXGL Background Thread 2 ] WARN  GameWorld            - Entity is already attached to world
02:42:18.841 [FXGL Background Thread 2 ] WARN  GameWorld            - Entity is already attached to world
02:42:18.841 [FXGL Background Thread 2 ] WARN  GameWorld            - Entity is already attached to world
02:42:18.841 [FXGL Background Thread 2 ] WARN  GameWorld            - Entity is already attached to world
02:42:18.842 [FXGL Background Thread 2 ] WARN  GameWorld            - Entity is already attached to world
02:42:18.842 [FXGL Background Thread 2 ] WARN  GameWorld            - Entity is already attached to world
02:42:18.842 [FXGL Background Thread 2 ] WARN  GameWorld            - Entity is already attached to world
02:42:18.843 [FXGL Background Thread 2 ] WARN  GameWorld            - Entity is already attached to world
02:42:18.843 [FXGL Background Thread 2 ] WARN  GameWorld            - Entity is already attached to world
02:42:18.844 [FXGL Background Thread 2 ] WARN  GameWorld            - Entity is already attached to world
02:42:18.844 [FXGL Background Thread 2 ] WARN  GameWorld            - Entity is already attached to world
02:42:18.844 [FXGL Background Thread 2 ] WARN  GameWorld            - Entity is already attached to world
02:42:18.844 [FXGL Background Thread 2 ] WARN  GameWorld            - Entity is already attached to world
02:42:18.845 [FXGL Background Thread 2 ] WARN  GameWorld            - Entity is already attached to world
02:42:18.845 [FXGL Background Thread 2 ] WARN  GameWorld            - Entity is already attached to world
02:42:18.845 [FXGL Background Thread 2 ] WARN  GameWorld            - Entity is already attached to world
02:42:18.846 [FXGL Background Thread 2 ] WARN  GameWorld            - Entity is already attached to world
02:42:18.846 [FXGL Background Thread 2 ] WARN  GameWorld            - Entity is already attached to world
02:42:18.846 [FXGL Background Thread 2 ] WARN  GameWorld            - Entity is already attached to world
02:42:18.847 [FXGL Background Thread 2 ] WARN  GameWorld            - Entity is already attached to world
02:42:18.847 [FXGL Background Thread 2 ] WARN  GameWorld            - Entity is already attached to world
02:42:18.847 [FXGL Background Thread 2 ] WARN  GameWorld            - Entity is already attached to world
02:42:18.848 [FXGL Background Thread 2 ] WARN  GameWorld            - Entity is already attached to world
02:42:18.848 [FXGL Background Thread 2 ] WARN  GameWorld            - Entity is already attached to world
02:42:18.848 [FXGL Background Thread 2 ] WARN  GameWorld            - Entity is already attached to world
02:42:18.849 [FXGL Background Thread 2 ] WARN  GameWorld            - Entity is already attached to world
02:42:18.849 [FXGL Background Thread 2 ] INFO  FXGLApplication      - Game initialization took: 0.018 sec
02:42:18.853 [JavaFX Application Thread] DEBUG Input                - Clearing active input actions
02:42:18.856 [JavaFX Application Thread] DEBUG GameApplicationServi - Removing overlay from FXGLLoadingScene and adding to GameScene
02:42:18.856 [JavaFX Application Thread] DEBUG PrimaryStageWindow   - FXGLLoadingScene -> GameScene
02:42:22.222 [JavaFX Application Thread] DEBUG PrimaryStageWindow   - Push state: GameOverScene
02:42:22.222 [JavaFX Application Thread] DEBUG Input                - Clearing active input actions
02:42:22.222 [JavaFX Application Thread] DEBUG GameApplicationServi - Removing overlay from GameScene and adding to GameOverScene
02:42:22.222 [JavaFX Application Thread] DEBUG PrimaryStageWindow   - GameScene -> GameOverScene
02:42:23.959 [JavaFX Application Thread] DEBUG FXGLApplication      - Exiting FXGL
02:42:23.959 [JavaFX Application Thread] DEBUG LoopRunner           - Stopping loop
02:42:23.959 [JavaFX Application Thread] DEBUG SystemBundleService  - Saving FXGL system data
02:42:23.960 [JavaFX Application Thread] DEBUG FileSystemAccess     - Writing to: C:\Users\matip\Desktop\JavaProjects\brick-breaker\system\fxgl.bundle
02:42:23.961 [JavaFX Application Thread] DEBUG Async                - Shutting down background threads
02:42:23.962 [JavaFX Application Thread] DEBUG PrimaryStageWindow   - Closing main window
02:42:23.968 [JavaFX Application Thread] DEBUG Logger               - Closing Logger
