20:42:28.049 [main                     ] DEBUG Logger               - Configured Logger
20:42:28.063 [main                     ] DEBUG GameApplication      - Logging settings
Title: Brick Breaker
Version: 0.0
Width: 600
Height: 600
Fullscreen: false
Intro: false
Profiling: false
Single step:false
App Mode: DEVELOPER
Menu Key: ESCAPE
Stage Style: DECORATED
Scene Factory: class com.example.brickbreaker.menu.CustomSceneFactory

20:42:28.311 [JavaFX Application Thread] DEBUG FXGLApplication      - Initializing FXGL
20:42:28.314 [JavaFX Application Thread] INFO  Engine               - FXGL-17.2 (20.08.2022 16.50) on WINDOWS (J:18.0.1.1 FX:18.0.2)
20:42:28.314 [JavaFX Application Thread] DEBUG Engine               - JRE Vendor Name: Oracle Corporation
20:42:28.314 [JavaFX Application Thread] DEBUG Engine               - Running on OS: Windows 10 version 10.0
20:42:28.314 [JavaFX Application Thread] DEBUG Engine               - Architecture: amd64
20:42:28.314 [JavaFX Application Thread] INFO  Engine               - Source code and latest versions at: https://github.com/AlmasB/FXGL
20:42:28.315 [JavaFX Application Thread] INFO  Engine               -       Ask questions and discuss at: https://github.com/AlmasB/FXGL/discussions
20:42:28.315 [JavaFX Application Thread] INFO  Engine               -              Join the FXGL chat at: https://gitter.im/AlmasB/FXGL
20:42:28.363 [JavaFX Application Thread] DEBUG PrimaryStageWindow   - Creating a JavaFX scene
20:42:28.387 [JavaFX Application Thread] DEBUG PrimaryStageWindow   - Target settings size: 600.0 x 600.0
20:42:28.388 [JavaFX Application Thread] DEBUG PrimaryStageWindow   - Scaled scene size:    600.0 x 600.0
20:42:28.388 [JavaFX Application Thread] DEBUG PrimaryStageWindow   - Scaled ratio: (1.0, 1.0)
20:42:28.388 [JavaFX Application Thread] DEBUG PrimaryStageWindow   - Set initial scene to FXGLStartupScene
20:42:28.392 [JavaFX Application Thread] DEBUG PrimaryStageWindow   - Opening main window
20:42:28.433 [JavaFX Application Thread] DEBUG PrimaryStageWindow   - Window border size: (16.0, 39.0)
20:42:28.433 [JavaFX Application Thread] DEBUG PrimaryStageWindow   - Scaled size: 600.0 x 600.0
20:42:28.433 [JavaFX Application Thread] DEBUG PrimaryStageWindow   - Scaled ratio: (1.0, 1.0)
20:42:28.433 [JavaFX Application Thread] DEBUG PrimaryStageWindow   - Scene size: 600.0 x 600.0
20:42:28.433 [JavaFX Application Thread] DEBUG PrimaryStageWindow   - Stage size: 616.0 x 639.0
20:42:28.436 [FXGL Background Thread 1 ] DEBUG Engine               - Initializing environment variables
20:42:28.461 [FXGL Background Thread 1 ] DEBUG FXGLAssetLoaderServi - User app class for loading assets: class com.example.brickbreaker.BrickBreakerApp
20:42:28.461 [FXGL Background Thread 1 ] DEBUG GameApplicationServi - Applying CSS: fxgl_dark.css
20:42:28.462 [FXGL Background Thread 1 ] DEBUG FXGLAssetLoaderServi - Loading from file system: jar:file:///C:/Users/matip/.m2/repository/com/github/almasb/fxgl/17.2/fxgl-17.2.jar!/fxglassets/ui/css/fxgl_dark.css
20:42:28.487 [FXGL Background Thread 1 ] DEBUG GameApplicationServi - Initializing application scenes
20:42:28.506 [FXGL Background Thread 1 ] DEBUG GameWorld            - Game world initialized
20:42:28.531 [FXGL Background Thread 1 ] DEBUG PhysicsWorld         - Physics world initialized: appHeight=600, physics.ppm=50.0
20:42:28.532 [FXGL Background Thread 1 ] DEBUG PhysicsWorld         - Using strategy: BRUTE_FORCE
20:42:28.534 [FXGL Background Thread 1 ] DEBUG GameScene            - Game scene initialized: 600x600
20:42:28.535 [FXGL Background Thread 1 ] DEBUG FXGLAssetLoaderServi - Loading from file system: file:/C:/Users/matip/Desktop/JavaProjects/brick-breaker/target/classes/assets/textures/brick-wall.png
20:42:28.567 [FXGL Background Thread 1 ] WARN  FXGL.DefaultMenu     - FXGLDefaultMenu is not designed for resolutions < 800x600
20:42:28.567 [FXGL Background Thread 1 ] DEBUG FXGL.DefaultMenu     - createMenuBodyGameMenu()
20:42:28.573 [FXGL Background Thread 1 ] DEBUG FXGL.DefaultMenu     - createOptionsMenu()
20:42:28.582 [FXGL Background Thread 1 ] DEBUG FXGLAssetLoaderServi - Loading from file system: jar:file:///C:/Users/matip/.m2/repository/com/github/almasb/fxgl/17.2/fxgl-17.2.jar!/fxglassets/textures/particles/smoke.png
20:42:28.628 [FXGL Background Thread 1 ] DEBUG FXGLAssetLoaderServi - Loading from file system: jar:file:///C:/Users/matip/.m2/repository/com/github/almasb/fxgl/17.2/fxgl-17.2.jar!/fxglassets/textures/particles/trace_horizontal.png
20:42:28.638 [FXGL Background Thread 1 ] DEBUG GameApplicationServi - Application scenes initialized
20:42:28.645 [FXGL Background Thread 1 ] DEBUG SystemBundleService  - Loading FXGL system data
20:42:28.648 [FXGL Background Thread 1 ] DEBUG FileSystemAccess     - Reading from: C:\Users\matip\Desktop\JavaProjects\brick-breaker\system\fxgl.bundle
20:42:28.652 [FXGL Background Thread 1 ] DEBUG SystemBundleService  - Bundle FXGL: {}
20:42:28.652 [FXGL Background Thread 1 ] DEBUG UpdaterService       - Checking for updates
20:42:28.655 [FXGL Background Thread 4 ] DEBUG FXGLApplication      - Loading fonts
20:42:28.655 [FXGL Background Thread 1 ] DEBUG FXGLApplication      - Loading default localization
20:42:28.655 [FXGL Background Thread 4 ] DEBUG FXGLAssetLoaderServi - Loading from file system: jar:file:///C:/Users/matip/.m2/repository/com/github/almasb/fxgl/17.2/fxgl-17.2.jar!/fxglassets/ui/fonts/VarelaRound-Regular.ttf
20:42:28.655 [FXGL Background Thread 1 ] DEBUG FXGLAssetLoaderServi - Loading from file system: jar:file:///C:/Users/matip/.m2/repository/com/github/almasb/fxgl/17.2/fxgl-17.2.jar!/fxglassets/languages/english.lang
20:42:28.664 [FXGL Background Thread 1 ] INFO  FXGLApplication      - FXGL initialization took: 0.227 sec
20:42:28.669 [JavaFX Application Thread] DEBUG Input                - Registered new binding: action0 - D
20:42:28.669 [JavaFX Application Thread] DEBUG Input                - Registered new binding: action1 - A
20:42:28.669 [JavaFX Application Thread] DEBUG FXGLAssetLoaderServi - Loading from file system: jar:file:///C:/Users/matip/.m2/repository/com/github/almasb/fxgl/17.2/fxgl-17.2.jar!/fxglassets/textures/fxgl_icon.png
20:42:28.673 [JavaFX Application Thread] DEBUG FXGLAssetLoaderServi - Loading from file system: jar:file:///C:/Users/matip/.m2/repository/com/github/almasb/fxgl/17.2/fxgl-17.2.jar!/fxglassets/textures/fxgl_default_cursor.png
20:42:28.675 [JavaFX Application Thread] DEBUG Input                - Registered new binding: Screenshot - CTRL+8
20:42:28.675 [JavaFX Application Thread] DEBUG Input                - Registered new binding: System info dump - CTRL+9
20:42:28.676 [JavaFX Application Thread] DEBUG Input                - Registered new binding: Restart - CTRL+R
20:42:28.676 [JavaFX Application Thread] DEBUG Input                - Registered new binding: Toggle Debug Camera - CTRL+7
20:42:28.677 [JavaFX Application Thread] DEBUG LoopRunner           - Starting loop
20:42:28.677 [JavaFX Application Thread] DEBUG LoopRunner           - Initializing JavaFX AnimationTimerLoop
20:42:28.678 [JavaFX Application Thread] DEBUG Input                - Clearing active input actions
20:42:28.681 [FXGL Background Thread 4 ] DEBUG FXGLAssetLoaderServi - Loading from file system: jar:file:///C:/Users/matip/.m2/repository/com/github/almasb/fxgl/17.2/fxgl-17.2.jar!/fxglassets/ui/fonts/Abel-Regular.ttf
20:42:28.682 [JavaFX Application Thread] DEBUG GameApplicationServi - Removing overlay from FXGLStartupScene and adding to FXGLMainMenuDummyScene
20:42:28.682 [JavaFX Application Thread] DEBUG PrimaryStageWindow   - FXGLStartupScene -> FXGLMainMenuDummyScene
20:42:28.682 [JavaFX Application Thread] DEBUG PrimaryStageWindow   - Push state: MainMenu
20:42:28.682 [JavaFX Application Thread] DEBUG Input                - Clearing active input actions
20:42:28.683 [FXGL Background Thread 4 ] DEBUG FXGLAssetLoaderServi - Loading from file system: jar:file:///C:/Users/matip/.m2/repository/com/github/almasb/fxgl/17.2/fxgl-17.2.jar!/fxglassets/ui/fonts/TerminalLandMono-Regular.otf
20:42:28.683 [JavaFX Application Thread] DEBUG GameApplicationServi - Removing overlay from FXGLMainMenuDummyScene and adding to MainMenu
20:42:28.683 [JavaFX Application Thread] DEBUG PrimaryStageWindow   - FXGLMainMenuDummyScene -> MainMenu
20:42:28.685 [FXGL Background Thread 4 ] DEBUG FXGLAssetLoaderServi - Loading from file system: jar:file:///C:/Users/matip/.m2/repository/com/github/almasb/fxgl/17.2/fxgl-17.2.jar!/fxglassets/ui/fonts/Courier-Prime.ttf
20:42:28.688 [JavaFX Application Thread] DEBUG FXGLApplication      - Registering font factories with UI factory
20:42:29.147 [FXGL Background Thread 2 ] INFO  UpdaterService       - Your current version:  17.2
20:42:29.147 [FXGL Background Thread 2 ] INFO  UpdaterService       - Latest stable version: 17.3
20:42:29.901 [JavaFX Application Thread] DEBUG FXGLApplication      - Exiting FXGL
20:42:29.901 [JavaFX Application Thread] DEBUG LoopRunner           - Stopping loop
20:42:29.901 [JavaFX Application Thread] DEBUG SystemBundleService  - Saving FXGL system data
20:42:29.902 [JavaFX Application Thread] DEBUG FileSystemAccess     - Writing to: C:\Users\matip\Desktop\JavaProjects\brick-breaker\system\fxgl.bundle
20:42:29.903 [JavaFX Application Thread] DEBUG Async                - Shutting down background threads
20:42:29.903 [JavaFX Application Thread] DEBUG PrimaryStageWindow   - Closing main window
20:42:29.911 [JavaFX Application Thread] DEBUG Logger               - Closing Logger
