02:41:19.155 [main                     ] DEBUG Logger               - Configured Logger
02:41:19.170 [main                     ] DEBUG GameApplication      - Logging settings
Title: Brick Breaker
Version: 0.0
Width: 600
Height: 600
Fullscreen: false
Intro: false
Profiling: false
Single step:false
App Mode: DEVELOPER
Menu Key: ESCAPE
Stage Style: DECORATED
Scene Factory: class com.example.brickbreaker.menu.CustomSceneFactory

02:41:19.434 [JavaFX Application Thread] DEBUG FXGLApplication      - Initializing FXGL
02:41:19.438 [JavaFX Application Thread] INFO  Engine               - FXGL-17.2 (20.08.2022 16.50) on WINDOWS (J:18.0.1.1 FX:18.0.2)
02:41:19.438 [JavaFX Application Thread] DEBUG Engine               - JRE Vendor Name: Oracle Corporation
02:41:19.439 [JavaFX Application Thread] DEBUG Engine               - Running on OS: Windows 10 version 10.0
02:41:19.439 [JavaFX Application Thread] DEBUG Engine               - Architecture: amd64
02:41:19.439 [JavaFX Application Thread] INFO  Engine               - Source code and latest versions at: https://github.com/AlmasB/FXGL
02:41:19.439 [JavaFX Application Thread] INFO  Engine               -       Ask questions and discuss at: https://github.com/AlmasB/FXGL/discussions
02:41:19.439 [JavaFX Application Thread] INFO  Engine               -              Join the FXGL chat at: https://gitter.im/AlmasB/FXGL
02:41:19.490 [JavaFX Application Thread] DEBUG PrimaryStageWindow   - Creating a JavaFX scene
02:41:19.516 [JavaFX Application Thread] DEBUG PrimaryStageWindow   - Target settings size: 600.0 x 600.0
02:41:19.516 [JavaFX Application Thread] DEBUG PrimaryStageWindow   - Scaled scene size:    600.0 x 600.0
02:41:19.517 [JavaFX Application Thread] DEBUG PrimaryStageWindow   - Scaled ratio: (1.0, 1.0)
02:41:19.517 [JavaFX Application Thread] DEBUG PrimaryStageWindow   - Set initial scene to FXGLStartupScene
02:41:19.521 [JavaFX Application Thread] DEBUG PrimaryStageWindow   - Opening main window
02:41:19.561 [JavaFX Application Thread] DEBUG PrimaryStageWindow   - Window border size: (16.0, 39.0)
02:41:19.561 [JavaFX Application Thread] DEBUG PrimaryStageWindow   - Scaled size: 600.0 x 600.0
02:41:19.561 [JavaFX Application Thread] DEBUG PrimaryStageWindow   - Scaled ratio: (1.0, 1.0)
02:41:19.561 [JavaFX Application Thread] DEBUG PrimaryStageWindow   - Scene size: 600.0 x 600.0
02:41:19.562 [JavaFX Application Thread] DEBUG PrimaryStageWindow   - Stage size: 616.0 x 639.0
02:41:19.566 [FXGL Background Thread 1 ] DEBUG Engine               - Initializing environment variables
02:41:19.593 [FXGL Background Thread 1 ] DEBUG FXGLAssetLoaderServi - User app class for loading assets: class com.example.brickbreaker.BrickBreakerApp
02:41:19.593 [FXGL Background Thread 1 ] DEBUG GameApplicationServi - Applying CSS: fxgl_dark.css
02:41:19.593 [FXGL Background Thread 1 ] DEBUG FXGLAssetLoaderServi - Loading from file system: jar:file:///C:/Users/matip/.m2/repository/com/github/almasb/fxgl/17.2/fxgl-17.2.jar!/fxglassets/ui/css/fxgl_dark.css
02:41:19.621 [FXGL Background Thread 1 ] DEBUG GameApplicationServi - Initializing application scenes
02:41:19.641 [FXGL Background Thread 1 ] DEBUG GameWorld            - Game world initialized
02:41:19.667 [FXGL Background Thread 1 ] DEBUG PhysicsWorld         - Physics world initialized: appHeight=600, physics.ppm=50.0
02:41:19.668 [FXGL Background Thread 1 ] DEBUG PhysicsWorld         - Using strategy: BRUTE_FORCE
02:41:19.670 [FXGL Background Thread 1 ] DEBUG GameScene            - Game scene initialized: 600x600
02:41:19.671 [FXGL Background Thread 1 ] DEBUG FXGLAssetLoaderServi - Loading from file system: file:/C:/Users/matip/Desktop/JavaProjects/brick-breaker/target/classes/assets/textures/game-start.png
02:41:19.704 [FXGL Background Thread 1 ] WARN  FXGL.DefaultMenu     - FXGLDefaultMenu is not designed for resolutions < 800x600
02:41:19.704 [FXGL Background Thread 1 ] DEBUG FXGL.DefaultMenu     - createMenuBodyGameMenu()
02:41:19.710 [FXGL Background Thread 1 ] DEBUG FXGL.DefaultMenu     - createOptionsMenu()
02:41:19.717 [FXGL Background Thread 1 ] DEBUG FXGLAssetLoaderServi - Loading from file system: jar:file:///C:/Users/matip/.m2/repository/com/github/almasb/fxgl/17.2/fxgl-17.2.jar!/fxglassets/textures/particles/smoke.png
02:41:19.762 [FXGL Background Thread 1 ] DEBUG FXGLAssetLoaderServi - Loading from file system: jar:file:///C:/Users/matip/.m2/repository/com/github/almasb/fxgl/17.2/fxgl-17.2.jar!/fxglassets/textures/particles/trace_horizontal.png
02:41:19.774 [FXGL Background Thread 1 ] DEBUG GameApplicationServi - Application scenes initialized
02:41:19.781 [FXGL Background Thread 1 ] DEBUG SystemBundleService  - Loading FXGL system data
02:41:19.784 [FXGL Background Thread 1 ] DEBUG FileSystemAccess     - Reading from: C:\Users\matip\Desktop\JavaProjects\brick-breaker\system\fxgl.bundle
02:41:19.789 [FXGL Background Thread 1 ] DEBUG SystemBundleService  - Bundle FXGL: {}
02:41:19.789 [FXGL Background Thread 1 ] DEBUG UpdaterService       - Checking for updates
02:41:19.791 [FXGL Background Thread 4 ] DEBUG FXGLApplication      - Loading fonts
02:41:19.791 [FXGL Background Thread 1 ] DEBUG FXGLApplication      - Loading default localization
02:41:19.791 [FXGL Background Thread 4 ] DEBUG FXGLAssetLoaderServi - Loading from file system: jar:file:///C:/Users/matip/.m2/repository/com/github/almasb/fxgl/17.2/fxgl-17.2.jar!/fxglassets/ui/fonts/VarelaRound-Regular.ttf
02:41:19.791 [FXGL Background Thread 1 ] DEBUG FXGLAssetLoaderServi - Loading from file system: jar:file:///C:/Users/matip/.m2/repository/com/github/almasb/fxgl/17.2/fxgl-17.2.jar!/fxglassets/languages/english.lang
02:41:19.801 [FXGL Background Thread 1 ] INFO  FXGLApplication      - FXGL initialization took: 0.234 sec
02:41:19.806 [JavaFX Application Thread] DEBUG Input                - Registered new binding: action0 - D
02:41:19.806 [JavaFX Application Thread] DEBUG Input                - Registered new binding: action1 - A
02:41:19.807 [JavaFX Application Thread] DEBUG FXGLAssetLoaderServi - Loading from file system: jar:file:///C:/Users/matip/.m2/repository/com/github/almasb/fxgl/17.2/fxgl-17.2.jar!/fxglassets/textures/fxgl_icon.png
02:41:19.812 [JavaFX Application Thread] DEBUG FXGLAssetLoaderServi - Loading from file system: jar:file:///C:/Users/matip/.m2/repository/com/github/almasb/fxgl/17.2/fxgl-17.2.jar!/fxglassets/textures/fxgl_default_cursor.png
02:41:19.814 [JavaFX Application Thread] DEBUG Input                - Registered new binding: Screenshot - CTRL+8
02:41:19.814 [JavaFX Application Thread] DEBUG Input                - Registered new binding: System info dump - CTRL+9
02:41:19.814 [JavaFX Application Thread] DEBUG Input                - Registered new binding: Restart - CTRL+R
02:41:19.814 [JavaFX Application Thread] DEBUG Input                - Registered new binding: Toggle Debug Camera - CTRL+7
02:41:19.816 [JavaFX Application Thread] DEBUG LoopRunner           - Starting loop
02:41:19.816 [JavaFX Application Thread] DEBUG LoopRunner           - Initializing JavaFX AnimationTimerLoop
02:41:19.817 [FXGL Background Thread 4 ] DEBUG FXGLAssetLoaderServi - Loading from file system: jar:file:///C:/Users/matip/.m2/repository/com/github/almasb/fxgl/17.2/fxgl-17.2.jar!/fxglassets/ui/fonts/Abel-Regular.ttf
02:41:19.817 [JavaFX Application Thread] DEBUG Input                - Clearing active input actions
02:41:19.820 [FXGL Background Thread 4 ] DEBUG FXGLAssetLoaderServi - Loading from file system: jar:file:///C:/Users/matip/.m2/repository/com/github/almasb/fxgl/17.2/fxgl-17.2.jar!/fxglassets/ui/fonts/TerminalLandMono-Regular.otf
02:41:19.822 [FXGL Background Thread 4 ] DEBUG FXGLAssetLoaderServi - Loading from file system: jar:file:///C:/Users/matip/.m2/repository/com/github/almasb/fxgl/17.2/fxgl-17.2.jar!/fxglassets/ui/fonts/Courier-Prime.ttf
02:41:19.823 [JavaFX Application Thread] DEBUG GameApplicationServi - Removing overlay from FXGLStartupScene and adding to FXGLMainMenuDummyScene
02:41:19.823 [JavaFX Application Thread] DEBUG PrimaryStageWindow   - FXGLStartupScene -> FXGLMainMenuDummyScene
02:41:19.823 [JavaFX Application Thread] DEBUG PrimaryStageWindow   - Push state: MainMenu
02:41:19.823 [JavaFX Application Thread] DEBUG Input                - Clearing active input actions
02:41:19.823 [JavaFX Application Thread] DEBUG GameApplicationServi - Removing overlay from FXGLMainMenuDummyScene and adding to MainMenu
02:41:19.824 [JavaFX Application Thread] DEBUG PrimaryStageWindow   - FXGLMainMenuDummyScene -> MainMenu
02:41:19.826 [JavaFX Application Thread] DEBUG FXGLApplication      - Registering font factories with UI factory
02:41:20.062 [FXGL Background Thread 2 ] INFO  UpdaterService       - Your current version:  17.2
02:41:20.064 [FXGL Background Thread 2 ] INFO  UpdaterService       - Latest stable version: 17.3
02:41:20.877 [JavaFX Application Thread] DEBUG Menu                 - fireNewGame()
02:41:20.877 [JavaFX Application Thread] DEBUG GameApplicationServi - Starting new game
02:41:20.877 [JavaFX Application Thread] DEBUG PrimaryStageWindow   - Pop state: MainMenu
02:41:20.877 [JavaFX Application Thread] DEBUG Input                - Clearing active input actions
02:41:20.877 [JavaFX Application Thread] DEBUG GameApplicationServi - Removing overlay from MainMenu and adding to FXGLMainMenuDummyScene
02:41:20.878 [JavaFX Application Thread] DEBUG PrimaryStageWindow   - FXGLMainMenuDummyScene <- MainMenu
02:41:20.878 [JavaFX Application Thread] DEBUG Input                - Clearing active input actions
02:41:20.883 [JavaFX Application Thread] DEBUG GameApplicationServi - Removing overlay from FXGLMainMenuDummyScene and adding to FXGLLoadingScene
02:41:20.883 [JavaFX Application Thread] DEBUG PrimaryStageWindow   - FXGLMainMenuDummyScene -> FXGLLoadingScene
02:41:20.883 [JavaFX Application Thread] DEBUG GameApplicationServi - Clearing previous game
02:41:20.883 [JavaFX Application Thread] DEBUG GameScene            - Clearing game scene
02:41:20.883 [JavaFX Application Thread] DEBUG GameWorld            - Clearing game world
02:41:20.883 [JavaFX Application Thread] DEBUG PhysicsWorld         - Clearing physics world
02:41:20.885 [FXGL Background Thread 2 ] DEBUG FXGLApplication      - Initializing game
02:41:20.894 [FXGL Background Thread 2 ] WARN  GameWorld            - Entity is already attached to world
02:41:20.895 [FXGL Background Thread 2 ] DEBUG FXGLAssetLoaderServi - Loading from file system: file:/C:/Users/matip/Desktop/JavaProjects/brick-breaker/target/classes/assets/textures/brick.png
02:41:20.897 [FXGL Background Thread 2 ] WARN  GameWorld            - Entity is already attached to world
02:41:20.898 [FXGL Background Thread 2 ] WARN  GameWorld            - Entity is already attached to world
02:41:20.898 [FXGL Background Thread 2 ] WARN  GameWorld            - Entity is already attached to world
02:41:20.899 [FXGL Background Thread 2 ] WARN  GameWorld            - Entity is already attached to world
02:41:20.900 [FXGL Background Thread 2 ] WARN  GameWorld            - Entity is already attached to world
02:41:20.900 [FXGL Background Thread 2 ] WARN  GameWorld            - Entity is already attached to world
02:41:20.901 [FXGL Background Thread 2 ] WARN  GameWorld            - Entity is already attached to world
02:41:20.901 [FXGL Background Thread 2 ] WARN  GameWorld            - Entity is already attached to world
02:41:20.902 [FXGL Background Thread 2 ] WARN  GameWorld            - Entity is already attached to world
02:41:20.902 [FXGL Background Thread 2 ] WARN  GameWorld            - Entity is already attached to world
02:41:20.903 [FXGL Background Thread 2 ] WARN  GameWorld            - Entity is already attached to world
02:41:20.903 [FXGL Background Thread 2 ] WARN  GameWorld            - Entity is already attached to world
02:41:20.903 [FXGL Background Thread 2 ] WARN  GameWorld            - Entity is already attached to world
02:41:20.904 [FXGL Background Thread 2 ] WARN  GameWorld            - Entity is already attached to world
02:41:20.904 [FXGL Background Thread 2 ] WARN  GameWorld            - Entity is already attached to world
02:41:20.905 [FXGL Background Thread 2 ] WARN  GameWorld            - Entity is already attached to world
02:41:20.905 [FXGL Background Thread 2 ] WARN  GameWorld            - Entity is already attached to world
02:41:20.906 [FXGL Background Thread 2 ] WARN  GameWorld            - Entity is already attached to world
02:41:20.906 [FXGL Background Thread 2 ] WARN  GameWorld            - Entity is already attached to world
02:41:20.907 [FXGL Background Thread 2 ] WARN  GameWorld            - Entity is already attached to world
02:41:20.907 [FXGL Background Thread 2 ] WARN  GameWorld            - Entity is already attached to world
02:41:20.908 [FXGL Background Thread 2 ] WARN  GameWorld            - Entity is already attached to world
02:41:20.908 [FXGL Background Thread 2 ] WARN  GameWorld            - Entity is already attached to world
02:41:20.909 [FXGL Background Thread 2 ] WARN  GameWorld            - Entity is already attached to world
02:41:20.909 [FXGL Background Thread 2 ] WARN  GameWorld            - Entity is already attached to world
02:41:20.909 [FXGL Background Thread 2 ] WARN  GameWorld            - Entity is already attached to world
02:41:20.910 [FXGL Background Thread 2 ] WARN  GameWorld            - Entity is already attached to world
02:41:20.910 [FXGL Background Thread 2 ] WARN  GameWorld            - Entity is already attached to world
02:41:20.911 [FXGL Background Thread 2 ] WARN  GameWorld            - Entity is already attached to world
02:41:20.911 [FXGL Background Thread 2 ] WARN  GameWorld            - Entity is already attached to world
02:41:20.912 [FXGL Background Thread 2 ] WARN  GameWorld            - Entity is already attached to world
02:41:20.912 [FXGL Background Thread 2 ] WARN  GameWorld            - Entity is already attached to world
02:41:20.913 [FXGL Background Thread 2 ] WARN  GameWorld            - Entity is already attached to world
02:41:20.913 [FXGL Background Thread 2 ] WARN  GameWorld            - Entity is already attached to world
02:41:20.913 [FXGL Background Thread 2 ] WARN  GameWorld            - Entity is already attached to world
02:41:20.914 [FXGL Background Thread 2 ] WARN  GameWorld            - Entity is already attached to world
02:41:20.914 [FXGL Background Thread 2 ] WARN  GameWorld            - Entity is already attached to world
02:41:20.915 [FXGL Background Thread 2 ] WARN  GameWorld            - Entity is already attached to world
02:41:20.916 [FXGL Background Thread 2 ] WARN  GameWorld            - Entity is already attached to world
02:41:20.916 [FXGL Background Thread 2 ] WARN  GameWorld            - Entity is already attached to world
02:41:20.916 [FXGL Background Thread 2 ] WARN  GameWorld            - Entity is already attached to world
02:41:20.917 [FXGL Background Thread 2 ] WARN  GameWorld            - Entity is already attached to world
02:41:20.917 [FXGL Background Thread 2 ] WARN  GameWorld            - Entity is already attached to world
02:41:20.918 [FXGL Background Thread 2 ] WARN  GameWorld            - Entity is already attached to world
02:41:20.918 [FXGL Background Thread 2 ] WARN  GameWorld            - Entity is already attached to world
02:41:20.918 [FXGL Background Thread 2 ] WARN  GameWorld            - Entity is already attached to world
02:41:20.919 [FXGL Background Thread 2 ] WARN  GameWorld            - Entity is already attached to world
02:41:20.919 [FXGL Background Thread 2 ] WARN  GameWorld            - Entity is already attached to world
02:41:20.919 [FXGL Background Thread 2 ] WARN  GameWorld            - Entity is already attached to world
02:41:20.920 [FXGL Background Thread 2 ] WARN  GameWorld            - Entity is already attached to world
02:41:20.920 [FXGL Background Thread 2 ] WARN  GameWorld            - Entity is already attached to world
02:41:20.921 [FXGL Background Thread 2 ] WARN  GameWorld            - Entity is already attached to world
02:41:20.921 [FXGL Background Thread 2 ] DEBUG FXGLAssetLoaderServi - Loading from file system: file:/C:/Users/matip/Desktop/JavaProjects/brick-breaker/target/classes/assets/textures/ball.png
02:41:20.922 [FXGL Background Thread 2 ] WARN  GameWorld            - Entity is already attached to world
02:41:20.922 [FXGL Background Thread 2 ] DEBUG FXGLAssetLoaderServi - Loading from file system: file:/C:/Users/matip/Desktop/JavaProjects/brick-breaker/target/classes/assets/textures/brick-wall.png
02:41:20.942 [FXGL Background Thread 2 ] INFO  FXGLApplication      - Game initialization took: 0.057 sec
02:41:20.942 [JavaFX Application Thread] DEBUG Input                - Clearing active input actions
02:41:20.946 [JavaFX Application Thread] DEBUG GameApplicationServi - Removing overlay from FXGLLoadingScene and adding to GameScene
02:41:20.946 [JavaFX Application Thread] DEBUG PrimaryStageWindow   - FXGLLoadingScene -> GameScene
02:41:21.859 [JavaFX Application Thread] DEBUG FXGLAssetLoaderServi - Loading from file system: file:/C:/Users/matip/Desktop/JavaProjects/brick-breaker/target/classes/assets/textures/brick_damaged.png
02:41:22.791 [FXGL Background Thread 3 ] DEBUG Engine               - Logging environment variables
02:41:22.791 [FXGL Background Thread 3 ] DEBUG Engine               - achievements: []
02:41:22.791 [FXGL Background Thread 3 ] DEBUG Engine               - actualHeight: 600.0
02:41:22.791 [FXGL Background Thread 3 ] DEBUG Engine               - actualHeightProperty: ReadOnlyDoubleProperty [value: 600.0]
02:41:22.791 [FXGL Background Thread 3 ] DEBUG Engine               - actualWidth: 600.0
02:41:22.791 [FXGL Background Thread 3 ] DEBUG Engine               - actualWidthProperty: ReadOnlyDoubleProperty [value: 600.0]
02:41:22.791 [FXGL Background Thread 3 ] DEBUG Engine               - appIcon: fxgl_icon.png
02:41:22.791 [FXGL Background Thread 3 ] DEBUG Engine               - applicationMode: DEVELOPER
02:41:22.791 [FXGL Background Thread 3 ] DEBUG Engine               - cSSList: [fxgl_dark.css]
02:41:22.791 [FXGL Background Thread 3 ] DEBUG Engine               - collisionDetectionStrategy: BRUTE_FORCE
02:41:22.791 [FXGL Background Thread 3 ] DEBUG Engine               - configClass: Optional.empty
02:41:22.791 [FXGL Background Thread 3 ] DEBUG Engine               - credits: []
02:41:22.792 [FXGL Background Thread 3 ] DEBUG Engine               - defaultCursor: CursorInfo(imageName=fxgl_default_cursor.png, hotspotX=7.0, hotspotY=6.0)
02:41:22.792 [FXGL Background Thread 3 ] DEBUG Engine               - devBBoxColorProperty: ObjectProperty [value: 0xff0000ff]
02:41:22.792 [FXGL Background Thread 3 ] DEBUG Engine               - devEnableDebugCameraProperty: BooleanProperty [value: false]
02:41:22.792 [FXGL Background Thread 3 ] DEBUG Engine               - devSensorColorProperty: ObjectProperty [value: 0xffff00ff]
02:41:22.792 [FXGL Background Thread 3 ] DEBUG Engine               - devShowBBoxProperty: BooleanProperty [value: false]
02:41:22.792 [FXGL Background Thread 3 ] DEBUG Engine               - devShowPositionProperty: BooleanProperty [value: false]
02:41:22.792 [FXGL Background Thread 3 ] DEBUG Engine               - enabledMenuItems: []
02:41:22.792 [FXGL Background Thread 3 ] DEBUG Engine               - engineServices: [class com.almasb.fxgl.app.services.FXGLAssetLoaderService, class com.almasb.fxgl.app.FXGLApplication$GameApplicationService, class com.almasb.fxgl.app.services.FXGLDialogService, class com.almasb.fxgl.app.services.IOTaskExecutorService, class com.almasb.fxgl.io.FileSystemService, class com.almasb.fxgl.localization.LocalizationService, class com.almasb.fxgl.app.services.SystemBundleService, class com.almasb.fxgl.profile.SaveLoadService, class com.almasb.fxgl.ui.FXGLUIFactoryServiceProvider, class com.almasb.fxgl.ui.FXGLDialogFactoryServiceProvider, class com.almasb.fxgl.audio.AudioPlayer, class com.almasb.fxgl.notification.impl.NotificationServiceProvider, class com.almasb.fxgl.achievement.AchievementService, class com.almasb.fxgl.cutscene.CutsceneService, class com.almasb.fxgl.minigames.MiniGameService, class com.almasb.fxgl.net.NetService, class com.almasb.fxgl.app.services.UpdaterService, class com.almasb.fxgl.dev.DevService]
02:41:22.792 [FXGL Background Thread 3 ] DEBUG Engine               - fontGame: Abel-Regular.ttf
02:41:22.792 [FXGL Background Thread 3 ] DEBUG Engine               - fontMono: TerminalLandMono-Regular.otf
02:41:22.792 [FXGL Background Thread 3 ] DEBUG Engine               - fontText: Courier-Prime.ttf
02:41:22.792 [FXGL Background Thread 3 ] DEBUG Engine               - fontUI: VarelaRound-Regular.ttf
02:41:22.792 [FXGL Background Thread 3 ] DEBUG Engine               - fullScreen: BooleanProperty [value: false]
02:41:22.792 [FXGL Background Thread 3 ] DEBUG Engine               - gameDifficulty: MEDIUM
02:41:22.792 [FXGL Background Thread 3 ] DEBUG Engine               - gameDifficultyProperty: ObjectProperty [value: MEDIUM]
02:41:22.792 [FXGL Background Thread 3 ] DEBUG Engine               - globalMusicVolume: 0.5
02:41:22.792 [FXGL Background Thread 3 ] DEBUG Engine               - globalMusicVolumeProperty: DoubleProperty [value: 0.5]
02:41:22.792 [FXGL Background Thread 3 ] DEBUG Engine               - globalSoundVolume: 0.5
02:41:22.792 [FXGL Background Thread 3 ] DEBUG Engine               - globalSoundVolumeProperty: DoubleProperty [value: 0.5]
02:41:22.792 [FXGL Background Thread 3 ] DEBUG Engine               - height: 600
02:41:22.793 [FXGL Background Thread 3 ] DEBUG Engine               - is3D: false
02:41:22.793 [FXGL Background Thread 3 ] DEBUG Engine               - isAndroid: false
02:41:22.793 [FXGL Background Thread 3 ] DEBUG Engine               - isBrowser: false
02:41:22.793 [FXGL Background Thread 3 ] DEBUG Engine               - isClickFeedbackEnabled: false
02:41:22.793 [FXGL Background Thread 3 ] DEBUG Engine               - isCloseConfirmation: false
02:41:22.793 [FXGL Background Thread 3 ] DEBUG Engine               - isDesktop: true
02:41:22.793 [FXGL Background Thread 3 ] DEBUG Engine               - isDeveloperMenuEnabled: false
02:41:22.793 [FXGL Background Thread 3 ] DEBUG Engine               - isEmbedded: false
02:41:22.793 [FXGL Background Thread 3 ] DEBUG Engine               - isEntityPreloadEnabled: true
02:41:22.793 [FXGL Background Thread 3 ] DEBUG Engine               - isExperimentalTiledLargeMap: false
02:41:22.793 [FXGL Background Thread 3 ] DEBUG Engine               - isFileSystemWriteAllowed: true
02:41:22.793 [FXGL Background Thread 3 ] DEBUG Engine               - isFullScreenAllowed: false
02:41:22.793 [FXGL Background Thread 3 ] DEBUG Engine               - isFullScreenFromStart: false
02:41:22.793 [FXGL Background Thread 3 ] DEBUG Engine               - isGameMenuEnabled: true
02:41:22.793 [FXGL Background Thread 3 ] DEBUG Engine               - isIOS: false
02:41:22.793 [FXGL Background Thread 3 ] DEBUG Engine               - isIntroEnabled: false
02:41:22.793 [FXGL Background Thread 3 ] DEBUG Engine               - isLinux: false
02:41:22.793 [FXGL Background Thread 3 ] DEBUG Engine               - isMac: false
02:41:22.793 [FXGL Background Thread 3 ] DEBUG Engine               - isMainMenuEnabled: true
02:41:22.793 [FXGL Background Thread 3 ] DEBUG Engine               - isManualResizeEnabled: false
02:41:22.793 [FXGL Background Thread 3 ] DEBUG Engine               - isMobile: false
02:41:22.793 [FXGL Background Thread 3 ] DEBUG Engine               - isNative: false
02:41:22.793 [FXGL Background Thread 3 ] DEBUG Engine               - isPauseMusicWhenMinimized: true
02:41:22.793 [FXGL Background Thread 3 ] DEBUG Engine               - isPreserveResizeRatio: false
02:41:22.793 [FXGL Background Thread 3 ] DEBUG Engine               - isProfilingEnabled: false
02:41:22.793 [FXGL Background Thread 3 ] DEBUG Engine               - isScaleAffectedOnResize: true
02:41:22.793 [FXGL Background Thread 3 ] DEBUG Engine               - isSingleStep: false
02:41:22.793 [FXGL Background Thread 3 ] DEBUG Engine               - isUserProfileEnabled: false
02:41:22.793 [FXGL Background Thread 3 ] DEBUG Engine               - isWindows: true
02:41:22.793 [FXGL Background Thread 3 ] DEBUG Engine               - language: ObjectProperty [value: ENGLISH]
02:41:22.793 [FXGL Background Thread 3 ] DEBUG Engine               - menuKey: ESCAPE
02:41:22.793 [FXGL Background Thread 3 ] DEBUG Engine               - mouseSensitivity: 0.2
02:41:22.793 [FXGL Background Thread 3 ] DEBUG Engine               - notificationViewClass: class com.almasb.fxgl.notification.view.XboxNotificationView
02:41:22.793 [FXGL Background Thread 3 ] DEBUG Engine               - pixelsPerMeter: 50.0
02:41:22.793 [FXGL Background Thread 3 ] DEBUG Engine               - platform: WINDOWS
02:41:22.794 [FXGL Background Thread 3 ] DEBUG Engine               - prefHeightProperty: ReadOnlyDoubleProperty [value: 600.0]
02:41:22.794 [FXGL Background Thread 3 ] DEBUG Engine               - prefWidthProperty: ReadOnlyDoubleProperty [value: 600.0]
02:41:22.794 [FXGL Background Thread 3 ] DEBUG Engine               - profileDir: profiles/
02:41:22.794 [FXGL Background Thread 3 ] DEBUG Engine               - profileName: StringProperty [value: DEFAULT]
02:41:22.794 [FXGL Background Thread 3 ] DEBUG Engine               - randomSeed: -1
02:41:22.794 [FXGL Background Thread 3 ] DEBUG Engine               - runtimeInfo: RuntimeInfo(platform=WINDOWS, version=17.2, build=20.08.2022 16.50)
02:41:22.794 [FXGL Background Thread 3 ] DEBUG Engine               - saveFileExt: sav
02:41:22.794 [FXGL Background Thread 3 ] DEBUG Engine               - scaledHeightProp$fxgl: DoubleProperty [bound, value: 600.0]
02:41:22.794 [FXGL Background Thread 3 ] DEBUG Engine               - scaledWidthProp$fxgl: DoubleProperty [bound, value: 600.0]
02:41:22.794 [FXGL Background Thread 3 ] DEBUG Engine               - sceneFactory: com.example.brickbreaker.menu.CustomSceneFactory@39d1947e
02:41:22.794 [FXGL Background Thread 3 ] DEBUG Engine               - secondsIn24h: 60
02:41:22.794 [FXGL Background Thread 3 ] DEBUG Engine               - soundMenuBack: menu/back.wav
02:41:22.794 [FXGL Background Thread 3 ] DEBUG Engine               - soundMenuPress: menu/press.wav
02:41:22.794 [FXGL Background Thread 3 ] DEBUG Engine               - soundMenuSelect: menu/select.wav
02:41:22.794 [FXGL Background Thread 3 ] DEBUG Engine               - soundNotification: core/notification.wav
02:41:22.794 [FXGL Background Thread 3 ] DEBUG Engine               - stageStyle: DECORATED
02:41:22.794 [FXGL Background Thread 3 ] DEBUG Engine               - supportedLanguages: [ENGLISH, FRENCH, GERMAN, HUNGARIAN, RUSSIAN]
02:41:22.794 [FXGL Background Thread 3 ] DEBUG Engine               - ticksPerSecond: -1
02:41:22.794 [FXGL Background Thread 3 ] DEBUG Engine               - title: Brick Breaker
02:41:22.794 [FXGL Background Thread 3 ] DEBUG Engine               - urlGithub: https://github.com/AlmasB/FXGL
02:41:22.794 [FXGL Background Thread 3 ] DEBUG Engine               - urlLeaderboard: http://fxgl-top.herokuapp.com/
02:41:22.794 [FXGL Background Thread 3 ] DEBUG Engine               - urlPOM: https://raw.githubusercontent.com/AlmasB/FXGL/release/README.md
02:41:22.794 [FXGL Background Thread 3 ] DEBUG Engine               - userAppClass: class com.example.brickbreaker.BrickBreakerApp
02:41:22.794 [FXGL Background Thread 3 ] DEBUG Engine               - version: 0.0
02:41:22.794 [FXGL Background Thread 3 ] DEBUG Engine               - versionCheckDays: 7
02:41:22.794 [FXGL Background Thread 3 ] DEBUG Engine               - width: 600
02:41:22.794 [FXGL Background Thread 3 ] DEBUG Engine               - Logging services
02:41:22.794 [FXGL Background Thread 3 ] DEBUG Engine               - class com.almasb.fxgl.app.services.FXGLAssetLoaderService
02:41:22.794 [FXGL Background Thread 3 ] DEBUG Engine               - class com.almasb.fxgl.app.FXGLApplication$GameApplicationService
02:41:22.794 [FXGL Background Thread 3 ] DEBUG Engine               - class com.almasb.fxgl.app.services.FXGLDialogService
02:41:22.794 [FXGL Background Thread 3 ] DEBUG Engine               - class com.almasb.fxgl.app.services.IOTaskExecutorService
02:41:22.795 [FXGL Background Thread 3 ] DEBUG Engine               - class com.almasb.fxgl.io.FileSystemService
02:41:22.795 [FXGL Background Thread 3 ] DEBUG Engine               - class com.almasb.fxgl.localization.LocalizationService
02:41:22.795 [FXGL Background Thread 3 ] DEBUG Engine               - class com.almasb.fxgl.app.services.SystemBundleService
02:41:22.795 [FXGL Background Thread 3 ] DEBUG Engine               - class com.almasb.fxgl.profile.SaveLoadService
02:41:22.795 [FXGL Background Thread 3 ] DEBUG Engine               - class com.almasb.fxgl.ui.FXGLUIFactoryServiceProvider
02:41:22.795 [FXGL Background Thread 3 ] DEBUG Engine               - class com.almasb.fxgl.ui.FXGLDialogFactoryServiceProvider
02:41:22.795 [FXGL Background Thread 3 ] DEBUG Engine               - class com.almasb.fxgl.audio.AudioPlayer
02:41:22.795 [FXGL Background Thread 3 ] DEBUG Engine               - class com.almasb.fxgl.notification.impl.NotificationServiceProvider
02:41:22.795 [FXGL Background Thread 3 ] DEBUG Engine               - class com.almasb.fxgl.achievement.AchievementService
02:41:22.795 [FXGL Background Thread 3 ] DEBUG Engine               - class com.almasb.fxgl.cutscene.CutsceneService
02:41:22.795 [FXGL Background Thread 3 ] DEBUG Engine               - class com.almasb.fxgl.minigames.MiniGameService
02:41:22.795 [FXGL Background Thread 3 ] DEBUG Engine               - class com.almasb.fxgl.net.NetService
02:41:22.795 [FXGL Background Thread 3 ] DEBUG Engine               - class com.almasb.fxgl.app.services.UpdaterService
02:41:22.795 [FXGL Background Thread 3 ] DEBUG Engine               - class com.almasb.fxgl.dev.DevService
02:41:32.516 [JavaFX Application Thread] DEBUG PrimaryStageWindow   - Push state: GameOverScene
02:41:32.517 [JavaFX Application Thread] DEBUG Input                - Clearing active input actions
02:41:32.517 [JavaFX Application Thread] DEBUG GameApplicationServi - Removing overlay from GameScene and adding to GameOverScene
02:41:32.517 [JavaFX Application Thread] DEBUG PrimaryStageWindow   - GameScene -> GameOverScene
02:41:34.013 [JavaFX Application Thread] DEBUG GameApplicationServi - Starting new game
02:41:34.013 [JavaFX Application Thread] DEBUG PrimaryStageWindow   - Pop state: GameOverScene
02:41:34.013 [JavaFX Application Thread] DEBUG Input                - Clearing active input actions
02:41:34.013 [JavaFX Application Thread] DEBUG GameApplicationServi - Removing overlay from GameOverScene and adding to GameScene
02:41:34.014 [JavaFX Application Thread] DEBUG PrimaryStageWindow   - GameScene <- GameOverScene
02:41:34.014 [JavaFX Application Thread] DEBUG Input                - Clearing active input actions
02:41:34.017 [JavaFX Application Thread] DEBUG GameApplicationServi - Removing overlay from GameScene and adding to FXGLLoadingScene
02:41:34.018 [JavaFX Application Thread] DEBUG PrimaryStageWindow   - GameScene -> FXGLLoadingScene
02:41:34.018 [JavaFX Application Thread] DEBUG GameApplicationServi - Clearing previous game
02:41:34.018 [JavaFX Application Thread] DEBUG GameScene            - Clearing game scene
02:41:34.018 [JavaFX Application Thread] DEBUG GameWorld            - Clearing game world
02:41:34.021 [JavaFX Application Thread] DEBUG PhysicsWorld         - Clearing physics world
02:41:34.021 [FXGL Background Thread 2 ] DEBUG FXGLApplication      - Initializing game
02:41:34.021 [FXGL Background Thread 2 ] WARN  GameWorld            - Entity is already attached to world
02:41:34.022 [FXGL Background Thread 2 ] WARN  GameWorld            - Entity is already attached to world
02:41:34.022 [FXGL Background Thread 2 ] WARN  GameWorld            - Entity is already attached to world
02:41:34.023 [FXGL Background Thread 2 ] WARN  GameWorld            - Entity is already attached to world
02:41:34.023 [FXGL Background Thread 2 ] WARN  GameWorld            - Entity is already attached to world
02:41:34.024 [FXGL Background Thread 2 ] WARN  GameWorld            - Entity is already attached to world
02:41:34.024 [FXGL Background Thread 2 ] WARN  GameWorld            - Entity is already attached to world
02:41:34.024 [FXGL Background Thread 2 ] WARN  GameWorld            - Entity is already attached to world
02:41:34.025 [FXGL Background Thread 2 ] WARN  GameWorld            - Entity is already attached to world
02:41:34.025 [FXGL Background Thread 2 ] WARN  GameWorld            - Entity is already attached to world
02:41:34.025 [FXGL Background Thread 2 ] WARN  GameWorld            - Entity is already attached to world
02:41:34.026 [FXGL Background Thread 2 ] WARN  GameWorld            - Entity is already attached to world
02:41:34.026 [FXGL Background Thread 2 ] WARN  GameWorld            - Entity is already attached to world
02:41:34.026 [FXGL Background Thread 2 ] WARN  GameWorld            - Entity is already attached to world
02:41:34.027 [FXGL Background Thread 2 ] WARN  GameWorld            - Entity is already attached to world
02:41:34.027 [FXGL Background Thread 2 ] WARN  GameWorld            - Entity is already attached to world
02:41:34.027 [FXGL Background Thread 2 ] WARN  GameWorld            - Entity is already attached to world
02:41:34.028 [FXGL Background Thread 2 ] WARN  GameWorld            - Entity is already attached to world
02:41:34.028 [FXGL Background Thread 2 ] WARN  GameWorld            - Entity is already attached to world
02:41:34.028 [FXGL Background Thread 2 ] WARN  GameWorld            - Entity is already attached to world
02:41:34.029 [FXGL Background Thread 2 ] WARN  GameWorld            - Entity is already attached to world
02:41:34.029 [FXGL Background Thread 2 ] WARN  GameWorld            - Entity is already attached to world
02:41:34.029 [FXGL Background Thread 2 ] WARN  GameWorld            - Entity is already attached to world
02:41:34.030 [FXGL Background Thread 2 ] WARN  GameWorld            - Entity is already attached to world
02:41:34.030 [FXGL Background Thread 2 ] WARN  GameWorld            - Entity is already attached to world
02:41:34.030 [FXGL Background Thread 2 ] WARN  GameWorld            - Entity is already attached to world
02:41:34.031 [FXGL Background Thread 2 ] WARN  GameWorld            - Entity is already attached to world
02:41:34.031 [FXGL Background Thread 2 ] WARN  GameWorld            - Entity is already attached to world
02:41:34.031 [FXGL Background Thread 2 ] WARN  GameWorld            - Entity is already attached to world
02:41:34.032 [FXGL Background Thread 2 ] WARN  GameWorld            - Entity is already attached to world
02:41:34.033 [FXGL Background Thread 2 ] WARN  GameWorld            - Entity is already attached to world
02:41:34.033 [FXGL Background Thread 2 ] WARN  GameWorld            - Entity is already attached to world
02:41:34.034 [FXGL Background Thread 2 ] WARN  GameWorld            - Entity is already attached to world
02:41:34.034 [FXGL Background Thread 2 ] WARN  GameWorld            - Entity is already attached to world
02:41:34.035 [FXGL Background Thread 2 ] WARN  GameWorld            - Entity is already attached to world
02:41:34.035 [FXGL Background Thread 2 ] WARN  GameWorld            - Entity is already attached to world
02:41:34.036 [FXGL Background Thread 2 ] WARN  GameWorld            - Entity is already attached to world
02:41:34.036 [FXGL Background Thread 2 ] WARN  GameWorld            - Entity is already attached to world
02:41:34.037 [FXGL Background Thread 2 ] WARN  GameWorld            - Entity is already attached to world
02:41:34.037 [FXGL Background Thread 2 ] WARN  GameWorld            - Entity is already attached to world
02:41:34.037 [FXGL Background Thread 2 ] WARN  GameWorld            - Entity is already attached to world
02:41:34.038 [FXGL Background Thread 2 ] WARN  GameWorld            - Entity is already attached to world
02:41:34.038 [FXGL Background Thread 2 ] WARN  GameWorld            - Entity is already attached to world
02:41:34.039 [FXGL Background Thread 2 ] WARN  GameWorld            - Entity is already attached to world
02:41:34.039 [FXGL Background Thread 2 ] WARN  GameWorld            - Entity is already attached to world
02:41:34.040 [FXGL Background Thread 2 ] WARN  GameWorld            - Entity is already attached to world
02:41:34.040 [FXGL Background Thread 2 ] WARN  GameWorld            - Entity is already attached to world
02:41:34.041 [FXGL Background Thread 2 ] WARN  GameWorld            - Entity is already attached to world
02:41:34.041 [FXGL Background Thread 2 ] WARN  GameWorld            - Entity is already attached to world
02:41:34.042 [FXGL Background Thread 2 ] WARN  GameWorld            - Entity is already attached to world
02:41:34.042 [FXGL Background Thread 2 ] WARN  GameWorld            - Entity is already attached to world
02:41:34.043 [FXGL Background Thread 2 ] WARN  GameWorld            - Entity is already attached to world
02:41:34.043 [FXGL Background Thread 2 ] WARN  GameWorld            - Entity is already attached to world
02:41:34.043 [FXGL Background Thread 2 ] INFO  FXGLApplication      - Game initialization took: 0.022 sec
02:41:34.049 [JavaFX Application Thread] DEBUG Input                - Clearing active input actions
02:41:34.052 [JavaFX Application Thread] DEBUG GameApplicationServi - Removing overlay from FXGLLoadingScene and adding to GameScene
02:41:34.052 [JavaFX Application Thread] DEBUG PrimaryStageWindow   - FXGLLoadingScene -> GameScene
02:41:47.267 [JavaFX Application Thread] DEBUG FXGLAssetLoaderServi - Loading from file system: file:/C:/Users/matip/Desktop/JavaProjects/brick-breaker/target/classes/assets/textures/brick_destroyed.png
02:41:52.009 [JavaFX Application Thread] DEBUG FXGLApplication      - Exiting FXGL
02:41:52.009 [JavaFX Application Thread] DEBUG LoopRunner           - Stopping loop
02:41:52.009 [JavaFX Application Thread] DEBUG SystemBundleService  - Saving FXGL system data
02:41:52.010 [JavaFX Application Thread] DEBUG FileSystemAccess     - Writing to: C:\Users\matip\Desktop\JavaProjects\brick-breaker\system\fxgl.bundle
02:41:52.012 [JavaFX Application Thread] DEBUG Async                - Shutting down background threads
02:41:52.012 [JavaFX Application Thread] DEBUG PrimaryStageWindow   - Closing main window
02:41:52.019 [JavaFX Application Thread] DEBUG Logger               - Closing Logger
