20:43:47.966 [main                     ] DEBUG Logger               - Configured Logger
20:43:47.980 [main                     ] DEBUG GameApplication      - Logging settings
Title: Brick Breaker
Version: 0.0
Width: 600
Height: 600
Fullscreen: false
Intro: false
Profiling: false
Single step:false
App Mode: DEVELOPER
Menu Key: ESCAPE
Stage Style: DECORATED
Scene Factory: class com.example.brickbreaker.menu.CustomSceneFactory

20:43:48.233 [JavaFX Application Thread] DEBUG FXGLApplication      - Initializing FXGL
20:43:48.236 [JavaFX Application Thread] INFO  Engine               - FXGL-17.2 (20.08.2022 16.50) on WINDOWS (J:18.0.1.1 FX:18.0.2)
20:43:48.237 [JavaFX Application Thread] DEBUG Engine               - JRE Vendor Name: Oracle Corporation
20:43:48.237 [JavaFX Application Thread] DEBUG Engine               - Running on OS: Windows 10 version 10.0
20:43:48.237 [JavaFX Application Thread] DEBUG Engine               - Architecture: amd64
20:43:48.237 [JavaFX Application Thread] INFO  Engine               - Source code and latest versions at: https://github.com/AlmasB/FXGL
20:43:48.237 [JavaFX Application Thread] INFO  Engine               -       Ask questions and discuss at: https://github.com/AlmasB/FXGL/discussions
20:43:48.237 [JavaFX Application Thread] INFO  Engine               -              Join the FXGL chat at: https://gitter.im/AlmasB/FXGL
20:43:48.288 [JavaFX Application Thread] DEBUG PrimaryStageWindow   - Creating a JavaFX scene
20:43:48.315 [JavaFX Application Thread] DEBUG PrimaryStageWindow   - Target settings size: 600.0 x 600.0
20:43:48.315 [JavaFX Application Thread] DEBUG PrimaryStageWindow   - Scaled scene size:    600.0 x 600.0
20:43:48.315 [JavaFX Application Thread] DEBUG PrimaryStageWindow   - Scaled ratio: (1.0, 1.0)
20:43:48.316 [JavaFX Application Thread] DEBUG PrimaryStageWindow   - Set initial scene to FXGLStartupScene
20:43:48.320 [JavaFX Application Thread] DEBUG PrimaryStageWindow   - Opening main window
20:43:48.361 [JavaFX Application Thread] DEBUG PrimaryStageWindow   - Window border size: (16.0, 39.0)
20:43:48.361 [JavaFX Application Thread] DEBUG PrimaryStageWindow   - Scaled size: 600.0 x 600.0
20:43:48.361 [JavaFX Application Thread] DEBUG PrimaryStageWindow   - Scaled ratio: (1.0, 1.0)
20:43:48.362 [JavaFX Application Thread] DEBUG PrimaryStageWindow   - Scene size: 600.0 x 600.0
20:43:48.362 [JavaFX Application Thread] DEBUG PrimaryStageWindow   - Stage size: 616.0 x 639.0
20:43:48.366 [FXGL Background Thread 1 ] DEBUG Engine               - Initializing environment variables
20:43:48.391 [FXGL Background Thread 1 ] DEBUG FXGLAssetLoaderServi - User app class for loading assets: class com.example.brickbreaker.BrickBreakerApp
20:43:48.391 [FXGL Background Thread 1 ] DEBUG GameApplicationServi - Applying CSS: fxgl_dark.css
20:43:48.391 [FXGL Background Thread 1 ] DEBUG FXGLAssetLoaderServi - Loading from file system: jar:file:///C:/Users/matip/.m2/repository/com/github/almasb/fxgl/17.2/fxgl-17.2.jar!/fxglassets/ui/css/fxgl_dark.css
20:43:48.420 [FXGL Background Thread 1 ] DEBUG GameApplicationServi - Initializing application scenes
20:43:48.440 [FXGL Background Thread 1 ] DEBUG GameWorld            - Game world initialized
20:43:48.468 [FXGL Background Thread 1 ] DEBUG PhysicsWorld         - Physics world initialized: appHeight=600, physics.ppm=50.0
20:43:48.468 [FXGL Background Thread 1 ] DEBUG PhysicsWorld         - Using strategy: BRUTE_FORCE
20:43:48.471 [FXGL Background Thread 1 ] DEBUG GameScene            - Game scene initialized: 600x600
20:43:48.472 [FXGL Background Thread 1 ] DEBUG FXGLAssetLoaderServi - Loading from file system: file:/C:/Users/matip/Desktop/JavaProjects/brick-breaker/target/classes/assets/textures/brick-wall.png
20:43:48.505 [FXGL Background Thread 1 ] WARN  FXGL.DefaultMenu     - FXGLDefaultMenu is not designed for resolutions < 800x600
20:43:48.505 [FXGL Background Thread 1 ] DEBUG FXGL.DefaultMenu     - createMenuBodyGameMenu()
20:43:48.512 [FXGL Background Thread 1 ] DEBUG FXGL.DefaultMenu     - createOptionsMenu()
20:43:48.521 [FXGL Background Thread 1 ] DEBUG FXGLAssetLoaderServi - Loading from file system: jar:file:///C:/Users/matip/.m2/repository/com/github/almasb/fxgl/17.2/fxgl-17.2.jar!/fxglassets/textures/particles/smoke.png
20:43:48.565 [FXGL Background Thread 1 ] DEBUG FXGLAssetLoaderServi - Loading from file system: jar:file:///C:/Users/matip/.m2/repository/com/github/almasb/fxgl/17.2/fxgl-17.2.jar!/fxglassets/textures/particles/trace_horizontal.png
20:43:48.574 [FXGL Background Thread 1 ] DEBUG GameApplicationServi - Application scenes initialized
20:43:48.581 [FXGL Background Thread 1 ] DEBUG SystemBundleService  - Loading FXGL system data
20:43:48.584 [FXGL Background Thread 1 ] DEBUG FileSystemAccess     - Reading from: C:\Users\matip\Desktop\JavaProjects\brick-breaker\system\fxgl.bundle
20:43:48.588 [FXGL Background Thread 1 ] DEBUG SystemBundleService  - Bundle FXGL: {}
20:43:48.588 [FXGL Background Thread 1 ] DEBUG UpdaterService       - Checking for updates
20:43:48.591 [FXGL Background Thread 4 ] DEBUG FXGLApplication      - Loading fonts
20:43:48.591 [FXGL Background Thread 1 ] DEBUG FXGLApplication      - Loading default localization
20:43:48.591 [FXGL Background Thread 4 ] DEBUG FXGLAssetLoaderServi - Loading from file system: jar:file:///C:/Users/matip/.m2/repository/com/github/almasb/fxgl/17.2/fxgl-17.2.jar!/fxglassets/ui/fonts/VarelaRound-Regular.ttf
20:43:48.592 [FXGL Background Thread 1 ] DEBUG FXGLAssetLoaderServi - Loading from file system: jar:file:///C:/Users/matip/.m2/repository/com/github/almasb/fxgl/17.2/fxgl-17.2.jar!/fxglassets/languages/english.lang
20:43:48.602 [FXGL Background Thread 1 ] INFO  FXGLApplication      - FXGL initialization took: 0.237 sec
20:43:48.608 [JavaFX Application Thread] DEBUG Input                - Registered new binding: action0 - D
20:43:48.608 [JavaFX Application Thread] DEBUG Input                - Registered new binding: action1 - A
20:43:48.608 [JavaFX Application Thread] DEBUG FXGLAssetLoaderServi - Loading from file system: jar:file:///C:/Users/matip/.m2/repository/com/github/almasb/fxgl/17.2/fxgl-17.2.jar!/fxglassets/textures/fxgl_icon.png
20:43:48.615 [JavaFX Application Thread] DEBUG FXGLAssetLoaderServi - Loading from file system: jar:file:///C:/Users/matip/.m2/repository/com/github/almasb/fxgl/17.2/fxgl-17.2.jar!/fxglassets/textures/fxgl_default_cursor.png
20:43:48.616 [JavaFX Application Thread] DEBUG Input                - Registered new binding: Screenshot - CTRL+8
20:43:48.616 [JavaFX Application Thread] DEBUG Input                - Registered new binding: System info dump - CTRL+9
20:43:48.616 [JavaFX Application Thread] DEBUG Input                - Registered new binding: Restart - CTRL+R
20:43:48.616 [JavaFX Application Thread] DEBUG Input                - Registered new binding: Toggle Debug Camera - CTRL+7
20:43:48.617 [JavaFX Application Thread] DEBUG LoopRunner           - Starting loop
20:43:48.617 [JavaFX Application Thread] DEBUG LoopRunner           - Initializing JavaFX AnimationTimerLoop
20:43:48.618 [JavaFX Application Thread] DEBUG Input                - Clearing active input actions
20:43:48.619 [FXGL Background Thread 4 ] DEBUG FXGLAssetLoaderServi - Loading from file system: jar:file:///C:/Users/matip/.m2/repository/com/github/almasb/fxgl/17.2/fxgl-17.2.jar!/fxglassets/ui/fonts/Abel-Regular.ttf
20:43:48.621 [FXGL Background Thread 4 ] DEBUG FXGLAssetLoaderServi - Loading from file system: jar:file:///C:/Users/matip/.m2/repository/com/github/almasb/fxgl/17.2/fxgl-17.2.jar!/fxglassets/ui/fonts/TerminalLandMono-Regular.otf
20:43:48.622 [JavaFX Application Thread] DEBUG GameApplicationServi - Removing overlay from FXGLStartupScene and adding to FXGLMainMenuDummyScene
20:43:48.623 [JavaFX Application Thread] DEBUG PrimaryStageWindow   - FXGLStartupScene -> FXGLMainMenuDummyScene
20:43:48.623 [JavaFX Application Thread] DEBUG PrimaryStageWindow   - Push state: MainMenu
20:43:48.623 [JavaFX Application Thread] DEBUG Input                - Clearing active input actions
20:43:48.623 [JavaFX Application Thread] DEBUG GameApplicationServi - Removing overlay from FXGLMainMenuDummyScene and adding to MainMenu
20:43:48.623 [FXGL Background Thread 4 ] DEBUG FXGLAssetLoaderServi - Loading from file system: jar:file:///C:/Users/matip/.m2/repository/com/github/almasb/fxgl/17.2/fxgl-17.2.jar!/fxglassets/ui/fonts/Courier-Prime.ttf
20:43:48.623 [JavaFX Application Thread] DEBUG PrimaryStageWindow   - FXGLMainMenuDummyScene -> MainMenu
20:43:48.626 [JavaFX Application Thread] DEBUG FXGLApplication      - Registering font factories with UI factory
20:43:48.875 [FXGL Background Thread 2 ] INFO  UpdaterService       - Your current version:  17.2
20:43:48.875 [FXGL Background Thread 2 ] INFO  UpdaterService       - Latest stable version: 17.3
20:43:50.146 [JavaFX Application Thread] DEBUG Menu                 - fireNewGame()
20:43:50.146 [JavaFX Application Thread] DEBUG GameApplicationServi - Starting new game
20:43:50.146 [JavaFX Application Thread] DEBUG PrimaryStageWindow   - Pop state: MainMenu
20:43:50.146 [JavaFX Application Thread] DEBUG Input                - Clearing active input actions
20:43:50.146 [JavaFX Application Thread] DEBUG GameApplicationServi - Removing overlay from MainMenu and adding to FXGLMainMenuDummyScene
20:43:50.146 [JavaFX Application Thread] DEBUG PrimaryStageWindow   - FXGLMainMenuDummyScene <- MainMenu
20:43:50.147 [JavaFX Application Thread] DEBUG Input                - Clearing active input actions
20:43:50.151 [JavaFX Application Thread] DEBUG GameApplicationServi - Removing overlay from FXGLMainMenuDummyScene and adding to FXGLLoadingScene
20:43:50.151 [JavaFX Application Thread] DEBUG PrimaryStageWindow   - FXGLMainMenuDummyScene -> FXGLLoadingScene
20:43:50.151 [JavaFX Application Thread] DEBUG GameApplicationServi - Clearing previous game
20:43:50.151 [JavaFX Application Thread] DEBUG GameScene            - Clearing game scene
20:43:50.151 [JavaFX Application Thread] DEBUG GameWorld            - Clearing game world
20:43:50.151 [JavaFX Application Thread] DEBUG PhysicsWorld         - Clearing physics world
20:43:50.152 [FXGL Background Thread 2 ] DEBUG FXGLApplication      - Initializing game
20:43:50.162 [FXGL Background Thread 2 ] WARN  GameWorld            - Entity is already attached to world
20:43:50.162 [FXGL Background Thread 2 ] DEBUG FXGLAssetLoaderServi - Loading from file system: file:/C:/Users/matip/Desktop/JavaProjects/brick-breaker/target/classes/assets/textures/brick.png
20:43:50.164 [FXGL Background Thread 2 ] WARN  GameWorld            - Entity is already attached to world
20:43:50.165 [FXGL Background Thread 2 ] DEBUG FXGLAssetLoaderServi - Loading from file system: file:/C:/Users/matip/Desktop/JavaProjects/brick-breaker/target/classes/assets/textures/ball.png
20:43:50.166 [FXGL Background Thread 2 ] WARN  GameWorld            - Entity is already attached to world
20:43:50.167 [FXGL Background Thread 2 ] INFO  FXGLApplication      - Game initialization took: 0.015 sec
20:43:50.167 [JavaFX Application Thread] DEBUG Input                - Clearing active input actions
20:43:50.170 [JavaFX Application Thread] DEBUG GameApplicationServi - Removing overlay from FXGLLoadingScene and adding to GameScene
20:43:50.171 [JavaFX Application Thread] DEBUG PrimaryStageWindow   - FXGLLoadingScene -> GameScene
20:43:51.591 [FXGL Background Thread 3 ] DEBUG Engine               - Logging environment variables
20:43:51.591 [FXGL Background Thread 3 ] DEBUG Engine               - achievements: []
20:43:51.591 [FXGL Background Thread 3 ] DEBUG Engine               - actualHeight: 600.0
20:43:51.591 [FXGL Background Thread 3 ] DEBUG Engine               - actualHeightProperty: ReadOnlyDoubleProperty [value: 600.0]
20:43:51.591 [FXGL Background Thread 3 ] DEBUG Engine               - actualWidth: 600.0
20:43:51.591 [FXGL Background Thread 3 ] DEBUG Engine               - actualWidthProperty: ReadOnlyDoubleProperty [value: 600.0]
20:43:51.591 [FXGL Background Thread 3 ] DEBUG Engine               - appIcon: fxgl_icon.png
20:43:51.591 [FXGL Background Thread 3 ] DEBUG Engine               - applicationMode: DEVELOPER
20:43:51.591 [FXGL Background Thread 3 ] DEBUG Engine               - cSSList: [fxgl_dark.css]
20:43:51.592 [FXGL Background Thread 3 ] DEBUG Engine               - collisionDetectionStrategy: BRUTE_FORCE
20:43:51.592 [FXGL Background Thread 3 ] DEBUG Engine               - configClass: Optional.empty
20:43:51.592 [FXGL Background Thread 3 ] DEBUG Engine               - credits: []
20:43:51.592 [FXGL Background Thread 3 ] DEBUG Engine               - defaultCursor: CursorInfo(imageName=fxgl_default_cursor.png, hotspotX=7.0, hotspotY=6.0)
20:43:51.592 [FXGL Background Thread 3 ] DEBUG Engine               - devBBoxColorProperty: ObjectProperty [value: 0xff0000ff]
20:43:51.592 [FXGL Background Thread 3 ] DEBUG Engine               - devEnableDebugCameraProperty: BooleanProperty [value: false]
20:43:51.592 [FXGL Background Thread 3 ] DEBUG Engine               - devSensorColorProperty: ObjectProperty [value: 0xffff00ff]
20:43:51.592 [FXGL Background Thread 3 ] DEBUG Engine               - devShowBBoxProperty: BooleanProperty [value: false]
20:43:51.592 [FXGL Background Thread 3 ] DEBUG Engine               - devShowPositionProperty: BooleanProperty [value: false]
20:43:51.592 [FXGL Background Thread 3 ] DEBUG Engine               - enabledMenuItems: []
20:43:51.592 [FXGL Background Thread 3 ] DEBUG Engine               - engineServices: [class com.almasb.fxgl.app.services.FXGLAssetLoaderService, class com.almasb.fxgl.app.FXGLApplication$GameApplicationService, class com.almasb.fxgl.app.services.FXGLDialogService, class com.almasb.fxgl.app.services.IOTaskExecutorService, class com.almasb.fxgl.io.FileSystemService, class com.almasb.fxgl.localization.LocalizationService, class com.almasb.fxgl.app.services.SystemBundleService, class com.almasb.fxgl.profile.SaveLoadService, class com.almasb.fxgl.ui.FXGLUIFactoryServiceProvider, class com.almasb.fxgl.ui.FXGLDialogFactoryServiceProvider, class com.almasb.fxgl.audio.AudioPlayer, class com.almasb.fxgl.notification.impl.NotificationServiceProvider, class com.almasb.fxgl.achievement.AchievementService, class com.almasb.fxgl.cutscene.CutsceneService, class com.almasb.fxgl.minigames.MiniGameService, class com.almasb.fxgl.net.NetService, class com.almasb.fxgl.app.services.UpdaterService, class com.almasb.fxgl.dev.DevService]
20:43:51.592 [FXGL Background Thread 3 ] DEBUG Engine               - fontGame: Abel-Regular.ttf
20:43:51.592 [FXGL Background Thread 3 ] DEBUG Engine               - fontMono: TerminalLandMono-Regular.otf
20:43:51.592 [FXGL Background Thread 3 ] DEBUG Engine               - fontText: Courier-Prime.ttf
20:43:51.592 [FXGL Background Thread 3 ] DEBUG Engine               - fontUI: VarelaRound-Regular.ttf
20:43:51.592 [FXGL Background Thread 3 ] DEBUG Engine               - fullScreen: BooleanProperty [value: false]
20:43:51.592 [FXGL Background Thread 3 ] DEBUG Engine               - gameDifficulty: MEDIUM
20:43:51.592 [FXGL Background Thread 3 ] DEBUG Engine               - gameDifficultyProperty: ObjectProperty [value: MEDIUM]
20:43:51.593 [FXGL Background Thread 3 ] DEBUG Engine               - globalMusicVolume: 0.5
20:43:51.593 [FXGL Background Thread 3 ] DEBUG Engine               - globalMusicVolumeProperty: DoubleProperty [value: 0.5]
20:43:51.593 [FXGL Background Thread 3 ] DEBUG Engine               - globalSoundVolume: 0.5
20:43:51.593 [FXGL Background Thread 3 ] DEBUG Engine               - globalSoundVolumeProperty: DoubleProperty [value: 0.5]
20:43:51.593 [FXGL Background Thread 3 ] DEBUG Engine               - height: 600
20:43:51.593 [FXGL Background Thread 3 ] DEBUG Engine               - is3D: false
20:43:51.593 [FXGL Background Thread 3 ] DEBUG Engine               - isAndroid: false
20:43:51.593 [FXGL Background Thread 3 ] DEBUG Engine               - isBrowser: false
20:43:51.593 [FXGL Background Thread 3 ] DEBUG Engine               - isClickFeedbackEnabled: false
20:43:51.593 [FXGL Background Thread 3 ] DEBUG Engine               - isCloseConfirmation: false
20:43:51.593 [FXGL Background Thread 3 ] DEBUG Engine               - isDesktop: true
20:43:51.593 [FXGL Background Thread 3 ] DEBUG Engine               - isDeveloperMenuEnabled: false
20:43:51.593 [FXGL Background Thread 3 ] DEBUG Engine               - isEmbedded: false
20:43:51.593 [FXGL Background Thread 3 ] DEBUG Engine               - isEntityPreloadEnabled: true
20:43:51.593 [FXGL Background Thread 3 ] DEBUG Engine               - isExperimentalTiledLargeMap: false
20:43:51.593 [FXGL Background Thread 3 ] DEBUG Engine               - isFileSystemWriteAllowed: true
20:43:51.593 [FXGL Background Thread 3 ] DEBUG Engine               - isFullScreenAllowed: false
20:43:51.593 [FXGL Background Thread 3 ] DEBUG Engine               - isFullScreenFromStart: false
20:43:51.593 [FXGL Background Thread 3 ] DEBUG Engine               - isGameMenuEnabled: true
20:43:51.593 [FXGL Background Thread 3 ] DEBUG Engine               - isIOS: false
20:43:51.593 [FXGL Background Thread 3 ] DEBUG Engine               - isIntroEnabled: false
20:43:51.593 [FXGL Background Thread 3 ] DEBUG Engine               - isLinux: false
20:43:51.593 [FXGL Background Thread 3 ] DEBUG Engine               - isMac: false
20:43:51.594 [FXGL Background Thread 3 ] DEBUG Engine               - isMainMenuEnabled: true
20:43:51.594 [FXGL Background Thread 3 ] DEBUG Engine               - isManualResizeEnabled: false
20:43:51.594 [FXGL Background Thread 3 ] DEBUG Engine               - isMobile: false
20:43:51.594 [FXGL Background Thread 3 ] DEBUG Engine               - isNative: false
20:43:51.594 [FXGL Background Thread 3 ] DEBUG Engine               - isPauseMusicWhenMinimized: true
20:43:51.594 [FXGL Background Thread 3 ] DEBUG Engine               - isPreserveResizeRatio: false
20:43:51.594 [FXGL Background Thread 3 ] DEBUG Engine               - isProfilingEnabled: false
20:43:51.594 [FXGL Background Thread 3 ] DEBUG Engine               - isScaleAffectedOnResize: true
20:43:51.594 [FXGL Background Thread 3 ] DEBUG Engine               - isSingleStep: false
20:43:51.594 [FXGL Background Thread 3 ] DEBUG Engine               - isUserProfileEnabled: false
20:43:51.594 [FXGL Background Thread 3 ] DEBUG Engine               - isWindows: true
20:43:51.594 [FXGL Background Thread 3 ] DEBUG Engine               - language: ObjectProperty [value: ENGLISH]
20:43:51.594 [FXGL Background Thread 3 ] DEBUG Engine               - menuKey: ESCAPE
20:43:51.594 [FXGL Background Thread 3 ] DEBUG Engine               - mouseSensitivity: 0.2
20:43:51.594 [FXGL Background Thread 3 ] DEBUG Engine               - notificationViewClass: class com.almasb.fxgl.notification.view.XboxNotificationView
20:43:51.594 [FXGL Background Thread 3 ] DEBUG Engine               - pixelsPerMeter: 50.0
20:43:51.594 [FXGL Background Thread 3 ] DEBUG Engine               - platform: WINDOWS
20:43:51.594 [FXGL Background Thread 3 ] DEBUG Engine               - prefHeightProperty: ReadOnlyDoubleProperty [value: 600.0]
20:43:51.594 [FXGL Background Thread 3 ] DEBUG Engine               - prefWidthProperty: ReadOnlyDoubleProperty [value: 600.0]
20:43:51.594 [FXGL Background Thread 3 ] DEBUG Engine               - profileDir: profiles/
20:43:51.594 [FXGL Background Thread 3 ] DEBUG Engine               - profileName: StringProperty [value: DEFAULT]
20:43:51.594 [FXGL Background Thread 3 ] DEBUG Engine               - randomSeed: -1
20:43:51.594 [FXGL Background Thread 3 ] DEBUG Engine               - runtimeInfo: RuntimeInfo(platform=WINDOWS, version=17.2, build=20.08.2022 16.50)
20:43:51.594 [FXGL Background Thread 3 ] DEBUG Engine               - saveFileExt: sav
20:43:51.595 [FXGL Background Thread 3 ] DEBUG Engine               - scaledHeightProp$fxgl: DoubleProperty [bound, value: 600.0]
20:43:51.595 [FXGL Background Thread 3 ] DEBUG Engine               - scaledWidthProp$fxgl: DoubleProperty [bound, value: 600.0]
20:43:51.595 [FXGL Background Thread 3 ] DEBUG Engine               - sceneFactory: com.example.brickbreaker.menu.CustomSceneFactory@255b590d
20:43:51.595 [FXGL Background Thread 3 ] DEBUG Engine               - secondsIn24h: 60
20:43:51.595 [FXGL Background Thread 3 ] DEBUG Engine               - soundMenuBack: menu/back.wav
20:43:51.595 [FXGL Background Thread 3 ] DEBUG Engine               - soundMenuPress: menu/press.wav
20:43:51.595 [FXGL Background Thread 3 ] DEBUG Engine               - soundMenuSelect: menu/select.wav
20:43:51.595 [FXGL Background Thread 3 ] DEBUG Engine               - soundNotification: core/notification.wav
20:43:51.595 [FXGL Background Thread 3 ] DEBUG Engine               - stageStyle: DECORATED
20:43:51.595 [FXGL Background Thread 3 ] DEBUG Engine               - supportedLanguages: [ENGLISH, FRENCH, GERMAN, HUNGARIAN, RUSSIAN]
20:43:51.595 [FXGL Background Thread 3 ] DEBUG Engine               - ticksPerSecond: -1
20:43:51.595 [FXGL Background Thread 3 ] DEBUG Engine               - title: Brick Breaker
20:43:51.595 [FXGL Background Thread 3 ] DEBUG Engine               - urlGithub: https://github.com/AlmasB/FXGL
20:43:51.595 [FXGL Background Thread 3 ] DEBUG Engine               - urlLeaderboard: http://fxgl-top.herokuapp.com/
20:43:51.595 [FXGL Background Thread 3 ] DEBUG Engine               - urlPOM: https://raw.githubusercontent.com/AlmasB/FXGL/release/README.md
20:43:51.595 [FXGL Background Thread 3 ] DEBUG Engine               - userAppClass: class com.example.brickbreaker.BrickBreakerApp
20:43:51.595 [FXGL Background Thread 3 ] DEBUG Engine               - version: 0.0
20:43:51.595 [FXGL Background Thread 3 ] DEBUG Engine               - versionCheckDays: 7
20:43:51.595 [FXGL Background Thread 3 ] DEBUG Engine               - width: 600
20:43:51.595 [FXGL Background Thread 3 ] DEBUG Engine               - Logging services
20:43:51.595 [FXGL Background Thread 3 ] DEBUG Engine               - class com.almasb.fxgl.app.services.FXGLAssetLoaderService
20:43:51.595 [FXGL Background Thread 3 ] DEBUG Engine               - class com.almasb.fxgl.app.FXGLApplication$GameApplicationService
20:43:51.595 [FXGL Background Thread 3 ] DEBUG Engine               - class com.almasb.fxgl.app.services.FXGLDialogService
20:43:51.595 [FXGL Background Thread 3 ] DEBUG Engine               - class com.almasb.fxgl.app.services.IOTaskExecutorService
20:43:51.595 [FXGL Background Thread 3 ] DEBUG Engine               - class com.almasb.fxgl.io.FileSystemService
20:43:51.595 [FXGL Background Thread 3 ] DEBUG Engine               - class com.almasb.fxgl.localization.LocalizationService
20:43:51.595 [FXGL Background Thread 3 ] DEBUG Engine               - class com.almasb.fxgl.app.services.SystemBundleService
20:43:51.595 [FXGL Background Thread 3 ] DEBUG Engine               - class com.almasb.fxgl.profile.SaveLoadService
20:43:51.596 [FXGL Background Thread 3 ] DEBUG Engine               - class com.almasb.fxgl.ui.FXGLUIFactoryServiceProvider
20:43:51.596 [FXGL Background Thread 3 ] DEBUG Engine               - class com.almasb.fxgl.ui.FXGLDialogFactoryServiceProvider
20:43:51.596 [FXGL Background Thread 3 ] DEBUG Engine               - class com.almasb.fxgl.audio.AudioPlayer
20:43:51.596 [FXGL Background Thread 3 ] DEBUG Engine               - class com.almasb.fxgl.notification.impl.NotificationServiceProvider
20:43:51.596 [FXGL Background Thread 3 ] DEBUG Engine               - class com.almasb.fxgl.achievement.AchievementService
20:43:51.596 [FXGL Background Thread 3 ] DEBUG Engine               - class com.almasb.fxgl.cutscene.CutsceneService
20:43:51.596 [FXGL Background Thread 3 ] DEBUG Engine               - class com.almasb.fxgl.minigames.MiniGameService
20:43:51.596 [FXGL Background Thread 3 ] DEBUG Engine               - class com.almasb.fxgl.net.NetService
20:43:51.596 [FXGL Background Thread 3 ] DEBUG Engine               - class com.almasb.fxgl.app.services.UpdaterService
20:43:51.596 [FXGL Background Thread 3 ] DEBUG Engine               - class com.almasb.fxgl.dev.DevService
20:44:15.766 [JavaFX Application Thread] DEBUG FXGLApplication      - Exiting FXGL
20:44:15.766 [JavaFX Application Thread] DEBUG LoopRunner           - Stopping loop
20:44:15.766 [JavaFX Application Thread] DEBUG SystemBundleService  - Saving FXGL system data
20:44:15.767 [JavaFX Application Thread] DEBUG FileSystemAccess     - Writing to: C:\Users\matip\Desktop\JavaProjects\brick-breaker\system\fxgl.bundle
20:44:15.769 [JavaFX Application Thread] DEBUG Async                - Shutting down background threads
20:44:15.769 [JavaFX Application Thread] DEBUG PrimaryStageWindow   - Closing main window
20:44:15.773 [JavaFX Application Thread] DEBUG Logger               - Closing Logger
