14:05:41.618 [main                     ] DEBUG Logger               - Configured Logger
14:05:41.633 [main                     ] DEBUG GameApplication      - Logging settings
Title: Brick Breaker
Version: 0.0
Width: 600
Height: 600
Fullscreen: false
Intro: false
Profiling: false
Single step:false
App Mode: DEVELOPER
Menu Key: ESCAPE
Stage Style: DECORATED
Scene Factory: class com.example.brickbreaker.menu.CustomSceneFactory

14:05:41.892 [JavaFX Application Thread] DEBUG FXGLApplication      - Initializing FXGL
14:05:41.896 [JavaFX Application Thread] INFO  Engine               - FXGL-17.2 (20.08.2022 16.50) on WINDOWS (J:18.0.1.1 FX:18.0.2)
14:05:41.896 [JavaFX Application Thread] DEBUG Engine               - JRE Vendor Name: Oracle Corporation
14:05:41.896 [JavaFX Application Thread] DEBUG Engine               - Running on OS: Windows 10 version 10.0
14:05:41.896 [JavaFX Application Thread] DEBUG Engine               - Architecture: amd64
14:05:41.896 [JavaFX Application Thread] INFO  Engine               - Source code and latest versions at: https://github.com/AlmasB/FXGL
14:05:41.897 [JavaFX Application Thread] INFO  Engine               -       Ask questions and discuss at: https://github.com/AlmasB/FXGL/discussions
14:05:41.897 [JavaFX Application Thread] INFO  Engine               -              Join the FXGL chat at: https://gitter.im/AlmasB/FXGL
14:05:41.946 [JavaFX Application Thread] DEBUG PrimaryStageWindow   - Creating a JavaFX scene
14:05:41.970 [JavaFX Application Thread] DEBUG PrimaryStageWindow   - Target settings size: 600.0 x 600.0
14:05:41.970 [JavaFX Application Thread] DEBUG PrimaryStageWindow   - Scaled scene size:    600.0 x 600.0
14:05:41.970 [JavaFX Application Thread] DEBUG PrimaryStageWindow   - Scaled ratio: (1.0, 1.0)
14:05:41.971 [JavaFX Application Thread] DEBUG PrimaryStageWindow   - Set initial scene to FXGLStartupScene
14:05:41.975 [JavaFX Application Thread] DEBUG PrimaryStageWindow   - Opening main window
14:05:42.015 [JavaFX Application Thread] DEBUG PrimaryStageWindow   - Window border size: (16.0, 39.0)
14:05:42.015 [JavaFX Application Thread] DEBUG PrimaryStageWindow   - Scaled size: 600.0 x 600.0
14:05:42.015 [JavaFX Application Thread] DEBUG PrimaryStageWindow   - Scaled ratio: (1.0, 1.0)
14:05:42.015 [JavaFX Application Thread] DEBUG PrimaryStageWindow   - Scene size: 600.0 x 600.0
14:05:42.016 [JavaFX Application Thread] DEBUG PrimaryStageWindow   - Stage size: 616.0 x 639.0
14:05:42.019 [FXGL Background Thread 1 ] DEBUG Engine               - Initializing environment variables
14:05:42.045 [FXGL Background Thread 1 ] DEBUG FXGLAssetLoaderServi - User app class for loading assets: class com.example.brickbreaker.BrickBreakerApp
14:05:42.046 [FXGL Background Thread 1 ] DEBUG GameApplicationServi - Applying CSS: fxgl_dark.css
14:05:42.046 [FXGL Background Thread 1 ] DEBUG FXGLAssetLoaderServi - Loading from file system: jar:file:///C:/Users/matip/.m2/repository/com/github/almasb/fxgl/17.2/fxgl-17.2.jar!/fxglassets/ui/css/fxgl_dark.css
14:05:42.071 [FXGL Background Thread 1 ] DEBUG GameApplicationServi - Initializing application scenes
14:05:42.088 [FXGL Background Thread 1 ] DEBUG GameWorld            - Game world initialized
14:05:42.115 [FXGL Background Thread 1 ] DEBUG PhysicsWorld         - Physics world initialized: appHeight=600, physics.ppm=50.0
14:05:42.115 [FXGL Background Thread 1 ] DEBUG PhysicsWorld         - Using strategy: BRUTE_FORCE
14:05:42.118 [FXGL Background Thread 1 ] DEBUG GameScene            - Game scene initialized: 600x600
14:05:42.119 [FXGL Background Thread 1 ] DEBUG FXGLAssetLoaderServi - Loading from file system: file:/C:/Users/matip/Desktop/JavaProjects/brick-breaker/target/classes/assets/textures/brick-wall.png
14:05:42.150 [FXGL Background Thread 1 ] WARN  FXGL.DefaultMenu     - FXGLDefaultMenu is not designed for resolutions < 800x600
14:05:42.151 [FXGL Background Thread 1 ] DEBUG FXGL.DefaultMenu     - createMenuBodyGameMenu()
14:05:42.157 [FXGL Background Thread 1 ] DEBUG FXGL.DefaultMenu     - createOptionsMenu()
14:05:42.166 [FXGL Background Thread 1 ] DEBUG FXGLAssetLoaderServi - Loading from file system: jar:file:///C:/Users/matip/.m2/repository/com/github/almasb/fxgl/17.2/fxgl-17.2.jar!/fxglassets/textures/particles/smoke.png
14:05:42.207 [FXGL Background Thread 1 ] DEBUG FXGLAssetLoaderServi - Loading from file system: jar:file:///C:/Users/matip/.m2/repository/com/github/almasb/fxgl/17.2/fxgl-17.2.jar!/fxglassets/textures/particles/trace_horizontal.png
14:05:42.217 [FXGL Background Thread 1 ] DEBUG GameApplicationServi - Application scenes initialized
14:05:42.223 [FXGL Background Thread 1 ] DEBUG SystemBundleService  - Loading FXGL system data
14:05:42.225 [FXGL Background Thread 1 ] DEBUG FileSystemAccess     - Reading from: C:\Users\matip\Desktop\JavaProjects\brick-breaker\system\fxgl.bundle
14:05:42.230 [FXGL Background Thread 1 ] DEBUG SystemBundleService  - Bundle FXGL: {}
14:05:42.230 [FXGL Background Thread 1 ] DEBUG UpdaterService       - Checking for updates
14:05:42.232 [FXGL Background Thread 4 ] DEBUG FXGLApplication      - Loading fonts
14:05:42.232 [FXGL Background Thread 1 ] DEBUG FXGLApplication      - Loading default localization
14:05:42.232 [FXGL Background Thread 4 ] DEBUG FXGLAssetLoaderServi - Loading from file system: jar:file:///C:/Users/matip/.m2/repository/com/github/almasb/fxgl/17.2/fxgl-17.2.jar!/fxglassets/ui/fonts/VarelaRound-Regular.ttf
14:05:42.233 [FXGL Background Thread 1 ] DEBUG FXGLAssetLoaderServi - Loading from file system: jar:file:///C:/Users/matip/.m2/repository/com/github/almasb/fxgl/17.2/fxgl-17.2.jar!/fxglassets/languages/english.lang
14:05:42.242 [FXGL Background Thread 1 ] INFO  FXGLApplication      - FXGL initialization took: 0.223 sec
14:05:42.248 [JavaFX Application Thread] DEBUG Input                - Registered new binding: action0 - D
14:05:42.249 [JavaFX Application Thread] DEBUG Input                - Registered new binding: action1 - A
14:05:42.249 [JavaFX Application Thread] DEBUG FXGLAssetLoaderServi - Loading from file system: jar:file:///C:/Users/matip/.m2/repository/com/github/almasb/fxgl/17.2/fxgl-17.2.jar!/fxglassets/textures/fxgl_icon.png
14:05:42.253 [JavaFX Application Thread] DEBUG FXGLAssetLoaderServi - Loading from file system: jar:file:///C:/Users/matip/.m2/repository/com/github/almasb/fxgl/17.2/fxgl-17.2.jar!/fxglassets/textures/fxgl_default_cursor.png
14:05:42.254 [JavaFX Application Thread] DEBUG Input                - Registered new binding: Screenshot - CTRL+8
14:05:42.255 [JavaFX Application Thread] DEBUG Input                - Registered new binding: System info dump - CTRL+9
14:05:42.255 [JavaFX Application Thread] DEBUG Input                - Registered new binding: Restart - CTRL+R
14:05:42.255 [JavaFX Application Thread] DEBUG Input                - Registered new binding: Toggle Debug Camera - CTRL+7
14:05:42.256 [JavaFX Application Thread] DEBUG LoopRunner           - Starting loop
14:05:42.256 [JavaFX Application Thread] DEBUG LoopRunner           - Initializing JavaFX AnimationTimerLoop
14:05:42.257 [FXGL Background Thread 4 ] DEBUG FXGLAssetLoaderServi - Loading from file system: jar:file:///C:/Users/matip/.m2/repository/com/github/almasb/fxgl/17.2/fxgl-17.2.jar!/fxglassets/ui/fonts/Abel-Regular.ttf
14:05:42.258 [JavaFX Application Thread] DEBUG Input                - Clearing active input actions
14:05:42.259 [FXGL Background Thread 4 ] DEBUG FXGLAssetLoaderServi - Loading from file system: jar:file:///C:/Users/matip/.m2/repository/com/github/almasb/fxgl/17.2/fxgl-17.2.jar!/fxglassets/ui/fonts/TerminalLandMono-Regular.otf
14:05:42.262 [JavaFX Application Thread] DEBUG GameApplicationServi - Removing overlay from FXGLStartupScene and adding to FXGLMainMenuDummyScene
14:05:42.262 [FXGL Background Thread 4 ] DEBUG FXGLAssetLoaderServi - Loading from file system: jar:file:///C:/Users/matip/.m2/repository/com/github/almasb/fxgl/17.2/fxgl-17.2.jar!/fxglassets/ui/fonts/Courier-Prime.ttf
14:05:42.262 [JavaFX Application Thread] DEBUG PrimaryStageWindow   - FXGLStartupScene -> FXGLMainMenuDummyScene
14:05:42.262 [JavaFX Application Thread] DEBUG PrimaryStageWindow   - Push state: MainMenu
14:05:42.262 [JavaFX Application Thread] DEBUG Input                - Clearing active input actions
14:05:42.262 [JavaFX Application Thread] DEBUG GameApplicationServi - Removing overlay from FXGLMainMenuDummyScene and adding to MainMenu
14:05:42.263 [JavaFX Application Thread] DEBUG PrimaryStageWindow   - FXGLMainMenuDummyScene -> MainMenu
14:05:42.265 [JavaFX Application Thread] DEBUG FXGLApplication      - Registering font factories with UI factory
14:05:42.514 [FXGL Background Thread 2 ] INFO  UpdaterService       - Your current version:  17.2
14:05:42.514 [FXGL Background Thread 2 ] INFO  UpdaterService       - Latest stable version: 17.3
14:05:42.901 [JavaFX Application Thread] DEBUG Menu                 - fireNewGame()
14:05:42.901 [JavaFX Application Thread] DEBUG GameApplicationServi - Starting new game
14:05:42.901 [JavaFX Application Thread] DEBUG PrimaryStageWindow   - Pop state: MainMenu
14:05:42.901 [JavaFX Application Thread] DEBUG Input                - Clearing active input actions
14:05:42.902 [JavaFX Application Thread] DEBUG GameApplicationServi - Removing overlay from MainMenu and adding to FXGLMainMenuDummyScene
14:05:42.902 [JavaFX Application Thread] DEBUG PrimaryStageWindow   - FXGLMainMenuDummyScene <- MainMenu
14:05:42.902 [JavaFX Application Thread] DEBUG Input                - Clearing active input actions
14:05:42.908 [JavaFX Application Thread] DEBUG GameApplicationServi - Removing overlay from FXGLMainMenuDummyScene and adding to FXGLLoadingScene
14:05:42.908 [JavaFX Application Thread] DEBUG PrimaryStageWindow   - FXGLMainMenuDummyScene -> FXGLLoadingScene
14:05:42.908 [JavaFX Application Thread] DEBUG GameApplicationServi - Clearing previous game
14:05:42.908 [JavaFX Application Thread] DEBUG GameScene            - Clearing game scene
14:05:42.908 [JavaFX Application Thread] DEBUG GameWorld            - Clearing game world
14:05:42.908 [JavaFX Application Thread] DEBUG PhysicsWorld         - Clearing physics world
14:05:42.909 [FXGL Background Thread 2 ] DEBUG FXGLApplication      - Initializing game
14:05:42.919 [FXGL Background Thread 2 ] WARN  GameWorld            - Entity is already attached to world
14:05:42.920 [FXGL Background Thread 2 ] DEBUG FXGLAssetLoaderServi - Loading from file system: file:/C:/Users/matip/Desktop/JavaProjects/brick-breaker/target/classes/assets/textures/brick.png
14:05:42.921 [FXGL Background Thread 2 ] WARN  GameWorld            - Entity is already attached to world
14:05:42.922 [FXGL Background Thread 2 ] WARN  GameWorld            - Entity is already attached to world
14:05:42.923 [FXGL Background Thread 2 ] WARN  GameWorld            - Entity is already attached to world
14:05:42.924 [FXGL Background Thread 2 ] WARN  GameWorld            - Entity is already attached to world
14:05:42.925 [FXGL Background Thread 2 ] WARN  GameWorld            - Entity is already attached to world
14:05:42.925 [FXGL Background Thread 2 ] WARN  GameWorld            - Entity is already attached to world
14:05:42.926 [FXGL Background Thread 2 ] WARN  GameWorld            - Entity is already attached to world
14:05:42.927 [FXGL Background Thread 2 ] WARN  GameWorld            - Entity is already attached to world
14:05:42.927 [FXGL Background Thread 2 ] WARN  GameWorld            - Entity is already attached to world
14:05:42.928 [FXGL Background Thread 2 ] WARN  GameWorld            - Entity is already attached to world
14:05:42.929 [FXGL Background Thread 2 ] WARN  GameWorld            - Entity is already attached to world
14:05:42.929 [FXGL Background Thread 2 ] WARN  GameWorld            - Entity is already attached to world
14:05:42.930 [FXGL Background Thread 2 ] WARN  GameWorld            - Entity is already attached to world
14:05:42.930 [FXGL Background Thread 2 ] WARN  GameWorld            - Entity is already attached to world
14:05:42.931 [FXGL Background Thread 2 ] WARN  GameWorld            - Entity is already attached to world
14:05:42.931 [FXGL Background Thread 2 ] WARN  GameWorld            - Entity is already attached to world
14:05:42.932 [FXGL Background Thread 2 ] WARN  GameWorld            - Entity is already attached to world
14:05:42.932 [FXGL Background Thread 2 ] WARN  GameWorld            - Entity is already attached to world
14:05:42.933 [FXGL Background Thread 2 ] WARN  GameWorld            - Entity is already attached to world
14:05:42.933 [FXGL Background Thread 2 ] WARN  GameWorld            - Entity is already attached to world
14:05:42.934 [FXGL Background Thread 2 ] WARN  GameWorld            - Entity is already attached to world
14:05:42.934 [FXGL Background Thread 2 ] WARN  GameWorld            - Entity is already attached to world
14:05:42.934 [FXGL Background Thread 2 ] WARN  GameWorld            - Entity is already attached to world
14:05:42.935 [FXGL Background Thread 2 ] WARN  GameWorld            - Entity is already attached to world
14:05:42.935 [FXGL Background Thread 2 ] WARN  GameWorld            - Entity is already attached to world
14:05:42.936 [FXGL Background Thread 2 ] WARN  GameWorld            - Entity is already attached to world
14:05:42.936 [FXGL Background Thread 2 ] WARN  GameWorld            - Entity is already attached to world
14:05:42.937 [FXGL Background Thread 2 ] WARN  GameWorld            - Entity is already attached to world
14:05:42.937 [FXGL Background Thread 2 ] WARN  GameWorld            - Entity is already attached to world
14:05:42.938 [FXGL Background Thread 2 ] WARN  GameWorld            - Entity is already attached to world
14:05:42.938 [FXGL Background Thread 2 ] WARN  GameWorld            - Entity is already attached to world
14:05:42.939 [FXGL Background Thread 2 ] WARN  GameWorld            - Entity is already attached to world
14:05:42.939 [FXGL Background Thread 2 ] WARN  GameWorld            - Entity is already attached to world
14:05:42.940 [FXGL Background Thread 2 ] WARN  GameWorld            - Entity is already attached to world
14:05:42.941 [FXGL Background Thread 2 ] WARN  GameWorld            - Entity is already attached to world
14:05:42.941 [FXGL Background Thread 2 ] WARN  GameWorld            - Entity is already attached to world
14:05:42.942 [FXGL Background Thread 2 ] WARN  GameWorld            - Entity is already attached to world
14:05:42.942 [FXGL Background Thread 2 ] WARN  GameWorld            - Entity is already attached to world
14:05:42.943 [FXGL Background Thread 2 ] WARN  GameWorld            - Entity is already attached to world
14:05:42.943 [FXGL Background Thread 2 ] WARN  GameWorld            - Entity is already attached to world
14:05:42.944 [FXGL Background Thread 2 ] WARN  GameWorld            - Entity is already attached to world
14:05:42.944 [FXGL Background Thread 2 ] WARN  GameWorld            - Entity is already attached to world
14:05:42.945 [FXGL Background Thread 2 ] WARN  GameWorld            - Entity is already attached to world
14:05:42.945 [FXGL Background Thread 2 ] WARN  GameWorld            - Entity is already attached to world
14:05:42.945 [FXGL Background Thread 2 ] WARN  GameWorld            - Entity is already attached to world
14:05:42.946 [FXGL Background Thread 2 ] WARN  GameWorld            - Entity is already attached to world
14:05:42.946 [FXGL Background Thread 2 ] WARN  GameWorld            - Entity is already attached to world
14:05:42.947 [FXGL Background Thread 2 ] WARN  GameWorld            - Entity is already attached to world
14:05:42.947 [FXGL Background Thread 2 ] WARN  GameWorld            - Entity is already attached to world
14:05:42.948 [FXGL Background Thread 2 ] WARN  GameWorld            - Entity is already attached to world
14:05:42.948 [FXGL Background Thread 2 ] WARN  GameWorld            - Entity is already attached to world
14:05:42.949 [FXGL Background Thread 2 ] WARN  GameWorld            - Entity is already attached to world
14:05:42.949 [FXGL Background Thread 2 ] WARN  GameWorld            - Entity is already attached to world
14:05:42.950 [FXGL Background Thread 2 ] WARN  GameWorld            - Entity is already attached to world
14:05:42.950 [FXGL Background Thread 2 ] WARN  GameWorld            - Entity is already attached to world
14:05:42.951 [FXGL Background Thread 2 ] WARN  GameWorld            - Entity is already attached to world
14:05:42.952 [FXGL Background Thread 2 ] WARN  GameWorld            - Entity is already attached to world
14:05:42.952 [FXGL Background Thread 2 ] WARN  GameWorld            - Entity is already attached to world
14:05:42.952 [FXGL Background Thread 2 ] WARN  GameWorld            - Entity is already attached to world
14:05:42.953 [FXGL Background Thread 2 ] WARN  GameWorld            - Entity is already attached to world
14:05:42.953 [FXGL Background Thread 2 ] WARN  GameWorld            - Entity is already attached to world
14:05:42.954 [FXGL Background Thread 2 ] WARN  GameWorld            - Entity is already attached to world
14:05:42.954 [FXGL Background Thread 2 ] WARN  GameWorld            - Entity is already attached to world
14:05:42.955 [FXGL Background Thread 2 ] WARN  GameWorld            - Entity is already attached to world
14:05:42.955 [FXGL Background Thread 2 ] WARN  GameWorld            - Entity is already attached to world
14:05:42.956 [FXGL Background Thread 2 ] WARN  GameWorld            - Entity is already attached to world
14:05:42.957 [FXGL Background Thread 2 ] DEBUG FXGLAssetLoaderServi - Loading from file system: file:/C:/Users/matip/Desktop/JavaProjects/brick-breaker/target/classes/assets/textures/ball.png
14:05:42.958 [FXGL Background Thread 2 ] WARN  GameWorld            - Entity is already attached to world
14:05:42.959 [FXGL Background Thread 2 ] INFO  FXGLApplication      - Game initialization took: 0.050 sec
14:05:42.963 [JavaFX Application Thread] DEBUG Input                - Clearing active input actions
14:05:42.968 [JavaFX Application Thread] DEBUG GameApplicationServi - Removing overlay from FXGLLoadingScene and adding to GameScene
14:05:42.968 [JavaFX Application Thread] DEBUG PrimaryStageWindow   - FXGLLoadingScene -> GameScene
14:05:45.233 [FXGL Background Thread 3 ] DEBUG Engine               - Logging environment variables
14:05:45.233 [FXGL Background Thread 3 ] DEBUG Engine               - achievements: []
14:05:45.233 [FXGL Background Thread 3 ] DEBUG Engine               - actualHeight: 600.0
14:05:45.233 [FXGL Background Thread 3 ] DEBUG Engine               - actualHeightProperty: ReadOnlyDoubleProperty [value: 600.0]
14:05:45.233 [FXGL Background Thread 3 ] DEBUG Engine               - actualWidth: 600.0
14:05:45.233 [FXGL Background Thread 3 ] DEBUG Engine               - actualWidthProperty: ReadOnlyDoubleProperty [value: 600.0]
14:05:45.233 [FXGL Background Thread 3 ] DEBUG Engine               - appIcon: fxgl_icon.png
14:05:45.233 [FXGL Background Thread 3 ] DEBUG Engine               - applicationMode: DEVELOPER
14:05:45.233 [FXGL Background Thread 3 ] DEBUG Engine               - cSSList: [fxgl_dark.css]
14:05:45.233 [FXGL Background Thread 3 ] DEBUG Engine               - collisionDetectionStrategy: BRUTE_FORCE
14:05:45.233 [FXGL Background Thread 3 ] DEBUG Engine               - configClass: Optional.empty
14:05:45.233 [FXGL Background Thread 3 ] DEBUG Engine               - credits: []
14:05:45.234 [FXGL Background Thread 3 ] DEBUG Engine               - defaultCursor: CursorInfo(imageName=fxgl_default_cursor.png, hotspotX=7.0, hotspotY=6.0)
14:05:45.234 [FXGL Background Thread 3 ] DEBUG Engine               - devBBoxColorProperty: ObjectProperty [value: 0xff0000ff]
14:05:45.234 [FXGL Background Thread 3 ] DEBUG Engine               - devEnableDebugCameraProperty: BooleanProperty [value: false]
14:05:45.234 [FXGL Background Thread 3 ] DEBUG Engine               - devSensorColorProperty: ObjectProperty [value: 0xffff00ff]
14:05:45.234 [FXGL Background Thread 3 ] DEBUG Engine               - devShowBBoxProperty: BooleanProperty [value: false]
14:05:45.234 [FXGL Background Thread 3 ] DEBUG Engine               - devShowPositionProperty: BooleanProperty [value: false]
14:05:45.234 [FXGL Background Thread 3 ] DEBUG Engine               - enabledMenuItems: []
14:05:45.234 [FXGL Background Thread 3 ] DEBUG Engine               - engineServices: [class com.almasb.fxgl.app.services.FXGLAssetLoaderService, class com.almasb.fxgl.app.FXGLApplication$GameApplicationService, class com.almasb.fxgl.app.services.FXGLDialogService, class com.almasb.fxgl.app.services.IOTaskExecutorService, class com.almasb.fxgl.io.FileSystemService, class com.almasb.fxgl.localization.LocalizationService, class com.almasb.fxgl.app.services.SystemBundleService, class com.almasb.fxgl.profile.SaveLoadService, class com.almasb.fxgl.ui.FXGLUIFactoryServiceProvider, class com.almasb.fxgl.ui.FXGLDialogFactoryServiceProvider, class com.almasb.fxgl.audio.AudioPlayer, class com.almasb.fxgl.notification.impl.NotificationServiceProvider, class com.almasb.fxgl.achievement.AchievementService, class com.almasb.fxgl.cutscene.CutsceneService, class com.almasb.fxgl.minigames.MiniGameService, class com.almasb.fxgl.net.NetService, class com.almasb.fxgl.app.services.UpdaterService, class com.almasb.fxgl.dev.DevService]
14:05:45.234 [FXGL Background Thread 3 ] DEBUG Engine               - fontGame: Abel-Regular.ttf
14:05:45.234 [FXGL Background Thread 3 ] DEBUG Engine               - fontMono: TerminalLandMono-Regular.otf
14:05:45.234 [FXGL Background Thread 3 ] DEBUG Engine               - fontText: Courier-Prime.ttf
14:05:45.234 [FXGL Background Thread 3 ] DEBUG Engine               - fontUI: VarelaRound-Regular.ttf
14:05:45.234 [FXGL Background Thread 3 ] DEBUG Engine               - fullScreen: BooleanProperty [value: false]
14:05:45.234 [FXGL Background Thread 3 ] DEBUG Engine               - gameDifficulty: MEDIUM
14:05:45.234 [FXGL Background Thread 3 ] DEBUG Engine               - gameDifficultyProperty: ObjectProperty [value: MEDIUM]
14:05:45.234 [FXGL Background Thread 3 ] DEBUG Engine               - globalMusicVolume: 0.5
14:05:45.234 [FXGL Background Thread 3 ] DEBUG Engine               - globalMusicVolumeProperty: DoubleProperty [value: 0.5]
14:05:45.234 [FXGL Background Thread 3 ] DEBUG Engine               - globalSoundVolume: 0.5
14:05:45.234 [FXGL Background Thread 3 ] DEBUG Engine               - globalSoundVolumeProperty: DoubleProperty [value: 0.5]
14:05:45.234 [FXGL Background Thread 3 ] DEBUG Engine               - height: 600
14:05:45.234 [FXGL Background Thread 3 ] DEBUG Engine               - is3D: false
14:05:45.234 [FXGL Background Thread 3 ] DEBUG Engine               - isAndroid: false
14:05:45.234 [FXGL Background Thread 3 ] DEBUG Engine               - isBrowser: false
14:05:45.234 [FXGL Background Thread 3 ] DEBUG Engine               - isClickFeedbackEnabled: false
14:05:45.235 [FXGL Background Thread 3 ] DEBUG Engine               - isCloseConfirmation: false
14:05:45.235 [FXGL Background Thread 3 ] DEBUG Engine               - isDesktop: true
14:05:45.235 [FXGL Background Thread 3 ] DEBUG Engine               - isDeveloperMenuEnabled: false
14:05:45.235 [FXGL Background Thread 3 ] DEBUG Engine               - isEmbedded: false
14:05:45.235 [FXGL Background Thread 3 ] DEBUG Engine               - isEntityPreloadEnabled: true
14:05:45.235 [FXGL Background Thread 3 ] DEBUG Engine               - isExperimentalTiledLargeMap: false
14:05:45.235 [FXGL Background Thread 3 ] DEBUG Engine               - isFileSystemWriteAllowed: true
14:05:45.235 [FXGL Background Thread 3 ] DEBUG Engine               - isFullScreenAllowed: false
14:05:45.235 [FXGL Background Thread 3 ] DEBUG Engine               - isFullScreenFromStart: false
14:05:45.235 [FXGL Background Thread 3 ] DEBUG Engine               - isGameMenuEnabled: true
14:05:45.235 [FXGL Background Thread 3 ] DEBUG Engine               - isIOS: false
14:05:45.235 [FXGL Background Thread 3 ] DEBUG Engine               - isIntroEnabled: false
14:05:45.235 [FXGL Background Thread 3 ] DEBUG Engine               - isLinux: false
14:05:45.235 [FXGL Background Thread 3 ] DEBUG Engine               - isMac: false
14:05:45.235 [FXGL Background Thread 3 ] DEBUG Engine               - isMainMenuEnabled: true
14:05:45.235 [FXGL Background Thread 3 ] DEBUG Engine               - isManualResizeEnabled: false
14:05:45.235 [FXGL Background Thread 3 ] DEBUG Engine               - isMobile: false
14:05:45.235 [FXGL Background Thread 3 ] DEBUG Engine               - isNative: false
14:05:45.235 [FXGL Background Thread 3 ] DEBUG Engine               - isPauseMusicWhenMinimized: true
14:05:45.235 [FXGL Background Thread 3 ] DEBUG Engine               - isPreserveResizeRatio: false
14:05:45.235 [FXGL Background Thread 3 ] DEBUG Engine               - isProfilingEnabled: false
14:05:45.235 [FXGL Background Thread 3 ] DEBUG Engine               - isScaleAffectedOnResize: true
14:05:45.235 [FXGL Background Thread 3 ] DEBUG Engine               - isSingleStep: false
14:05:45.235 [FXGL Background Thread 3 ] DEBUG Engine               - isUserProfileEnabled: false
14:05:45.235 [FXGL Background Thread 3 ] DEBUG Engine               - isWindows: true
14:05:45.235 [FXGL Background Thread 3 ] DEBUG Engine               - language: ObjectProperty [value: ENGLISH]
14:05:45.235 [FXGL Background Thread 3 ] DEBUG Engine               - menuKey: ESCAPE
14:05:45.235 [FXGL Background Thread 3 ] DEBUG Engine               - mouseSensitivity: 0.2
14:05:45.235 [FXGL Background Thread 3 ] DEBUG Engine               - notificationViewClass: class com.almasb.fxgl.notification.view.XboxNotificationView
14:05:45.235 [FXGL Background Thread 3 ] DEBUG Engine               - pixelsPerMeter: 50.0
14:05:45.235 [FXGL Background Thread 3 ] DEBUG Engine               - platform: WINDOWS
14:05:45.235 [FXGL Background Thread 3 ] DEBUG Engine               - prefHeightProperty: ReadOnlyDoubleProperty [value: 600.0]
14:05:45.235 [FXGL Background Thread 3 ] DEBUG Engine               - prefWidthProperty: ReadOnlyDoubleProperty [value: 600.0]
14:05:45.236 [FXGL Background Thread 3 ] DEBUG Engine               - profileDir: profiles/
14:05:45.236 [FXGL Background Thread 3 ] DEBUG Engine               - profileName: StringProperty [value: DEFAULT]
14:05:45.236 [FXGL Background Thread 3 ] DEBUG Engine               - randomSeed: -1
14:05:45.236 [FXGL Background Thread 3 ] DEBUG Engine               - runtimeInfo: RuntimeInfo(platform=WINDOWS, version=17.2, build=20.08.2022 16.50)
14:05:45.236 [FXGL Background Thread 3 ] DEBUG Engine               - saveFileExt: sav
14:05:45.236 [FXGL Background Thread 3 ] DEBUG Engine               - scaledHeightProp$fxgl: DoubleProperty [bound, value: 600.0]
14:05:45.236 [FXGL Background Thread 3 ] DEBUG Engine               - scaledWidthProp$fxgl: DoubleProperty [bound, value: 600.0]
14:05:45.236 [FXGL Background Thread 3 ] DEBUG Engine               - sceneFactory: com.example.brickbreaker.menu.CustomSceneFactory@53b3cba3
14:05:45.236 [FXGL Background Thread 3 ] DEBUG Engine               - secondsIn24h: 60
14:05:45.236 [FXGL Background Thread 3 ] DEBUG Engine               - soundMenuBack: menu/back.wav
14:05:45.236 [FXGL Background Thread 3 ] DEBUG Engine               - soundMenuPress: menu/press.wav
14:05:45.236 [FXGL Background Thread 3 ] DEBUG Engine               - soundMenuSelect: menu/select.wav
14:05:45.236 [FXGL Background Thread 3 ] DEBUG Engine               - soundNotification: core/notification.wav
14:05:45.236 [FXGL Background Thread 3 ] DEBUG Engine               - stageStyle: DECORATED
14:05:45.236 [FXGL Background Thread 3 ] DEBUG Engine               - supportedLanguages: [ENGLISH, FRENCH, GERMAN, HUNGARIAN, RUSSIAN]
14:05:45.236 [FXGL Background Thread 3 ] DEBUG Engine               - ticksPerSecond: -1
14:05:45.236 [FXGL Background Thread 3 ] DEBUG Engine               - title: Brick Breaker
14:05:45.236 [FXGL Background Thread 3 ] DEBUG Engine               - urlGithub: https://github.com/AlmasB/FXGL
14:05:45.236 [FXGL Background Thread 3 ] DEBUG Engine               - urlLeaderboard: http://fxgl-top.herokuapp.com/
14:05:45.236 [FXGL Background Thread 3 ] DEBUG Engine               - urlPOM: https://raw.githubusercontent.com/AlmasB/FXGL/release/README.md
14:05:45.236 [FXGL Background Thread 3 ] DEBUG Engine               - userAppClass: class com.example.brickbreaker.BrickBreakerApp
14:05:45.236 [FXGL Background Thread 3 ] DEBUG Engine               - version: 0.0
14:05:45.236 [FXGL Background Thread 3 ] DEBUG Engine               - versionCheckDays: 7
14:05:45.236 [FXGL Background Thread 3 ] DEBUG Engine               - width: 600
14:05:45.236 [FXGL Background Thread 3 ] DEBUG Engine               - Logging services
14:05:45.236 [FXGL Background Thread 3 ] DEBUG Engine               - class com.almasb.fxgl.app.services.FXGLAssetLoaderService
14:05:45.236 [FXGL Background Thread 3 ] DEBUG Engine               - class com.almasb.fxgl.app.FXGLApplication$GameApplicationService
14:05:45.236 [FXGL Background Thread 3 ] DEBUG Engine               - class com.almasb.fxgl.app.services.FXGLDialogService
14:05:45.236 [FXGL Background Thread 3 ] DEBUG Engine               - class com.almasb.fxgl.app.services.IOTaskExecutorService
14:05:45.236 [FXGL Background Thread 3 ] DEBUG Engine               - class com.almasb.fxgl.io.FileSystemService
14:05:45.236 [FXGL Background Thread 3 ] DEBUG Engine               - class com.almasb.fxgl.localization.LocalizationService
14:05:45.237 [FXGL Background Thread 3 ] DEBUG Engine               - class com.almasb.fxgl.app.services.SystemBundleService
14:05:45.237 [FXGL Background Thread 3 ] DEBUG Engine               - class com.almasb.fxgl.profile.SaveLoadService
14:05:45.237 [FXGL Background Thread 3 ] DEBUG Engine               - class com.almasb.fxgl.ui.FXGLUIFactoryServiceProvider
14:05:45.237 [FXGL Background Thread 3 ] DEBUG Engine               - class com.almasb.fxgl.ui.FXGLDialogFactoryServiceProvider
14:05:45.237 [FXGL Background Thread 3 ] DEBUG Engine               - class com.almasb.fxgl.audio.AudioPlayer
14:05:45.237 [FXGL Background Thread 3 ] DEBUG Engine               - class com.almasb.fxgl.notification.impl.NotificationServiceProvider
14:05:45.237 [FXGL Background Thread 3 ] DEBUG Engine               - class com.almasb.fxgl.achievement.AchievementService
14:05:45.237 [FXGL Background Thread 3 ] DEBUG Engine               - class com.almasb.fxgl.cutscene.CutsceneService
14:05:45.237 [FXGL Background Thread 3 ] DEBUG Engine               - class com.almasb.fxgl.minigames.MiniGameService
14:05:45.237 [FXGL Background Thread 3 ] DEBUG Engine               - class com.almasb.fxgl.net.NetService
14:05:45.237 [FXGL Background Thread 3 ] DEBUG Engine               - class com.almasb.fxgl.app.services.UpdaterService
14:05:45.237 [FXGL Background Thread 3 ] DEBUG Engine               - class com.almasb.fxgl.dev.DevService
14:07:12.066 [JavaFX Application Thread] DEBUG FXGLApplication      - Exiting FXGL
14:07:12.066 [JavaFX Application Thread] DEBUG LoopRunner           - Stopping loop
14:07:12.066 [JavaFX Application Thread] DEBUG SystemBundleService  - Saving FXGL system data
14:07:12.067 [JavaFX Application Thread] DEBUG FileSystemAccess     - Writing to: C:\Users\matip\Desktop\JavaProjects\brick-breaker\system\fxgl.bundle
14:07:12.068 [JavaFX Application Thread] DEBUG Async                - Shutting down background threads
14:07:12.068 [JavaFX Application Thread] DEBUG PrimaryStageWindow   - Closing main window
14:07:12.074 [JavaFX Application Thread] DEBUG Logger               - Closing Logger
