17:22:52.828 [main                     ] DEBUG Logger               - Configured Logger
17:22:52.846 [main                     ] DEBUG GameApplication      - Logging settings
Title: Brick Breaker
Version: 0.0
Width: 600
Height: 600
Fullscreen: false
Intro: false
Profiling: false
Single step:false
App Mode: DEVELOPER
Menu Key: ESCAPE
Stage Style: DECORATED
Scene Factory: class com.example.brickbreaker.menu.CustomSceneFactory

17:22:53.108 [JavaFX Application Thread] DEBUG FXGLApplication      - Initializing FXGL
17:22:53.111 [JavaFX Application Thread] INFO  Engine               - FXGL-17.2 (20.08.2022 16.50) on WINDOWS (J:18.0.1.1 FX:18.0.2)
17:22:53.111 [JavaFX Application Thread] DEBUG Engine               - JRE Vendor Name: Oracle Corporation
17:22:53.112 [JavaFX Application Thread] DEBUG Engine               - Running on OS: Windows 10 version 10.0
17:22:53.112 [JavaFX Application Thread] DEBUG Engine               - Architecture: amd64
17:22:53.112 [JavaFX Application Thread] INFO  Engine               - Source code and latest versions at: https://github.com/AlmasB/FXGL
17:22:53.112 [JavaFX Application Thread] INFO  Engine               -       Ask questions and discuss at: https://github.com/AlmasB/FXGL/discussions
17:22:53.112 [JavaFX Application Thread] INFO  Engine               -              Join the FXGL chat at: https://gitter.im/AlmasB/FXGL
17:22:53.159 [JavaFX Application Thread] DEBUG PrimaryStageWindow   - Creating a JavaFX scene
17:22:53.183 [JavaFX Application Thread] DEBUG PrimaryStageWindow   - Target settings size: 600.0 x 600.0
17:22:53.184 [JavaFX Application Thread] DEBUG PrimaryStageWindow   - Scaled scene size:    600.0 x 600.0
17:22:53.184 [JavaFX Application Thread] DEBUG PrimaryStageWindow   - Scaled ratio: (1.0, 1.0)
17:22:53.185 [JavaFX Application Thread] DEBUG PrimaryStageWindow   - Set initial scene to FXGLStartupScene
17:22:53.189 [JavaFX Application Thread] DEBUG PrimaryStageWindow   - Opening main window
17:22:53.229 [JavaFX Application Thread] DEBUG PrimaryStageWindow   - Window border size: (16.0, 39.0)
17:22:53.229 [JavaFX Application Thread] DEBUG PrimaryStageWindow   - Scaled size: 600.0 x 600.0
17:22:53.229 [JavaFX Application Thread] DEBUG PrimaryStageWindow   - Scaled ratio: (1.0, 1.0)
17:22:53.229 [JavaFX Application Thread] DEBUG PrimaryStageWindow   - Scene size: 600.0 x 600.0
17:22:53.230 [JavaFX Application Thread] DEBUG PrimaryStageWindow   - Stage size: 616.0 x 639.0
17:22:53.233 [FXGL Background Thread 1 ] DEBUG Engine               - Initializing environment variables
17:22:53.258 [FXGL Background Thread 1 ] DEBUG FXGLAssetLoaderServi - User app class for loading assets: class com.example.brickbreaker.BrickBreakerApp
17:22:53.259 [FXGL Background Thread 1 ] DEBUG GameApplicationServi - Applying CSS: fxgl_dark.css
17:22:53.259 [FXGL Background Thread 1 ] DEBUG FXGLAssetLoaderServi - Loading from file system: jar:file:///C:/Users/matip/.m2/repository/com/github/almasb/fxgl/17.2/fxgl-17.2.jar!/fxglassets/ui/css/fxgl_dark.css
17:22:53.284 [FXGL Background Thread 1 ] DEBUG GameApplicationServi - Initializing application scenes
17:22:53.304 [FXGL Background Thread 1 ] DEBUG GameWorld            - Game world initialized
17:22:53.331 [FXGL Background Thread 1 ] DEBUG PhysicsWorld         - Physics world initialized: appHeight=600, physics.ppm=50.0
17:22:53.331 [FXGL Background Thread 1 ] DEBUG PhysicsWorld         - Using strategy: BRUTE_FORCE
17:22:53.333 [FXGL Background Thread 1 ] DEBUG GameScene            - Game scene initialized: 600x600
17:22:53.334 [FXGL Background Thread 1 ] DEBUG FXGLAssetLoaderServi - Loading from file system: file:/C:/Users/matip/Desktop/JavaProjects/brick-breaker/target/classes/assets/textures/brick-wall.png
17:22:53.367 [FXGL Background Thread 1 ] WARN  FXGL.DefaultMenu     - FXGLDefaultMenu is not designed for resolutions < 800x600
17:22:53.367 [FXGL Background Thread 1 ] DEBUG FXGL.DefaultMenu     - createMenuBodyGameMenu()
17:22:53.374 [FXGL Background Thread 1 ] DEBUG FXGL.DefaultMenu     - createOptionsMenu()
17:22:53.382 [FXGL Background Thread 1 ] DEBUG FXGLAssetLoaderServi - Loading from file system: jar:file:///C:/Users/matip/.m2/repository/com/github/almasb/fxgl/17.2/fxgl-17.2.jar!/fxglassets/textures/particles/smoke.png
17:22:53.423 [FXGL Background Thread 1 ] DEBUG FXGLAssetLoaderServi - Loading from file system: jar:file:///C:/Users/matip/.m2/repository/com/github/almasb/fxgl/17.2/fxgl-17.2.jar!/fxglassets/textures/particles/trace_horizontal.png
17:22:53.433 [FXGL Background Thread 1 ] DEBUG GameApplicationServi - Application scenes initialized
17:22:53.439 [FXGL Background Thread 1 ] DEBUG SystemBundleService  - Loading FXGL system data
17:22:53.442 [FXGL Background Thread 1 ] DEBUG FileSystemAccess     - Reading from: C:\Users\matip\Desktop\JavaProjects\brick-breaker\system\fxgl.bundle
17:22:53.447 [FXGL Background Thread 1 ] DEBUG SystemBundleService  - Bundle FXGL: {}
17:22:53.447 [FXGL Background Thread 1 ] DEBUG UpdaterService       - Checking for updates
17:22:53.450 [FXGL Background Thread 4 ] DEBUG FXGLApplication      - Loading fonts
17:22:53.450 [FXGL Background Thread 1 ] DEBUG FXGLApplication      - Loading default localization
17:22:53.450 [FXGL Background Thread 4 ] DEBUG FXGLAssetLoaderServi - Loading from file system: jar:file:///C:/Users/matip/.m2/repository/com/github/almasb/fxgl/17.2/fxgl-17.2.jar!/fxglassets/ui/fonts/VarelaRound-Regular.ttf
17:22:53.450 [FXGL Background Thread 1 ] DEBUG FXGLAssetLoaderServi - Loading from file system: jar:file:///C:/Users/matip/.m2/repository/com/github/almasb/fxgl/17.2/fxgl-17.2.jar!/fxglassets/languages/english.lang
17:22:53.460 [FXGL Background Thread 1 ] INFO  FXGLApplication      - FXGL initialization took: 0.226 sec
17:22:53.465 [JavaFX Application Thread] DEBUG Input                - Registered new binding: action0 - D
17:22:53.465 [JavaFX Application Thread] DEBUG Input                - Registered new binding: action1 - A
17:22:53.465 [JavaFX Application Thread] DEBUG FXGLAssetLoaderServi - Loading from file system: jar:file:///C:/Users/matip/.m2/repository/com/github/almasb/fxgl/17.2/fxgl-17.2.jar!/fxglassets/textures/fxgl_icon.png
17:22:53.471 [JavaFX Application Thread] DEBUG FXGLAssetLoaderServi - Loading from file system: jar:file:///C:/Users/matip/.m2/repository/com/github/almasb/fxgl/17.2/fxgl-17.2.jar!/fxglassets/textures/fxgl_default_cursor.png
17:22:53.472 [JavaFX Application Thread] DEBUG Input                - Registered new binding: Screenshot - CTRL+8
17:22:53.473 [JavaFX Application Thread] DEBUG Input                - Registered new binding: System info dump - CTRL+9
17:22:53.473 [JavaFX Application Thread] DEBUG Input                - Registered new binding: Restart - CTRL+R
17:22:53.473 [JavaFX Application Thread] DEBUG Input                - Registered new binding: Toggle Debug Camera - CTRL+7
17:22:53.474 [JavaFX Application Thread] DEBUG LoopRunner           - Starting loop
17:22:53.474 [JavaFX Application Thread] DEBUG LoopRunner           - Initializing JavaFX AnimationTimerLoop
17:22:53.476 [JavaFX Application Thread] DEBUG Input                - Clearing active input actions
17:22:53.477 [FXGL Background Thread 4 ] DEBUG FXGLAssetLoaderServi - Loading from file system: jar:file:///C:/Users/matip/.m2/repository/com/github/almasb/fxgl/17.2/fxgl-17.2.jar!/fxglassets/ui/fonts/Abel-Regular.ttf
17:22:53.480 [JavaFX Application Thread] DEBUG GameApplicationServi - Removing overlay from FXGLStartupScene and adding to FXGLMainMenuDummyScene
17:22:53.480 [FXGL Background Thread 4 ] DEBUG FXGLAssetLoaderServi - Loading from file system: jar:file:///C:/Users/matip/.m2/repository/com/github/almasb/fxgl/17.2/fxgl-17.2.jar!/fxglassets/ui/fonts/TerminalLandMono-Regular.otf
17:22:53.480 [JavaFX Application Thread] DEBUG PrimaryStageWindow   - FXGLStartupScene -> FXGLMainMenuDummyScene
17:22:53.480 [JavaFX Application Thread] DEBUG PrimaryStageWindow   - Push state: MainMenu
17:22:53.480 [JavaFX Application Thread] DEBUG Input                - Clearing active input actions
17:22:53.480 [JavaFX Application Thread] DEBUG GameApplicationServi - Removing overlay from FXGLMainMenuDummyScene and adding to MainMenu
17:22:53.480 [JavaFX Application Thread] DEBUG PrimaryStageWindow   - FXGLMainMenuDummyScene -> MainMenu
17:22:53.482 [FXGL Background Thread 4 ] DEBUG FXGLAssetLoaderServi - Loading from file system: jar:file:///C:/Users/matip/.m2/repository/com/github/almasb/fxgl/17.2/fxgl-17.2.jar!/fxglassets/ui/fonts/Courier-Prime.ttf
17:22:53.490 [JavaFX Application Thread] DEBUG FXGLApplication      - Registering font factories with UI factory
17:22:53.729 [FXGL Background Thread 2 ] INFO  UpdaterService       - Your current version:  17.2
17:22:53.729 [FXGL Background Thread 2 ] INFO  UpdaterService       - Latest stable version: 17.3
17:22:54.058 [JavaFX Application Thread] DEBUG Menu                 - fireNewGame()
17:22:54.058 [JavaFX Application Thread] DEBUG GameApplicationServi - Starting new game
17:22:54.058 [JavaFX Application Thread] DEBUG PrimaryStageWindow   - Pop state: MainMenu
17:22:54.058 [JavaFX Application Thread] DEBUG Input                - Clearing active input actions
17:22:54.058 [JavaFX Application Thread] DEBUG GameApplicationServi - Removing overlay from MainMenu and adding to FXGLMainMenuDummyScene
17:22:54.059 [JavaFX Application Thread] DEBUG PrimaryStageWindow   - FXGLMainMenuDummyScene <- MainMenu
17:22:54.059 [JavaFX Application Thread] DEBUG Input                - Clearing active input actions
17:22:54.063 [JavaFX Application Thread] DEBUG GameApplicationServi - Removing overlay from FXGLMainMenuDummyScene and adding to FXGLLoadingScene
17:22:54.063 [JavaFX Application Thread] DEBUG PrimaryStageWindow   - FXGLMainMenuDummyScene -> FXGLLoadingScene
17:22:54.063 [JavaFX Application Thread] DEBUG GameApplicationServi - Clearing previous game
17:22:54.063 [JavaFX Application Thread] DEBUG GameScene            - Clearing game scene
17:22:54.063 [JavaFX Application Thread] DEBUG GameWorld            - Clearing game world
17:22:54.064 [JavaFX Application Thread] DEBUG PhysicsWorld         - Clearing physics world
17:22:54.064 [FXGL Background Thread 2 ] DEBUG FXGLApplication      - Initializing game
17:22:54.074 [FXGL Background Thread 2 ] WARN  GameWorld            - Entity is already attached to world
17:22:54.075 [FXGL Background Thread 2 ] DEBUG FXGLAssetLoaderServi - Loading from file system: file:/C:/Users/matip/Desktop/JavaProjects/brick-breaker/target/classes/assets/textures/brick.png
17:22:54.076 [FXGL Background Thread 2 ] WARN  GameWorld            - Entity is already attached to world
17:22:54.077 [FXGL Background Thread 2 ] WARN  GameWorld            - Entity is already attached to world
17:22:54.078 [FXGL Background Thread 2 ] WARN  GameWorld            - Entity is already attached to world
17:22:54.078 [FXGL Background Thread 2 ] WARN  GameWorld            - Entity is already attached to world
17:22:54.079 [FXGL Background Thread 2 ] WARN  GameWorld            - Entity is already attached to world
17:22:54.080 [FXGL Background Thread 2 ] WARN  GameWorld            - Entity is already attached to world
17:22:54.081 [FXGL Background Thread 2 ] WARN  GameWorld            - Entity is already attached to world
17:22:54.081 [FXGL Background Thread 2 ] WARN  GameWorld            - Entity is already attached to world
17:22:54.082 [FXGL Background Thread 2 ] WARN  GameWorld            - Entity is already attached to world
17:22:54.083 [FXGL Background Thread 2 ] WARN  GameWorld            - Entity is already attached to world
17:22:54.083 [FXGL Background Thread 2 ] WARN  GameWorld            - Entity is already attached to world
17:22:54.084 [FXGL Background Thread 2 ] WARN  GameWorld            - Entity is already attached to world
17:22:54.084 [FXGL Background Thread 2 ] WARN  GameWorld            - Entity is already attached to world
17:22:54.085 [FXGL Background Thread 2 ] WARN  GameWorld            - Entity is already attached to world
17:22:54.085 [FXGL Background Thread 2 ] WARN  GameWorld            - Entity is already attached to world
17:22:54.086 [FXGL Background Thread 2 ] WARN  GameWorld            - Entity is already attached to world
17:22:54.086 [FXGL Background Thread 2 ] WARN  GameWorld            - Entity is already attached to world
17:22:54.087 [FXGL Background Thread 2 ] WARN  GameWorld            - Entity is already attached to world
17:22:54.087 [FXGL Background Thread 2 ] WARN  GameWorld            - Entity is already attached to world
17:22:54.088 [FXGL Background Thread 2 ] WARN  GameWorld            - Entity is already attached to world
17:22:54.089 [FXGL Background Thread 2 ] WARN  GameWorld            - Entity is already attached to world
17:22:54.089 [FXGL Background Thread 2 ] WARN  GameWorld            - Entity is already attached to world
17:22:54.090 [FXGL Background Thread 2 ] WARN  GameWorld            - Entity is already attached to world
17:22:54.090 [FXGL Background Thread 2 ] WARN  GameWorld            - Entity is already attached to world
17:22:54.091 [FXGL Background Thread 2 ] WARN  GameWorld            - Entity is already attached to world
17:22:54.091 [FXGL Background Thread 2 ] WARN  GameWorld            - Entity is already attached to world
17:22:54.092 [FXGL Background Thread 2 ] WARN  GameWorld            - Entity is already attached to world
17:22:54.092 [FXGL Background Thread 2 ] WARN  GameWorld            - Entity is already attached to world
17:22:54.093 [FXGL Background Thread 2 ] WARN  GameWorld            - Entity is already attached to world
17:22:54.094 [FXGL Background Thread 2 ] WARN  GameWorld            - Entity is already attached to world
17:22:54.095 [FXGL Background Thread 2 ] WARN  GameWorld            - Entity is already attached to world
17:22:54.096 [FXGL Background Thread 2 ] WARN  GameWorld            - Entity is already attached to world
17:22:54.096 [FXGL Background Thread 2 ] WARN  GameWorld            - Entity is already attached to world
17:22:54.097 [FXGL Background Thread 2 ] WARN  GameWorld            - Entity is already attached to world
17:22:54.098 [FXGL Background Thread 2 ] WARN  GameWorld            - Entity is already attached to world
17:22:54.098 [FXGL Background Thread 2 ] WARN  GameWorld            - Entity is already attached to world
17:22:54.099 [FXGL Background Thread 2 ] WARN  GameWorld            - Entity is already attached to world
17:22:54.099 [FXGL Background Thread 2 ] WARN  GameWorld            - Entity is already attached to world
17:22:54.100 [FXGL Background Thread 2 ] WARN  GameWorld            - Entity is already attached to world
17:22:54.100 [FXGL Background Thread 2 ] WARN  GameWorld            - Entity is already attached to world
17:22:54.101 [FXGL Background Thread 2 ] WARN  GameWorld            - Entity is already attached to world
17:22:54.102 [FXGL Background Thread 2 ] WARN  GameWorld            - Entity is already attached to world
17:22:54.103 [FXGL Background Thread 2 ] WARN  GameWorld            - Entity is already attached to world
17:22:54.103 [FXGL Background Thread 2 ] WARN  GameWorld            - Entity is already attached to world
17:22:54.104 [FXGL Background Thread 2 ] WARN  GameWorld            - Entity is already attached to world
17:22:54.104 [FXGL Background Thread 2 ] WARN  GameWorld            - Entity is already attached to world
17:22:54.105 [FXGL Background Thread 2 ] WARN  GameWorld            - Entity is already attached to world
17:22:54.106 [FXGL Background Thread 2 ] WARN  GameWorld            - Entity is already attached to world
17:22:54.106 [FXGL Background Thread 2 ] WARN  GameWorld            - Entity is already attached to world
17:22:54.107 [FXGL Background Thread 2 ] WARN  GameWorld            - Entity is already attached to world
17:22:54.108 [FXGL Background Thread 2 ] WARN  GameWorld            - Entity is already attached to world
17:22:54.108 [FXGL Background Thread 2 ] WARN  GameWorld            - Entity is already attached to world
17:22:54.109 [FXGL Background Thread 2 ] WARN  GameWorld            - Entity is already attached to world
17:22:54.109 [FXGL Background Thread 2 ] WARN  GameWorld            - Entity is already attached to world
17:22:54.110 [FXGL Background Thread 2 ] WARN  GameWorld            - Entity is already attached to world
17:22:54.111 [FXGL Background Thread 2 ] WARN  GameWorld            - Entity is already attached to world
17:22:54.112 [FXGL Background Thread 2 ] WARN  GameWorld            - Entity is already attached to world
17:22:54.112 [FXGL Background Thread 2 ] WARN  GameWorld            - Entity is already attached to world
17:22:54.112 [FXGL Background Thread 2 ] DEBUG FXGLAssetLoaderServi - Loading from file system: file:/C:/Users/matip/Desktop/JavaProjects/brick-breaker/target/classes/assets/textures/ball.png
17:22:54.113 [FXGL Background Thread 2 ] WARN  GameWorld            - Entity is already attached to world
17:22:54.115 [FXGL Background Thread 2 ] INFO  FXGLApplication      - Game initialization took: 0.051 sec
17:22:54.116 [JavaFX Application Thread] DEBUG Input                - Clearing active input actions
17:22:54.121 [JavaFX Application Thread] DEBUG GameApplicationServi - Removing overlay from FXGLLoadingScene and adding to GameScene
17:22:54.121 [JavaFX Application Thread] DEBUG PrimaryStageWindow   - FXGLLoadingScene -> GameScene
17:22:56.449 [FXGL Background Thread 3 ] DEBUG Engine               - Logging environment variables
17:22:56.449 [FXGL Background Thread 3 ] DEBUG Engine               - achievements: []
17:22:56.449 [FXGL Background Thread 3 ] DEBUG Engine               - actualHeight: 600.0
17:22:56.449 [FXGL Background Thread 3 ] DEBUG Engine               - actualHeightProperty: ReadOnlyDoubleProperty [value: 600.0]
17:22:56.449 [FXGL Background Thread 3 ] DEBUG Engine               - actualWidth: 600.0
17:22:56.449 [FXGL Background Thread 3 ] DEBUG Engine               - actualWidthProperty: ReadOnlyDoubleProperty [value: 600.0]
17:22:56.449 [FXGL Background Thread 3 ] DEBUG Engine               - appIcon: fxgl_icon.png
17:22:56.449 [FXGL Background Thread 3 ] DEBUG Engine               - applicationMode: DEVELOPER
17:22:56.449 [FXGL Background Thread 3 ] DEBUG Engine               - cSSList: [fxgl_dark.css]
17:22:56.449 [FXGL Background Thread 3 ] DEBUG Engine               - collisionDetectionStrategy: BRUTE_FORCE
17:22:56.449 [FXGL Background Thread 3 ] DEBUG Engine               - configClass: Optional.empty
17:22:56.449 [FXGL Background Thread 3 ] DEBUG Engine               - credits: []
17:22:56.450 [FXGL Background Thread 3 ] DEBUG Engine               - defaultCursor: CursorInfo(imageName=fxgl_default_cursor.png, hotspotX=7.0, hotspotY=6.0)
17:22:56.450 [FXGL Background Thread 3 ] DEBUG Engine               - devBBoxColorProperty: ObjectProperty [value: 0xff0000ff]
17:22:56.450 [FXGL Background Thread 3 ] DEBUG Engine               - devEnableDebugCameraProperty: BooleanProperty [value: false]
17:22:56.450 [FXGL Background Thread 3 ] DEBUG Engine               - devSensorColorProperty: ObjectProperty [value: 0xffff00ff]
17:22:56.450 [FXGL Background Thread 3 ] DEBUG Engine               - devShowBBoxProperty: BooleanProperty [value: false]
17:22:56.450 [FXGL Background Thread 3 ] DEBUG Engine               - devShowPositionProperty: BooleanProperty [value: false]
17:22:56.450 [FXGL Background Thread 3 ] DEBUG Engine               - enabledMenuItems: []
17:22:56.450 [FXGL Background Thread 3 ] DEBUG Engine               - engineServices: [class com.almasb.fxgl.app.services.FXGLAssetLoaderService, class com.almasb.fxgl.app.FXGLApplication$GameApplicationService, class com.almasb.fxgl.app.services.FXGLDialogService, class com.almasb.fxgl.app.services.IOTaskExecutorService, class com.almasb.fxgl.io.FileSystemService, class com.almasb.fxgl.localization.LocalizationService, class com.almasb.fxgl.app.services.SystemBundleService, class com.almasb.fxgl.profile.SaveLoadService, class com.almasb.fxgl.ui.FXGLUIFactoryServiceProvider, class com.almasb.fxgl.ui.FXGLDialogFactoryServiceProvider, class com.almasb.fxgl.audio.AudioPlayer, class com.almasb.fxgl.notification.impl.NotificationServiceProvider, class com.almasb.fxgl.achievement.AchievementService, class com.almasb.fxgl.cutscene.CutsceneService, class com.almasb.fxgl.minigames.MiniGameService, class com.almasb.fxgl.net.NetService, class com.almasb.fxgl.app.services.UpdaterService, class com.almasb.fxgl.dev.DevService]
17:22:56.450 [FXGL Background Thread 3 ] DEBUG Engine               - fontGame: Abel-Regular.ttf
17:22:56.450 [FXGL Background Thread 3 ] DEBUG Engine               - fontMono: TerminalLandMono-Regular.otf
17:22:56.450 [FXGL Background Thread 3 ] DEBUG Engine               - fontText: Courier-Prime.ttf
17:22:56.450 [FXGL Background Thread 3 ] DEBUG Engine               - fontUI: VarelaRound-Regular.ttf
17:22:56.450 [FXGL Background Thread 3 ] DEBUG Engine               - fullScreen: BooleanProperty [value: false]
17:22:56.450 [FXGL Background Thread 3 ] DEBUG Engine               - gameDifficulty: MEDIUM
17:22:56.450 [FXGL Background Thread 3 ] DEBUG Engine               - gameDifficultyProperty: ObjectProperty [value: MEDIUM]
17:22:56.450 [FXGL Background Thread 3 ] DEBUG Engine               - globalMusicVolume: 0.5
17:22:56.450 [FXGL Background Thread 3 ] DEBUG Engine               - globalMusicVolumeProperty: DoubleProperty [value: 0.5]
17:22:56.450 [FXGL Background Thread 3 ] DEBUG Engine               - globalSoundVolume: 0.5
17:22:56.450 [FXGL Background Thread 3 ] DEBUG Engine               - globalSoundVolumeProperty: DoubleProperty [value: 0.5]
17:22:56.450 [FXGL Background Thread 3 ] DEBUG Engine               - height: 600
17:22:56.450 [FXGL Background Thread 3 ] DEBUG Engine               - is3D: false
17:22:56.450 [FXGL Background Thread 3 ] DEBUG Engine               - isAndroid: false
17:22:56.450 [FXGL Background Thread 3 ] DEBUG Engine               - isBrowser: false
17:22:56.450 [FXGL Background Thread 3 ] DEBUG Engine               - isClickFeedbackEnabled: false
17:22:56.450 [FXGL Background Thread 3 ] DEBUG Engine               - isCloseConfirmation: false
17:22:56.450 [FXGL Background Thread 3 ] DEBUG Engine               - isDesktop: true
17:22:56.451 [FXGL Background Thread 3 ] DEBUG Engine               - isDeveloperMenuEnabled: false
17:22:56.451 [FXGL Background Thread 3 ] DEBUG Engine               - isEmbedded: false
17:22:56.451 [FXGL Background Thread 3 ] DEBUG Engine               - isEntityPreloadEnabled: true
17:22:56.451 [FXGL Background Thread 3 ] DEBUG Engine               - isExperimentalTiledLargeMap: false
17:22:56.451 [FXGL Background Thread 3 ] DEBUG Engine               - isFileSystemWriteAllowed: true
17:22:56.451 [FXGL Background Thread 3 ] DEBUG Engine               - isFullScreenAllowed: false
17:22:56.451 [FXGL Background Thread 3 ] DEBUG Engine               - isFullScreenFromStart: false
17:22:56.451 [FXGL Background Thread 3 ] DEBUG Engine               - isGameMenuEnabled: true
17:22:56.451 [FXGL Background Thread 3 ] DEBUG Engine               - isIOS: false
17:22:56.451 [FXGL Background Thread 3 ] DEBUG Engine               - isIntroEnabled: false
17:22:56.451 [FXGL Background Thread 3 ] DEBUG Engine               - isLinux: false
17:22:56.451 [FXGL Background Thread 3 ] DEBUG Engine               - isMac: false
17:22:56.451 [FXGL Background Thread 3 ] DEBUG Engine               - isMainMenuEnabled: true
17:22:56.451 [FXGL Background Thread 3 ] DEBUG Engine               - isManualResizeEnabled: false
17:22:56.451 [FXGL Background Thread 3 ] DEBUG Engine               - isMobile: false
17:22:56.451 [FXGL Background Thread 3 ] DEBUG Engine               - isNative: false
17:22:56.451 [FXGL Background Thread 3 ] DEBUG Engine               - isPauseMusicWhenMinimized: true
17:22:56.451 [FXGL Background Thread 3 ] DEBUG Engine               - isPreserveResizeRatio: false
17:22:56.451 [FXGL Background Thread 3 ] DEBUG Engine               - isProfilingEnabled: false
17:22:56.451 [FXGL Background Thread 3 ] DEBUG Engine               - isScaleAffectedOnResize: true
17:22:56.451 [FXGL Background Thread 3 ] DEBUG Engine               - isSingleStep: false
17:22:56.451 [FXGL Background Thread 3 ] DEBUG Engine               - isUserProfileEnabled: false
17:22:56.451 [FXGL Background Thread 3 ] DEBUG Engine               - isWindows: true
17:22:56.451 [FXGL Background Thread 3 ] DEBUG Engine               - language: ObjectProperty [value: ENGLISH]
17:22:56.451 [FXGL Background Thread 3 ] DEBUG Engine               - menuKey: ESCAPE
17:22:56.451 [FXGL Background Thread 3 ] DEBUG Engine               - mouseSensitivity: 0.2
17:22:56.451 [FXGL Background Thread 3 ] DEBUG Engine               - notificationViewClass: class com.almasb.fxgl.notification.view.XboxNotificationView
17:22:56.451 [FXGL Background Thread 3 ] DEBUG Engine               - pixelsPerMeter: 50.0
17:22:56.451 [FXGL Background Thread 3 ] DEBUG Engine               - platform: WINDOWS
17:22:56.451 [FXGL Background Thread 3 ] DEBUG Engine               - prefHeightProperty: ReadOnlyDoubleProperty [value: 600.0]
17:22:56.451 [FXGL Background Thread 3 ] DEBUG Engine               - prefWidthProperty: ReadOnlyDoubleProperty [value: 600.0]
17:22:56.451 [FXGL Background Thread 3 ] DEBUG Engine               - profileDir: profiles/
17:22:56.451 [FXGL Background Thread 3 ] DEBUG Engine               - profileName: StringProperty [value: DEFAULT]
17:22:56.452 [FXGL Background Thread 3 ] DEBUG Engine               - randomSeed: -1
17:22:56.452 [FXGL Background Thread 3 ] DEBUG Engine               - runtimeInfo: RuntimeInfo(platform=WINDOWS, version=17.2, build=20.08.2022 16.50)
17:22:56.452 [FXGL Background Thread 3 ] DEBUG Engine               - saveFileExt: sav
17:22:56.452 [FXGL Background Thread 3 ] DEBUG Engine               - scaledHeightProp$fxgl: DoubleProperty [bound, value: 600.0]
17:22:56.452 [FXGL Background Thread 3 ] DEBUG Engine               - scaledWidthProp$fxgl: DoubleProperty [bound, value: 600.0]
17:22:56.452 [FXGL Background Thread 3 ] DEBUG Engine               - sceneFactory: com.example.brickbreaker.menu.CustomSceneFactory@45b8ab6b
17:22:56.452 [FXGL Background Thread 3 ] DEBUG Engine               - secondsIn24h: 60
17:22:56.452 [FXGL Background Thread 3 ] DEBUG Engine               - soundMenuBack: menu/back.wav
17:22:56.452 [FXGL Background Thread 3 ] DEBUG Engine               - soundMenuPress: menu/press.wav
17:22:56.452 [FXGL Background Thread 3 ] DEBUG Engine               - soundMenuSelect: menu/select.wav
17:22:56.452 [FXGL Background Thread 3 ] DEBUG Engine               - soundNotification: core/notification.wav
17:22:56.452 [FXGL Background Thread 3 ] DEBUG Engine               - stageStyle: DECORATED
17:22:56.452 [FXGL Background Thread 3 ] DEBUG Engine               - supportedLanguages: [ENGLISH, FRENCH, GERMAN, HUNGARIAN, RUSSIAN]
17:22:56.452 [FXGL Background Thread 3 ] DEBUG Engine               - ticksPerSecond: -1
17:22:56.452 [FXGL Background Thread 3 ] DEBUG Engine               - title: Brick Breaker
17:22:56.452 [FXGL Background Thread 3 ] DEBUG Engine               - urlGithub: https://github.com/AlmasB/FXGL
17:22:56.452 [FXGL Background Thread 3 ] DEBUG Engine               - urlLeaderboard: http://fxgl-top.herokuapp.com/
17:22:56.452 [FXGL Background Thread 3 ] DEBUG Engine               - urlPOM: https://raw.githubusercontent.com/AlmasB/FXGL/release/README.md
17:22:56.452 [FXGL Background Thread 3 ] DEBUG Engine               - userAppClass: class com.example.brickbreaker.BrickBreakerApp
17:22:56.452 [FXGL Background Thread 3 ] DEBUG Engine               - version: 0.0
17:22:56.452 [FXGL Background Thread 3 ] DEBUG Engine               - versionCheckDays: 7
17:22:56.452 [FXGL Background Thread 3 ] DEBUG Engine               - width: 600
17:22:56.452 [FXGL Background Thread 3 ] DEBUG Engine               - Logging services
17:22:56.452 [FXGL Background Thread 3 ] DEBUG Engine               - class com.almasb.fxgl.app.services.FXGLAssetLoaderService
17:22:56.452 [FXGL Background Thread 3 ] DEBUG Engine               - class com.almasb.fxgl.app.FXGLApplication$GameApplicationService
17:22:56.452 [FXGL Background Thread 3 ] DEBUG Engine               - class com.almasb.fxgl.app.services.FXGLDialogService
17:22:56.452 [FXGL Background Thread 3 ] DEBUG Engine               - class com.almasb.fxgl.app.services.IOTaskExecutorService
17:22:56.452 [FXGL Background Thread 3 ] DEBUG Engine               - class com.almasb.fxgl.io.FileSystemService
17:22:56.452 [FXGL Background Thread 3 ] DEBUG Engine               - class com.almasb.fxgl.localization.LocalizationService
17:22:56.452 [FXGL Background Thread 3 ] DEBUG Engine               - class com.almasb.fxgl.app.services.SystemBundleService
17:22:56.452 [FXGL Background Thread 3 ] DEBUG Engine               - class com.almasb.fxgl.profile.SaveLoadService
17:22:56.452 [FXGL Background Thread 3 ] DEBUG Engine               - class com.almasb.fxgl.ui.FXGLUIFactoryServiceProvider
17:22:56.452 [FXGL Background Thread 3 ] DEBUG Engine               - class com.almasb.fxgl.ui.FXGLDialogFactoryServiceProvider
17:22:56.452 [FXGL Background Thread 3 ] DEBUG Engine               - class com.almasb.fxgl.audio.AudioPlayer
17:22:56.453 [FXGL Background Thread 3 ] DEBUG Engine               - class com.almasb.fxgl.notification.impl.NotificationServiceProvider
17:22:56.453 [FXGL Background Thread 3 ] DEBUG Engine               - class com.almasb.fxgl.achievement.AchievementService
17:22:56.453 [FXGL Background Thread 3 ] DEBUG Engine               - class com.almasb.fxgl.cutscene.CutsceneService
17:22:56.453 [FXGL Background Thread 3 ] DEBUG Engine               - class com.almasb.fxgl.minigames.MiniGameService
17:22:56.453 [FXGL Background Thread 3 ] DEBUG Engine               - class com.almasb.fxgl.net.NetService
17:22:56.453 [FXGL Background Thread 3 ] DEBUG Engine               - class com.almasb.fxgl.app.services.UpdaterService
17:22:56.453 [FXGL Background Thread 3 ] DEBUG Engine               - class com.almasb.fxgl.dev.DevService
17:22:56.764 [JavaFX Application Thread] DEBUG LoopRunner           - Stopping loop
17:22:56.765 [JavaFX Application Thread] FATAL FXGLApplication      - Uncaught Exception:
java.lang.IllegalArgumentException: Property velocity does not exist
	at com.almasb.fxgl.core@17.2/com.almasb.fxgl.core.collection.PropertyMap.get(PropertyMap.kt:251)
	at com.almasb.fxgl.core@17.2/com.almasb.fxgl.core.collection.PropertyMap.objectProperty(PropertyMap.kt:169)
	at com.almasb.fxgl.core@17.2/com.almasb.fxgl.core.collection.PropertyMap.getObject(PropertyMap.kt:158)
	at com.almasb.fxgl.entity@17.2/com.almasb.fxgl.entity.Entity.getObject(Entity.java:328)
	at com.example.brickbreaker/com.example.brickbreaker.BrickBreakerApp.onUpdate(BrickBreakerApp.java:87)
	at com.almasb.fxgl.all@17.2/com.almasb.fxgl.app.FXGLApplication$GameApplicationService.onGameUpdate(FXGLApplication.kt:421)
	at com.almasb.fxgl.all@17.2/com.almasb.fxgl.app.Engine.onGameUpdate(Engine.kt:138)
	at com.almasb.fxgl.all@17.2/com.almasb.fxgl.app.FXGLApplication.postServicesInit$lambda-7(FXGLApplication.kt:182)
	at com.almasb.fxgl.scene@17.2/com.almasb.fxgl.scene.Scene.update(Scene.kt:113)
	at com.almasb.fxgl.all@17.2/com.almasb.fxgl.app.MainWindow$update$1.invoke(MainWindow.kt:115)
	at com.almasb.fxgl.all@17.2/com.almasb.fxgl.app.MainWindow$update$1.invoke(MainWindow.kt:115)
	at com.almasb.fxgl.core@17.2/com.almasb.fxgl.core.fsm.StateMachine.runOnActiveStates(StateMachine.kt:69)
	at com.almasb.fxgl.all@17.2/com.almasb.fxgl.app.MainWindow.update(MainWindow.kt:115)
	at com.almasb.fxgl.all@17.2/com.almasb.fxgl.app.FXGLApplication$GameApplicationService.onUpdate(FXGLApplication.kt:426)
	at com.almasb.fxgl.all@17.2/com.almasb.fxgl.app.Engine.loop(Engine.kt:134)
	at com.almasb.fxgl.all@17.2/com.almasb.fxgl.app.Engine.access$loop(Engine.kt:24)
	at com.almasb.fxgl.all@17.2/com.almasb.fxgl.app.Engine$loop$1.invoke(Engine.kt:28)
	at com.almasb.fxgl.all@17.2/com.almasb.fxgl.app.Engine$loop$1.invoke(Engine.kt:28)
	at com.almasb.fxgl.all@17.2/com.almasb.fxgl.app.LoopRunner.frame(LoopRunner.kt:103)
	at com.almasb.fxgl.all@17.2/com.almasb.fxgl.app.LoopRunner.access$frame(LoopRunner.kt:23)
	at com.almasb.fxgl.all@17.2/com.almasb.fxgl.app.LoopRunner$impl$2$1.onTick(LoopRunner.kt:57)
	at com.almasb.fxgl.all@17.2/com.almasb.fxgl.app.AnimationTimerLoop$timer$1.handle(LoopRunner.kt:137)
	at javafx.graphics@18.0.2/javafx.animation.AnimationTimer$AnimationTimerReceiver.lambda$handle$0(AnimationTimer.java:58)
	at java.base/java.security.AccessController.doPrivileged(AccessController.java:399)
	at javafx.graphics@18.0.2/javafx.animation.AnimationTimer$AnimationTimerReceiver.handle(AnimationTimer.java:57)
	at javafx.graphics@18.0.2/com.sun.scenario.animation.AbstractPrimaryTimer.timePulseImpl(AbstractPrimaryTimer.java:356)
	at javafx.graphics@18.0.2/com.sun.scenario.animation.AbstractPrimaryTimer$MainLoop.run(AbstractPrimaryTimer.java:266)
	at javafx.graphics@18.0.2/com.sun.javafx.tk.quantum.QuantumToolkit.pulse(QuantumToolkit.java:571)
	at javafx.graphics@18.0.2/com.sun.javafx.tk.quantum.QuantumToolkit.pulse(QuantumToolkit.java:555)
	at javafx.graphics@18.0.2/com.sun.javafx.tk.quantum.QuantumToolkit.pulseFromQueue(QuantumToolkit.java:548)
	at javafx.graphics@18.0.2/com.sun.javafx.tk.quantum.QuantumToolkit.lambda$runToolkit$11(QuantumToolkit.java:352)
	at javafx.graphics@18.0.2/com.sun.glass.ui.InvokeLaterDispatcher$Future.run(InvokeLaterDispatcher.java:96)
	at javafx.graphics@18.0.2/com.sun.glass.ui.win.WinApplication._runLoop(Native Method)
	at javafx.graphics@18.0.2/com.sun.glass.ui.win.WinApplication.lambda$runLoop$3(WinApplication.java:184)
	at java.base/java.lang.Thread.run(Thread.java:833)

17:22:56.765 [JavaFX Application Thread] FATAL FXGLApplication      - Application will now exit
17:22:56.774 [JavaFX Application Thread] DEBUG PrimaryStageWindow   - Push state: ErrorSubScene
17:22:56.774 [JavaFX Application Thread] DEBUG Input                - Clearing active input actions
17:22:56.776 [JavaFX Application Thread] DEBUG GameApplicationServi - Removing overlay from GameScene and adding to ErrorSubScene
17:22:56.776 [JavaFX Application Thread] DEBUG PrimaryStageWindow   - GameScene -> ErrorSubScene
17:22:57.380 [JavaFX Application Thread] DEBUG FXGLApplication      - Exiting FXGL
17:22:57.380 [JavaFX Application Thread] DEBUG Async                - Shutting down background threads
17:22:57.380 [JavaFX Application Thread] DEBUG PrimaryStageWindow   - Closing main window
17:22:57.384 [JavaFX Application Thread] DEBUG Logger               - Closing Logger
