15:56:08.992 [main                     ] DEBUG Logger               - Configured Logger
15:56:09.008 [main                     ] DEBUG GameApplication      - Logging settings
Title: Brick Breaker
Version: 0.0
Width: 600
Height: 600
Fullscreen: false
Intro: false
Profiling: false
Single step:false
App Mode: DEVELOPER
Menu Key: ESCAPE
Stage Style: DECORATED
Scene Factory: class com.example.brickbreaker.menu.CustomSceneFactory

15:56:09.272 [JavaFX Application Thread] DEBUG FXGLApplication      - Initializing FXGL
15:56:09.276 [JavaFX Application Thread] INFO  Engine               - FXGL-17.2 (20.08.2022 16.50) on WINDOWS (J:18.0.1.1 FX:18.0.2)
15:56:09.276 [JavaFX Application Thread] DEBUG Engine               - JRE Vendor Name: Oracle Corporation
15:56:09.277 [JavaFX Application Thread] DEBUG Engine               - Running on OS: Windows 10 version 10.0
15:56:09.277 [JavaFX Application Thread] DEBUG Engine               - Architecture: amd64
15:56:09.277 [JavaFX Application Thread] INFO  Engine               - Source code and latest versions at: https://github.com/AlmasB/FXGL
15:56:09.277 [JavaFX Application Thread] INFO  Engine               -       Ask questions and discuss at: https://github.com/AlmasB/FXGL/discussions
15:56:09.277 [JavaFX Application Thread] INFO  Engine               -              Join the FXGL chat at: https://gitter.im/AlmasB/FXGL
15:56:09.332 [JavaFX Application Thread] DEBUG PrimaryStageWindow   - Creating a JavaFX scene
15:56:09.356 [JavaFX Application Thread] DEBUG PrimaryStageWindow   - Target settings size: 600.0 x 600.0
15:56:09.356 [JavaFX Application Thread] DEBUG PrimaryStageWindow   - Scaled scene size:    600.0 x 600.0
15:56:09.356 [JavaFX Application Thread] DEBUG PrimaryStageWindow   - Scaled ratio: (1.0, 1.0)
15:56:09.357 [JavaFX Application Thread] DEBUG PrimaryStageWindow   - Set initial scene to FXGLStartupScene
15:56:09.360 [JavaFX Application Thread] DEBUG PrimaryStageWindow   - Opening main window
15:56:09.399 [JavaFX Application Thread] DEBUG PrimaryStageWindow   - Window border size: (16.0, 39.0)
15:56:09.400 [JavaFX Application Thread] DEBUG PrimaryStageWindow   - Scaled size: 600.0 x 600.0
15:56:09.400 [JavaFX Application Thread] DEBUG PrimaryStageWindow   - Scaled ratio: (1.0, 1.0)
15:56:09.400 [JavaFX Application Thread] DEBUG PrimaryStageWindow   - Scene size: 600.0 x 600.0
15:56:09.400 [JavaFX Application Thread] DEBUG PrimaryStageWindow   - Stage size: 616.0 x 639.0
15:56:09.404 [FXGL Background Thread 1 ] DEBUG Engine               - Initializing environment variables
15:56:09.428 [FXGL Background Thread 1 ] DEBUG FXGLAssetLoaderServi - User app class for loading assets: class com.example.brickbreaker.BrickBreakerApp
15:56:09.428 [FXGL Background Thread 1 ] DEBUG GameApplicationServi - Applying CSS: fxgl_dark.css
15:56:09.428 [FXGL Background Thread 1 ] DEBUG FXGLAssetLoaderServi - Loading from file system: jar:file:///C:/Users/matip/.m2/repository/com/github/almasb/fxgl/17.2/fxgl-17.2.jar!/fxglassets/ui/css/fxgl_dark.css
15:56:09.451 [FXGL Background Thread 1 ] DEBUG GameApplicationServi - Initializing application scenes
15:56:09.469 [FXGL Background Thread 1 ] DEBUG GameWorld            - Game world initialized
15:56:09.493 [FXGL Background Thread 1 ] DEBUG PhysicsWorld         - Physics world initialized: appHeight=600, physics.ppm=50.0
15:56:09.494 [FXGL Background Thread 1 ] DEBUG PhysicsWorld         - Using strategy: BRUTE_FORCE
15:56:09.497 [FXGL Background Thread 1 ] DEBUG GameScene            - Game scene initialized: 600x600
15:56:09.498 [FXGL Background Thread 1 ] DEBUG FXGLAssetLoaderServi - Loading from file system: file:/C:/Users/matip/Desktop/JavaProjects/brick-breaker/target/classes/assets/textures/brick-wall.png
15:56:09.531 [FXGL Background Thread 1 ] WARN  FXGL.DefaultMenu     - FXGLDefaultMenu is not designed for resolutions < 800x600
15:56:09.532 [FXGL Background Thread 1 ] DEBUG FXGL.DefaultMenu     - createMenuBodyGameMenu()
15:56:09.538 [FXGL Background Thread 1 ] DEBUG FXGL.DefaultMenu     - createOptionsMenu()
15:56:09.547 [FXGL Background Thread 1 ] DEBUG FXGLAssetLoaderServi - Loading from file system: jar:file:///C:/Users/matip/.m2/repository/com/github/almasb/fxgl/17.2/fxgl-17.2.jar!/fxglassets/textures/particles/smoke.png
15:56:09.594 [FXGL Background Thread 1 ] DEBUG FXGLAssetLoaderServi - Loading from file system: jar:file:///C:/Users/matip/.m2/repository/com/github/almasb/fxgl/17.2/fxgl-17.2.jar!/fxglassets/textures/particles/trace_horizontal.png
15:56:09.604 [FXGL Background Thread 1 ] DEBUG GameApplicationServi - Application scenes initialized
15:56:09.610 [FXGL Background Thread 1 ] DEBUG SystemBundleService  - Loading FXGL system data
15:56:09.613 [FXGL Background Thread 1 ] DEBUG FileSystemAccess     - Reading from: C:\Users\matip\Desktop\JavaProjects\brick-breaker\system\fxgl.bundle
15:56:09.617 [FXGL Background Thread 1 ] DEBUG SystemBundleService  - Bundle FXGL: {}
15:56:09.617 [FXGL Background Thread 1 ] DEBUG UpdaterService       - Checking for updates
15:56:09.620 [FXGL Background Thread 4 ] DEBUG FXGLApplication      - Loading fonts
15:56:09.620 [FXGL Background Thread 1 ] DEBUG FXGLApplication      - Loading default localization
15:56:09.620 [FXGL Background Thread 4 ] DEBUG FXGLAssetLoaderServi - Loading from file system: jar:file:///C:/Users/matip/.m2/repository/com/github/almasb/fxgl/17.2/fxgl-17.2.jar!/fxglassets/ui/fonts/VarelaRound-Regular.ttf
15:56:09.620 [FXGL Background Thread 1 ] DEBUG FXGLAssetLoaderServi - Loading from file system: jar:file:///C:/Users/matip/.m2/repository/com/github/almasb/fxgl/17.2/fxgl-17.2.jar!/fxglassets/languages/english.lang
15:56:09.630 [FXGL Background Thread 1 ] INFO  FXGLApplication      - FXGL initialization took: 0.225 sec
15:56:09.636 [JavaFX Application Thread] DEBUG Input                - Registered new binding: action0 - D
15:56:09.636 [JavaFX Application Thread] DEBUG Input                - Registered new binding: action1 - A
15:56:09.636 [JavaFX Application Thread] DEBUG FXGLAssetLoaderServi - Loading from file system: jar:file:///C:/Users/matip/.m2/repository/com/github/almasb/fxgl/17.2/fxgl-17.2.jar!/fxglassets/textures/fxgl_icon.png
15:56:09.642 [JavaFX Application Thread] DEBUG FXGLAssetLoaderServi - Loading from file system: jar:file:///C:/Users/matip/.m2/repository/com/github/almasb/fxgl/17.2/fxgl-17.2.jar!/fxglassets/textures/fxgl_default_cursor.png
15:56:09.643 [JavaFX Application Thread] DEBUG Input                - Registered new binding: Screenshot - CTRL+8
15:56:09.643 [JavaFX Application Thread] DEBUG Input                - Registered new binding: System info dump - CTRL+9
15:56:09.643 [JavaFX Application Thread] DEBUG Input                - Registered new binding: Restart - CTRL+R
15:56:09.643 [JavaFX Application Thread] DEBUG Input                - Registered new binding: Toggle Debug Camera - CTRL+7
15:56:09.645 [JavaFX Application Thread] DEBUG LoopRunner           - Starting loop
15:56:09.645 [JavaFX Application Thread] DEBUG LoopRunner           - Initializing JavaFX AnimationTimerLoop
15:56:09.645 [FXGL Background Thread 4 ] DEBUG FXGLAssetLoaderServi - Loading from file system: jar:file:///C:/Users/matip/.m2/repository/com/github/almasb/fxgl/17.2/fxgl-17.2.jar!/fxglassets/ui/fonts/Abel-Regular.ttf
15:56:09.646 [JavaFX Application Thread] DEBUG Input                - Clearing active input actions
15:56:09.647 [FXGL Background Thread 4 ] DEBUG FXGLAssetLoaderServi - Loading from file system: jar:file:///C:/Users/matip/.m2/repository/com/github/almasb/fxgl/17.2/fxgl-17.2.jar!/fxglassets/ui/fonts/TerminalLandMono-Regular.otf
15:56:09.649 [FXGL Background Thread 4 ] DEBUG FXGLAssetLoaderServi - Loading from file system: jar:file:///C:/Users/matip/.m2/repository/com/github/almasb/fxgl/17.2/fxgl-17.2.jar!/fxglassets/ui/fonts/Courier-Prime.ttf
15:56:09.650 [JavaFX Application Thread] DEBUG GameApplicationServi - Removing overlay from FXGLStartupScene and adding to FXGLMainMenuDummyScene
15:56:09.651 [JavaFX Application Thread] DEBUG PrimaryStageWindow   - FXGLStartupScene -> FXGLMainMenuDummyScene
15:56:09.651 [JavaFX Application Thread] DEBUG PrimaryStageWindow   - Push state: MainMenu
15:56:09.651 [JavaFX Application Thread] DEBUG Input                - Clearing active input actions
15:56:09.651 [JavaFX Application Thread] DEBUG GameApplicationServi - Removing overlay from FXGLMainMenuDummyScene and adding to MainMenu
15:56:09.651 [JavaFX Application Thread] DEBUG PrimaryStageWindow   - FXGLMainMenuDummyScene -> MainMenu
15:56:09.657 [JavaFX Application Thread] DEBUG FXGLApplication      - Registering font factories with UI factory
15:56:09.887 [FXGL Background Thread 2 ] INFO  UpdaterService       - Your current version:  17.2
15:56:09.887 [FXGL Background Thread 2 ] INFO  UpdaterService       - Latest stable version: 17.3
15:56:10.209 [JavaFX Application Thread] DEBUG Menu                 - fireNewGame()
15:56:10.209 [JavaFX Application Thread] DEBUG GameApplicationServi - Starting new game
15:56:10.209 [JavaFX Application Thread] DEBUG PrimaryStageWindow   - Pop state: MainMenu
15:56:10.209 [JavaFX Application Thread] DEBUG Input                - Clearing active input actions
15:56:10.209 [JavaFX Application Thread] DEBUG GameApplicationServi - Removing overlay from MainMenu and adding to FXGLMainMenuDummyScene
15:56:10.210 [JavaFX Application Thread] DEBUG PrimaryStageWindow   - FXGLMainMenuDummyScene <- MainMenu
15:56:10.210 [JavaFX Application Thread] DEBUG Input                - Clearing active input actions
15:56:10.217 [JavaFX Application Thread] DEBUG GameApplicationServi - Removing overlay from FXGLMainMenuDummyScene and adding to FXGLLoadingScene
15:56:10.217 [JavaFX Application Thread] DEBUG PrimaryStageWindow   - FXGLMainMenuDummyScene -> FXGLLoadingScene
15:56:10.217 [JavaFX Application Thread] DEBUG GameApplicationServi - Clearing previous game
15:56:10.217 [JavaFX Application Thread] DEBUG GameScene            - Clearing game scene
15:56:10.217 [JavaFX Application Thread] DEBUG GameWorld            - Clearing game world
15:56:10.217 [JavaFX Application Thread] DEBUG PhysicsWorld         - Clearing physics world
15:56:10.218 [FXGL Background Thread 2 ] DEBUG FXGLApplication      - Initializing game
15:56:10.228 [FXGL Background Thread 2 ] WARN  GameWorld            - Entity is already attached to world
15:56:10.229 [FXGL Background Thread 2 ] DEBUG FXGLAssetLoaderServi - Loading from file system: file:/C:/Users/matip/Desktop/JavaProjects/brick-breaker/target/classes/assets/textures/brick.png
15:56:10.231 [FXGL Background Thread 2 ] WARN  GameWorld            - Entity is already attached to world
15:56:10.231 [FXGL Background Thread 2 ] WARN  GameWorld            - Entity is already attached to world
15:56:10.232 [FXGL Background Thread 2 ] WARN  GameWorld            - Entity is already attached to world
15:56:10.233 [FXGL Background Thread 2 ] WARN  GameWorld            - Entity is already attached to world
15:56:10.233 [FXGL Background Thread 2 ] WARN  GameWorld            - Entity is already attached to world
15:56:10.233 [FXGL Background Thread 2 ] WARN  GameWorld            - Entity is already attached to world
15:56:10.234 [FXGL Background Thread 2 ] WARN  GameWorld            - Entity is already attached to world
15:56:10.235 [FXGL Background Thread 2 ] WARN  GameWorld            - Entity is already attached to world
15:56:10.235 [FXGL Background Thread 2 ] WARN  GameWorld            - Entity is already attached to world
15:56:10.236 [FXGL Background Thread 2 ] WARN  GameWorld            - Entity is already attached to world
15:56:10.236 [FXGL Background Thread 2 ] WARN  GameWorld            - Entity is already attached to world
15:56:10.237 [FXGL Background Thread 2 ] WARN  GameWorld            - Entity is already attached to world
15:56:10.238 [FXGL Background Thread 2 ] WARN  GameWorld            - Entity is already attached to world
15:56:10.238 [FXGL Background Thread 2 ] WARN  GameWorld            - Entity is already attached to world
15:56:10.239 [FXGL Background Thread 2 ] WARN  GameWorld            - Entity is already attached to world
15:56:10.240 [FXGL Background Thread 2 ] WARN  GameWorld            - Entity is already attached to world
15:56:10.240 [FXGL Background Thread 2 ] WARN  GameWorld            - Entity is already attached to world
15:56:10.241 [FXGL Background Thread 2 ] WARN  GameWorld            - Entity is already attached to world
15:56:10.241 [FXGL Background Thread 2 ] WARN  GameWorld            - Entity is already attached to world
15:56:10.242 [FXGL Background Thread 2 ] WARN  GameWorld            - Entity is already attached to world
15:56:10.242 [FXGL Background Thread 2 ] WARN  GameWorld            - Entity is already attached to world
15:56:10.243 [FXGL Background Thread 2 ] WARN  GameWorld            - Entity is already attached to world
15:56:10.243 [FXGL Background Thread 2 ] WARN  GameWorld            - Entity is already attached to world
15:56:10.244 [FXGL Background Thread 2 ] WARN  GameWorld            - Entity is already attached to world
15:56:10.244 [FXGL Background Thread 2 ] WARN  GameWorld            - Entity is already attached to world
15:56:10.244 [FXGL Background Thread 2 ] WARN  GameWorld            - Entity is already attached to world
15:56:10.245 [FXGL Background Thread 2 ] WARN  GameWorld            - Entity is already attached to world
15:56:10.245 [FXGL Background Thread 2 ] WARN  GameWorld            - Entity is already attached to world
15:56:10.246 [FXGL Background Thread 2 ] WARN  GameWorld            - Entity is already attached to world
15:56:10.246 [FXGL Background Thread 2 ] WARN  GameWorld            - Entity is already attached to world
15:56:10.247 [FXGL Background Thread 2 ] WARN  GameWorld            - Entity is already attached to world
15:56:10.247 [FXGL Background Thread 2 ] WARN  GameWorld            - Entity is already attached to world
15:56:10.248 [FXGL Background Thread 2 ] WARN  GameWorld            - Entity is already attached to world
15:56:10.248 [FXGL Background Thread 2 ] WARN  GameWorld            - Entity is already attached to world
15:56:10.249 [FXGL Background Thread 2 ] WARN  GameWorld            - Entity is already attached to world
15:56:10.249 [FXGL Background Thread 2 ] WARN  GameWorld            - Entity is already attached to world
15:56:10.250 [FXGL Background Thread 2 ] WARN  GameWorld            - Entity is already attached to world
15:56:10.250 [FXGL Background Thread 2 ] WARN  GameWorld            - Entity is already attached to world
15:56:10.251 [FXGL Background Thread 2 ] WARN  GameWorld            - Entity is already attached to world
15:56:10.251 [FXGL Background Thread 2 ] WARN  GameWorld            - Entity is already attached to world
15:56:10.251 [FXGL Background Thread 2 ] WARN  GameWorld            - Entity is already attached to world
15:56:10.252 [FXGL Background Thread 2 ] WARN  GameWorld            - Entity is already attached to world
15:56:10.253 [FXGL Background Thread 2 ] WARN  GameWorld            - Entity is already attached to world
15:56:10.253 [FXGL Background Thread 2 ] WARN  GameWorld            - Entity is already attached to world
15:56:10.254 [FXGL Background Thread 2 ] WARN  GameWorld            - Entity is already attached to world
15:56:10.254 [FXGL Background Thread 2 ] WARN  GameWorld            - Entity is already attached to world
15:56:10.255 [FXGL Background Thread 2 ] WARN  GameWorld            - Entity is already attached to world
15:56:10.255 [FXGL Background Thread 2 ] WARN  GameWorld            - Entity is already attached to world
15:56:10.256 [FXGL Background Thread 2 ] WARN  GameWorld            - Entity is already attached to world
15:56:10.256 [FXGL Background Thread 2 ] WARN  GameWorld            - Entity is already attached to world
15:56:10.257 [FXGL Background Thread 2 ] WARN  GameWorld            - Entity is already attached to world
15:56:10.257 [FXGL Background Thread 2 ] WARN  GameWorld            - Entity is already attached to world
15:56:10.258 [FXGL Background Thread 2 ] WARN  GameWorld            - Entity is already attached to world
15:56:10.258 [FXGL Background Thread 2 ] WARN  GameWorld            - Entity is already attached to world
15:56:10.259 [FXGL Background Thread 2 ] WARN  GameWorld            - Entity is already attached to world
15:56:10.259 [FXGL Background Thread 2 ] WARN  GameWorld            - Entity is already attached to world
15:56:10.260 [FXGL Background Thread 2 ] WARN  GameWorld            - Entity is already attached to world
15:56:10.260 [FXGL Background Thread 2 ] WARN  GameWorld            - Entity is already attached to world
15:56:10.260 [FXGL Background Thread 2 ] WARN  GameWorld            - Entity is already attached to world
15:56:10.261 [FXGL Background Thread 2 ] WARN  GameWorld            - Entity is already attached to world
15:56:10.261 [FXGL Background Thread 2 ] WARN  GameWorld            - Entity is already attached to world
15:56:10.262 [FXGL Background Thread 2 ] WARN  GameWorld            - Entity is already attached to world
15:56:10.262 [FXGL Background Thread 2 ] WARN  GameWorld            - Entity is already attached to world
15:56:10.262 [FXGL Background Thread 2 ] WARN  GameWorld            - Entity is already attached to world
15:56:10.263 [FXGL Background Thread 2 ] WARN  GameWorld            - Entity is already attached to world
15:56:10.263 [FXGL Background Thread 2 ] WARN  GameWorld            - Entity is already attached to world
15:56:10.264 [FXGL Background Thread 2 ] DEBUG FXGLAssetLoaderServi - Loading from file system: file:/C:/Users/matip/Desktop/JavaProjects/brick-breaker/target/classes/assets/textures/ball.png
15:56:10.265 [FXGL Background Thread 2 ] WARN  GameWorld            - Entity is already attached to world
15:56:10.266 [FXGL Background Thread 2 ] INFO  FXGLApplication      - Game initialization took: 0.048 sec
15:56:10.276 [JavaFX Application Thread] DEBUG Input                - Clearing active input actions
15:56:10.282 [JavaFX Application Thread] DEBUG GameApplicationServi - Removing overlay from FXGLLoadingScene and adding to GameScene
15:56:10.282 [JavaFX Application Thread] DEBUG PrimaryStageWindow   - FXGLLoadingScene -> GameScene
15:56:12.621 [FXGL Background Thread 3 ] DEBUG Engine               - Logging environment variables
15:56:12.621 [FXGL Background Thread 3 ] DEBUG Engine               - achievements: []
15:56:12.621 [FXGL Background Thread 3 ] DEBUG Engine               - actualHeight: 600.0
15:56:12.621 [FXGL Background Thread 3 ] DEBUG Engine               - actualHeightProperty: ReadOnlyDoubleProperty [value: 600.0]
15:56:12.621 [FXGL Background Thread 3 ] DEBUG Engine               - actualWidth: 600.0
15:56:12.621 [FXGL Background Thread 3 ] DEBUG Engine               - actualWidthProperty: ReadOnlyDoubleProperty [value: 600.0]
15:56:12.621 [FXGL Background Thread 3 ] DEBUG Engine               - appIcon: fxgl_icon.png
15:56:12.621 [FXGL Background Thread 3 ] DEBUG Engine               - applicationMode: DEVELOPER
15:56:12.621 [FXGL Background Thread 3 ] DEBUG Engine               - cSSList: [fxgl_dark.css]
15:56:12.621 [FXGL Background Thread 3 ] DEBUG Engine               - collisionDetectionStrategy: BRUTE_FORCE
15:56:12.621 [FXGL Background Thread 3 ] DEBUG Engine               - configClass: Optional.empty
15:56:12.621 [FXGL Background Thread 3 ] DEBUG Engine               - credits: []
15:56:12.622 [FXGL Background Thread 3 ] DEBUG Engine               - defaultCursor: CursorInfo(imageName=fxgl_default_cursor.png, hotspotX=7.0, hotspotY=6.0)
15:56:12.622 [FXGL Background Thread 3 ] DEBUG Engine               - devBBoxColorProperty: ObjectProperty [value: 0xff0000ff]
15:56:12.622 [FXGL Background Thread 3 ] DEBUG Engine               - devEnableDebugCameraProperty: BooleanProperty [value: false]
15:56:12.622 [FXGL Background Thread 3 ] DEBUG Engine               - devSensorColorProperty: ObjectProperty [value: 0xffff00ff]
15:56:12.622 [FXGL Background Thread 3 ] DEBUG Engine               - devShowBBoxProperty: BooleanProperty [value: false]
15:56:12.622 [FXGL Background Thread 3 ] DEBUG Engine               - devShowPositionProperty: BooleanProperty [value: false]
15:56:12.622 [FXGL Background Thread 3 ] DEBUG Engine               - enabledMenuItems: []
15:56:12.622 [FXGL Background Thread 3 ] DEBUG Engine               - engineServices: [class com.almasb.fxgl.app.services.FXGLAssetLoaderService, class com.almasb.fxgl.app.FXGLApplication$GameApplicationService, class com.almasb.fxgl.app.services.FXGLDialogService, class com.almasb.fxgl.app.services.IOTaskExecutorService, class com.almasb.fxgl.io.FileSystemService, class com.almasb.fxgl.localization.LocalizationService, class com.almasb.fxgl.app.services.SystemBundleService, class com.almasb.fxgl.profile.SaveLoadService, class com.almasb.fxgl.ui.FXGLUIFactoryServiceProvider, class com.almasb.fxgl.ui.FXGLDialogFactoryServiceProvider, class com.almasb.fxgl.audio.AudioPlayer, class com.almasb.fxgl.notification.impl.NotificationServiceProvider, class com.almasb.fxgl.achievement.AchievementService, class com.almasb.fxgl.cutscene.CutsceneService, class com.almasb.fxgl.minigames.MiniGameService, class com.almasb.fxgl.net.NetService, class com.almasb.fxgl.app.services.UpdaterService, class com.almasb.fxgl.dev.DevService]
15:56:12.622 [FXGL Background Thread 3 ] DEBUG Engine               - fontGame: Abel-Regular.ttf
15:56:12.622 [FXGL Background Thread 3 ] DEBUG Engine               - fontMono: TerminalLandMono-Regular.otf
15:56:12.622 [FXGL Background Thread 3 ] DEBUG Engine               - fontText: Courier-Prime.ttf
15:56:12.622 [FXGL Background Thread 3 ] DEBUG Engine               - fontUI: VarelaRound-Regular.ttf
15:56:12.622 [FXGL Background Thread 3 ] DEBUG Engine               - fullScreen: BooleanProperty [value: false]
15:56:12.622 [FXGL Background Thread 3 ] DEBUG Engine               - gameDifficulty: MEDIUM
15:56:12.622 [FXGL Background Thread 3 ] DEBUG Engine               - gameDifficultyProperty: ObjectProperty [value: MEDIUM]
15:56:12.622 [FXGL Background Thread 3 ] DEBUG Engine               - globalMusicVolume: 0.5
15:56:12.622 [FXGL Background Thread 3 ] DEBUG Engine               - globalMusicVolumeProperty: DoubleProperty [value: 0.5]
15:56:12.622 [FXGL Background Thread 3 ] DEBUG Engine               - globalSoundVolume: 0.5
15:56:12.622 [FXGL Background Thread 3 ] DEBUG Engine               - globalSoundVolumeProperty: DoubleProperty [value: 0.5]
15:56:12.622 [FXGL Background Thread 3 ] DEBUG Engine               - height: 600
15:56:12.622 [FXGL Background Thread 3 ] DEBUG Engine               - is3D: false
15:56:12.622 [FXGL Background Thread 3 ] DEBUG Engine               - isAndroid: false
15:56:12.622 [FXGL Background Thread 3 ] DEBUG Engine               - isBrowser: false
15:56:12.622 [FXGL Background Thread 3 ] DEBUG Engine               - isClickFeedbackEnabled: false
15:56:12.622 [FXGL Background Thread 3 ] DEBUG Engine               - isCloseConfirmation: false
15:56:12.622 [FXGL Background Thread 3 ] DEBUG Engine               - isDesktop: true
15:56:12.622 [FXGL Background Thread 3 ] DEBUG Engine               - isDeveloperMenuEnabled: false
15:56:12.622 [FXGL Background Thread 3 ] DEBUG Engine               - isEmbedded: false
15:56:12.622 [FXGL Background Thread 3 ] DEBUG Engine               - isEntityPreloadEnabled: true
15:56:12.622 [FXGL Background Thread 3 ] DEBUG Engine               - isExperimentalTiledLargeMap: false
15:56:12.623 [FXGL Background Thread 3 ] DEBUG Engine               - isFileSystemWriteAllowed: true
15:56:12.623 [FXGL Background Thread 3 ] DEBUG Engine               - isFullScreenAllowed: false
15:56:12.623 [FXGL Background Thread 3 ] DEBUG Engine               - isFullScreenFromStart: false
15:56:12.623 [FXGL Background Thread 3 ] DEBUG Engine               - isGameMenuEnabled: true
15:56:12.623 [FXGL Background Thread 3 ] DEBUG Engine               - isIOS: false
15:56:12.623 [FXGL Background Thread 3 ] DEBUG Engine               - isIntroEnabled: false
15:56:12.623 [FXGL Background Thread 3 ] DEBUG Engine               - isLinux: false
15:56:12.623 [FXGL Background Thread 3 ] DEBUG Engine               - isMac: false
15:56:12.623 [FXGL Background Thread 3 ] DEBUG Engine               - isMainMenuEnabled: true
15:56:12.623 [FXGL Background Thread 3 ] DEBUG Engine               - isManualResizeEnabled: false
15:56:12.623 [FXGL Background Thread 3 ] DEBUG Engine               - isMobile: false
15:56:12.623 [FXGL Background Thread 3 ] DEBUG Engine               - isNative: false
15:56:12.623 [FXGL Background Thread 3 ] DEBUG Engine               - isPauseMusicWhenMinimized: true
15:56:12.623 [FXGL Background Thread 3 ] DEBUG Engine               - isPreserveResizeRatio: false
15:56:12.623 [FXGL Background Thread 3 ] DEBUG Engine               - isProfilingEnabled: false
15:56:12.623 [FXGL Background Thread 3 ] DEBUG Engine               - isScaleAffectedOnResize: true
15:56:12.623 [FXGL Background Thread 3 ] DEBUG Engine               - isSingleStep: false
15:56:12.623 [FXGL Background Thread 3 ] DEBUG Engine               - isUserProfileEnabled: false
15:56:12.623 [FXGL Background Thread 3 ] DEBUG Engine               - isWindows: true
15:56:12.623 [FXGL Background Thread 3 ] DEBUG Engine               - language: ObjectProperty [value: ENGLISH]
15:56:12.623 [FXGL Background Thread 3 ] DEBUG Engine               - menuKey: ESCAPE
15:56:12.623 [FXGL Background Thread 3 ] DEBUG Engine               - mouseSensitivity: 0.2
15:56:12.623 [FXGL Background Thread 3 ] DEBUG Engine               - notificationViewClass: class com.almasb.fxgl.notification.view.XboxNotificationView
15:56:12.623 [FXGL Background Thread 3 ] DEBUG Engine               - pixelsPerMeter: 50.0
15:56:12.623 [FXGL Background Thread 3 ] DEBUG Engine               - platform: WINDOWS
15:56:12.623 [FXGL Background Thread 3 ] DEBUG Engine               - prefHeightProperty: ReadOnlyDoubleProperty [value: 600.0]
15:56:12.623 [FXGL Background Thread 3 ] DEBUG Engine               - prefWidthProperty: ReadOnlyDoubleProperty [value: 600.0]
15:56:12.623 [FXGL Background Thread 3 ] DEBUG Engine               - profileDir: profiles/
15:56:12.623 [FXGL Background Thread 3 ] DEBUG Engine               - profileName: StringProperty [value: DEFAULT]
15:56:12.623 [FXGL Background Thread 3 ] DEBUG Engine               - randomSeed: -1
15:56:12.623 [FXGL Background Thread 3 ] DEBUG Engine               - runtimeInfo: RuntimeInfo(platform=WINDOWS, version=17.2, build=20.08.2022 16.50)
15:56:12.623 [FXGL Background Thread 3 ] DEBUG Engine               - saveFileExt: sav
15:56:12.624 [FXGL Background Thread 3 ] DEBUG Engine               - scaledHeightProp$fxgl: DoubleProperty [bound, value: 600.0]
15:56:12.624 [FXGL Background Thread 3 ] DEBUG Engine               - scaledWidthProp$fxgl: DoubleProperty [bound, value: 600.0]
15:56:12.624 [FXGL Background Thread 3 ] DEBUG Engine               - sceneFactory: com.example.brickbreaker.menu.CustomSceneFactory@2f48f4d2
15:56:12.624 [FXGL Background Thread 3 ] DEBUG Engine               - secondsIn24h: 60
15:56:12.624 [FXGL Background Thread 3 ] DEBUG Engine               - soundMenuBack: menu/back.wav
15:56:12.624 [FXGL Background Thread 3 ] DEBUG Engine               - soundMenuPress: menu/press.wav
15:56:12.624 [FXGL Background Thread 3 ] DEBUG Engine               - soundMenuSelect: menu/select.wav
15:56:12.624 [FXGL Background Thread 3 ] DEBUG Engine               - soundNotification: core/notification.wav
15:56:12.624 [FXGL Background Thread 3 ] DEBUG Engine               - stageStyle: DECORATED
15:56:12.624 [FXGL Background Thread 3 ] DEBUG Engine               - supportedLanguages: [ENGLISH, FRENCH, GERMAN, HUNGARIAN, RUSSIAN]
15:56:12.624 [FXGL Background Thread 3 ] DEBUG Engine               - ticksPerSecond: -1
15:56:12.624 [FXGL Background Thread 3 ] DEBUG Engine               - title: Brick Breaker
15:56:12.624 [FXGL Background Thread 3 ] DEBUG Engine               - urlGithub: https://github.com/AlmasB/FXGL
15:56:12.624 [FXGL Background Thread 3 ] DEBUG Engine               - urlLeaderboard: http://fxgl-top.herokuapp.com/
15:56:12.624 [FXGL Background Thread 3 ] DEBUG Engine               - urlPOM: https://raw.githubusercontent.com/AlmasB/FXGL/release/README.md
15:56:12.624 [FXGL Background Thread 3 ] DEBUG Engine               - userAppClass: class com.example.brickbreaker.BrickBreakerApp
15:56:12.624 [FXGL Background Thread 3 ] DEBUG Engine               - version: 0.0
15:56:12.624 [FXGL Background Thread 3 ] DEBUG Engine               - versionCheckDays: 7
15:56:12.624 [FXGL Background Thread 3 ] DEBUG Engine               - width: 600
15:56:12.624 [FXGL Background Thread 3 ] DEBUG Engine               - Logging services
15:56:12.624 [FXGL Background Thread 3 ] DEBUG Engine               - class com.almasb.fxgl.app.services.FXGLAssetLoaderService
15:56:12.624 [FXGL Background Thread 3 ] DEBUG Engine               - class com.almasb.fxgl.app.FXGLApplication$GameApplicationService
15:56:12.624 [FXGL Background Thread 3 ] DEBUG Engine               - class com.almasb.fxgl.app.services.FXGLDialogService
15:56:12.624 [FXGL Background Thread 3 ] DEBUG Engine               - class com.almasb.fxgl.app.services.IOTaskExecutorService
15:56:12.624 [FXGL Background Thread 3 ] DEBUG Engine               - class com.almasb.fxgl.io.FileSystemService
15:56:12.624 [FXGL Background Thread 3 ] DEBUG Engine               - class com.almasb.fxgl.localization.LocalizationService
15:56:12.624 [FXGL Background Thread 3 ] DEBUG Engine               - class com.almasb.fxgl.app.services.SystemBundleService
15:56:12.624 [FXGL Background Thread 3 ] DEBUG Engine               - class com.almasb.fxgl.profile.SaveLoadService
15:56:12.624 [FXGL Background Thread 3 ] DEBUG Engine               - class com.almasb.fxgl.ui.FXGLUIFactoryServiceProvider
15:56:12.624 [FXGL Background Thread 3 ] DEBUG Engine               - class com.almasb.fxgl.ui.FXGLDialogFactoryServiceProvider
15:56:12.624 [FXGL Background Thread 3 ] DEBUG Engine               - class com.almasb.fxgl.audio.AudioPlayer
15:56:12.624 [FXGL Background Thread 3 ] DEBUG Engine               - class com.almasb.fxgl.notification.impl.NotificationServiceProvider
15:56:12.624 [FXGL Background Thread 3 ] DEBUG Engine               - class com.almasb.fxgl.achievement.AchievementService
15:56:12.624 [FXGL Background Thread 3 ] DEBUG Engine               - class com.almasb.fxgl.cutscene.CutsceneService
15:56:12.624 [FXGL Background Thread 3 ] DEBUG Engine               - class com.almasb.fxgl.minigames.MiniGameService
15:56:12.624 [FXGL Background Thread 3 ] DEBUG Engine               - class com.almasb.fxgl.net.NetService
15:56:12.624 [FXGL Background Thread 3 ] DEBUG Engine               - class com.almasb.fxgl.app.services.UpdaterService
15:56:12.624 [FXGL Background Thread 3 ] DEBUG Engine               - class com.almasb.fxgl.dev.DevService
15:57:51.328 [JavaFX Application Thread] DEBUG LoopRunner           - Stopping loop
15:57:51.329 [JavaFX Application Thread] FATAL FXGLApplication      - Uncaught Exception:
java.lang.IllegalArgumentException: Property velocity does not exist
	at com.almasb.fxgl.core@17.2/com.almasb.fxgl.core.collection.PropertyMap.get(PropertyMap.kt:251)
	at com.almasb.fxgl.core@17.2/com.almasb.fxgl.core.collection.PropertyMap.objectProperty(PropertyMap.kt:169)
	at com.almasb.fxgl.core@17.2/com.almasb.fxgl.core.collection.PropertyMap.getObject(PropertyMap.kt:158)
	at com.almasb.fxgl.entity@17.2/com.almasb.fxgl.entity.Entity.getObject(Entity.java:328)
	at com.example.brickbreaker/com.example.brickbreaker.BrickBreakerApp.onUpdate(BrickBreakerApp.java:79)
	at com.almasb.fxgl.all@17.2/com.almasb.fxgl.app.FXGLApplication$GameApplicationService.onGameUpdate(FXGLApplication.kt:421)
	at com.almasb.fxgl.all@17.2/com.almasb.fxgl.app.Engine.onGameUpdate(Engine.kt:138)
	at com.almasb.fxgl.all@17.2/com.almasb.fxgl.app.FXGLApplication.postServicesInit$lambda-7(FXGLApplication.kt:182)
	at com.almasb.fxgl.scene@17.2/com.almasb.fxgl.scene.Scene.update(Scene.kt:113)
	at com.almasb.fxgl.all@17.2/com.almasb.fxgl.app.MainWindow$update$1.invoke(MainWindow.kt:115)
	at com.almasb.fxgl.all@17.2/com.almasb.fxgl.app.MainWindow$update$1.invoke(MainWindow.kt:115)
	at com.almasb.fxgl.core@17.2/com.almasb.fxgl.core.fsm.StateMachine.runOnActiveStates(StateMachine.kt:69)
	at com.almasb.fxgl.all@17.2/com.almasb.fxgl.app.MainWindow.update(MainWindow.kt:115)
	at com.almasb.fxgl.all@17.2/com.almasb.fxgl.app.FXGLApplication$GameApplicationService.onUpdate(FXGLApplication.kt:426)
	at com.almasb.fxgl.all@17.2/com.almasb.fxgl.app.Engine.loop(Engine.kt:134)
	at com.almasb.fxgl.all@17.2/com.almasb.fxgl.app.Engine.access$loop(Engine.kt:24)
	at com.almasb.fxgl.all@17.2/com.almasb.fxgl.app.Engine$loop$1.invoke(Engine.kt:28)
	at com.almasb.fxgl.all@17.2/com.almasb.fxgl.app.Engine$loop$1.invoke(Engine.kt:28)
	at com.almasb.fxgl.all@17.2/com.almasb.fxgl.app.LoopRunner.frame(LoopRunner.kt:103)
	at com.almasb.fxgl.all@17.2/com.almasb.fxgl.app.LoopRunner.access$frame(LoopRunner.kt:23)
	at com.almasb.fxgl.all@17.2/com.almasb.fxgl.app.LoopRunner$impl$2$1.onTick(LoopRunner.kt:57)
	at com.almasb.fxgl.all@17.2/com.almasb.fxgl.app.AnimationTimerLoop$timer$1.handle(LoopRunner.kt:137)
	at javafx.graphics@18.0.2/javafx.animation.AnimationTimer$AnimationTimerReceiver.lambda$handle$0(AnimationTimer.java:58)
	at java.base/java.security.AccessController.doPrivileged(AccessController.java:399)
	at javafx.graphics@18.0.2/javafx.animation.AnimationTimer$AnimationTimerReceiver.handle(AnimationTimer.java:57)
	at javafx.graphics@18.0.2/com.sun.scenario.animation.AbstractPrimaryTimer.timePulseImpl(AbstractPrimaryTimer.java:356)
	at javafx.graphics@18.0.2/com.sun.scenario.animation.AbstractPrimaryTimer$MainLoop.run(AbstractPrimaryTimer.java:266)
	at javafx.graphics@18.0.2/com.sun.javafx.tk.quantum.QuantumToolkit.pulse(QuantumToolkit.java:571)
	at javafx.graphics@18.0.2/com.sun.javafx.tk.quantum.QuantumToolkit.pulse(QuantumToolkit.java:555)
	at javafx.graphics@18.0.2/com.sun.javafx.tk.quantum.QuantumToolkit.pulseFromQueue(QuantumToolkit.java:548)
	at javafx.graphics@18.0.2/com.sun.javafx.tk.quantum.QuantumToolkit.lambda$runToolkit$11(QuantumToolkit.java:352)
	at javafx.graphics@18.0.2/com.sun.glass.ui.InvokeLaterDispatcher$Future.run(InvokeLaterDispatcher.java:96)
	at javafx.graphics@18.0.2/com.sun.glass.ui.win.WinApplication._runLoop(Native Method)
	at javafx.graphics@18.0.2/com.sun.glass.ui.win.WinApplication.lambda$runLoop$3(WinApplication.java:184)
	at java.base/java.lang.Thread.run(Thread.java:833)

15:57:51.329 [JavaFX Application Thread] FATAL FXGLApplication      - Application will now exit
15:57:51.341 [JavaFX Application Thread] DEBUG PrimaryStageWindow   - Push state: ErrorSubScene
15:57:51.341 [JavaFX Application Thread] DEBUG Input                - Clearing active input actions
15:57:51.343 [JavaFX Application Thread] DEBUG GameApplicationServi - Removing overlay from GameScene and adding to ErrorSubScene
15:57:51.343 [JavaFX Application Thread] DEBUG PrimaryStageWindow   - GameScene -> ErrorSubScene
15:57:53.268 [JavaFX Application Thread] DEBUG FXGLApplication      - Exiting FXGL
15:57:53.268 [JavaFX Application Thread] DEBUG Async                - Shutting down background threads
15:57:53.268 [JavaFX Application Thread] DEBUG PrimaryStageWindow   - Closing main window
15:57:53.275 [JavaFX Application Thread] DEBUG Logger               - Closing Logger
