18:07:30.222 [main                     ] DEBUG Logger               - Configured Logger
18:07:30.239 [main                     ] DEBUG GameApplication      - Logging settings
Title: Brick Breaker
Version: 0.0
Width: 600
Height: 600
Fullscreen: false
Intro: false
Profiling: false
Single step:false
App Mode: DEVELOPER
Menu Key: ESCAPE
Stage Style: DECORATED
Scene Factory: class com.almasb.fxgl.app.scene.SceneFactory

18:07:30.495 [JavaFX Application Thread] DEBUG FXGLApplication      - Initializing FXGL
18:07:30.499 [JavaFX Application Thread] INFO  Engine               - FXGL-17.2 (20.08.2022 16.50) on WINDOWS (J:18.0.1.1 FX:18.0.2)
18:07:30.499 [JavaFX Application Thread] DEBUG Engine               - JRE Vendor Name: Oracle Corporation
18:07:30.499 [JavaFX Application Thread] DEBUG Engine               - Running on OS: Windows 10 version 10.0
18:07:30.499 [JavaFX Application Thread] DEBUG Engine               - Architecture: amd64
18:07:30.499 [JavaFX Application Thread] INFO  Engine               - Source code and latest versions at: https://github.com/AlmasB/FXGL
18:07:30.499 [JavaFX Application Thread] INFO  Engine               -       Ask questions and discuss at: https://github.com/AlmasB/FXGL/discussions
18:07:30.500 [JavaFX Application Thread] INFO  Engine               -              Join the FXGL chat at: https://gitter.im/AlmasB/FXGL
18:07:30.551 [JavaFX Application Thread] DEBUG PrimaryStageWindow   - Creating a JavaFX scene
18:07:30.576 [JavaFX Application Thread] DEBUG PrimaryStageWindow   - Target settings size: 600.0 x 600.0
18:07:30.576 [JavaFX Application Thread] DEBUG PrimaryStageWindow   - Scaled scene size:    600.0 x 600.0
18:07:30.576 [JavaFX Application Thread] DEBUG PrimaryStageWindow   - Scaled ratio: (1.0, 1.0)
18:07:30.576 [JavaFX Application Thread] DEBUG PrimaryStageWindow   - Set initial scene to FXGLStartupScene
18:07:30.580 [JavaFX Application Thread] DEBUG PrimaryStageWindow   - Opening main window
18:07:30.618 [JavaFX Application Thread] DEBUG PrimaryStageWindow   - Window border size: (16.0, 39.0)
18:07:30.618 [JavaFX Application Thread] DEBUG PrimaryStageWindow   - Scaled size: 600.0 x 600.0
18:07:30.618 [JavaFX Application Thread] DEBUG PrimaryStageWindow   - Scaled ratio: (1.0, 1.0)
18:07:30.618 [JavaFX Application Thread] DEBUG PrimaryStageWindow   - Scene size: 600.0 x 600.0
18:07:30.619 [JavaFX Application Thread] DEBUG PrimaryStageWindow   - Stage size: 616.0 x 639.0
18:07:30.622 [FXGL Background Thread 1 ] DEBUG Engine               - Initializing environment variables
18:07:30.649 [FXGL Background Thread 1 ] DEBUG FXGLAssetLoaderServi - User app class for loading assets: class com.example.brickbreaker.BrickBreakerApp
18:07:30.649 [FXGL Background Thread 1 ] DEBUG GameApplicationServi - Applying CSS: fxgl_dark.css
18:07:30.649 [FXGL Background Thread 1 ] DEBUG FXGLAssetLoaderServi - Loading from file system: jar:file:///C:/Users/matip/.m2/repository/com/github/almasb/fxgl/17.2/fxgl-17.2.jar!/fxglassets/ui/css/fxgl_dark.css
18:07:30.674 [FXGL Background Thread 1 ] DEBUG GameApplicationServi - Initializing application scenes
18:07:30.691 [FXGL Background Thread 1 ] DEBUG GameWorld            - Game world initialized
18:07:30.717 [FXGL Background Thread 1 ] DEBUG PhysicsWorld         - Physics world initialized: appHeight=600, physics.ppm=50.0
18:07:30.717 [FXGL Background Thread 1 ] DEBUG PhysicsWorld         - Using strategy: BRUTE_FORCE
18:07:30.719 [FXGL Background Thread 1 ] DEBUG GameScene            - Game scene initialized: 600x600
18:07:30.725 [FXGL Background Thread 1 ] WARN  FXGL.DefaultMenu     - FXGLDefaultMenu is not designed for resolutions < 800x600
18:07:30.725 [FXGL Background Thread 1 ] DEBUG FXGL.DefaultMenu     - createMenuBodyGameMenu()
18:07:30.732 [FXGL Background Thread 1 ] DEBUG FXGL.DefaultMenu     - createOptionsMenu()
18:07:30.738 [FXGL Background Thread 1 ] DEBUG FXGLAssetLoaderServi - Loading from file system: jar:file:///C:/Users/matip/.m2/repository/com/github/almasb/fxgl/17.2/fxgl-17.2.jar!/fxglassets/textures/particles/smoke.png
18:07:30.790 [FXGL Background Thread 1 ] DEBUG FXGLAssetLoaderServi - Loading from file system: jar:file:///C:/Users/matip/.m2/repository/com/github/almasb/fxgl/17.2/fxgl-17.2.jar!/fxglassets/textures/particles/trace_horizontal.png
18:07:30.809 [FXGL Background Thread 1 ] DEBUG GameApplicationServi - Application scenes initialized
18:07:30.816 [FXGL Background Thread 1 ] DEBUG SystemBundleService  - Loading FXGL system data
18:07:30.819 [FXGL Background Thread 1 ] DEBUG FileSystemAccess     - Reading from: C:\Users\matip\Desktop\JavaProjects\brick-breaker\system\fxgl.bundle
18:07:30.823 [FXGL Background Thread 1 ] DEBUG SystemBundleService  - Bundle FXGL: {}
18:07:30.823 [FXGL Background Thread 1 ] DEBUG UpdaterService       - Checking for updates
18:07:30.825 [FXGL Background Thread 4 ] DEBUG FXGLApplication      - Loading fonts
18:07:30.825 [FXGL Background Thread 1 ] DEBUG FXGLApplication      - Loading default localization
18:07:30.825 [FXGL Background Thread 4 ] DEBUG FXGLAssetLoaderServi - Loading from file system: jar:file:///C:/Users/matip/.m2/repository/com/github/almasb/fxgl/17.2/fxgl-17.2.jar!/fxglassets/ui/fonts/VarelaRound-Regular.ttf
18:07:30.826 [FXGL Background Thread 1 ] DEBUG FXGLAssetLoaderServi - Loading from file system: jar:file:///C:/Users/matip/.m2/repository/com/github/almasb/fxgl/17.2/fxgl-17.2.jar!/fxglassets/languages/english.lang
18:07:30.833 [FXGL Background Thread 1 ] INFO  FXGLApplication      - FXGL initialization took: 0.211 sec
18:07:30.839 [JavaFX Application Thread] DEBUG Input                - Registered new binding: action0 - D
18:07:30.839 [JavaFX Application Thread] DEBUG Input                - Registered new binding: action1 - A
18:07:30.839 [JavaFX Application Thread] DEBUG FXGLAssetLoaderServi - Loading from file system: jar:file:///C:/Users/matip/.m2/repository/com/github/almasb/fxgl/17.2/fxgl-17.2.jar!/fxglassets/textures/fxgl_icon.png
18:07:30.849 [FXGL Background Thread 4 ] DEBUG FXGLAssetLoaderServi - Loading from file system: jar:file:///C:/Users/matip/.m2/repository/com/github/almasb/fxgl/17.2/fxgl-17.2.jar!/fxglassets/ui/fonts/Abel-Regular.ttf
18:07:30.852 [FXGL Background Thread 4 ] DEBUG FXGLAssetLoaderServi - Loading from file system: jar:file:///C:/Users/matip/.m2/repository/com/github/almasb/fxgl/17.2/fxgl-17.2.jar!/fxglassets/ui/fonts/TerminalLandMono-Regular.otf
18:07:30.853 [JavaFX Application Thread] DEBUG FXGLAssetLoaderServi - Loading from file system: jar:file:///C:/Users/matip/.m2/repository/com/github/almasb/fxgl/17.2/fxgl-17.2.jar!/fxglassets/textures/fxgl_default_cursor.png
18:07:30.854 [FXGL Background Thread 4 ] DEBUG FXGLAssetLoaderServi - Loading from file system: jar:file:///C:/Users/matip/.m2/repository/com/github/almasb/fxgl/17.2/fxgl-17.2.jar!/fxglassets/ui/fonts/Courier-Prime.ttf
18:07:30.854 [JavaFX Application Thread] DEBUG Input                - Registered new binding: Screenshot - CTRL+8
18:07:30.855 [JavaFX Application Thread] DEBUG Input                - Registered new binding: System info dump - CTRL+9
18:07:30.855 [JavaFX Application Thread] DEBUG Input                - Registered new binding: Restart - CTRL+R
18:07:30.855 [JavaFX Application Thread] DEBUG Input                - Registered new binding: Toggle Debug Camera - CTRL+7
18:07:30.857 [JavaFX Application Thread] DEBUG LoopRunner           - Starting loop
18:07:30.857 [JavaFX Application Thread] DEBUG LoopRunner           - Initializing JavaFX AnimationTimerLoop
18:07:30.857 [JavaFX Application Thread] DEBUG GameApplicationServi - Starting new game
18:07:30.858 [JavaFX Application Thread] DEBUG Input                - Clearing active input actions
18:07:30.863 [JavaFX Application Thread] DEBUG GameApplicationServi - Removing overlay from FXGLStartupScene and adding to FXGLLoadingScene
18:07:30.863 [JavaFX Application Thread] DEBUG PrimaryStageWindow   - FXGLStartupScene -> FXGLLoadingScene
18:07:30.863 [JavaFX Application Thread] DEBUG GameApplicationServi - Clearing previous game
18:07:30.863 [JavaFX Application Thread] DEBUG GameScene            - Clearing game scene
18:07:30.864 [JavaFX Application Thread] DEBUG GameWorld            - Clearing game world
18:07:30.864 [JavaFX Application Thread] DEBUG PhysicsWorld         - Clearing physics world
18:07:30.865 [FXGL Background Thread 4 ] DEBUG FXGLApplication      - Initializing game
18:07:30.865 [JavaFX Application Thread] DEBUG FXGLApplication      - Registering font factories with UI factory
18:07:30.876 [FXGL Background Thread 4 ] WARN  GameWorld            - Entity is already attached to world
18:07:30.876 [FXGL Background Thread 4 ] WARN  GameWorld            - Entity is already attached to world
18:07:30.877 [FXGL Background Thread 4 ] WARN  GameWorld            - Entity is already attached to world
18:07:30.877 [FXGL Background Thread 4 ] INFO  FXGLApplication      - Game initialization took: 0.013 sec
18:07:30.890 [JavaFX Application Thread] DEBUG Input                - Clearing active input actions
18:07:30.893 [JavaFX Application Thread] DEBUG GameApplicationServi - Removing overlay from FXGLLoadingScene and adding to GameScene
18:07:30.893 [JavaFX Application Thread] DEBUG PrimaryStageWindow   - FXGLLoadingScene -> GameScene
18:07:31.246 [FXGL Background Thread 2 ] INFO  UpdaterService       - Your current version:  17.2
18:07:31.246 [FXGL Background Thread 2 ] INFO  UpdaterService       - Latest stable version: 17.3
18:07:32.085 [JavaFX Application Thread] DEBUG FXGLApplication      - Exiting FXGL
18:07:32.086 [JavaFX Application Thread] DEBUG LoopRunner           - Stopping loop
18:07:32.086 [JavaFX Application Thread] DEBUG SystemBundleService  - Saving FXGL system data
18:07:32.087 [JavaFX Application Thread] DEBUG FileSystemAccess     - Writing to: C:\Users\matip\Desktop\JavaProjects\brick-breaker\system\fxgl.bundle
18:07:32.088 [JavaFX Application Thread] DEBUG Async                - Shutting down background threads
18:07:32.088 [JavaFX Application Thread] DEBUG PrimaryStageWindow   - Closing main window
18:07:32.093 [JavaFX Application Thread] DEBUG Logger               - Closing Logger
