12:53:35.763 [main                     ] DEBUG Logger               - Configured Logger
12:53:35.778 [main                     ] DEBUG GameApplication      - Logging settings
Title: Brick Breaker
Version: 0.0
Width: 600
Height: 600
Fullscreen: false
Intro: false
Profiling: false
Single step:false
App Mode: DEVELOPER
Menu Key: ESCAPE
Stage Style: DECORATED
Scene Factory: class com.almasb.fxgl.app.scene.SceneFactory

12:53:36.037 [JavaFX Application Thread] DEBUG FXGLApplication      - Initializing FXGL
12:53:36.041 [JavaFX Application Thread] INFO  Engine               - FXGL-17.2 (20.08.2022 16.50) on WINDOWS (J:18.0.1.1 FX:18.0.2)
12:53:36.042 [JavaFX Application Thread] DEBUG Engine               - JRE Vendor Name: Oracle Corporation
12:53:36.042 [JavaFX Application Thread] DEBUG Engine               - Running on OS: Windows 10 version 10.0
12:53:36.042 [JavaFX Application Thread] DEBUG Engine               - Architecture: amd64
12:53:36.042 [JavaFX Application Thread] INFO  Engine               - Source code and latest versions at: https://github.com/AlmasB/FXGL
12:53:36.042 [JavaFX Application Thread] INFO  Engine               -       Ask questions and discuss at: https://github.com/AlmasB/FXGL/discussions
12:53:36.042 [JavaFX Application Thread] INFO  Engine               -              Join the FXGL chat at: https://gitter.im/AlmasB/FXGL
12:53:36.095 [JavaFX Application Thread] DEBUG PrimaryStageWindow   - Creating a JavaFX scene
12:53:36.121 [JavaFX Application Thread] DEBUG PrimaryStageWindow   - Target settings size: 600.0 x 600.0
12:53:36.121 [JavaFX Application Thread] DEBUG PrimaryStageWindow   - Scaled scene size:    600.0 x 600.0
12:53:36.121 [JavaFX Application Thread] DEBUG PrimaryStageWindow   - Scaled ratio: (1.0, 1.0)
12:53:36.122 [JavaFX Application Thread] DEBUG PrimaryStageWindow   - Set initial scene to FXGLStartupScene
12:53:36.126 [JavaFX Application Thread] DEBUG PrimaryStageWindow   - Opening main window
12:53:36.165 [JavaFX Application Thread] DEBUG PrimaryStageWindow   - Window border size: (16.0, 39.0)
12:53:36.165 [JavaFX Application Thread] DEBUG PrimaryStageWindow   - Scaled size: 600.0 x 600.0
12:53:36.165 [JavaFX Application Thread] DEBUG PrimaryStageWindow   - Scaled ratio: (1.0, 1.0)
12:53:36.165 [JavaFX Application Thread] DEBUG PrimaryStageWindow   - Scene size: 600.0 x 600.0
12:53:36.166 [JavaFX Application Thread] DEBUG PrimaryStageWindow   - Stage size: 616.0 x 639.0
12:53:36.170 [FXGL Background Thread 1 ] DEBUG Engine               - Initializing environment variables
12:53:36.196 [FXGL Background Thread 1 ] DEBUG FXGLAssetLoaderServi - User app class for loading assets: class com.example.brickbreaker.BrickBreakerApp
12:53:36.196 [FXGL Background Thread 1 ] DEBUG GameApplicationServi - Applying CSS: fxgl_dark.css
12:53:36.197 [FXGL Background Thread 1 ] DEBUG FXGLAssetLoaderServi - Loading from file system: jar:file:///C:/Users/matip/.m2/repository/com/github/almasb/fxgl/17.2/fxgl-17.2.jar!/fxglassets/ui/css/fxgl_dark.css
12:53:36.221 [FXGL Background Thread 1 ] DEBUG GameApplicationServi - Initializing application scenes
12:53:36.240 [FXGL Background Thread 1 ] DEBUG GameWorld            - Game world initialized
12:53:36.265 [FXGL Background Thread 1 ] DEBUG PhysicsWorld         - Physics world initialized: appHeight=600, physics.ppm=50.0
12:53:36.265 [FXGL Background Thread 1 ] DEBUG PhysicsWorld         - Using strategy: BRUTE_FORCE
12:53:36.266 [FXGL Background Thread 1 ] DEBUG GameScene            - Game scene initialized: 600x600
12:53:36.272 [FXGL Background Thread 1 ] WARN  FXGL.DefaultMenu     - FXGLDefaultMenu is not designed for resolutions < 800x600
12:53:36.272 [FXGL Background Thread 1 ] DEBUG FXGL.DefaultMenu     - createMenuBodyGameMenu()
12:53:36.279 [FXGL Background Thread 1 ] DEBUG FXGL.DefaultMenu     - createOptionsMenu()
12:53:36.285 [FXGL Background Thread 1 ] DEBUG FXGLAssetLoaderServi - Loading from file system: jar:file:///C:/Users/matip/.m2/repository/com/github/almasb/fxgl/17.2/fxgl-17.2.jar!/fxglassets/textures/particles/smoke.png
12:53:36.334 [FXGL Background Thread 1 ] DEBUG FXGLAssetLoaderServi - Loading from file system: jar:file:///C:/Users/matip/.m2/repository/com/github/almasb/fxgl/17.2/fxgl-17.2.jar!/fxglassets/textures/particles/trace_horizontal.png
12:53:36.354 [FXGL Background Thread 1 ] DEBUG GameApplicationServi - Application scenes initialized
12:53:36.360 [FXGL Background Thread 1 ] DEBUG SystemBundleService  - Loading FXGL system data
12:53:36.362 [FXGL Background Thread 1 ] DEBUG FileSystemAccess     - Reading from: C:\Users\matip\Desktop\JavaProjects\brick-breaker\system\fxgl.bundle
12:53:36.366 [FXGL Background Thread 1 ] DEBUG SystemBundleService  - Bundle FXGL: {}
12:53:36.366 [FXGL Background Thread 1 ] DEBUG UpdaterService       - Checking for updates
12:53:36.378 [FXGL Background Thread 4 ] DEBUG FXGLApplication      - Loading fonts
12:53:36.379 [FXGL Background Thread 1 ] DEBUG FXGLApplication      - Loading default localization
12:53:36.379 [FXGL Background Thread 4 ] DEBUG FXGLAssetLoaderServi - Loading from file system: jar:file:///C:/Users/matip/.m2/repository/com/github/almasb/fxgl/17.2/fxgl-17.2.jar!/fxglassets/ui/fonts/VarelaRound-Regular.ttf
12:53:36.379 [FXGL Background Thread 1 ] DEBUG FXGLAssetLoaderServi - Loading from file system: jar:file:///C:/Users/matip/.m2/repository/com/github/almasb/fxgl/17.2/fxgl-17.2.jar!/fxglassets/languages/english.lang
12:53:36.389 [FXGL Background Thread 1 ] INFO  FXGLApplication      - FXGL initialization took: 0.220 sec
12:53:36.396 [JavaFX Application Thread] DEBUG Input                - Registered new binding: action0 - D
12:53:36.396 [JavaFX Application Thread] DEBUG Input                - Registered new binding: action1 - A
12:53:36.397 [JavaFX Application Thread] DEBUG FXGLAssetLoaderServi - Loading from file system: jar:file:///C:/Users/matip/.m2/repository/com/github/almasb/fxgl/17.2/fxgl-17.2.jar!/fxglassets/textures/fxgl_icon.png
12:53:36.403 [FXGL Background Thread 4 ] DEBUG FXGLAssetLoaderServi - Loading from file system: jar:file:///C:/Users/matip/.m2/repository/com/github/almasb/fxgl/17.2/fxgl-17.2.jar!/fxglassets/ui/fonts/Abel-Regular.ttf
12:53:36.406 [FXGL Background Thread 4 ] DEBUG FXGLAssetLoaderServi - Loading from file system: jar:file:///C:/Users/matip/.m2/repository/com/github/almasb/fxgl/17.2/fxgl-17.2.jar!/fxglassets/ui/fonts/TerminalLandMono-Regular.otf
12:53:36.408 [FXGL Background Thread 4 ] DEBUG FXGLAssetLoaderServi - Loading from file system: jar:file:///C:/Users/matip/.m2/repository/com/github/almasb/fxgl/17.2/fxgl-17.2.jar!/fxglassets/ui/fonts/Courier-Prime.ttf
12:53:36.408 [JavaFX Application Thread] DEBUG FXGLAssetLoaderServi - Loading from file system: jar:file:///C:/Users/matip/.m2/repository/com/github/almasb/fxgl/17.2/fxgl-17.2.jar!/fxglassets/textures/fxgl_default_cursor.png
12:53:36.410 [JavaFX Application Thread] DEBUG Input                - Registered new binding: Screenshot - CTRL+8
12:53:36.410 [JavaFX Application Thread] DEBUG Input                - Registered new binding: Dev Options - 1
12:53:36.410 [JavaFX Application Thread] DEBUG Input                - Registered new binding: Dev Console - 2
12:53:36.410 [JavaFX Application Thread] DEBUG Input                - Registered new binding: System info dump - CTRL+9
12:53:36.411 [JavaFX Application Thread] DEBUG Input                - Registered new binding: Restart - CTRL+R
12:53:36.411 [JavaFX Application Thread] DEBUG Input                - Registered new binding: Toggle Debug Camera - CTRL+7
12:53:36.412 [JavaFX Application Thread] DEBUG LoopRunner           - Starting loop
12:53:36.420 [JavaFX Application Thread] DEBUG LoopRunner           - Initializing JavaFX AnimationTimerLoop
12:53:36.420 [JavaFX Application Thread] DEBUG GameApplicationServi - Starting new game
12:53:36.421 [JavaFX Application Thread] DEBUG Input                - Clearing active input actions
12:53:36.425 [JavaFX Application Thread] DEBUG GameApplicationServi - Removing overlay from FXGLStartupScene and adding to FXGLLoadingScene
12:53:36.427 [JavaFX Application Thread] DEBUG PrimaryStageWindow   - FXGLStartupScene -> FXGLLoadingScene
12:53:36.427 [JavaFX Application Thread] DEBUG GameApplicationServi - Clearing previous game
12:53:36.427 [JavaFX Application Thread] DEBUG GameScene            - Clearing game scene
12:53:36.427 [JavaFX Application Thread] DEBUG GameWorld            - Clearing game world
12:53:36.427 [JavaFX Application Thread] DEBUG PhysicsWorld         - Clearing physics world
12:53:36.428 [JavaFX Application Thread] DEBUG FXGLApplication      - Registering font factories with UI factory
12:53:36.428 [FXGL Background Thread 4 ] DEBUG FXGLApplication      - Initializing game
12:53:36.438 [FXGL Background Thread 4 ] WARN  GameWorld            - Entity is already attached to world
12:53:36.439 [FXGL Background Thread 4 ] WARN  GameWorld            - Entity is already attached to world
12:53:36.439 [FXGL Background Thread 4 ] WARN  GameWorld            - Entity is already attached to world
12:53:36.440 [FXGL Background Thread 4 ] WARN  GameWorld            - Entity is already attached to world
12:53:36.441 [FXGL Background Thread 4 ] WARN  GameWorld            - Entity is already attached to world
12:53:36.441 [FXGL Background Thread 4 ] WARN  GameWorld            - Entity is already attached to world
12:53:36.441 [FXGL Background Thread 4 ] WARN  GameWorld            - Entity is already attached to world
12:53:36.442 [FXGL Background Thread 4 ] WARN  GameWorld            - Entity is already attached to world
12:53:36.444 [FXGL Background Thread 4 ] INFO  FXGLApplication      - Game initialization took: 0.017 sec
12:53:36.538 [JavaFX Application Thread] DEBUG Input                - Clearing active input actions
12:53:36.543 [JavaFX Application Thread] DEBUG GameApplicationServi - Removing overlay from FXGLLoadingScene and adding to GameScene
12:53:36.545 [JavaFX Application Thread] DEBUG PrimaryStageWindow   - FXGLLoadingScene -> GameScene
12:53:36.692 [FXGL Background Thread 2 ] INFO  UpdaterService       - Your current version:  17.2
12:53:36.692 [FXGL Background Thread 2 ] INFO  UpdaterService       - Latest stable version: 17.3
12:53:38.528 [JavaFX Application Thread] DEBUG FXGLApplication      - Exiting FXGL
12:53:38.528 [JavaFX Application Thread] DEBUG LoopRunner           - Stopping loop
12:53:38.528 [JavaFX Application Thread] DEBUG SystemBundleService  - Saving FXGL system data
12:53:38.529 [JavaFX Application Thread] DEBUG FileSystemAccess     - Writing to: C:\Users\matip\Desktop\JavaProjects\brick-breaker\system\fxgl.bundle
12:53:38.531 [JavaFX Application Thread] DEBUG Async                - Shutting down background threads
12:53:38.531 [JavaFX Application Thread] DEBUG PrimaryStageWindow   - Closing main window
12:53:38.537 [JavaFX Application Thread] DEBUG Logger               - Closing Logger
