11:46:57.047 [main                     ] DEBUG Logger               - Configured Logger
11:46:57.062 [main                     ] DEBUG GameApplication      - Logging settings
Title: Brick Breaker
Version: 0.0
Width: 600
Height: 600
Fullscreen: false
Intro: false
Profiling: false
Single step:false
App Mode: DEVELOPER
Menu Key: ESCAPE
Stage Style: DECORATED
Scene Factory: class com.almasb.fxgl.app.scene.SceneFactory

11:46:57.316 [JavaFX Application Thread] DEBUG FXGLApplication      - Initializing FXGL
11:46:57.320 [JavaFX Application Thread] INFO  Engine               - FXGL-17.2 (20.08.2022 16.50) on WINDOWS (J:18.0.1.1 FX:18.0.2)
11:46:57.320 [JavaFX Application Thread] DEBUG Engine               - JRE Vendor Name: Oracle Corporation
11:46:57.320 [JavaFX Application Thread] DEBUG Engine               - Running on OS: Windows 10 version 10.0
11:46:57.320 [JavaFX Application Thread] DEBUG Engine               - Architecture: amd64
11:46:57.320 [JavaFX Application Thread] INFO  Engine               - Source code and latest versions at: https://github.com/AlmasB/FXGL
11:46:57.320 [JavaFX Application Thread] INFO  Engine               -       Ask questions and discuss at: https://github.com/AlmasB/FXGL/discussions
11:46:57.320 [JavaFX Application Thread] INFO  Engine               -              Join the FXGL chat at: https://gitter.im/AlmasB/FXGL
11:46:57.369 [JavaFX Application Thread] DEBUG PrimaryStageWindow   - Creating a JavaFX scene
11:46:57.395 [JavaFX Application Thread] DEBUG PrimaryStageWindow   - Target settings size: 600.0 x 600.0
11:46:57.395 [JavaFX Application Thread] DEBUG PrimaryStageWindow   - Scaled scene size:    600.0 x 600.0
11:46:57.395 [JavaFX Application Thread] DEBUG PrimaryStageWindow   - Scaled ratio: (1.0, 1.0)
11:46:57.396 [JavaFX Application Thread] DEBUG PrimaryStageWindow   - Set initial scene to FXGLStartupScene
11:46:57.399 [JavaFX Application Thread] DEBUG PrimaryStageWindow   - Opening main window
11:46:57.439 [JavaFX Application Thread] DEBUG PrimaryStageWindow   - Window border size: (16.0, 39.0)
11:46:57.439 [JavaFX Application Thread] DEBUG PrimaryStageWindow   - Scaled size: 600.0 x 600.0
11:46:57.439 [JavaFX Application Thread] DEBUG PrimaryStageWindow   - Scaled ratio: (1.0, 1.0)
11:46:57.440 [JavaFX Application Thread] DEBUG PrimaryStageWindow   - Scene size: 600.0 x 600.0
11:46:57.440 [JavaFX Application Thread] DEBUG PrimaryStageWindow   - Stage size: 616.0 x 639.0
11:46:57.444 [FXGL Background Thread 1 ] DEBUG Engine               - Initializing environment variables
11:46:57.468 [FXGL Background Thread 1 ] DEBUG FXGLAssetLoaderServi - User app class for loading assets: class com.example.brickbreaker.BrickBreakerApp
11:46:57.468 [FXGL Background Thread 1 ] DEBUG GameApplicationServi - Applying CSS: fxgl_dark.css
11:46:57.469 [FXGL Background Thread 1 ] DEBUG FXGLAssetLoaderServi - Loading from file system: jar:file:///C:/Users/matip/.m2/repository/com/github/almasb/fxgl/17.2/fxgl-17.2.jar!/fxglassets/ui/css/fxgl_dark.css
11:46:57.494 [FXGL Background Thread 1 ] DEBUG GameApplicationServi - Initializing application scenes
11:46:57.513 [FXGL Background Thread 1 ] DEBUG GameWorld            - Game world initialized
11:46:57.537 [FXGL Background Thread 1 ] DEBUG PhysicsWorld         - Physics world initialized: appHeight=600, physics.ppm=50.0
11:46:57.537 [FXGL Background Thread 1 ] DEBUG PhysicsWorld         - Using strategy: BRUTE_FORCE
11:46:57.539 [FXGL Background Thread 1 ] DEBUG GameScene            - Game scene initialized: 600x600
11:46:57.546 [FXGL Background Thread 1 ] WARN  FXGL.DefaultMenu     - FXGLDefaultMenu is not designed for resolutions < 800x600
11:46:57.546 [FXGL Background Thread 1 ] DEBUG FXGL.DefaultMenu     - createMenuBodyGameMenu()
11:46:57.553 [FXGL Background Thread 1 ] DEBUG FXGL.DefaultMenu     - createOptionsMenu()
11:46:57.558 [FXGL Background Thread 1 ] DEBUG FXGLAssetLoaderServi - Loading from file system: jar:file:///C:/Users/matip/.m2/repository/com/github/almasb/fxgl/17.2/fxgl-17.2.jar!/fxglassets/textures/particles/smoke.png
11:46:57.608 [FXGL Background Thread 1 ] DEBUG FXGLAssetLoaderServi - Loading from file system: jar:file:///C:/Users/matip/.m2/repository/com/github/almasb/fxgl/17.2/fxgl-17.2.jar!/fxglassets/textures/particles/trace_horizontal.png
11:46:57.626 [FXGL Background Thread 1 ] DEBUG GameApplicationServi - Application scenes initialized
11:46:57.633 [FXGL Background Thread 1 ] DEBUG SystemBundleService  - Loading FXGL system data
11:46:57.635 [FXGL Background Thread 1 ] DEBUG FileSystemAccess     - Reading from: C:\Users\matip\Desktop\JavaProjects\brick-breaker\system\fxgl.bundle
11:46:57.640 [FXGL Background Thread 1 ] DEBUG SystemBundleService  - Bundle FXGL: {}
11:46:57.640 [FXGL Background Thread 1 ] DEBUG UpdaterService       - Checking for updates
11:46:57.652 [FXGL Background Thread 4 ] DEBUG FXGLApplication      - Loading fonts
11:46:57.652 [FXGL Background Thread 1 ] DEBUG FXGLApplication      - Loading default localization
11:46:57.652 [FXGL Background Thread 1 ] DEBUG FXGLAssetLoaderServi - Loading from file system: jar:file:///C:/Users/matip/.m2/repository/com/github/almasb/fxgl/17.2/fxgl-17.2.jar!/fxglassets/languages/english.lang
11:46:57.652 [FXGL Background Thread 4 ] DEBUG FXGLAssetLoaderServi - Loading from file system: jar:file:///C:/Users/matip/.m2/repository/com/github/almasb/fxgl/17.2/fxgl-17.2.jar!/fxglassets/ui/fonts/VarelaRound-Regular.ttf
11:46:57.661 [FXGL Background Thread 1 ] INFO  FXGLApplication      - FXGL initialization took: 0.218 sec
11:46:57.667 [JavaFX Application Thread] DEBUG Input                - Registered new binding: action0 - D
11:46:57.667 [JavaFX Application Thread] DEBUG Input                - Registered new binding: action1 - A
11:46:57.668 [JavaFX Application Thread] DEBUG FXGLAssetLoaderServi - Loading from file system: jar:file:///C:/Users/matip/.m2/repository/com/github/almasb/fxgl/17.2/fxgl-17.2.jar!/fxglassets/textures/fxgl_icon.png
11:46:57.676 [FXGL Background Thread 4 ] DEBUG FXGLAssetLoaderServi - Loading from file system: jar:file:///C:/Users/matip/.m2/repository/com/github/almasb/fxgl/17.2/fxgl-17.2.jar!/fxglassets/ui/fonts/Abel-Regular.ttf
11:46:57.679 [FXGL Background Thread 4 ] DEBUG FXGLAssetLoaderServi - Loading from file system: jar:file:///C:/Users/matip/.m2/repository/com/github/almasb/fxgl/17.2/fxgl-17.2.jar!/fxglassets/ui/fonts/TerminalLandMono-Regular.otf
11:46:57.679 [JavaFX Application Thread] DEBUG FXGLAssetLoaderServi - Loading from file system: jar:file:///C:/Users/matip/.m2/repository/com/github/almasb/fxgl/17.2/fxgl-17.2.jar!/fxglassets/textures/fxgl_default_cursor.png
11:46:57.681 [JavaFX Application Thread] DEBUG Input                - Registered new binding: Screenshot - CTRL+8
11:46:57.681 [FXGL Background Thread 4 ] DEBUG FXGLAssetLoaderServi - Loading from file system: jar:file:///C:/Users/matip/.m2/repository/com/github/almasb/fxgl/17.2/fxgl-17.2.jar!/fxglassets/ui/fonts/Courier-Prime.ttf
11:46:57.681 [JavaFX Application Thread] DEBUG Input                - Registered new binding: Dev Options - 1
11:46:57.681 [JavaFX Application Thread] DEBUG Input                - Registered new binding: Dev Console - 2
11:46:57.682 [JavaFX Application Thread] DEBUG Input                - Registered new binding: System info dump - CTRL+9
11:46:57.682 [JavaFX Application Thread] DEBUG Input                - Registered new binding: Restart - CTRL+R
11:46:57.682 [JavaFX Application Thread] DEBUG Input                - Registered new binding: Toggle Debug Camera - CTRL+7
11:46:57.683 [JavaFX Application Thread] DEBUG LoopRunner           - Starting loop
11:46:57.691 [JavaFX Application Thread] DEBUG LoopRunner           - Initializing JavaFX AnimationTimerLoop
11:46:57.692 [JavaFX Application Thread] DEBUG GameApplicationServi - Starting new game
11:46:57.692 [JavaFX Application Thread] DEBUG Input                - Clearing active input actions
11:46:57.697 [JavaFX Application Thread] DEBUG GameApplicationServi - Removing overlay from FXGLStartupScene and adding to FXGLLoadingScene
11:46:57.699 [JavaFX Application Thread] DEBUG PrimaryStageWindow   - FXGLStartupScene -> FXGLLoadingScene
11:46:57.699 [JavaFX Application Thread] DEBUG GameApplicationServi - Clearing previous game
11:46:57.699 [JavaFX Application Thread] DEBUG GameScene            - Clearing game scene
11:46:57.699 [JavaFX Application Thread] DEBUG GameWorld            - Clearing game world
11:46:57.699 [JavaFX Application Thread] DEBUG PhysicsWorld         - Clearing physics world
11:46:57.700 [JavaFX Application Thread] DEBUG FXGLApplication      - Registering font factories with UI factory
11:46:57.700 [FXGL Background Thread 4 ] DEBUG FXGLApplication      - Initializing game
11:46:57.710 [FXGL Background Thread 4 ] WARN  GameWorld            - Entity is already attached to world
11:46:57.710 [FXGL Background Thread 4 ] WARN  GameWorld            - Entity is already attached to world
11:46:57.711 [FXGL Background Thread 4 ] WARN  GameWorld            - Entity is already attached to world
11:46:57.713 [FXGL Background Thread 4 ] INFO  FXGLApplication      - Game initialization took: 0.013 sec
11:46:57.795 [JavaFX Application Thread] DEBUG Input                - Clearing active input actions
11:46:57.798 [JavaFX Application Thread] DEBUG GameApplicationServi - Removing overlay from FXGLLoadingScene and adding to GameScene
11:46:57.801 [JavaFX Application Thread] DEBUG PrimaryStageWindow   - FXGLLoadingScene -> GameScene
11:46:57.915 [FXGL Background Thread 2 ] INFO  UpdaterService       - Your current version:  17.2
11:46:57.915 [FXGL Background Thread 2 ] INFO  UpdaterService       - Latest stable version: 17.3
11:47:00.653 [FXGL Background Thread 3 ] DEBUG Engine               - Logging environment variables
11:47:00.653 [FXGL Background Thread 3 ] DEBUG Engine               - achievements: []
11:47:00.653 [FXGL Background Thread 3 ] DEBUG Engine               - actualHeight: 600.0
11:47:00.653 [FXGL Background Thread 3 ] DEBUG Engine               - actualHeightProperty: ReadOnlyDoubleProperty [value: 600.0]
11:47:00.653 [FXGL Background Thread 3 ] DEBUG Engine               - actualWidth: 600.0
11:47:00.653 [FXGL Background Thread 3 ] DEBUG Engine               - actualWidthProperty: ReadOnlyDoubleProperty [value: 600.0]
11:47:00.653 [FXGL Background Thread 3 ] DEBUG Engine               - appIcon: fxgl_icon.png
11:47:00.653 [FXGL Background Thread 3 ] DEBUG Engine               - applicationMode: DEVELOPER
11:47:00.653 [FXGL Background Thread 3 ] DEBUG Engine               - cSSList: [fxgl_dark.css]
11:47:00.653 [FXGL Background Thread 3 ] DEBUG Engine               - collisionDetectionStrategy: BRUTE_FORCE
11:47:00.653 [FXGL Background Thread 3 ] DEBUG Engine               - configClass: Optional.empty
11:47:00.654 [FXGL Background Thread 3 ] DEBUG Engine               - credits: []
11:47:00.654 [FXGL Background Thread 3 ] DEBUG Engine               - defaultCursor: CursorInfo(imageName=fxgl_default_cursor.png, hotspotX=7.0, hotspotY=6.0)
11:47:00.654 [FXGL Background Thread 3 ] DEBUG Engine               - devBBoxColorProperty: ObjectProperty [value: 0xff0000ff]
11:47:00.654 [FXGL Background Thread 3 ] DEBUG Engine               - devEnableDebugCameraProperty: BooleanProperty [value: false]
11:47:00.654 [FXGL Background Thread 3 ] DEBUG Engine               - devSensorColorProperty: ObjectProperty [value: 0xffff00ff]
11:47:00.654 [FXGL Background Thread 3 ] DEBUG Engine               - devShowBBoxProperty: BooleanProperty [value: false]
11:47:00.654 [FXGL Background Thread 3 ] DEBUG Engine               - devShowPositionProperty: BooleanProperty [value: false]
11:47:00.654 [FXGL Background Thread 3 ] DEBUG Engine               - enabledMenuItems: []
11:47:00.654 [FXGL Background Thread 3 ] DEBUG Engine               - engineServices: [class com.almasb.fxgl.app.services.FXGLAssetLoaderService, class com.almasb.fxgl.app.FXGLApplication$GameApplicationService, class com.almasb.fxgl.app.services.FXGLDialogService, class com.almasb.fxgl.app.services.IOTaskExecutorService, class com.almasb.fxgl.io.FileSystemService, class com.almasb.fxgl.localization.LocalizationService, class com.almasb.fxgl.app.services.SystemBundleService, class com.almasb.fxgl.profile.SaveLoadService, class com.almasb.fxgl.ui.FXGLUIFactoryServiceProvider, class com.almasb.fxgl.ui.FXGLDialogFactoryServiceProvider, class com.almasb.fxgl.audio.AudioPlayer, class com.almasb.fxgl.notification.impl.NotificationServiceProvider, class com.almasb.fxgl.achievement.AchievementService, class com.almasb.fxgl.cutscene.CutsceneService, class com.almasb.fxgl.minigames.MiniGameService, class com.almasb.fxgl.net.NetService, class com.almasb.fxgl.app.services.UpdaterService, class com.almasb.fxgl.dev.DevService]
11:47:00.654 [FXGL Background Thread 3 ] DEBUG Engine               - fontGame: Abel-Regular.ttf
11:47:00.654 [FXGL Background Thread 3 ] DEBUG Engine               - fontMono: TerminalLandMono-Regular.otf
11:47:00.654 [FXGL Background Thread 3 ] DEBUG Engine               - fontText: Courier-Prime.ttf
11:47:00.654 [FXGL Background Thread 3 ] DEBUG Engine               - fontUI: VarelaRound-Regular.ttf
11:47:00.654 [FXGL Background Thread 3 ] DEBUG Engine               - fullScreen: BooleanProperty [value: false]
11:47:00.654 [FXGL Background Thread 3 ] DEBUG Engine               - gameDifficulty: MEDIUM
11:47:00.654 [FXGL Background Thread 3 ] DEBUG Engine               - gameDifficultyProperty: ObjectProperty [value: MEDIUM]
11:47:00.655 [FXGL Background Thread 3 ] DEBUG Engine               - globalMusicVolume: 0.5
11:47:00.655 [FXGL Background Thread 3 ] DEBUG Engine               - globalMusicVolumeProperty: DoubleProperty [value: 0.5]
11:47:00.655 [FXGL Background Thread 3 ] DEBUG Engine               - globalSoundVolume: 0.5
11:47:00.655 [FXGL Background Thread 3 ] DEBUG Engine               - globalSoundVolumeProperty: DoubleProperty [value: 0.5]
11:47:00.655 [FXGL Background Thread 3 ] DEBUG Engine               - height: 600
11:47:00.655 [FXGL Background Thread 3 ] DEBUG Engine               - is3D: false
11:47:00.655 [FXGL Background Thread 3 ] DEBUG Engine               - isAndroid: false
11:47:00.655 [FXGL Background Thread 3 ] DEBUG Engine               - isBrowser: false
11:47:00.655 [FXGL Background Thread 3 ] DEBUG Engine               - isClickFeedbackEnabled: false
11:47:00.655 [FXGL Background Thread 3 ] DEBUG Engine               - isCloseConfirmation: false
11:47:00.655 [FXGL Background Thread 3 ] DEBUG Engine               - isDesktop: true
11:47:00.655 [FXGL Background Thread 3 ] DEBUG Engine               - isDeveloperMenuEnabled: true
11:47:00.655 [FXGL Background Thread 3 ] DEBUG Engine               - isEmbedded: false
11:47:00.655 [FXGL Background Thread 3 ] DEBUG Engine               - isEntityPreloadEnabled: true
11:47:00.655 [FXGL Background Thread 3 ] DEBUG Engine               - isExperimentalTiledLargeMap: false
11:47:00.655 [FXGL Background Thread 3 ] DEBUG Engine               - isFileSystemWriteAllowed: true
11:47:00.655 [FXGL Background Thread 3 ] DEBUG Engine               - isFullScreenAllowed: false
11:47:00.655 [FXGL Background Thread 3 ] DEBUG Engine               - isFullScreenFromStart: false
11:47:00.655 [FXGL Background Thread 3 ] DEBUG Engine               - isGameMenuEnabled: true
11:47:00.655 [FXGL Background Thread 3 ] DEBUG Engine               - isIOS: false
11:47:00.655 [FXGL Background Thread 3 ] DEBUG Engine               - isIntroEnabled: false
11:47:00.655 [FXGL Background Thread 3 ] DEBUG Engine               - isLinux: false
11:47:00.656 [FXGL Background Thread 3 ] DEBUG Engine               - isMac: false
11:47:00.656 [FXGL Background Thread 3 ] DEBUG Engine               - isMainMenuEnabled: false
11:47:00.656 [FXGL Background Thread 3 ] DEBUG Engine               - isManualResizeEnabled: false
11:47:00.656 [FXGL Background Thread 3 ] DEBUG Engine               - isMobile: false
11:47:00.656 [FXGL Background Thread 3 ] DEBUG Engine               - isNative: false
11:47:00.656 [FXGL Background Thread 3 ] DEBUG Engine               - isPauseMusicWhenMinimized: true
11:47:00.656 [FXGL Background Thread 3 ] DEBUG Engine               - isPreserveResizeRatio: false
11:47:00.656 [FXGL Background Thread 3 ] DEBUG Engine               - isProfilingEnabled: false
11:47:00.656 [FXGL Background Thread 3 ] DEBUG Engine               - isScaleAffectedOnResize: true
11:47:00.656 [FXGL Background Thread 3 ] DEBUG Engine               - isSingleStep: false
11:47:00.656 [FXGL Background Thread 3 ] DEBUG Engine               - isUserProfileEnabled: false
11:47:00.656 [FXGL Background Thread 3 ] DEBUG Engine               - isWindows: true
11:47:00.656 [FXGL Background Thread 3 ] DEBUG Engine               - language: ObjectProperty [value: ENGLISH]
11:47:00.656 [FXGL Background Thread 3 ] DEBUG Engine               - menuKey: ESCAPE
11:47:00.656 [FXGL Background Thread 3 ] DEBUG Engine               - mouseSensitivity: 0.2
11:47:00.656 [FXGL Background Thread 3 ] DEBUG Engine               - notificationViewClass: class com.almasb.fxgl.notification.view.XboxNotificationView
11:47:00.656 [FXGL Background Thread 3 ] DEBUG Engine               - pixelsPerMeter: 50.0
11:47:00.656 [FXGL Background Thread 3 ] DEBUG Engine               - platform: WINDOWS
11:47:00.656 [FXGL Background Thread 3 ] DEBUG Engine               - prefHeightProperty: ReadOnlyDoubleProperty [value: 600.0]
11:47:00.656 [FXGL Background Thread 3 ] DEBUG Engine               - prefWidthProperty: ReadOnlyDoubleProperty [value: 600.0]
11:47:00.656 [FXGL Background Thread 3 ] DEBUG Engine               - profileDir: profiles/
11:47:00.656 [FXGL Background Thread 3 ] DEBUG Engine               - profileName: StringProperty [value: DEFAULT]
11:47:00.656 [FXGL Background Thread 3 ] DEBUG Engine               - randomSeed: -1
11:47:00.657 [FXGL Background Thread 3 ] DEBUG Engine               - runtimeInfo: RuntimeInfo(platform=WINDOWS, version=17.2, build=20.08.2022 16.50)
11:47:00.657 [FXGL Background Thread 3 ] DEBUG Engine               - saveFileExt: sav
11:47:00.657 [FXGL Background Thread 3 ] DEBUG Engine               - scaledHeightProp$fxgl: DoubleProperty [bound, value: 600.0]
11:47:00.657 [FXGL Background Thread 3 ] DEBUG Engine               - scaledWidthProp$fxgl: DoubleProperty [bound, value: 600.0]
11:47:00.657 [FXGL Background Thread 3 ] DEBUG Engine               - sceneFactory: com.almasb.fxgl.app.scene.SceneFactory@2fd14282
11:47:00.657 [FXGL Background Thread 3 ] DEBUG Engine               - secondsIn24h: 60
11:47:00.657 [FXGL Background Thread 3 ] DEBUG Engine               - soundMenuBack: menu/back.wav
11:47:00.657 [FXGL Background Thread 3 ] DEBUG Engine               - soundMenuPress: menu/press.wav
11:47:00.657 [FXGL Background Thread 3 ] DEBUG Engine               - soundMenuSelect: menu/select.wav
11:47:00.657 [FXGL Background Thread 3 ] DEBUG Engine               - soundNotification: core/notification.wav
11:47:00.657 [FXGL Background Thread 3 ] DEBUG Engine               - stageStyle: DECORATED
11:47:00.657 [FXGL Background Thread 3 ] DEBUG Engine               - supportedLanguages: [ENGLISH, FRENCH, GERMAN, HUNGARIAN, RUSSIAN]
11:47:00.657 [FXGL Background Thread 3 ] DEBUG Engine               - ticksPerSecond: -1
11:47:00.657 [FXGL Background Thread 3 ] DEBUG Engine               - title: Brick Breaker
11:47:00.657 [FXGL Background Thread 3 ] DEBUG Engine               - urlGithub: https://github.com/AlmasB/FXGL
11:47:00.657 [FXGL Background Thread 3 ] DEBUG Engine               - urlLeaderboard: http://fxgl-top.herokuapp.com/
11:47:00.657 [FXGL Background Thread 3 ] DEBUG Engine               - urlPOM: https://raw.githubusercontent.com/AlmasB/FXGL/release/README.md
11:47:00.657 [FXGL Background Thread 3 ] DEBUG Engine               - userAppClass: class com.example.brickbreaker.BrickBreakerApp
11:47:00.657 [FXGL Background Thread 3 ] DEBUG Engine               - version: 0.0
11:47:00.657 [FXGL Background Thread 3 ] DEBUG Engine               - versionCheckDays: 7
11:47:00.657 [FXGL Background Thread 3 ] DEBUG Engine               - width: 600
11:47:00.657 [FXGL Background Thread 3 ] DEBUG Engine               - Logging services
11:47:00.657 [FXGL Background Thread 3 ] DEBUG Engine               - class com.almasb.fxgl.app.services.FXGLAssetLoaderService
11:47:00.657 [FXGL Background Thread 3 ] DEBUG Engine               - class com.almasb.fxgl.app.FXGLApplication$GameApplicationService
11:47:00.657 [FXGL Background Thread 3 ] DEBUG Engine               - class com.almasb.fxgl.app.services.FXGLDialogService
11:47:00.658 [FXGL Background Thread 3 ] DEBUG Engine               - class com.almasb.fxgl.app.services.IOTaskExecutorService
11:47:00.658 [FXGL Background Thread 3 ] DEBUG Engine               - class com.almasb.fxgl.io.FileSystemService
11:47:00.658 [FXGL Background Thread 3 ] DEBUG Engine               - class com.almasb.fxgl.localization.LocalizationService
11:47:00.658 [FXGL Background Thread 3 ] DEBUG Engine               - class com.almasb.fxgl.app.services.SystemBundleService
11:47:00.658 [FXGL Background Thread 3 ] DEBUG Engine               - class com.almasb.fxgl.profile.SaveLoadService
11:47:00.658 [FXGL Background Thread 3 ] DEBUG Engine               - class com.almasb.fxgl.ui.FXGLUIFactoryServiceProvider
11:47:00.658 [FXGL Background Thread 3 ] DEBUG Engine               - class com.almasb.fxgl.ui.FXGLDialogFactoryServiceProvider
11:47:00.658 [FXGL Background Thread 3 ] DEBUG Engine               - class com.almasb.fxgl.audio.AudioPlayer
11:47:00.658 [FXGL Background Thread 3 ] DEBUG Engine               - class com.almasb.fxgl.notification.impl.NotificationServiceProvider
11:47:00.658 [FXGL Background Thread 3 ] DEBUG Engine               - class com.almasb.fxgl.achievement.AchievementService
11:47:00.658 [FXGL Background Thread 3 ] DEBUG Engine               - class com.almasb.fxgl.cutscene.CutsceneService
11:47:00.658 [FXGL Background Thread 3 ] DEBUG Engine               - class com.almasb.fxgl.minigames.MiniGameService
11:47:00.658 [FXGL Background Thread 3 ] DEBUG Engine               - class com.almasb.fxgl.net.NetService
11:47:00.658 [FXGL Background Thread 3 ] DEBUG Engine               - class com.almasb.fxgl.app.services.UpdaterService
11:47:00.658 [FXGL Background Thread 3 ] DEBUG Engine               - class com.almasb.fxgl.dev.DevService
11:47:02.622 [JavaFX Application Thread] DEBUG LoopRunner           - Stopping loop
11:47:02.623 [JavaFX Application Thread] FATAL FXGLApplication      - Uncaught Exception:
java.lang.IllegalArgumentException: Property velocity does not exist
	at com.almasb.fxgl.core@17.2/com.almasb.fxgl.core.collection.PropertyMap.get(PropertyMap.kt:251)
	at com.almasb.fxgl.core@17.2/com.almasb.fxgl.core.collection.PropertyMap.objectProperty(PropertyMap.kt:169)
	at com.almasb.fxgl.core@17.2/com.almasb.fxgl.core.collection.PropertyMap.getObject(PropertyMap.kt:158)
	at com.almasb.fxgl.entity@17.2/com.almasb.fxgl.entity.Entity.getObject(Entity.java:328)
	at com.example.brickbreaker/com.example.brickbreaker.BrickBreakerApp.onUpdate(BrickBreakerApp.java:62)
	at com.almasb.fxgl.all@17.2/com.almasb.fxgl.app.FXGLApplication$GameApplicationService.onGameUpdate(FXGLApplication.kt:421)
	at com.almasb.fxgl.all@17.2/com.almasb.fxgl.app.Engine.onGameUpdate(Engine.kt:138)
	at com.almasb.fxgl.all@17.2/com.almasb.fxgl.app.FXGLApplication.postServicesInit$lambda-7(FXGLApplication.kt:182)
	at com.almasb.fxgl.scene@17.2/com.almasb.fxgl.scene.Scene.update(Scene.kt:113)
	at com.almasb.fxgl.all@17.2/com.almasb.fxgl.app.MainWindow$update$1.invoke(MainWindow.kt:115)
	at com.almasb.fxgl.all@17.2/com.almasb.fxgl.app.MainWindow$update$1.invoke(MainWindow.kt:115)
	at com.almasb.fxgl.core@17.2/com.almasb.fxgl.core.fsm.StateMachine.runOnActiveStates(StateMachine.kt:69)
	at com.almasb.fxgl.all@17.2/com.almasb.fxgl.app.MainWindow.update(MainWindow.kt:115)
	at com.almasb.fxgl.all@17.2/com.almasb.fxgl.app.FXGLApplication$GameApplicationService.onUpdate(FXGLApplication.kt:426)
	at com.almasb.fxgl.all@17.2/com.almasb.fxgl.app.Engine.loop(Engine.kt:134)
	at com.almasb.fxgl.all@17.2/com.almasb.fxgl.app.Engine.access$loop(Engine.kt:24)
	at com.almasb.fxgl.all@17.2/com.almasb.fxgl.app.Engine$loop$1.invoke(Engine.kt:28)
	at com.almasb.fxgl.all@17.2/com.almasb.fxgl.app.Engine$loop$1.invoke(Engine.kt:28)
	at com.almasb.fxgl.all@17.2/com.almasb.fxgl.app.LoopRunner.frame(LoopRunner.kt:103)
	at com.almasb.fxgl.all@17.2/com.almasb.fxgl.app.LoopRunner.access$frame(LoopRunner.kt:23)
	at com.almasb.fxgl.all@17.2/com.almasb.fxgl.app.LoopRunner$impl$2$1.onTick(LoopRunner.kt:57)
	at com.almasb.fxgl.all@17.2/com.almasb.fxgl.app.AnimationTimerLoop$timer$1.handle(LoopRunner.kt:137)
	at javafx.graphics@18.0.2/javafx.animation.AnimationTimer$AnimationTimerReceiver.lambda$handle$0(AnimationTimer.java:58)
	at java.base/java.security.AccessController.doPrivileged(AccessController.java:399)
	at javafx.graphics@18.0.2/javafx.animation.AnimationTimer$AnimationTimerReceiver.handle(AnimationTimer.java:57)
	at javafx.graphics@18.0.2/com.sun.scenario.animation.AbstractPrimaryTimer.timePulseImpl(AbstractPrimaryTimer.java:356)
	at javafx.graphics@18.0.2/com.sun.scenario.animation.AbstractPrimaryTimer$MainLoop.run(AbstractPrimaryTimer.java:266)
	at javafx.graphics@18.0.2/com.sun.javafx.tk.quantum.QuantumToolkit.pulse(QuantumToolkit.java:571)
	at javafx.graphics@18.0.2/com.sun.javafx.tk.quantum.QuantumToolkit.pulse(QuantumToolkit.java:555)
	at javafx.graphics@18.0.2/com.sun.javafx.tk.quantum.QuantumToolkit.pulseFromQueue(QuantumToolkit.java:548)
	at javafx.graphics@18.0.2/com.sun.javafx.tk.quantum.QuantumToolkit.lambda$runToolkit$11(QuantumToolkit.java:352)
	at javafx.graphics@18.0.2/com.sun.glass.ui.InvokeLaterDispatcher$Future.run(InvokeLaterDispatcher.java:96)
	at javafx.graphics@18.0.2/com.sun.glass.ui.win.WinApplication._runLoop(Native Method)
	at javafx.graphics@18.0.2/com.sun.glass.ui.win.WinApplication.lambda$runLoop$3(WinApplication.java:184)
	at java.base/java.lang.Thread.run(Thread.java:833)

11:47:02.623 [JavaFX Application Thread] FATAL FXGLApplication      - Application will now exit
11:47:02.627 [JavaFX Application Thread] DEBUG PrimaryStageWindow   - Push state: ErrorSubScene
11:47:02.627 [JavaFX Application Thread] DEBUG Input                - Clearing active input actions
11:47:02.627 [JavaFX Application Thread] DEBUG GameApplicationServi - Removing overlay from GameScene and adding to ErrorSubScene
11:47:02.628 [JavaFX Application Thread] DEBUG PrimaryStageWindow   - GameScene -> ErrorSubScene
11:47:03.473 [JavaFX Application Thread] DEBUG FXGLApplication      - Exiting FXGL
11:47:03.473 [JavaFX Application Thread] DEBUG Async                - Shutting down background threads
11:47:03.474 [JavaFX Application Thread] DEBUG PrimaryStageWindow   - Closing main window
11:47:03.479 [JavaFX Application Thread] DEBUG Logger               - Closing Logger
