17:10:38.628 [main                     ] DEBUG Logger               - Configured Logger
17:10:38.643 [main                     ] DEBUG GameApplication      - Logging settings
Title: Brick Breaker
Version: 0.0
Width: 600
Height: 600
Fullscreen: false
Intro: false
Profiling: false
Single step:false
App Mode: DEVELOPER
Menu Key: ESCAPE
Stage Style: DECORATED
Scene Factory: class com.example.brickbreaker.menu.CustomSceneFactory

17:10:38.917 [JavaFX Application Thread] DEBUG FXGLApplication      - Initializing FXGL
17:10:38.921 [JavaFX Application Thread] INFO  Engine               - FXGL-17.2 (20.08.2022 16.50) on WINDOWS (J:18.0.1.1 FX:18.0.2)
17:10:38.921 [JavaFX Application Thread] DEBUG Engine               - JRE Vendor Name: Oracle Corporation
17:10:38.922 [JavaFX Application Thread] DEBUG Engine               - Running on OS: Windows 10 version 10.0
17:10:38.922 [JavaFX Application Thread] DEBUG Engine               - Architecture: amd64
17:10:38.922 [JavaFX Application Thread] INFO  Engine               - Source code and latest versions at: https://github.com/AlmasB/FXGL
17:10:38.922 [JavaFX Application Thread] INFO  Engine               -       Ask questions and discuss at: https://github.com/AlmasB/FXGL/discussions
17:10:38.922 [JavaFX Application Thread] INFO  Engine               -              Join the FXGL chat at: https://gitter.im/AlmasB/FXGL
17:10:38.971 [JavaFX Application Thread] DEBUG PrimaryStageWindow   - Creating a JavaFX scene
17:10:38.996 [JavaFX Application Thread] DEBUG PrimaryStageWindow   - Target settings size: 600.0 x 600.0
17:10:38.996 [JavaFX Application Thread] DEBUG PrimaryStageWindow   - Scaled scene size:    600.0 x 600.0
17:10:38.996 [JavaFX Application Thread] DEBUG PrimaryStageWindow   - Scaled ratio: (1.0, 1.0)
17:10:38.997 [JavaFX Application Thread] DEBUG PrimaryStageWindow   - Set initial scene to FXGLStartupScene
17:10:39.001 [JavaFX Application Thread] DEBUG PrimaryStageWindow   - Opening main window
17:10:39.040 [JavaFX Application Thread] DEBUG PrimaryStageWindow   - Window border size: (16.0, 39.0)
17:10:39.040 [JavaFX Application Thread] DEBUG PrimaryStageWindow   - Scaled size: 600.0 x 600.0
17:10:39.040 [JavaFX Application Thread] DEBUG PrimaryStageWindow   - Scaled ratio: (1.0, 1.0)
17:10:39.041 [JavaFX Application Thread] DEBUG PrimaryStageWindow   - Scene size: 600.0 x 600.0
17:10:39.041 [JavaFX Application Thread] DEBUG PrimaryStageWindow   - Stage size: 616.0 x 639.0
17:10:39.045 [FXGL Background Thread 1 ] DEBUG Engine               - Initializing environment variables
17:10:39.073 [FXGL Background Thread 1 ] DEBUG FXGLAssetLoaderServi - User app class for loading assets: class com.example.brickbreaker.BrickBreakerApp
17:10:39.073 [FXGL Background Thread 1 ] DEBUG GameApplicationServi - Applying CSS: fxgl_dark.css
17:10:39.074 [FXGL Background Thread 1 ] DEBUG FXGLAssetLoaderServi - Loading from file system: jar:file:///C:/Users/matip/.m2/repository/com/github/almasb/fxgl/17.2/fxgl-17.2.jar!/fxglassets/ui/css/fxgl_dark.css
17:10:39.098 [FXGL Background Thread 1 ] DEBUG GameApplicationServi - Initializing application scenes
17:10:39.117 [FXGL Background Thread 1 ] DEBUG GameWorld            - Game world initialized
17:10:39.143 [FXGL Background Thread 1 ] DEBUG PhysicsWorld         - Physics world initialized: appHeight=600, physics.ppm=50.0
17:10:39.143 [FXGL Background Thread 1 ] DEBUG PhysicsWorld         - Using strategy: BRUTE_FORCE
17:10:39.146 [FXGL Background Thread 1 ] DEBUG GameScene            - Game scene initialized: 600x600
17:10:39.147 [FXGL Background Thread 1 ] DEBUG FXGLAssetLoaderServi - Loading from file system: file:/C:/Users/matip/Desktop/JavaProjects/brick-breaker/target/classes/assets/textures/brick-wall.png
17:10:39.179 [FXGL Background Thread 1 ] WARN  FXGL.DefaultMenu     - FXGLDefaultMenu is not designed for resolutions < 800x600
17:10:39.179 [FXGL Background Thread 1 ] DEBUG FXGL.DefaultMenu     - createMenuBodyGameMenu()
17:10:39.186 [FXGL Background Thread 1 ] DEBUG FXGL.DefaultMenu     - createOptionsMenu()
17:10:39.195 [FXGL Background Thread 1 ] DEBUG FXGLAssetLoaderServi - Loading from file system: jar:file:///C:/Users/matip/.m2/repository/com/github/almasb/fxgl/17.2/fxgl-17.2.jar!/fxglassets/textures/particles/smoke.png
17:10:39.236 [FXGL Background Thread 1 ] DEBUG FXGLAssetLoaderServi - Loading from file system: jar:file:///C:/Users/matip/.m2/repository/com/github/almasb/fxgl/17.2/fxgl-17.2.jar!/fxglassets/textures/particles/trace_horizontal.png
17:10:39.245 [FXGL Background Thread 1 ] DEBUG GameApplicationServi - Application scenes initialized
17:10:39.252 [FXGL Background Thread 1 ] DEBUG SystemBundleService  - Loading FXGL system data
17:10:39.255 [FXGL Background Thread 1 ] DEBUG FileSystemAccess     - Reading from: C:\Users\matip\Desktop\JavaProjects\brick-breaker\system\fxgl.bundle
17:10:39.259 [FXGL Background Thread 1 ] DEBUG SystemBundleService  - Bundle FXGL: {}
17:10:39.259 [FXGL Background Thread 1 ] DEBUG UpdaterService       - Checking for updates
17:10:39.262 [FXGL Background Thread 4 ] DEBUG FXGLApplication      - Loading fonts
17:10:39.262 [FXGL Background Thread 1 ] DEBUG FXGLApplication      - Loading default localization
17:10:39.262 [FXGL Background Thread 4 ] DEBUG FXGLAssetLoaderServi - Loading from file system: jar:file:///C:/Users/matip/.m2/repository/com/github/almasb/fxgl/17.2/fxgl-17.2.jar!/fxglassets/ui/fonts/VarelaRound-Regular.ttf
17:10:39.262 [FXGL Background Thread 1 ] DEBUG FXGLAssetLoaderServi - Loading from file system: jar:file:///C:/Users/matip/.m2/repository/com/github/almasb/fxgl/17.2/fxgl-17.2.jar!/fxglassets/languages/english.lang
17:10:39.272 [FXGL Background Thread 1 ] INFO  FXGLApplication      - FXGL initialization took: 0.227 sec
17:10:39.277 [JavaFX Application Thread] DEBUG Input                - Registered new binding: action0 - D
17:10:39.278 [JavaFX Application Thread] DEBUG Input                - Registered new binding: action1 - A
17:10:39.278 [JavaFX Application Thread] DEBUG FXGLAssetLoaderServi - Loading from file system: jar:file:///C:/Users/matip/.m2/repository/com/github/almasb/fxgl/17.2/fxgl-17.2.jar!/fxglassets/textures/fxgl_icon.png
17:10:39.284 [JavaFX Application Thread] DEBUG FXGLAssetLoaderServi - Loading from file system: jar:file:///C:/Users/matip/.m2/repository/com/github/almasb/fxgl/17.2/fxgl-17.2.jar!/fxglassets/textures/fxgl_default_cursor.png
17:10:39.285 [JavaFX Application Thread] DEBUG Input                - Registered new binding: Screenshot - CTRL+8
17:10:39.286 [JavaFX Application Thread] DEBUG Input                - Registered new binding: System info dump - CTRL+9
17:10:39.286 [JavaFX Application Thread] DEBUG Input                - Registered new binding: Restart - CTRL+R
17:10:39.286 [JavaFX Application Thread] DEBUG Input                - Registered new binding: Toggle Debug Camera - CTRL+7
17:10:39.286 [FXGL Background Thread 4 ] DEBUG FXGLAssetLoaderServi - Loading from file system: jar:file:///C:/Users/matip/.m2/repository/com/github/almasb/fxgl/17.2/fxgl-17.2.jar!/fxglassets/ui/fonts/Abel-Regular.ttf
17:10:39.287 [JavaFX Application Thread] DEBUG LoopRunner           - Starting loop
17:10:39.287 [JavaFX Application Thread] DEBUG LoopRunner           - Initializing JavaFX AnimationTimerLoop
17:10:39.289 [FXGL Background Thread 4 ] DEBUG FXGLAssetLoaderServi - Loading from file system: jar:file:///C:/Users/matip/.m2/repository/com/github/almasb/fxgl/17.2/fxgl-17.2.jar!/fxglassets/ui/fonts/TerminalLandMono-Regular.otf
17:10:39.289 [JavaFX Application Thread] DEBUG Input                - Clearing active input actions
17:10:39.291 [FXGL Background Thread 4 ] DEBUG FXGLAssetLoaderServi - Loading from file system: jar:file:///C:/Users/matip/.m2/repository/com/github/almasb/fxgl/17.2/fxgl-17.2.jar!/fxglassets/ui/fonts/Courier-Prime.ttf
17:10:39.293 [JavaFX Application Thread] DEBUG GameApplicationServi - Removing overlay from FXGLStartupScene and adding to FXGLMainMenuDummyScene
17:10:39.294 [JavaFX Application Thread] DEBUG PrimaryStageWindow   - FXGLStartupScene -> FXGLMainMenuDummyScene
17:10:39.294 [JavaFX Application Thread] DEBUG PrimaryStageWindow   - Push state: MainMenu
17:10:39.294 [JavaFX Application Thread] DEBUG Input                - Clearing active input actions
17:10:39.294 [JavaFX Application Thread] DEBUG GameApplicationServi - Removing overlay from FXGLMainMenuDummyScene and adding to MainMenu
17:10:39.294 [JavaFX Application Thread] DEBUG PrimaryStageWindow   - FXGLMainMenuDummyScene -> MainMenu
17:10:39.295 [JavaFX Application Thread] DEBUG FXGLApplication      - Registering font factories with UI factory
17:10:39.523 [FXGL Background Thread 2 ] INFO  UpdaterService       - Your current version:  17.2
17:10:39.524 [FXGL Background Thread 2 ] INFO  UpdaterService       - Latest stable version: 17.3
17:10:41.385 [JavaFX Application Thread] DEBUG Menu                 - fireNewGame()
17:10:41.385 [JavaFX Application Thread] DEBUG GameApplicationServi - Starting new game
17:10:41.385 [JavaFX Application Thread] DEBUG PrimaryStageWindow   - Pop state: MainMenu
17:10:41.385 [JavaFX Application Thread] DEBUG Input                - Clearing active input actions
17:10:41.385 [JavaFX Application Thread] DEBUG GameApplicationServi - Removing overlay from MainMenu and adding to FXGLMainMenuDummyScene
17:10:41.385 [JavaFX Application Thread] DEBUG PrimaryStageWindow   - FXGLMainMenuDummyScene <- MainMenu
17:10:41.386 [JavaFX Application Thread] DEBUG Input                - Clearing active input actions
17:10:41.392 [JavaFX Application Thread] DEBUG GameApplicationServi - Removing overlay from FXGLMainMenuDummyScene and adding to FXGLLoadingScene
17:10:41.392 [JavaFX Application Thread] DEBUG PrimaryStageWindow   - FXGLMainMenuDummyScene -> FXGLLoadingScene
17:10:41.392 [JavaFX Application Thread] DEBUG GameApplicationServi - Clearing previous game
17:10:41.393 [JavaFX Application Thread] DEBUG GameScene            - Clearing game scene
17:10:41.393 [JavaFX Application Thread] DEBUG GameWorld            - Clearing game world
17:10:41.393 [JavaFX Application Thread] DEBUG PhysicsWorld         - Clearing physics world
17:10:41.393 [FXGL Background Thread 2 ] DEBUG FXGLApplication      - Initializing game
17:10:41.405 [FXGL Background Thread 2 ] WARN  GameWorld            - Entity is already attached to world
17:10:41.405 [FXGL Background Thread 2 ] DEBUG FXGLAssetLoaderServi - Loading from file system: file:/C:/Users/matip/Desktop/JavaProjects/brick-breaker/target/classes/assets/textures/ball.png
17:10:41.407 [FXGL Background Thread 2 ] WARN  GameWorld            - Entity is already attached to world
17:10:41.408 [FXGL Background Thread 2 ] INFO  FXGLApplication      - Game initialization took: 0.015 sec
17:10:41.431 [JavaFX Application Thread] DEBUG Input                - Clearing active input actions
17:10:41.434 [JavaFX Application Thread] DEBUG GameApplicationServi - Removing overlay from FXGLLoadingScene and adding to GameScene
17:10:41.434 [JavaFX Application Thread] DEBUG PrimaryStageWindow   - FXGLLoadingScene -> GameScene
17:10:42.154 [JavaFX Application Thread] DEBUG PrimaryStageWindow   - Push state: FXGLDefaultMenu
17:10:42.156 [JavaFX Application Thread] DEBUG Input                - Clearing active input actions
17:10:42.159 [JavaFX Application Thread] DEBUG GameApplicationServi - Removing overlay from GameScene and adding to FXGLDefaultMenu
17:10:42.159 [JavaFX Application Thread] DEBUG PrimaryStageWindow   - GameScene -> FXGLDefaultMenu
17:10:42.263 [FXGL Background Thread 3 ] DEBUG Engine               - Logging environment variables
17:10:42.263 [FXGL Background Thread 3 ] DEBUG Engine               - achievements: []
17:10:42.263 [FXGL Background Thread 3 ] DEBUG Engine               - actualHeight: 600.0
17:10:42.263 [FXGL Background Thread 3 ] DEBUG Engine               - actualHeightProperty: ReadOnlyDoubleProperty [value: 600.0]
17:10:42.263 [FXGL Background Thread 3 ] DEBUG Engine               - actualWidth: 600.0
17:10:42.263 [FXGL Background Thread 3 ] DEBUG Engine               - actualWidthProperty: ReadOnlyDoubleProperty [value: 600.0]
17:10:42.263 [FXGL Background Thread 3 ] DEBUG Engine               - appIcon: fxgl_icon.png
17:10:42.263 [FXGL Background Thread 3 ] DEBUG Engine               - applicationMode: DEVELOPER
17:10:42.263 [FXGL Background Thread 3 ] DEBUG Engine               - cSSList: [fxgl_dark.css]
17:10:42.263 [FXGL Background Thread 3 ] DEBUG Engine               - collisionDetectionStrategy: BRUTE_FORCE
17:10:42.263 [FXGL Background Thread 3 ] DEBUG Engine               - configClass: Optional.empty
17:10:42.263 [FXGL Background Thread 3 ] DEBUG Engine               - credits: []
17:10:42.264 [FXGL Background Thread 3 ] DEBUG Engine               - defaultCursor: CursorInfo(imageName=fxgl_default_cursor.png, hotspotX=7.0, hotspotY=6.0)
17:10:42.264 [FXGL Background Thread 3 ] DEBUG Engine               - devBBoxColorProperty: ObjectProperty [value: 0xff0000ff]
17:10:42.264 [FXGL Background Thread 3 ] DEBUG Engine               - devEnableDebugCameraProperty: BooleanProperty [value: false]
17:10:42.264 [FXGL Background Thread 3 ] DEBUG Engine               - devSensorColorProperty: ObjectProperty [value: 0xffff00ff]
17:10:42.264 [FXGL Background Thread 3 ] DEBUG Engine               - devShowBBoxProperty: BooleanProperty [value: false]
17:10:42.264 [FXGL Background Thread 3 ] DEBUG Engine               - devShowPositionProperty: BooleanProperty [value: false]
17:10:42.264 [FXGL Background Thread 3 ] DEBUG Engine               - enabledMenuItems: []
17:10:42.264 [FXGL Background Thread 3 ] DEBUG Engine               - engineServices: [class com.almasb.fxgl.app.services.FXGLAssetLoaderService, class com.almasb.fxgl.app.FXGLApplication$GameApplicationService, class com.almasb.fxgl.app.services.FXGLDialogService, class com.almasb.fxgl.app.services.IOTaskExecutorService, class com.almasb.fxgl.io.FileSystemService, class com.almasb.fxgl.localization.LocalizationService, class com.almasb.fxgl.app.services.SystemBundleService, class com.almasb.fxgl.profile.SaveLoadService, class com.almasb.fxgl.ui.FXGLUIFactoryServiceProvider, class com.almasb.fxgl.ui.FXGLDialogFactoryServiceProvider, class com.almasb.fxgl.audio.AudioPlayer, class com.almasb.fxgl.notification.impl.NotificationServiceProvider, class com.almasb.fxgl.achievement.AchievementService, class com.almasb.fxgl.cutscene.CutsceneService, class com.almasb.fxgl.minigames.MiniGameService, class com.almasb.fxgl.net.NetService, class com.almasb.fxgl.app.services.UpdaterService, class com.almasb.fxgl.dev.DevService]
17:10:42.264 [FXGL Background Thread 3 ] DEBUG Engine               - fontGame: Abel-Regular.ttf
17:10:42.264 [FXGL Background Thread 3 ] DEBUG Engine               - fontMono: TerminalLandMono-Regular.otf
17:10:42.264 [FXGL Background Thread 3 ] DEBUG Engine               - fontText: Courier-Prime.ttf
17:10:42.264 [FXGL Background Thread 3 ] DEBUG Engine               - fontUI: VarelaRound-Regular.ttf
17:10:42.264 [FXGL Background Thread 3 ] DEBUG Engine               - fullScreen: BooleanProperty [value: false]
17:10:42.264 [FXGL Background Thread 3 ] DEBUG Engine               - gameDifficulty: MEDIUM
17:10:42.264 [FXGL Background Thread 3 ] DEBUG Engine               - gameDifficultyProperty: ObjectProperty [value: MEDIUM]
17:10:42.264 [FXGL Background Thread 3 ] DEBUG Engine               - globalMusicVolume: 0.5
17:10:42.264 [FXGL Background Thread 3 ] DEBUG Engine               - globalMusicVolumeProperty: DoubleProperty [value: 0.5]
17:10:42.264 [FXGL Background Thread 3 ] DEBUG Engine               - globalSoundVolume: 0.5
17:10:42.264 [FXGL Background Thread 3 ] DEBUG Engine               - globalSoundVolumeProperty: DoubleProperty [value: 0.5]
17:10:42.264 [FXGL Background Thread 3 ] DEBUG Engine               - height: 600
17:10:42.264 [FXGL Background Thread 3 ] DEBUG Engine               - is3D: false
17:10:42.264 [FXGL Background Thread 3 ] DEBUG Engine               - isAndroid: false
17:10:42.265 [FXGL Background Thread 3 ] DEBUG Engine               - isBrowser: false
17:10:42.265 [FXGL Background Thread 3 ] DEBUG Engine               - isClickFeedbackEnabled: false
17:10:42.265 [FXGL Background Thread 3 ] DEBUG Engine               - isCloseConfirmation: false
17:10:42.265 [FXGL Background Thread 3 ] DEBUG Engine               - isDesktop: true
17:10:42.265 [FXGL Background Thread 3 ] DEBUG Engine               - isDeveloperMenuEnabled: false
17:10:42.265 [FXGL Background Thread 3 ] DEBUG Engine               - isEmbedded: false
17:10:42.265 [FXGL Background Thread 3 ] DEBUG Engine               - isEntityPreloadEnabled: true
17:10:42.265 [FXGL Background Thread 3 ] DEBUG Engine               - isExperimentalTiledLargeMap: false
17:10:42.265 [FXGL Background Thread 3 ] DEBUG Engine               - isFileSystemWriteAllowed: true
17:10:42.265 [FXGL Background Thread 3 ] DEBUG Engine               - isFullScreenAllowed: false
17:10:42.265 [FXGL Background Thread 3 ] DEBUG Engine               - isFullScreenFromStart: false
17:10:42.265 [FXGL Background Thread 3 ] DEBUG Engine               - isGameMenuEnabled: true
17:10:42.265 [FXGL Background Thread 3 ] DEBUG Engine               - isIOS: false
17:10:42.265 [FXGL Background Thread 3 ] DEBUG Engine               - isIntroEnabled: false
17:10:42.265 [FXGL Background Thread 3 ] DEBUG Engine               - isLinux: false
17:10:42.265 [FXGL Background Thread 3 ] DEBUG Engine               - isMac: false
17:10:42.265 [FXGL Background Thread 3 ] DEBUG Engine               - isMainMenuEnabled: true
17:10:42.265 [FXGL Background Thread 3 ] DEBUG Engine               - isManualResizeEnabled: false
17:10:42.265 [FXGL Background Thread 3 ] DEBUG Engine               - isMobile: false
17:10:42.265 [FXGL Background Thread 3 ] DEBUG Engine               - isNative: false
17:10:42.265 [FXGL Background Thread 3 ] DEBUG Engine               - isPauseMusicWhenMinimized: true
17:10:42.265 [FXGL Background Thread 3 ] DEBUG Engine               - isPreserveResizeRatio: false
17:10:42.265 [FXGL Background Thread 3 ] DEBUG Engine               - isProfilingEnabled: false
17:10:42.265 [FXGL Background Thread 3 ] DEBUG Engine               - isScaleAffectedOnResize: true
17:10:42.265 [FXGL Background Thread 3 ] DEBUG Engine               - isSingleStep: false
17:10:42.265 [FXGL Background Thread 3 ] DEBUG Engine               - isUserProfileEnabled: false
17:10:42.265 [FXGL Background Thread 3 ] DEBUG Engine               - isWindows: true
17:10:42.265 [FXGL Background Thread 3 ] DEBUG Engine               - language: ObjectProperty [value: ENGLISH]
17:10:42.265 [FXGL Background Thread 3 ] DEBUG Engine               - menuKey: ESCAPE
17:10:42.266 [FXGL Background Thread 3 ] DEBUG Engine               - mouseSensitivity: 0.2
17:10:42.266 [FXGL Background Thread 3 ] DEBUG Engine               - notificationViewClass: class com.almasb.fxgl.notification.view.XboxNotificationView
17:10:42.266 [FXGL Background Thread 3 ] DEBUG Engine               - pixelsPerMeter: 50.0
17:10:42.266 [FXGL Background Thread 3 ] DEBUG Engine               - platform: WINDOWS
17:10:42.266 [FXGL Background Thread 3 ] DEBUG Engine               - prefHeightProperty: ReadOnlyDoubleProperty [value: 600.0]
17:10:42.266 [FXGL Background Thread 3 ] DEBUG Engine               - prefWidthProperty: ReadOnlyDoubleProperty [value: 600.0]
17:10:42.266 [FXGL Background Thread 3 ] DEBUG Engine               - profileDir: profiles/
17:10:42.266 [FXGL Background Thread 3 ] DEBUG Engine               - profileName: StringProperty [value: DEFAULT]
17:10:42.266 [FXGL Background Thread 3 ] DEBUG Engine               - randomSeed: -1
17:10:42.266 [FXGL Background Thread 3 ] DEBUG Engine               - runtimeInfo: RuntimeInfo(platform=WINDOWS, version=17.2, build=20.08.2022 16.50)
17:10:42.266 [FXGL Background Thread 3 ] DEBUG Engine               - saveFileExt: sav
17:10:42.266 [FXGL Background Thread 3 ] DEBUG Engine               - scaledHeightProp$fxgl: DoubleProperty [bound, value: 600.0]
17:10:42.266 [FXGL Background Thread 3 ] DEBUG Engine               - scaledWidthProp$fxgl: DoubleProperty [bound, value: 600.0]
17:10:42.266 [FXGL Background Thread 3 ] DEBUG Engine               - sceneFactory: com.example.brickbreaker.menu.CustomSceneFactory@75eebd49
17:10:42.266 [FXGL Background Thread 3 ] DEBUG Engine               - secondsIn24h: 60
17:10:42.266 [FXGL Background Thread 3 ] DEBUG Engine               - soundMenuBack: menu/back.wav
17:10:42.266 [FXGL Background Thread 3 ] DEBUG Engine               - soundMenuPress: menu/press.wav
17:10:42.266 [FXGL Background Thread 3 ] DEBUG Engine               - soundMenuSelect: menu/select.wav
17:10:42.266 [FXGL Background Thread 3 ] DEBUG Engine               - soundNotification: core/notification.wav
17:10:42.266 [FXGL Background Thread 3 ] DEBUG Engine               - stageStyle: DECORATED
17:10:42.266 [FXGL Background Thread 3 ] DEBUG Engine               - supportedLanguages: [ENGLISH, FRENCH, GERMAN, HUNGARIAN, RUSSIAN]
17:10:42.266 [FXGL Background Thread 3 ] DEBUG Engine               - ticksPerSecond: -1
17:10:42.266 [FXGL Background Thread 3 ] DEBUG Engine               - title: Brick Breaker
17:10:42.266 [FXGL Background Thread 3 ] DEBUG Engine               - urlGithub: https://github.com/AlmasB/FXGL
17:10:42.266 [FXGL Background Thread 3 ] DEBUG Engine               - urlLeaderboard: http://fxgl-top.herokuapp.com/
17:10:42.266 [FXGL Background Thread 3 ] DEBUG Engine               - urlPOM: https://raw.githubusercontent.com/AlmasB/FXGL/release/README.md
17:10:42.266 [FXGL Background Thread 3 ] DEBUG Engine               - userAppClass: class com.example.brickbreaker.BrickBreakerApp
17:10:42.267 [FXGL Background Thread 3 ] DEBUG Engine               - version: 0.0
17:10:42.267 [FXGL Background Thread 3 ] DEBUG Engine               - versionCheckDays: 7
17:10:42.267 [FXGL Background Thread 3 ] DEBUG Engine               - width: 600
17:10:42.267 [FXGL Background Thread 3 ] DEBUG Engine               - Logging services
17:10:42.267 [FXGL Background Thread 3 ] DEBUG Engine               - class com.almasb.fxgl.app.services.FXGLAssetLoaderService
17:10:42.267 [FXGL Background Thread 3 ] DEBUG Engine               - class com.almasb.fxgl.app.FXGLApplication$GameApplicationService
17:10:42.267 [FXGL Background Thread 3 ] DEBUG Engine               - class com.almasb.fxgl.app.services.FXGLDialogService
17:10:42.267 [FXGL Background Thread 3 ] DEBUG Engine               - class com.almasb.fxgl.app.services.IOTaskExecutorService
17:10:42.267 [FXGL Background Thread 3 ] DEBUG Engine               - class com.almasb.fxgl.io.FileSystemService
17:10:42.267 [FXGL Background Thread 3 ] DEBUG Engine               - class com.almasb.fxgl.localization.LocalizationService
17:10:42.267 [FXGL Background Thread 3 ] DEBUG Engine               - class com.almasb.fxgl.app.services.SystemBundleService
17:10:42.267 [FXGL Background Thread 3 ] DEBUG Engine               - class com.almasb.fxgl.profile.SaveLoadService
17:10:42.267 [FXGL Background Thread 3 ] DEBUG Engine               - class com.almasb.fxgl.ui.FXGLUIFactoryServiceProvider
17:10:42.267 [FXGL Background Thread 3 ] DEBUG Engine               - class com.almasb.fxgl.ui.FXGLDialogFactoryServiceProvider
17:10:42.267 [FXGL Background Thread 3 ] DEBUG Engine               - class com.almasb.fxgl.audio.AudioPlayer
17:10:42.267 [FXGL Background Thread 3 ] DEBUG Engine               - class com.almasb.fxgl.notification.impl.NotificationServiceProvider
17:10:42.267 [FXGL Background Thread 3 ] DEBUG Engine               - class com.almasb.fxgl.achievement.AchievementService
17:10:42.267 [FXGL Background Thread 3 ] DEBUG Engine               - class com.almasb.fxgl.cutscene.CutsceneService
17:10:42.267 [FXGL Background Thread 3 ] DEBUG Engine               - class com.almasb.fxgl.minigames.MiniGameService
17:10:42.267 [FXGL Background Thread 3 ] DEBUG Engine               - class com.almasb.fxgl.net.NetService
17:10:42.267 [FXGL Background Thread 3 ] DEBUG Engine               - class com.almasb.fxgl.app.services.UpdaterService
17:10:42.267 [FXGL Background Thread 3 ] DEBUG Engine               - class com.almasb.fxgl.dev.DevService
17:10:48.823 [JavaFX Application Thread] DEBUG FXGLApplication      - Exiting FXGL
17:10:48.823 [JavaFX Application Thread] DEBUG LoopRunner           - Stopping loop
17:10:48.823 [JavaFX Application Thread] DEBUG SystemBundleService  - Saving FXGL system data
17:10:48.824 [JavaFX Application Thread] DEBUG FileSystemAccess     - Writing to: C:\Users\matip\Desktop\JavaProjects\brick-breaker\system\fxgl.bundle
17:10:48.826 [JavaFX Application Thread] DEBUG Async                - Shutting down background threads
17:10:48.826 [JavaFX Application Thread] DEBUG PrimaryStageWindow   - Closing main window
17:10:48.831 [JavaFX Application Thread] DEBUG Logger               - Closing Logger
