11:44:55.619 [main                     ] DEBUG Logger               - Configured Logger
11:44:55.635 [main                     ] DEBUG GameApplication      - Logging settings
Title: Brick Breaker
Version: 0.0
Width: 600
Height: 600
Fullscreen: false
Intro: false
Profiling: false
Single step:false
App Mode: DEVELOPER
Menu Key: ESCAPE
Stage Style: DECORATED
Scene Factory: class com.almasb.fxgl.app.scene.SceneFactory

11:44:55.899 [JavaFX Application Thread] DEBUG FXGLApplication      - Initializing FXGL
11:44:55.902 [JavaFX Application Thread] INFO  Engine               - FXGL-17.2 (20.08.2022 16.50) on WINDOWS (J:18.0.1.1 FX:18.0.2)
11:44:55.902 [JavaFX Application Thread] DEBUG Engine               - JRE Vendor Name: Oracle Corporation
11:44:55.903 [JavaFX Application Thread] DEBUG Engine               - Running on OS: Windows 10 version 10.0
11:44:55.903 [JavaFX Application Thread] DEBUG Engine               - Architecture: amd64
11:44:55.903 [JavaFX Application Thread] INFO  Engine               - Source code and latest versions at: https://github.com/AlmasB/FXGL
11:44:55.903 [JavaFX Application Thread] INFO  Engine               -       Ask questions and discuss at: https://github.com/AlmasB/FXGL/discussions
11:44:55.903 [JavaFX Application Thread] INFO  Engine               -              Join the FXGL chat at: https://gitter.im/AlmasB/FXGL
11:44:55.953 [JavaFX Application Thread] DEBUG PrimaryStageWindow   - Creating a JavaFX scene
11:44:55.979 [JavaFX Application Thread] DEBUG PrimaryStageWindow   - Target settings size: 600.0 x 600.0
11:44:55.979 [JavaFX Application Thread] DEBUG PrimaryStageWindow   - Scaled scene size:    600.0 x 600.0
11:44:55.979 [JavaFX Application Thread] DEBUG PrimaryStageWindow   - Scaled ratio: (1.0, 1.0)
11:44:55.979 [JavaFX Application Thread] DEBUG PrimaryStageWindow   - Set initial scene to FXGLStartupScene
11:44:55.983 [JavaFX Application Thread] DEBUG PrimaryStageWindow   - Opening main window
11:44:56.023 [JavaFX Application Thread] DEBUG PrimaryStageWindow   - Window border size: (16.0, 39.0)
11:44:56.023 [JavaFX Application Thread] DEBUG PrimaryStageWindow   - Scaled size: 600.0 x 600.0
11:44:56.024 [JavaFX Application Thread] DEBUG PrimaryStageWindow   - Scaled ratio: (1.0, 1.0)
11:44:56.024 [JavaFX Application Thread] DEBUG PrimaryStageWindow   - Scene size: 600.0 x 600.0
11:44:56.024 [JavaFX Application Thread] DEBUG PrimaryStageWindow   - Stage size: 616.0 x 639.0
11:44:56.028 [FXGL Background Thread 1 ] DEBUG Engine               - Initializing environment variables
11:44:56.053 [FXGL Background Thread 1 ] DEBUG FXGLAssetLoaderServi - User app class for loading assets: class com.example.brickbreaker.BrickBreakerApp
11:44:56.053 [FXGL Background Thread 1 ] DEBUG GameApplicationServi - Applying CSS: fxgl_dark.css
11:44:56.053 [FXGL Background Thread 1 ] DEBUG FXGLAssetLoaderServi - Loading from file system: jar:file:///C:/Users/matip/.m2/repository/com/github/almasb/fxgl/17.2/fxgl-17.2.jar!/fxglassets/ui/css/fxgl_dark.css
11:44:56.078 [FXGL Background Thread 1 ] DEBUG GameApplicationServi - Initializing application scenes
11:44:56.098 [FXGL Background Thread 1 ] DEBUG GameWorld            - Game world initialized
11:44:56.125 [FXGL Background Thread 1 ] DEBUG PhysicsWorld         - Physics world initialized: appHeight=600, physics.ppm=50.0
11:44:56.125 [FXGL Background Thread 1 ] DEBUG PhysicsWorld         - Using strategy: BRUTE_FORCE
11:44:56.128 [FXGL Background Thread 1 ] DEBUG GameScene            - Game scene initialized: 600x600
11:44:56.134 [FXGL Background Thread 1 ] WARN  FXGL.DefaultMenu     - FXGLDefaultMenu is not designed for resolutions < 800x600
11:44:56.134 [FXGL Background Thread 1 ] DEBUG FXGL.DefaultMenu     - createMenuBodyGameMenu()
11:44:56.141 [FXGL Background Thread 1 ] DEBUG FXGL.DefaultMenu     - createOptionsMenu()
11:44:56.148 [FXGL Background Thread 1 ] DEBUG FXGLAssetLoaderServi - Loading from file system: jar:file:///C:/Users/matip/.m2/repository/com/github/almasb/fxgl/17.2/fxgl-17.2.jar!/fxglassets/textures/particles/smoke.png
11:44:56.200 [FXGL Background Thread 1 ] DEBUG FXGLAssetLoaderServi - Loading from file system: jar:file:///C:/Users/matip/.m2/repository/com/github/almasb/fxgl/17.2/fxgl-17.2.jar!/fxglassets/textures/particles/trace_horizontal.png
11:44:56.220 [FXGL Background Thread 1 ] DEBUG GameApplicationServi - Application scenes initialized
11:44:56.227 [FXGL Background Thread 1 ] DEBUG SystemBundleService  - Loading FXGL system data
11:44:56.230 [FXGL Background Thread 1 ] DEBUG FileSystemAccess     - Reading from: C:\Users\matip\Desktop\JavaProjects\brick-breaker\system\fxgl.bundle
11:44:56.234 [FXGL Background Thread 1 ] DEBUG SystemBundleService  - Bundle FXGL: {}
11:44:56.234 [FXGL Background Thread 1 ] DEBUG UpdaterService       - Checking for updates
11:44:56.247 [FXGL Background Thread 4 ] DEBUG FXGLApplication      - Loading fonts
11:44:56.247 [FXGL Background Thread 4 ] DEBUG FXGLAssetLoaderServi - Loading from file system: jar:file:///C:/Users/matip/.m2/repository/com/github/almasb/fxgl/17.2/fxgl-17.2.jar!/fxglassets/ui/fonts/VarelaRound-Regular.ttf
11:44:56.247 [FXGL Background Thread 1 ] DEBUG FXGLApplication      - Loading default localization
11:44:56.248 [FXGL Background Thread 1 ] DEBUG FXGLAssetLoaderServi - Loading from file system: jar:file:///C:/Users/matip/.m2/repository/com/github/almasb/fxgl/17.2/fxgl-17.2.jar!/fxglassets/languages/english.lang
11:44:56.256 [FXGL Background Thread 1 ] INFO  FXGLApplication      - FXGL initialization took: 0.228 sec
11:44:56.262 [JavaFX Application Thread] DEBUG Input                - Registered new binding: action0 - D
11:44:56.262 [JavaFX Application Thread] DEBUG Input                - Registered new binding: action1 - A
11:44:56.262 [JavaFX Application Thread] DEBUG FXGLAssetLoaderServi - Loading from file system: jar:file:///C:/Users/matip/.m2/repository/com/github/almasb/fxgl/17.2/fxgl-17.2.jar!/fxglassets/textures/fxgl_icon.png
11:44:56.272 [JavaFX Application Thread] DEBUG FXGLAssetLoaderServi - Loading from file system: jar:file:///C:/Users/matip/.m2/repository/com/github/almasb/fxgl/17.2/fxgl-17.2.jar!/fxglassets/textures/fxgl_default_cursor.png
11:44:56.272 [FXGL Background Thread 4 ] DEBUG FXGLAssetLoaderServi - Loading from file system: jar:file:///C:/Users/matip/.m2/repository/com/github/almasb/fxgl/17.2/fxgl-17.2.jar!/fxglassets/ui/fonts/Abel-Regular.ttf
11:44:56.274 [JavaFX Application Thread] DEBUG Input                - Registered new binding: Screenshot - CTRL+8
11:44:56.274 [JavaFX Application Thread] DEBUG Input                - Registered new binding: Dev Options - 1
11:44:56.274 [JavaFX Application Thread] DEBUG Input                - Registered new binding: Dev Console - 2
11:44:56.274 [FXGL Background Thread 4 ] DEBUG FXGLAssetLoaderServi - Loading from file system: jar:file:///C:/Users/matip/.m2/repository/com/github/almasb/fxgl/17.2/fxgl-17.2.jar!/fxglassets/ui/fonts/TerminalLandMono-Regular.otf
11:44:56.274 [JavaFX Application Thread] DEBUG Input                - Registered new binding: System info dump - CTRL+9
11:44:56.275 [JavaFX Application Thread] DEBUG Input                - Registered new binding: Restart - CTRL+R
11:44:56.275 [JavaFX Application Thread] DEBUG Input                - Registered new binding: Toggle Debug Camera - CTRL+7
11:44:56.277 [JavaFX Application Thread] DEBUG LoopRunner           - Starting loop
11:44:56.277 [FXGL Background Thread 4 ] DEBUG FXGLAssetLoaderServi - Loading from file system: jar:file:///C:/Users/matip/.m2/repository/com/github/almasb/fxgl/17.2/fxgl-17.2.jar!/fxglassets/ui/fonts/Courier-Prime.ttf
11:44:56.283 [JavaFX Application Thread] DEBUG LoopRunner           - Initializing JavaFX AnimationTimerLoop
11:44:56.284 [JavaFX Application Thread] DEBUG GameApplicationServi - Starting new game
11:44:56.284 [JavaFX Application Thread] DEBUG Input                - Clearing active input actions
11:44:56.289 [JavaFX Application Thread] DEBUG GameApplicationServi - Removing overlay from FXGLStartupScene and adding to FXGLLoadingScene
11:44:56.291 [JavaFX Application Thread] DEBUG PrimaryStageWindow   - FXGLStartupScene -> FXGLLoadingScene
11:44:56.291 [JavaFX Application Thread] DEBUG GameApplicationServi - Clearing previous game
11:44:56.291 [JavaFX Application Thread] DEBUG GameScene            - Clearing game scene
11:44:56.291 [JavaFX Application Thread] DEBUG GameWorld            - Clearing game world
11:44:56.291 [JavaFX Application Thread] DEBUG PhysicsWorld         - Clearing physics world
11:44:56.292 [FXGL Background Thread 4 ] DEBUG FXGLApplication      - Initializing game
11:44:56.295 [JavaFX Application Thread] DEBUG FXGLApplication      - Registering font factories with UI factory
11:44:56.302 [FXGL Background Thread 4 ] WARN  GameWorld            - Entity is already attached to world
11:44:56.302 [FXGL Background Thread 4 ] WARN  GameWorld            - Entity is already attached to world
11:44:56.303 [FXGL Background Thread 4 ] WARN  GameWorld            - Entity is already attached to world
11:44:56.305 [FXGL Background Thread 4 ] INFO  FXGLApplication      - Game initialization took: 0.013 sec
11:44:56.390 [JavaFX Application Thread] DEBUG Input                - Clearing active input actions
11:44:56.394 [JavaFX Application Thread] DEBUG GameApplicationServi - Removing overlay from FXGLLoadingScene and adding to GameScene
11:44:56.396 [JavaFX Application Thread] DEBUG PrimaryStageWindow   - FXGLLoadingScene -> GameScene
11:44:56.676 [FXGL Background Thread 2 ] INFO  UpdaterService       - Your current version:  17.2
11:44:56.677 [FXGL Background Thread 2 ] INFO  UpdaterService       - Latest stable version: 17.3
11:44:59.248 [FXGL Background Thread 3 ] DEBUG Engine               - Logging environment variables
11:44:59.248 [FXGL Background Thread 3 ] DEBUG Engine               - achievements: []
11:44:59.248 [FXGL Background Thread 3 ] DEBUG Engine               - actualHeight: 600.0
11:44:59.248 [FXGL Background Thread 3 ] DEBUG Engine               - actualHeightProperty: ReadOnlyDoubleProperty [value: 600.0]
11:44:59.248 [FXGL Background Thread 3 ] DEBUG Engine               - actualWidth: 600.0
11:44:59.248 [FXGL Background Thread 3 ] DEBUG Engine               - actualWidthProperty: ReadOnlyDoubleProperty [value: 600.0]
11:44:59.248 [FXGL Background Thread 3 ] DEBUG Engine               - appIcon: fxgl_icon.png
11:44:59.248 [FXGL Background Thread 3 ] DEBUG Engine               - applicationMode: DEVELOPER
11:44:59.248 [FXGL Background Thread 3 ] DEBUG Engine               - cSSList: [fxgl_dark.css]
11:44:59.248 [FXGL Background Thread 3 ] DEBUG Engine               - collisionDetectionStrategy: BRUTE_FORCE
11:44:59.248 [FXGL Background Thread 3 ] DEBUG Engine               - configClass: Optional.empty
11:44:59.248 [FXGL Background Thread 3 ] DEBUG Engine               - credits: []
11:44:59.249 [FXGL Background Thread 3 ] DEBUG Engine               - defaultCursor: CursorInfo(imageName=fxgl_default_cursor.png, hotspotX=7.0, hotspotY=6.0)
11:44:59.249 [FXGL Background Thread 3 ] DEBUG Engine               - devBBoxColorProperty: ObjectProperty [value: 0xff0000ff]
11:44:59.249 [FXGL Background Thread 3 ] DEBUG Engine               - devEnableDebugCameraProperty: BooleanProperty [value: false]
11:44:59.249 [FXGL Background Thread 3 ] DEBUG Engine               - devSensorColorProperty: ObjectProperty [value: 0xffff00ff]
11:44:59.249 [FXGL Background Thread 3 ] DEBUG Engine               - devShowBBoxProperty: BooleanProperty [value: false]
11:44:59.249 [FXGL Background Thread 3 ] DEBUG Engine               - devShowPositionProperty: BooleanProperty [value: false]
11:44:59.249 [FXGL Background Thread 3 ] DEBUG Engine               - enabledMenuItems: []
11:44:59.249 [FXGL Background Thread 3 ] DEBUG Engine               - engineServices: [class com.almasb.fxgl.app.services.FXGLAssetLoaderService, class com.almasb.fxgl.app.FXGLApplication$GameApplicationService, class com.almasb.fxgl.app.services.FXGLDialogService, class com.almasb.fxgl.app.services.IOTaskExecutorService, class com.almasb.fxgl.io.FileSystemService, class com.almasb.fxgl.localization.LocalizationService, class com.almasb.fxgl.app.services.SystemBundleService, class com.almasb.fxgl.profile.SaveLoadService, class com.almasb.fxgl.ui.FXGLUIFactoryServiceProvider, class com.almasb.fxgl.ui.FXGLDialogFactoryServiceProvider, class com.almasb.fxgl.audio.AudioPlayer, class com.almasb.fxgl.notification.impl.NotificationServiceProvider, class com.almasb.fxgl.achievement.AchievementService, class com.almasb.fxgl.cutscene.CutsceneService, class com.almasb.fxgl.minigames.MiniGameService, class com.almasb.fxgl.net.NetService, class com.almasb.fxgl.app.services.UpdaterService, class com.almasb.fxgl.dev.DevService]
11:44:59.249 [FXGL Background Thread 3 ] DEBUG Engine               - fontGame: Abel-Regular.ttf
11:44:59.249 [FXGL Background Thread 3 ] DEBUG Engine               - fontMono: TerminalLandMono-Regular.otf
11:44:59.249 [FXGL Background Thread 3 ] DEBUG Engine               - fontText: Courier-Prime.ttf
11:44:59.249 [FXGL Background Thread 3 ] DEBUG Engine               - fontUI: VarelaRound-Regular.ttf
11:44:59.249 [FXGL Background Thread 3 ] DEBUG Engine               - fullScreen: BooleanProperty [value: false]
11:44:59.249 [FXGL Background Thread 3 ] DEBUG Engine               - gameDifficulty: MEDIUM
11:44:59.249 [FXGL Background Thread 3 ] DEBUG Engine               - gameDifficultyProperty: ObjectProperty [value: MEDIUM]
11:44:59.249 [FXGL Background Thread 3 ] DEBUG Engine               - globalMusicVolume: 0.5
11:44:59.250 [FXGL Background Thread 3 ] DEBUG Engine               - globalMusicVolumeProperty: DoubleProperty [value: 0.5]
11:44:59.250 [FXGL Background Thread 3 ] DEBUG Engine               - globalSoundVolume: 0.5
11:44:59.250 [FXGL Background Thread 3 ] DEBUG Engine               - globalSoundVolumeProperty: DoubleProperty [value: 0.5]
11:44:59.250 [FXGL Background Thread 3 ] DEBUG Engine               - height: 600
11:44:59.250 [FXGL Background Thread 3 ] DEBUG Engine               - is3D: false
11:44:59.250 [FXGL Background Thread 3 ] DEBUG Engine               - isAndroid: false
11:44:59.250 [FXGL Background Thread 3 ] DEBUG Engine               - isBrowser: false
11:44:59.250 [FXGL Background Thread 3 ] DEBUG Engine               - isClickFeedbackEnabled: false
11:44:59.250 [FXGL Background Thread 3 ] DEBUG Engine               - isCloseConfirmation: false
11:44:59.250 [FXGL Background Thread 3 ] DEBUG Engine               - isDesktop: true
11:44:59.250 [FXGL Background Thread 3 ] DEBUG Engine               - isDeveloperMenuEnabled: true
11:44:59.250 [FXGL Background Thread 3 ] DEBUG Engine               - isEmbedded: false
11:44:59.250 [FXGL Background Thread 3 ] DEBUG Engine               - isEntityPreloadEnabled: true
11:44:59.250 [FXGL Background Thread 3 ] DEBUG Engine               - isExperimentalTiledLargeMap: false
11:44:59.250 [FXGL Background Thread 3 ] DEBUG Engine               - isFileSystemWriteAllowed: true
11:44:59.250 [FXGL Background Thread 3 ] DEBUG Engine               - isFullScreenAllowed: false
11:44:59.250 [FXGL Background Thread 3 ] DEBUG Engine               - isFullScreenFromStart: false
11:44:59.250 [FXGL Background Thread 3 ] DEBUG Engine               - isGameMenuEnabled: true
11:44:59.250 [FXGL Background Thread 3 ] DEBUG Engine               - isIOS: false
11:44:59.250 [FXGL Background Thread 3 ] DEBUG Engine               - isIntroEnabled: false
11:44:59.250 [FXGL Background Thread 3 ] DEBUG Engine               - isLinux: false
11:44:59.250 [FXGL Background Thread 3 ] DEBUG Engine               - isMac: false
11:44:59.251 [FXGL Background Thread 3 ] DEBUG Engine               - isMainMenuEnabled: false
11:44:59.251 [FXGL Background Thread 3 ] DEBUG Engine               - isManualResizeEnabled: false
11:44:59.251 [FXGL Background Thread 3 ] DEBUG Engine               - isMobile: false
11:44:59.251 [FXGL Background Thread 3 ] DEBUG Engine               - isNative: false
11:44:59.251 [FXGL Background Thread 3 ] DEBUG Engine               - isPauseMusicWhenMinimized: true
11:44:59.251 [FXGL Background Thread 3 ] DEBUG Engine               - isPreserveResizeRatio: false
11:44:59.251 [FXGL Background Thread 3 ] DEBUG Engine               - isProfilingEnabled: false
11:44:59.251 [FXGL Background Thread 3 ] DEBUG Engine               - isScaleAffectedOnResize: true
11:44:59.251 [FXGL Background Thread 3 ] DEBUG Engine               - isSingleStep: false
11:44:59.251 [FXGL Background Thread 3 ] DEBUG Engine               - isUserProfileEnabled: false
11:44:59.251 [FXGL Background Thread 3 ] DEBUG Engine               - isWindows: true
11:44:59.251 [FXGL Background Thread 3 ] DEBUG Engine               - language: ObjectProperty [value: ENGLISH]
11:44:59.251 [FXGL Background Thread 3 ] DEBUG Engine               - menuKey: ESCAPE
11:44:59.251 [FXGL Background Thread 3 ] DEBUG Engine               - mouseSensitivity: 0.2
11:44:59.251 [FXGL Background Thread 3 ] DEBUG Engine               - notificationViewClass: class com.almasb.fxgl.notification.view.XboxNotificationView
11:44:59.251 [FXGL Background Thread 3 ] DEBUG Engine               - pixelsPerMeter: 50.0
11:44:59.251 [FXGL Background Thread 3 ] DEBUG Engine               - platform: WINDOWS
11:44:59.251 [FXGL Background Thread 3 ] DEBUG Engine               - prefHeightProperty: ReadOnlyDoubleProperty [value: 600.0]
11:44:59.251 [FXGL Background Thread 3 ] DEBUG Engine               - prefWidthProperty: ReadOnlyDoubleProperty [value: 600.0]
11:44:59.251 [FXGL Background Thread 3 ] DEBUG Engine               - profileDir: profiles/
11:44:59.251 [FXGL Background Thread 3 ] DEBUG Engine               - profileName: StringProperty [value: DEFAULT]
11:44:59.251 [FXGL Background Thread 3 ] DEBUG Engine               - randomSeed: -1
11:44:59.252 [FXGL Background Thread 3 ] DEBUG Engine               - runtimeInfo: RuntimeInfo(platform=WINDOWS, version=17.2, build=20.08.2022 16.50)
11:44:59.252 [FXGL Background Thread 3 ] DEBUG Engine               - saveFileExt: sav
11:44:59.252 [FXGL Background Thread 3 ] DEBUG Engine               - scaledHeightProp$fxgl: DoubleProperty [bound, value: 600.0]
11:44:59.252 [FXGL Background Thread 3 ] DEBUG Engine               - scaledWidthProp$fxgl: DoubleProperty [bound, value: 600.0]
11:44:59.252 [FXGL Background Thread 3 ] DEBUG Engine               - sceneFactory: com.almasb.fxgl.app.scene.SceneFactory@3d7dce7
11:44:59.252 [FXGL Background Thread 3 ] DEBUG Engine               - secondsIn24h: 60
11:44:59.252 [FXGL Background Thread 3 ] DEBUG Engine               - soundMenuBack: menu/back.wav
11:44:59.252 [FXGL Background Thread 3 ] DEBUG Engine               - soundMenuPress: menu/press.wav
11:44:59.252 [FXGL Background Thread 3 ] DEBUG Engine               - soundMenuSelect: menu/select.wav
11:44:59.252 [FXGL Background Thread 3 ] DEBUG Engine               - soundNotification: core/notification.wav
11:44:59.252 [FXGL Background Thread 3 ] DEBUG Engine               - stageStyle: DECORATED
11:44:59.252 [FXGL Background Thread 3 ] DEBUG Engine               - supportedLanguages: [ENGLISH, FRENCH, GERMAN, HUNGARIAN, RUSSIAN]
11:44:59.252 [FXGL Background Thread 3 ] DEBUG Engine               - ticksPerSecond: -1
11:44:59.252 [FXGL Background Thread 3 ] DEBUG Engine               - title: Brick Breaker
11:44:59.252 [FXGL Background Thread 3 ] DEBUG Engine               - urlGithub: https://github.com/AlmasB/FXGL
11:44:59.252 [FXGL Background Thread 3 ] DEBUG Engine               - urlLeaderboard: http://fxgl-top.herokuapp.com/
11:44:59.252 [FXGL Background Thread 3 ] DEBUG Engine               - urlPOM: https://raw.githubusercontent.com/AlmasB/FXGL/release/README.md
11:44:59.252 [FXGL Background Thread 3 ] DEBUG Engine               - userAppClass: class com.example.brickbreaker.BrickBreakerApp
11:44:59.252 [FXGL Background Thread 3 ] DEBUG Engine               - version: 0.0
11:44:59.252 [FXGL Background Thread 3 ] DEBUG Engine               - versionCheckDays: 7
11:44:59.253 [FXGL Background Thread 3 ] DEBUG Engine               - width: 600
11:44:59.253 [FXGL Background Thread 3 ] DEBUG Engine               - Logging services
11:44:59.253 [FXGL Background Thread 3 ] DEBUG Engine               - class com.almasb.fxgl.app.services.FXGLAssetLoaderService
11:44:59.253 [FXGL Background Thread 3 ] DEBUG Engine               - class com.almasb.fxgl.app.FXGLApplication$GameApplicationService
11:44:59.253 [FXGL Background Thread 3 ] DEBUG Engine               - class com.almasb.fxgl.app.services.FXGLDialogService
11:44:59.253 [FXGL Background Thread 3 ] DEBUG Engine               - class com.almasb.fxgl.app.services.IOTaskExecutorService
11:44:59.253 [FXGL Background Thread 3 ] DEBUG Engine               - class com.almasb.fxgl.io.FileSystemService
11:44:59.253 [FXGL Background Thread 3 ] DEBUG Engine               - class com.almasb.fxgl.localization.LocalizationService
11:44:59.253 [FXGL Background Thread 3 ] DEBUG Engine               - class com.almasb.fxgl.app.services.SystemBundleService
11:44:59.253 [FXGL Background Thread 3 ] DEBUG Engine               - class com.almasb.fxgl.profile.SaveLoadService
11:44:59.253 [FXGL Background Thread 3 ] DEBUG Engine               - class com.almasb.fxgl.ui.FXGLUIFactoryServiceProvider
11:44:59.253 [FXGL Background Thread 3 ] DEBUG Engine               - class com.almasb.fxgl.ui.FXGLDialogFactoryServiceProvider
11:44:59.253 [FXGL Background Thread 3 ] DEBUG Engine               - class com.almasb.fxgl.audio.AudioPlayer
11:44:59.253 [FXGL Background Thread 3 ] DEBUG Engine               - class com.almasb.fxgl.notification.impl.NotificationServiceProvider
11:44:59.253 [FXGL Background Thread 3 ] DEBUG Engine               - class com.almasb.fxgl.achievement.AchievementService
11:44:59.253 [FXGL Background Thread 3 ] DEBUG Engine               - class com.almasb.fxgl.cutscene.CutsceneService
11:44:59.253 [FXGL Background Thread 3 ] DEBUG Engine               - class com.almasb.fxgl.minigames.MiniGameService
11:44:59.253 [FXGL Background Thread 3 ] DEBUG Engine               - class com.almasb.fxgl.net.NetService
11:44:59.253 [FXGL Background Thread 3 ] DEBUG Engine               - class com.almasb.fxgl.app.services.UpdaterService
11:44:59.253 [FXGL Background Thread 3 ] DEBUG Engine               - class com.almasb.fxgl.dev.DevService
11:45:00.427 [JavaFX Application Thread] DEBUG FXGLApplication      - Exiting FXGL
11:45:00.427 [JavaFX Application Thread] DEBUG LoopRunner           - Stopping loop
11:45:00.427 [JavaFX Application Thread] DEBUG SystemBundleService  - Saving FXGL system data
11:45:00.428 [JavaFX Application Thread] DEBUG FileSystemAccess     - Writing to: C:\Users\matip\Desktop\JavaProjects\brick-breaker\system\fxgl.bundle
11:45:00.430 [JavaFX Application Thread] DEBUG Async                - Shutting down background threads
11:45:00.430 [JavaFX Application Thread] DEBUG PrimaryStageWindow   - Closing main window
11:45:00.435 [JavaFX Application Thread] DEBUG Logger               - Closing Logger
