18:37:38.917 [main                     ] DEBUG Logger               - Configured Logger
18:37:38.934 [main                     ] DEBUG GameApplication      - Logging settings
Title: Brick Breaker
Version: 0.0
Width: 600
Height: 600
Fullscreen: false
Intro: false
Profiling: false
Single step:false
App Mode: DEVELOPER
Menu Key: ESCAPE
Stage Style: DECORATED
Scene Factory: class com.example.brickbreaker.menu.CustomSceneFactory

18:37:39.198 [JavaFX Application Thread] DEBUG FXGLApplication      - Initializing FXGL
18:37:39.201 [JavaFX Application Thread] INFO  Engine               - FXGL-17.2 (20.08.2022 16.50) on WINDOWS (J:18.0.1.1 FX:18.0.2)
18:37:39.201 [JavaFX Application Thread] DEBUG Engine               - JRE Vendor Name: Oracle Corporation
18:37:39.202 [JavaFX Application Thread] DEBUG Engine               - Running on OS: Windows 10 version 10.0
18:37:39.202 [JavaFX Application Thread] DEBUG Engine               - Architecture: amd64
18:37:39.202 [JavaFX Application Thread] INFO  Engine               - Source code and latest versions at: https://github.com/AlmasB/FXGL
18:37:39.202 [JavaFX Application Thread] INFO  Engine               -       Ask questions and discuss at: https://github.com/AlmasB/FXGL/discussions
18:37:39.202 [JavaFX Application Thread] INFO  Engine               -              Join the FXGL chat at: https://gitter.im/AlmasB/FXGL
18:37:39.250 [JavaFX Application Thread] DEBUG PrimaryStageWindow   - Creating a JavaFX scene
18:37:39.275 [JavaFX Application Thread] DEBUG PrimaryStageWindow   - Target settings size: 600.0 x 600.0
18:37:39.275 [JavaFX Application Thread] DEBUG PrimaryStageWindow   - Scaled scene size:    600.0 x 600.0
18:37:39.275 [JavaFX Application Thread] DEBUG PrimaryStageWindow   - Scaled ratio: (1.0, 1.0)
18:37:39.275 [JavaFX Application Thread] DEBUG PrimaryStageWindow   - Set initial scene to FXGLStartupScene
18:37:39.279 [JavaFX Application Thread] DEBUG PrimaryStageWindow   - Opening main window
18:37:39.318 [JavaFX Application Thread] DEBUG PrimaryStageWindow   - Window border size: (16.0, 39.0)
18:37:39.318 [JavaFX Application Thread] DEBUG PrimaryStageWindow   - Scaled size: 600.0 x 600.0
18:37:39.318 [JavaFX Application Thread] DEBUG PrimaryStageWindow   - Scaled ratio: (1.0, 1.0)
18:37:39.318 [JavaFX Application Thread] DEBUG PrimaryStageWindow   - Scene size: 600.0 x 600.0
18:37:39.319 [JavaFX Application Thread] DEBUG PrimaryStageWindow   - Stage size: 616.0 x 639.0
18:37:39.322 [FXGL Background Thread 1 ] DEBUG Engine               - Initializing environment variables
18:37:39.348 [FXGL Background Thread 1 ] DEBUG FXGLAssetLoaderServi - User app class for loading assets: class com.example.brickbreaker.BrickBreakerApp
18:37:39.348 [FXGL Background Thread 1 ] DEBUG GameApplicationServi - Applying CSS: fxgl_dark.css
18:37:39.348 [FXGL Background Thread 1 ] DEBUG FXGLAssetLoaderServi - Loading from file system: jar:file:///C:/Users/matip/.m2/repository/com/github/almasb/fxgl/17.2/fxgl-17.2.jar!/fxglassets/ui/css/fxgl_dark.css
18:37:39.373 [FXGL Background Thread 1 ] DEBUG GameApplicationServi - Initializing application scenes
18:37:39.393 [FXGL Background Thread 1 ] DEBUG GameWorld            - Game world initialized
18:37:39.421 [FXGL Background Thread 1 ] DEBUG PhysicsWorld         - Physics world initialized: appHeight=600, physics.ppm=50.0
18:37:39.421 [FXGL Background Thread 1 ] DEBUG PhysicsWorld         - Using strategy: BRUTE_FORCE
18:37:39.423 [FXGL Background Thread 1 ] DEBUG GameScene            - Game scene initialized: 600x600
18:37:39.424 [FXGL Background Thread 1 ] DEBUG FXGLAssetLoaderServi - Loading from file system: file:/C:/Users/matip/Desktop/JavaProjects/brick-breaker/target/classes/assets/textures/brick-wall.png
18:37:39.457 [FXGL Background Thread 1 ] WARN  FXGL.DefaultMenu     - FXGLDefaultMenu is not designed for resolutions < 800x600
18:37:39.457 [FXGL Background Thread 1 ] DEBUG FXGL.DefaultMenu     - createMenuBodyGameMenu()
18:37:39.464 [FXGL Background Thread 1 ] DEBUG FXGL.DefaultMenu     - createOptionsMenu()
18:37:39.473 [FXGL Background Thread 1 ] DEBUG FXGLAssetLoaderServi - Loading from file system: jar:file:///C:/Users/matip/.m2/repository/com/github/almasb/fxgl/17.2/fxgl-17.2.jar!/fxglassets/textures/particles/smoke.png
18:37:39.517 [FXGL Background Thread 1 ] DEBUG FXGLAssetLoaderServi - Loading from file system: jar:file:///C:/Users/matip/.m2/repository/com/github/almasb/fxgl/17.2/fxgl-17.2.jar!/fxglassets/textures/particles/trace_horizontal.png
18:37:39.527 [FXGL Background Thread 1 ] DEBUG GameApplicationServi - Application scenes initialized
18:37:39.533 [FXGL Background Thread 1 ] DEBUG SystemBundleService  - Loading FXGL system data
18:37:39.536 [FXGL Background Thread 1 ] DEBUG FileSystemAccess     - Reading from: C:\Users\matip\Desktop\JavaProjects\brick-breaker\system\fxgl.bundle
18:37:39.540 [FXGL Background Thread 1 ] DEBUG SystemBundleService  - Bundle FXGL: {}
18:37:39.540 [FXGL Background Thread 1 ] DEBUG UpdaterService       - Checking for updates
18:37:39.543 [FXGL Background Thread 4 ] DEBUG FXGLApplication      - Loading fonts
18:37:39.543 [FXGL Background Thread 4 ] DEBUG FXGLAssetLoaderServi - Loading from file system: jar:file:///C:/Users/matip/.m2/repository/com/github/almasb/fxgl/17.2/fxgl-17.2.jar!/fxglassets/ui/fonts/VarelaRound-Regular.ttf
18:37:39.543 [FXGL Background Thread 1 ] DEBUG FXGLApplication      - Loading default localization
18:37:39.543 [FXGL Background Thread 1 ] DEBUG FXGLAssetLoaderServi - Loading from file system: jar:file:///C:/Users/matip/.m2/repository/com/github/almasb/fxgl/17.2/fxgl-17.2.jar!/fxglassets/languages/english.lang
18:37:39.553 [FXGL Background Thread 1 ] INFO  FXGLApplication      - FXGL initialization took: 0.230 sec
18:37:39.558 [JavaFX Application Thread] DEBUG Input                - Registered new binding: action0 - D
18:37:39.559 [JavaFX Application Thread] DEBUG Input                - Registered new binding: action1 - A
18:37:39.559 [JavaFX Application Thread] DEBUG FXGLAssetLoaderServi - Loading from file system: jar:file:///C:/Users/matip/.m2/repository/com/github/almasb/fxgl/17.2/fxgl-17.2.jar!/fxglassets/textures/fxgl_icon.png
18:37:39.565 [JavaFX Application Thread] DEBUG FXGLAssetLoaderServi - Loading from file system: jar:file:///C:/Users/matip/.m2/repository/com/github/almasb/fxgl/17.2/fxgl-17.2.jar!/fxglassets/textures/fxgl_default_cursor.png
18:37:39.566 [JavaFX Application Thread] DEBUG Input                - Registered new binding: Screenshot - CTRL+8
18:37:39.566 [JavaFX Application Thread] DEBUG Input                - Registered new binding: System info dump - CTRL+9
18:37:39.567 [JavaFX Application Thread] DEBUG Input                - Registered new binding: Restart - CTRL+R
18:37:39.567 [JavaFX Application Thread] DEBUG Input                - Registered new binding: Toggle Debug Camera - CTRL+7
18:37:39.568 [JavaFX Application Thread] DEBUG LoopRunner           - Starting loop
18:37:39.568 [FXGL Background Thread 4 ] DEBUG FXGLAssetLoaderServi - Loading from file system: jar:file:///C:/Users/matip/.m2/repository/com/github/almasb/fxgl/17.2/fxgl-17.2.jar!/fxglassets/ui/fonts/Abel-Regular.ttf
18:37:39.568 [JavaFX Application Thread] DEBUG LoopRunner           - Initializing JavaFX AnimationTimerLoop
18:37:39.570 [JavaFX Application Thread] DEBUG Input                - Clearing active input actions
18:37:39.570 [FXGL Background Thread 4 ] DEBUG FXGLAssetLoaderServi - Loading from file system: jar:file:///C:/Users/matip/.m2/repository/com/github/almasb/fxgl/17.2/fxgl-17.2.jar!/fxglassets/ui/fonts/TerminalLandMono-Regular.otf
18:37:39.573 [FXGL Background Thread 4 ] DEBUG FXGLAssetLoaderServi - Loading from file system: jar:file:///C:/Users/matip/.m2/repository/com/github/almasb/fxgl/17.2/fxgl-17.2.jar!/fxglassets/ui/fonts/Courier-Prime.ttf
18:37:39.573 [JavaFX Application Thread] DEBUG GameApplicationServi - Removing overlay from FXGLStartupScene and adding to FXGLMainMenuDummyScene
18:37:39.574 [JavaFX Application Thread] DEBUG PrimaryStageWindow   - FXGLStartupScene -> FXGLMainMenuDummyScene
18:37:39.574 [JavaFX Application Thread] DEBUG PrimaryStageWindow   - Push state: MainMenu
18:37:39.574 [JavaFX Application Thread] DEBUG Input                - Clearing active input actions
18:37:39.574 [JavaFX Application Thread] DEBUG GameApplicationServi - Removing overlay from FXGLMainMenuDummyScene and adding to MainMenu
18:37:39.574 [JavaFX Application Thread] DEBUG PrimaryStageWindow   - FXGLMainMenuDummyScene -> MainMenu
18:37:39.576 [JavaFX Application Thread] DEBUG FXGLApplication      - Registering font factories with UI factory
18:37:39.993 [FXGL Background Thread 2 ] INFO  UpdaterService       - Your current version:  17.2
18:37:39.993 [FXGL Background Thread 2 ] INFO  UpdaterService       - Latest stable version: 17.3
18:37:41.237 [JavaFX Application Thread] DEBUG Menu                 - fireNewGame()
18:37:41.238 [JavaFX Application Thread] DEBUG GameApplicationServi - Starting new game
18:37:41.238 [JavaFX Application Thread] DEBUG PrimaryStageWindow   - Pop state: MainMenu
18:37:41.238 [JavaFX Application Thread] DEBUG Input                - Clearing active input actions
18:37:41.238 [JavaFX Application Thread] DEBUG GameApplicationServi - Removing overlay from MainMenu and adding to FXGLMainMenuDummyScene
18:37:41.238 [JavaFX Application Thread] DEBUG PrimaryStageWindow   - FXGLMainMenuDummyScene <- MainMenu
18:37:41.238 [JavaFX Application Thread] DEBUG Input                - Clearing active input actions
18:37:41.244 [JavaFX Application Thread] DEBUG GameApplicationServi - Removing overlay from FXGLMainMenuDummyScene and adding to FXGLLoadingScene
18:37:41.244 [JavaFX Application Thread] DEBUG PrimaryStageWindow   - FXGLMainMenuDummyScene -> FXGLLoadingScene
18:37:41.244 [JavaFX Application Thread] DEBUG GameApplicationServi - Clearing previous game
18:37:41.244 [JavaFX Application Thread] DEBUG GameScene            - Clearing game scene
18:37:41.244 [JavaFX Application Thread] DEBUG GameWorld            - Clearing game world
18:37:41.244 [JavaFX Application Thread] DEBUG PhysicsWorld         - Clearing physics world
18:37:41.245 [FXGL Background Thread 2 ] DEBUG FXGLApplication      - Initializing game
18:37:41.256 [FXGL Background Thread 2 ] WARN  GameWorld            - Entity is already attached to world
18:37:41.256 [FXGL Background Thread 2 ] DEBUG FXGLAssetLoaderServi - Loading from file system: file:/C:/Users/matip/Desktop/JavaProjects/brick-breaker/target/classes/assets/textures/brick.png
18:37:41.258 [FXGL Background Thread 2 ] WARN  GameWorld            - Entity is already attached to world
18:37:41.259 [FXGL Background Thread 2 ] WARN  GameWorld            - Entity is already attached to world
18:37:41.259 [FXGL Background Thread 2 ] WARN  GameWorld            - Entity is already attached to world
18:37:41.260 [FXGL Background Thread 2 ] WARN  GameWorld            - Entity is already attached to world
18:37:41.260 [FXGL Background Thread 2 ] WARN  GameWorld            - Entity is already attached to world
18:37:41.261 [FXGL Background Thread 2 ] WARN  GameWorld            - Entity is already attached to world
18:37:41.261 [FXGL Background Thread 2 ] WARN  GameWorld            - Entity is already attached to world
18:37:41.262 [FXGL Background Thread 2 ] WARN  GameWorld            - Entity is already attached to world
18:37:41.262 [FXGL Background Thread 2 ] WARN  GameWorld            - Entity is already attached to world
18:37:41.263 [FXGL Background Thread 2 ] WARN  GameWorld            - Entity is already attached to world
18:37:41.264 [FXGL Background Thread 2 ] WARN  GameWorld            - Entity is already attached to world
18:37:41.264 [FXGL Background Thread 2 ] WARN  GameWorld            - Entity is already attached to world
18:37:41.265 [FXGL Background Thread 2 ] WARN  GameWorld            - Entity is already attached to world
18:37:41.265 [FXGL Background Thread 2 ] WARN  GameWorld            - Entity is already attached to world
18:37:41.266 [FXGL Background Thread 2 ] WARN  GameWorld            - Entity is already attached to world
18:37:41.266 [FXGL Background Thread 2 ] WARN  GameWorld            - Entity is already attached to world
18:37:41.267 [FXGL Background Thread 2 ] WARN  GameWorld            - Entity is already attached to world
18:37:41.267 [FXGL Background Thread 2 ] WARN  GameWorld            - Entity is already attached to world
18:37:41.268 [FXGL Background Thread 2 ] WARN  GameWorld            - Entity is already attached to world
18:37:41.268 [FXGL Background Thread 2 ] WARN  GameWorld            - Entity is already attached to world
18:37:41.269 [FXGL Background Thread 2 ] WARN  GameWorld            - Entity is already attached to world
18:37:41.269 [FXGL Background Thread 2 ] WARN  GameWorld            - Entity is already attached to world
18:37:41.270 [FXGL Background Thread 2 ] WARN  GameWorld            - Entity is already attached to world
18:37:41.270 [FXGL Background Thread 2 ] WARN  GameWorld            - Entity is already attached to world
18:37:41.271 [FXGL Background Thread 2 ] WARN  GameWorld            - Entity is already attached to world
18:37:41.271 [FXGL Background Thread 2 ] WARN  GameWorld            - Entity is already attached to world
18:37:41.272 [FXGL Background Thread 2 ] WARN  GameWorld            - Entity is already attached to world
18:37:41.272 [FXGL Background Thread 2 ] WARN  GameWorld            - Entity is already attached to world
18:37:41.273 [FXGL Background Thread 2 ] WARN  GameWorld            - Entity is already attached to world
18:37:41.273 [FXGL Background Thread 2 ] WARN  GameWorld            - Entity is already attached to world
18:37:41.274 [FXGL Background Thread 2 ] WARN  GameWorld            - Entity is already attached to world
18:37:41.274 [FXGL Background Thread 2 ] WARN  GameWorld            - Entity is already attached to world
18:37:41.275 [FXGL Background Thread 2 ] WARN  GameWorld            - Entity is already attached to world
18:37:41.275 [FXGL Background Thread 2 ] WARN  GameWorld            - Entity is already attached to world
18:37:41.276 [FXGL Background Thread 2 ] WARN  GameWorld            - Entity is already attached to world
18:37:41.276 [FXGL Background Thread 2 ] WARN  GameWorld            - Entity is already attached to world
18:37:41.277 [FXGL Background Thread 2 ] WARN  GameWorld            - Entity is already attached to world
18:37:41.277 [FXGL Background Thread 2 ] WARN  GameWorld            - Entity is already attached to world
18:37:41.278 [FXGL Background Thread 2 ] WARN  GameWorld            - Entity is already attached to world
18:37:41.278 [FXGL Background Thread 2 ] WARN  GameWorld            - Entity is already attached to world
18:37:41.279 [FXGL Background Thread 2 ] WARN  GameWorld            - Entity is already attached to world
18:37:41.279 [FXGL Background Thread 2 ] WARN  GameWorld            - Entity is already attached to world
18:37:41.280 [FXGL Background Thread 2 ] WARN  GameWorld            - Entity is already attached to world
18:37:41.281 [FXGL Background Thread 2 ] WARN  GameWorld            - Entity is already attached to world
18:37:41.281 [FXGL Background Thread 2 ] WARN  GameWorld            - Entity is already attached to world
18:37:41.282 [FXGL Background Thread 2 ] WARN  GameWorld            - Entity is already attached to world
18:37:41.282 [FXGL Background Thread 2 ] WARN  GameWorld            - Entity is already attached to world
18:37:41.283 [FXGL Background Thread 2 ] WARN  GameWorld            - Entity is already attached to world
18:37:41.283 [FXGL Background Thread 2 ] WARN  GameWorld            - Entity is already attached to world
18:37:41.284 [FXGL Background Thread 2 ] WARN  GameWorld            - Entity is already attached to world
18:37:41.284 [FXGL Background Thread 2 ] WARN  GameWorld            - Entity is already attached to world
18:37:41.285 [FXGL Background Thread 2 ] DEBUG FXGLAssetLoaderServi - Loading from file system: file:/C:/Users/matip/Desktop/JavaProjects/brick-breaker/target/classes/assets/textures/ball.png
18:37:41.286 [FXGL Background Thread 2 ] WARN  GameWorld            - Entity is already attached to world
18:37:41.288 [FXGL Background Thread 2 ] INFO  FXGLApplication      - Game initialization took: 0.042 sec
18:37:41.288 [JavaFX Application Thread] DEBUG Input                - Clearing active input actions
18:37:41.294 [JavaFX Application Thread] DEBUG GameApplicationServi - Removing overlay from FXGLLoadingScene and adding to GameScene
18:37:41.294 [JavaFX Application Thread] DEBUG PrimaryStageWindow   - FXGLLoadingScene -> GameScene
18:37:42.200 [JavaFX Application Thread] DEBUG FXGLAssetLoaderServi - Loading from file system: file:/C:/Users/matip/Desktop/JavaProjects/brick-breaker/target/classes/assets/textures/brick_damaged.png
18:37:42.543 [FXGL Background Thread 3 ] DEBUG Engine               - Logging environment variables
18:37:42.543 [FXGL Background Thread 3 ] DEBUG Engine               - achievements: []
18:37:42.543 [FXGL Background Thread 3 ] DEBUG Engine               - actualHeight: 600.0
18:37:42.543 [FXGL Background Thread 3 ] DEBUG Engine               - actualHeightProperty: ReadOnlyDoubleProperty [value: 600.0]
18:37:42.543 [FXGL Background Thread 3 ] DEBUG Engine               - actualWidth: 600.0
18:37:42.543 [FXGL Background Thread 3 ] DEBUG Engine               - actualWidthProperty: ReadOnlyDoubleProperty [value: 600.0]
18:37:42.543 [FXGL Background Thread 3 ] DEBUG Engine               - appIcon: fxgl_icon.png
18:37:42.543 [FXGL Background Thread 3 ] DEBUG Engine               - applicationMode: DEVELOPER
18:37:42.543 [FXGL Background Thread 3 ] DEBUG Engine               - cSSList: [fxgl_dark.css]
18:37:42.543 [FXGL Background Thread 3 ] DEBUG Engine               - collisionDetectionStrategy: BRUTE_FORCE
18:37:42.543 [FXGL Background Thread 3 ] DEBUG Engine               - configClass: Optional.empty
18:37:42.543 [FXGL Background Thread 3 ] DEBUG Engine               - credits: []
18:37:42.543 [FXGL Background Thread 3 ] DEBUG Engine               - defaultCursor: CursorInfo(imageName=fxgl_default_cursor.png, hotspotX=7.0, hotspotY=6.0)
18:37:42.544 [FXGL Background Thread 3 ] DEBUG Engine               - devBBoxColorProperty: ObjectProperty [value: 0xff0000ff]
18:37:42.544 [FXGL Background Thread 3 ] DEBUG Engine               - devEnableDebugCameraProperty: BooleanProperty [value: false]
18:37:42.544 [FXGL Background Thread 3 ] DEBUG Engine               - devSensorColorProperty: ObjectProperty [value: 0xffff00ff]
18:37:42.544 [FXGL Background Thread 3 ] DEBUG Engine               - devShowBBoxProperty: BooleanProperty [value: false]
18:37:42.544 [FXGL Background Thread 3 ] DEBUG Engine               - devShowPositionProperty: BooleanProperty [value: false]
18:37:42.544 [FXGL Background Thread 3 ] DEBUG Engine               - enabledMenuItems: []
18:37:42.544 [FXGL Background Thread 3 ] DEBUG Engine               - engineServices: [class com.almasb.fxgl.app.services.FXGLAssetLoaderService, class com.almasb.fxgl.app.FXGLApplication$GameApplicationService, class com.almasb.fxgl.app.services.FXGLDialogService, class com.almasb.fxgl.app.services.IOTaskExecutorService, class com.almasb.fxgl.io.FileSystemService, class com.almasb.fxgl.localization.LocalizationService, class com.almasb.fxgl.app.services.SystemBundleService, class com.almasb.fxgl.profile.SaveLoadService, class com.almasb.fxgl.ui.FXGLUIFactoryServiceProvider, class com.almasb.fxgl.ui.FXGLDialogFactoryServiceProvider, class com.almasb.fxgl.audio.AudioPlayer, class com.almasb.fxgl.notification.impl.NotificationServiceProvider, class com.almasb.fxgl.achievement.AchievementService, class com.almasb.fxgl.cutscene.CutsceneService, class com.almasb.fxgl.minigames.MiniGameService, class com.almasb.fxgl.net.NetService, class com.almasb.fxgl.app.services.UpdaterService, class com.almasb.fxgl.dev.DevService]
18:37:42.544 [FXGL Background Thread 3 ] DEBUG Engine               - fontGame: Abel-Regular.ttf
18:37:42.544 [FXGL Background Thread 3 ] DEBUG Engine               - fontMono: TerminalLandMono-Regular.otf
18:37:42.544 [FXGL Background Thread 3 ] DEBUG Engine               - fontText: Courier-Prime.ttf
18:37:42.544 [FXGL Background Thread 3 ] DEBUG Engine               - fontUI: VarelaRound-Regular.ttf
18:37:42.544 [FXGL Background Thread 3 ] DEBUG Engine               - fullScreen: BooleanProperty [value: false]
18:37:42.544 [FXGL Background Thread 3 ] DEBUG Engine               - gameDifficulty: MEDIUM
18:37:42.544 [FXGL Background Thread 3 ] DEBUG Engine               - gameDifficultyProperty: ObjectProperty [value: MEDIUM]
18:37:42.544 [FXGL Background Thread 3 ] DEBUG Engine               - globalMusicVolume: 0.5
18:37:42.544 [FXGL Background Thread 3 ] DEBUG Engine               - globalMusicVolumeProperty: DoubleProperty [value: 0.5]
18:37:42.544 [FXGL Background Thread 3 ] DEBUG Engine               - globalSoundVolume: 0.5
18:37:42.544 [FXGL Background Thread 3 ] DEBUG Engine               - globalSoundVolumeProperty: DoubleProperty [value: 0.5]
18:37:42.544 [FXGL Background Thread 3 ] DEBUG Engine               - height: 600
18:37:42.544 [FXGL Background Thread 3 ] DEBUG Engine               - is3D: false
18:37:42.544 [FXGL Background Thread 3 ] DEBUG Engine               - isAndroid: false
18:37:42.544 [FXGL Background Thread 3 ] DEBUG Engine               - isBrowser: false
18:37:42.544 [FXGL Background Thread 3 ] DEBUG Engine               - isClickFeedbackEnabled: false
18:37:42.544 [FXGL Background Thread 3 ] DEBUG Engine               - isCloseConfirmation: false
18:37:42.544 [FXGL Background Thread 3 ] DEBUG Engine               - isDesktop: true
18:37:42.545 [FXGL Background Thread 3 ] DEBUG Engine               - isDeveloperMenuEnabled: false
18:37:42.545 [FXGL Background Thread 3 ] DEBUG Engine               - isEmbedded: false
18:37:42.545 [FXGL Background Thread 3 ] DEBUG Engine               - isEntityPreloadEnabled: true
18:37:42.545 [FXGL Background Thread 3 ] DEBUG Engine               - isExperimentalTiledLargeMap: false
18:37:42.545 [FXGL Background Thread 3 ] DEBUG Engine               - isFileSystemWriteAllowed: true
18:37:42.545 [FXGL Background Thread 3 ] DEBUG Engine               - isFullScreenAllowed: false
18:37:42.545 [FXGL Background Thread 3 ] DEBUG Engine               - isFullScreenFromStart: false
18:37:42.545 [FXGL Background Thread 3 ] DEBUG Engine               - isGameMenuEnabled: true
18:37:42.545 [FXGL Background Thread 3 ] DEBUG Engine               - isIOS: false
18:37:42.545 [FXGL Background Thread 3 ] DEBUG Engine               - isIntroEnabled: false
18:37:42.545 [FXGL Background Thread 3 ] DEBUG Engine               - isLinux: false
18:37:42.545 [FXGL Background Thread 3 ] DEBUG Engine               - isMac: false
18:37:42.545 [FXGL Background Thread 3 ] DEBUG Engine               - isMainMenuEnabled: true
18:37:42.545 [FXGL Background Thread 3 ] DEBUG Engine               - isManualResizeEnabled: false
18:37:42.545 [FXGL Background Thread 3 ] DEBUG Engine               - isMobile: false
18:37:42.545 [FXGL Background Thread 3 ] DEBUG Engine               - isNative: false
18:37:42.545 [FXGL Background Thread 3 ] DEBUG Engine               - isPauseMusicWhenMinimized: true
18:37:42.545 [FXGL Background Thread 3 ] DEBUG Engine               - isPreserveResizeRatio: false
18:37:42.545 [FXGL Background Thread 3 ] DEBUG Engine               - isProfilingEnabled: false
18:37:42.545 [FXGL Background Thread 3 ] DEBUG Engine               - isScaleAffectedOnResize: true
18:37:42.545 [FXGL Background Thread 3 ] DEBUG Engine               - isSingleStep: false
18:37:42.545 [FXGL Background Thread 3 ] DEBUG Engine               - isUserProfileEnabled: false
18:37:42.545 [FXGL Background Thread 3 ] DEBUG Engine               - isWindows: true
18:37:42.545 [FXGL Background Thread 3 ] DEBUG Engine               - language: ObjectProperty [value: ENGLISH]
18:37:42.545 [FXGL Background Thread 3 ] DEBUG Engine               - menuKey: ESCAPE
18:37:42.545 [FXGL Background Thread 3 ] DEBUG Engine               - mouseSensitivity: 0.2
18:37:42.545 [FXGL Background Thread 3 ] DEBUG Engine               - notificationViewClass: class com.almasb.fxgl.notification.view.XboxNotificationView
18:37:42.545 [FXGL Background Thread 3 ] DEBUG Engine               - pixelsPerMeter: 50.0
18:37:42.545 [FXGL Background Thread 3 ] DEBUG Engine               - platform: WINDOWS
18:37:42.545 [FXGL Background Thread 3 ] DEBUG Engine               - prefHeightProperty: ReadOnlyDoubleProperty [value: 600.0]
18:37:42.545 [FXGL Background Thread 3 ] DEBUG Engine               - prefWidthProperty: ReadOnlyDoubleProperty [value: 600.0]
18:37:42.545 [FXGL Background Thread 3 ] DEBUG Engine               - profileDir: profiles/
18:37:42.546 [FXGL Background Thread 3 ] DEBUG Engine               - profileName: StringProperty [value: DEFAULT]
18:37:42.546 [FXGL Background Thread 3 ] DEBUG Engine               - randomSeed: -1
18:37:42.546 [FXGL Background Thread 3 ] DEBUG Engine               - runtimeInfo: RuntimeInfo(platform=WINDOWS, version=17.2, build=20.08.2022 16.50)
18:37:42.546 [FXGL Background Thread 3 ] DEBUG Engine               - saveFileExt: sav
18:37:42.546 [FXGL Background Thread 3 ] DEBUG Engine               - scaledHeightProp$fxgl: DoubleProperty [bound, value: 600.0]
18:37:42.546 [FXGL Background Thread 3 ] DEBUG Engine               - scaledWidthProp$fxgl: DoubleProperty [bound, value: 600.0]
18:37:42.546 [FXGL Background Thread 3 ] DEBUG Engine               - sceneFactory: com.example.brickbreaker.menu.CustomSceneFactory@200e8a1e
18:37:42.546 [FXGL Background Thread 3 ] DEBUG Engine               - secondsIn24h: 60
18:37:42.546 [FXGL Background Thread 3 ] DEBUG Engine               - soundMenuBack: menu/back.wav
18:37:42.546 [FXGL Background Thread 3 ] DEBUG Engine               - soundMenuPress: menu/press.wav
18:37:42.546 [FXGL Background Thread 3 ] DEBUG Engine               - soundMenuSelect: menu/select.wav
18:37:42.546 [FXGL Background Thread 3 ] DEBUG Engine               - soundNotification: core/notification.wav
18:37:42.546 [FXGL Background Thread 3 ] DEBUG Engine               - stageStyle: DECORATED
18:37:42.546 [FXGL Background Thread 3 ] DEBUG Engine               - supportedLanguages: [ENGLISH, FRENCH, GERMAN, HUNGARIAN, RUSSIAN]
18:37:42.546 [FXGL Background Thread 3 ] DEBUG Engine               - ticksPerSecond: -1
18:37:42.546 [FXGL Background Thread 3 ] DEBUG Engine               - title: Brick Breaker
18:37:42.546 [FXGL Background Thread 3 ] DEBUG Engine               - urlGithub: https://github.com/AlmasB/FXGL
18:37:42.546 [FXGL Background Thread 3 ] DEBUG Engine               - urlLeaderboard: http://fxgl-top.herokuapp.com/
18:37:42.546 [FXGL Background Thread 3 ] DEBUG Engine               - urlPOM: https://raw.githubusercontent.com/AlmasB/FXGL/release/README.md
18:37:42.546 [FXGL Background Thread 3 ] DEBUG Engine               - userAppClass: class com.example.brickbreaker.BrickBreakerApp
18:37:42.546 [FXGL Background Thread 3 ] DEBUG Engine               - version: 0.0
18:37:42.546 [FXGL Background Thread 3 ] DEBUG Engine               - versionCheckDays: 7
18:37:42.546 [FXGL Background Thread 3 ] DEBUG Engine               - width: 600
18:37:42.546 [FXGL Background Thread 3 ] DEBUG Engine               - Logging services
18:37:42.546 [FXGL Background Thread 3 ] DEBUG Engine               - class com.almasb.fxgl.app.services.FXGLAssetLoaderService
18:37:42.546 [FXGL Background Thread 3 ] DEBUG Engine               - class com.almasb.fxgl.app.FXGLApplication$GameApplicationService
18:37:42.546 [FXGL Background Thread 3 ] DEBUG Engine               - class com.almasb.fxgl.app.services.FXGLDialogService
18:37:42.546 [FXGL Background Thread 3 ] DEBUG Engine               - class com.almasb.fxgl.app.services.IOTaskExecutorService
18:37:42.546 [FXGL Background Thread 3 ] DEBUG Engine               - class com.almasb.fxgl.io.FileSystemService
18:37:42.546 [FXGL Background Thread 3 ] DEBUG Engine               - class com.almasb.fxgl.localization.LocalizationService
18:37:42.546 [FXGL Background Thread 3 ] DEBUG Engine               - class com.almasb.fxgl.app.services.SystemBundleService
18:37:42.547 [FXGL Background Thread 3 ] DEBUG Engine               - class com.almasb.fxgl.profile.SaveLoadService
18:37:42.547 [FXGL Background Thread 3 ] DEBUG Engine               - class com.almasb.fxgl.ui.FXGLUIFactoryServiceProvider
18:37:42.547 [FXGL Background Thread 3 ] DEBUG Engine               - class com.almasb.fxgl.ui.FXGLDialogFactoryServiceProvider
18:37:42.547 [FXGL Background Thread 3 ] DEBUG Engine               - class com.almasb.fxgl.audio.AudioPlayer
18:37:42.547 [FXGL Background Thread 3 ] DEBUG Engine               - class com.almasb.fxgl.notification.impl.NotificationServiceProvider
18:37:42.547 [FXGL Background Thread 3 ] DEBUG Engine               - class com.almasb.fxgl.achievement.AchievementService
18:37:42.547 [FXGL Background Thread 3 ] DEBUG Engine               - class com.almasb.fxgl.cutscene.CutsceneService
18:37:42.547 [FXGL Background Thread 3 ] DEBUG Engine               - class com.almasb.fxgl.minigames.MiniGameService
18:37:42.547 [FXGL Background Thread 3 ] DEBUG Engine               - class com.almasb.fxgl.net.NetService
18:37:42.547 [FXGL Background Thread 3 ] DEBUG Engine               - class com.almasb.fxgl.app.services.UpdaterService
18:37:42.547 [FXGL Background Thread 3 ] DEBUG Engine               - class com.almasb.fxgl.dev.DevService
18:37:48.777 [JavaFX Application Thread] DEBUG FXGLAssetLoaderServi - Loading from file system: file:/C:/Users/matip/Desktop/JavaProjects/brick-breaker/target/classes/assets/textures/game-over.png
18:37:48.781 [JavaFX Application Thread] DEBUG PrimaryStageWindow   - Push state: GameOverScene
18:37:48.781 [JavaFX Application Thread] DEBUG Input                - Clearing active input actions
18:37:48.782 [JavaFX Application Thread] DEBUG GameApplicationServi - Removing overlay from GameScene and adding to GameOverScene
18:37:48.782 [JavaFX Application Thread] DEBUG PrimaryStageWindow   - GameScene -> GameOverScene
18:37:54.881 [JavaFX Application Thread] DEBUG FXGLApplication      - Exiting FXGL
18:37:54.881 [JavaFX Application Thread] DEBUG LoopRunner           - Stopping loop
18:37:54.881 [JavaFX Application Thread] DEBUG SystemBundleService  - Saving FXGL system data
18:37:54.883 [JavaFX Application Thread] DEBUG FileSystemAccess     - Writing to: C:\Users\matip\Desktop\JavaProjects\brick-breaker\system\fxgl.bundle
18:37:54.884 [JavaFX Application Thread] DEBUG Async                - Shutting down background threads
18:37:54.884 [JavaFX Application Thread] DEBUG PrimaryStageWindow   - Closing main window
18:37:54.890 [JavaFX Application Thread] DEBUG Logger               - Closing Logger
