23:15:11.482 [main                     ] DEBUG Logger               - Configured Logger
23:15:11.497 [main                     ] DEBUG GameApplication      - Logging settings
Title: Brick Breaker
Version: 0.0
Width: 600
Height: 600
Fullscreen: false
Intro: false
Profiling: false
Single step:false
App Mode: DEVELOPER
Menu Key: ESCAPE
Stage Style: DECORATED
Scene Factory: class com.almasb.fxgl.app.scene.SceneFactory

23:15:11.752 [JavaFX Application Thread] DEBUG FXGLApplication      - Initializing FXGL
23:15:11.756 [JavaFX Application Thread] INFO  Engine               - FXGL-17.2 (20.08.2022 16.50) on WINDOWS (J:18.0.1.1 FX:18.0.2)
23:15:11.756 [JavaFX Application Thread] DEBUG Engine               - JRE Vendor Name: Oracle Corporation
23:15:11.756 [JavaFX Application Thread] DEBUG Engine               - Running on OS: Windows 10 version 10.0
23:15:11.757 [JavaFX Application Thread] DEBUG Engine               - Architecture: amd64
23:15:11.757 [JavaFX Application Thread] INFO  Engine               - Source code and latest versions at: https://github.com/AlmasB/FXGL
23:15:11.757 [JavaFX Application Thread] INFO  Engine               -       Ask questions and discuss at: https://github.com/AlmasB/FXGL/discussions
23:15:11.757 [JavaFX Application Thread] INFO  Engine               -              Join the FXGL chat at: https://gitter.im/AlmasB/FXGL
23:15:11.806 [JavaFX Application Thread] DEBUG PrimaryStageWindow   - Creating a JavaFX scene
23:15:11.832 [JavaFX Application Thread] DEBUG PrimaryStageWindow   - Target settings size: 600.0 x 600.0
23:15:11.832 [JavaFX Application Thread] DEBUG PrimaryStageWindow   - Scaled scene size:    600.0 x 600.0
23:15:11.832 [JavaFX Application Thread] DEBUG PrimaryStageWindow   - Scaled ratio: (1.0, 1.0)
23:15:11.833 [JavaFX Application Thread] DEBUG PrimaryStageWindow   - Set initial scene to FXGLStartupScene
23:15:11.837 [JavaFX Application Thread] DEBUG PrimaryStageWindow   - Opening main window
23:15:11.878 [JavaFX Application Thread] DEBUG PrimaryStageWindow   - Window border size: (16.0, 39.0)
23:15:11.878 [JavaFX Application Thread] DEBUG PrimaryStageWindow   - Scaled size: 600.0 x 600.0
23:15:11.879 [JavaFX Application Thread] DEBUG PrimaryStageWindow   - Scaled ratio: (1.0, 1.0)
23:15:11.879 [JavaFX Application Thread] DEBUG PrimaryStageWindow   - Scene size: 600.0 x 600.0
23:15:11.879 [JavaFX Application Thread] DEBUG PrimaryStageWindow   - Stage size: 616.0 x 639.0
23:15:11.882 [FXGL Background Thread 1 ] DEBUG Engine               - Initializing environment variables
23:15:11.907 [FXGL Background Thread 1 ] DEBUG FXGLAssetLoaderServi - User app class for loading assets: class com.example.brickbreaker.BrickBreakerApp
23:15:11.907 [FXGL Background Thread 1 ] DEBUG GameApplicationServi - Applying CSS: fxgl_dark.css
23:15:11.908 [FXGL Background Thread 1 ] DEBUG FXGLAssetLoaderServi - Loading from file system: jar:file:///C:/Users/matip/.m2/repository/com/github/almasb/fxgl/17.2/fxgl-17.2.jar!/fxglassets/ui/css/fxgl_dark.css
23:15:11.933 [FXGL Background Thread 1 ] DEBUG GameApplicationServi - Initializing application scenes
23:15:11.952 [FXGL Background Thread 1 ] DEBUG GameWorld            - Game world initialized
23:15:11.978 [FXGL Background Thread 1 ] DEBUG PhysicsWorld         - Physics world initialized: appHeight=600, physics.ppm=50.0
23:15:11.978 [FXGL Background Thread 1 ] DEBUG PhysicsWorld         - Using strategy: BRUTE_FORCE
23:15:11.980 [FXGL Background Thread 1 ] DEBUG GameScene            - Game scene initialized: 600x600
23:15:11.986 [FXGL Background Thread 1 ] WARN  FXGL.DefaultMenu     - FXGLDefaultMenu is not designed for resolutions < 800x600
23:15:11.986 [FXGL Background Thread 1 ] DEBUG FXGL.DefaultMenu     - createMenuBodyGameMenu()
23:15:11.993 [FXGL Background Thread 1 ] DEBUG FXGL.DefaultMenu     - createOptionsMenu()
23:15:11.999 [FXGL Background Thread 1 ] DEBUG FXGLAssetLoaderServi - Loading from file system: jar:file:///C:/Users/matip/.m2/repository/com/github/almasb/fxgl/17.2/fxgl-17.2.jar!/fxglassets/textures/particles/smoke.png
23:15:12.051 [FXGL Background Thread 1 ] DEBUG FXGLAssetLoaderServi - Loading from file system: jar:file:///C:/Users/matip/.m2/repository/com/github/almasb/fxgl/17.2/fxgl-17.2.jar!/fxglassets/textures/particles/trace_horizontal.png
23:15:12.071 [FXGL Background Thread 1 ] DEBUG GameApplicationServi - Application scenes initialized
23:15:12.077 [FXGL Background Thread 1 ] DEBUG SystemBundleService  - Loading FXGL system data
23:15:12.080 [FXGL Background Thread 1 ] DEBUG FileSystemAccess     - Reading from: C:\Users\matip\Desktop\JavaProjects\brick-breaker\system\fxgl.bundle
23:15:12.084 [FXGL Background Thread 1 ] DEBUG SystemBundleService  - Bundle FXGL: {}
23:15:12.084 [FXGL Background Thread 1 ] DEBUG UpdaterService       - Checking for updates
23:15:12.086 [FXGL Background Thread 4 ] DEBUG FXGLApplication      - Loading fonts
23:15:12.087 [FXGL Background Thread 1 ] DEBUG FXGLApplication      - Loading default localization
23:15:12.087 [FXGL Background Thread 4 ] DEBUG FXGLAssetLoaderServi - Loading from file system: jar:file:///C:/Users/matip/.m2/repository/com/github/almasb/fxgl/17.2/fxgl-17.2.jar!/fxglassets/ui/fonts/VarelaRound-Regular.ttf
23:15:12.087 [FXGL Background Thread 1 ] DEBUG FXGLAssetLoaderServi - Loading from file system: jar:file:///C:/Users/matip/.m2/repository/com/github/almasb/fxgl/17.2/fxgl-17.2.jar!/fxglassets/languages/english.lang
23:15:12.097 [FXGL Background Thread 1 ] INFO  FXGLApplication      - FXGL initialization took: 0.214 sec
23:15:12.102 [JavaFX Application Thread] DEBUG Input                - Registered new binding: action0 - D
23:15:12.102 [JavaFX Application Thread] DEBUG Input                - Registered new binding: action1 - A
23:15:12.102 [JavaFX Application Thread] DEBUG Input                - Registered new binding: action2 - Enter
23:15:12.102 [JavaFX Application Thread] DEBUG FXGLAssetLoaderServi - Loading from file system: jar:file:///C:/Users/matip/.m2/repository/com/github/almasb/fxgl/17.2/fxgl-17.2.jar!/fxglassets/textures/fxgl_icon.png
23:15:12.113 [FXGL Background Thread 4 ] DEBUG FXGLAssetLoaderServi - Loading from file system: jar:file:///C:/Users/matip/.m2/repository/com/github/almasb/fxgl/17.2/fxgl-17.2.jar!/fxglassets/ui/fonts/Abel-Regular.ttf
23:15:12.115 [FXGL Background Thread 4 ] DEBUG FXGLAssetLoaderServi - Loading from file system: jar:file:///C:/Users/matip/.m2/repository/com/github/almasb/fxgl/17.2/fxgl-17.2.jar!/fxglassets/ui/fonts/TerminalLandMono-Regular.otf
23:15:12.116 [JavaFX Application Thread] DEBUG FXGLAssetLoaderServi - Loading from file system: jar:file:///C:/Users/matip/.m2/repository/com/github/almasb/fxgl/17.2/fxgl-17.2.jar!/fxglassets/textures/fxgl_default_cursor.png
23:15:12.117 [JavaFX Application Thread] DEBUG Input                - Registered new binding: Screenshot - CTRL+8
23:15:12.118 [FXGL Background Thread 4 ] DEBUG FXGLAssetLoaderServi - Loading from file system: jar:file:///C:/Users/matip/.m2/repository/com/github/almasb/fxgl/17.2/fxgl-17.2.jar!/fxglassets/ui/fonts/Courier-Prime.ttf
23:15:12.118 [JavaFX Application Thread] DEBUG Input                - Registered new binding: System info dump - CTRL+9
23:15:12.118 [JavaFX Application Thread] DEBUG Input                - Registered new binding: Restart - CTRL+R
23:15:12.118 [JavaFX Application Thread] DEBUG Input                - Registered new binding: Toggle Debug Camera - CTRL+7
23:15:12.120 [JavaFX Application Thread] DEBUG LoopRunner           - Starting loop
23:15:12.120 [JavaFX Application Thread] DEBUG LoopRunner           - Initializing JavaFX AnimationTimerLoop
23:15:12.121 [JavaFX Application Thread] DEBUG GameApplicationServi - Starting new game
23:15:12.121 [JavaFX Application Thread] DEBUG Input                - Clearing active input actions
23:15:12.126 [JavaFX Application Thread] DEBUG GameApplicationServi - Removing overlay from FXGLStartupScene and adding to FXGLLoadingScene
23:15:12.126 [JavaFX Application Thread] DEBUG PrimaryStageWindow   - FXGLStartupScene -> FXGLLoadingScene
23:15:12.127 [JavaFX Application Thread] DEBUG GameApplicationServi - Clearing previous game
23:15:12.127 [JavaFX Application Thread] DEBUG GameScene            - Clearing game scene
23:15:12.127 [JavaFX Application Thread] DEBUG GameWorld            - Clearing game world
23:15:12.127 [JavaFX Application Thread] DEBUG PhysicsWorld         - Clearing physics world
23:15:12.127 [JavaFX Application Thread] DEBUG FXGLApplication      - Registering font factories with UI factory
23:15:12.127 [FXGL Background Thread 4 ] DEBUG FXGLApplication      - Initializing game
23:15:12.139 [FXGL Background Thread 4 ] WARN  GameWorld            - Entity is already attached to world
23:15:12.140 [FXGL Background Thread 4 ] WARN  GameWorld            - Entity is already attached to world
23:15:12.140 [FXGL Background Thread 4 ] WARN  GameWorld            - Entity is already attached to world
23:15:12.141 [FXGL Background Thread 4 ] WARN  GameWorld            - Entity is already attached to world
23:15:12.141 [FXGL Background Thread 4 ] WARN  GameWorld            - Entity is already attached to world
23:15:12.142 [FXGL Background Thread 4 ] WARN  GameWorld            - Entity is already attached to world
23:15:12.142 [FXGL Background Thread 4 ] WARN  GameWorld            - Entity is already attached to world
23:15:12.142 [FXGL Background Thread 4 ] WARN  GameWorld            - Entity is already attached to world
23:15:12.143 [FXGL Background Thread 4 ] WARN  GameWorld            - Entity is already attached to world
23:15:12.143 [FXGL Background Thread 4 ] WARN  GameWorld            - Entity is already attached to world
23:15:12.144 [FXGL Background Thread 4 ] WARN  GameWorld            - Entity is already attached to world
23:15:12.144 [FXGL Background Thread 4 ] WARN  GameWorld            - Entity is already attached to world
23:15:12.144 [FXGL Background Thread 4 ] WARN  GameWorld            - Entity is already attached to world
23:15:12.145 [FXGL Background Thread 4 ] WARN  GameWorld            - Entity is already attached to world
23:15:12.145 [FXGL Background Thread 4 ] WARN  GameWorld            - Entity is already attached to world
23:15:12.145 [FXGL Background Thread 4 ] WARN  GameWorld            - Entity is already attached to world
23:15:12.146 [FXGL Background Thread 4 ] WARN  GameWorld            - Entity is already attached to world
23:15:12.146 [FXGL Background Thread 4 ] WARN  GameWorld            - Entity is already attached to world
23:15:12.146 [FXGL Background Thread 4 ] WARN  GameWorld            - Entity is already attached to world
23:15:12.147 [FXGL Background Thread 4 ] WARN  GameWorld            - Entity is already attached to world
23:15:12.147 [FXGL Background Thread 4 ] WARN  GameWorld            - Entity is already attached to world
23:15:12.148 [FXGL Background Thread 4 ] WARN  GameWorld            - Entity is already attached to world
23:15:12.148 [FXGL Background Thread 4 ] WARN  GameWorld            - Entity is already attached to world
23:15:12.148 [FXGL Background Thread 4 ] WARN  GameWorld            - Entity is already attached to world
23:15:12.149 [FXGL Background Thread 4 ] WARN  GameWorld            - Entity is already attached to world
23:15:12.150 [FXGL Background Thread 4 ] WARN  GameWorld            - Entity is already attached to world
23:15:12.150 [FXGL Background Thread 4 ] WARN  GameWorld            - Entity is already attached to world
23:15:12.150 [FXGL Background Thread 4 ] WARN  GameWorld            - Entity is already attached to world
23:15:12.151 [FXGL Background Thread 4 ] WARN  GameWorld            - Entity is already attached to world
23:15:12.151 [FXGL Background Thread 4 ] WARN  GameWorld            - Entity is already attached to world
23:15:12.151 [FXGL Background Thread 4 ] WARN  GameWorld            - Entity is already attached to world
23:15:12.152 [FXGL Background Thread 4 ] WARN  GameWorld            - Entity is already attached to world
23:15:12.152 [FXGL Background Thread 4 ] WARN  GameWorld            - Entity is already attached to world
23:15:12.152 [FXGL Background Thread 4 ] WARN  GameWorld            - Entity is already attached to world
23:15:12.153 [FXGL Background Thread 4 ] WARN  GameWorld            - Entity is already attached to world
23:15:12.153 [FXGL Background Thread 4 ] WARN  GameWorld            - Entity is already attached to world
23:15:12.153 [FXGL Background Thread 4 ] WARN  GameWorld            - Entity is already attached to world
23:15:12.154 [FXGL Background Thread 4 ] WARN  GameWorld            - Entity is already attached to world
23:15:12.154 [FXGL Background Thread 4 ] WARN  GameWorld            - Entity is already attached to world
23:15:12.155 [FXGL Background Thread 4 ] WARN  GameWorld            - Entity is already attached to world
23:15:12.155 [FXGL Background Thread 4 ] WARN  GameWorld            - Entity is already attached to world
23:15:12.155 [FXGL Background Thread 4 ] WARN  GameWorld            - Entity is already attached to world
23:15:12.156 [FXGL Background Thread 4 ] WARN  GameWorld            - Entity is already attached to world
23:15:12.157 [FXGL Background Thread 4 ] WARN  GameWorld            - Entity is already attached to world
23:15:12.157 [FXGL Background Thread 4 ] WARN  GameWorld            - Entity is already attached to world
23:15:12.157 [FXGL Background Thread 4 ] WARN  GameWorld            - Entity is already attached to world
23:15:12.158 [FXGL Background Thread 4 ] WARN  GameWorld            - Entity is already attached to world
23:15:12.158 [FXGL Background Thread 4 ] WARN  GameWorld            - Entity is already attached to world
23:15:12.158 [FXGL Background Thread 4 ] WARN  GameWorld            - Entity is already attached to world
23:15:12.159 [FXGL Background Thread 4 ] WARN  GameWorld            - Entity is already attached to world
23:15:12.159 [FXGL Background Thread 4 ] WARN  GameWorld            - Entity is already attached to world
23:15:12.160 [FXGL Background Thread 4 ] WARN  GameWorld            - Entity is already attached to world
23:15:12.160 [FXGL Background Thread 4 ] WARN  GameWorld            - Entity is already attached to world
23:15:12.160 [FXGL Background Thread 4 ] WARN  GameWorld            - Entity is already attached to world
23:15:12.161 [FXGL Background Thread 4 ] WARN  GameWorld            - Entity is already attached to world
23:15:12.161 [FXGL Background Thread 4 ] WARN  GameWorld            - Entity is already attached to world
23:15:12.161 [FXGL Background Thread 4 ] WARN  GameWorld            - Entity is already attached to world
23:15:12.162 [FXGL Background Thread 4 ] WARN  GameWorld            - Entity is already attached to world
23:15:12.162 [FXGL Background Thread 4 ] WARN  GameWorld            - Entity is already attached to world
23:15:12.163 [FXGL Background Thread 4 ] WARN  GameWorld            - Entity is already attached to world
23:15:12.164 [FXGL Background Thread 4 ] INFO  FXGLApplication      - Game initialization took: 0.037 sec
23:15:12.195 [JavaFX Application Thread] DEBUG Input                - Clearing active input actions
23:15:12.199 [JavaFX Application Thread] DEBUG GameApplicationServi - Removing overlay from FXGLLoadingScene and adding to GameScene
23:15:12.200 [JavaFX Application Thread] DEBUG PrimaryStageWindow   - FXGLLoadingScene -> GameScene
23:15:12.373 [FXGL Background Thread 2 ] INFO  UpdaterService       - Your current version:  17.2
23:15:12.373 [FXGL Background Thread 2 ] INFO  UpdaterService       - Latest stable version: 17.3
23:15:15.088 [FXGL Background Thread 3 ] DEBUG Engine               - Logging environment variables
23:15:15.088 [FXGL Background Thread 3 ] DEBUG Engine               - achievements: []
23:15:15.088 [FXGL Background Thread 3 ] DEBUG Engine               - actualHeight: 600.0
23:15:15.088 [FXGL Background Thread 3 ] DEBUG Engine               - actualHeightProperty: ReadOnlyDoubleProperty [value: 600.0]
23:15:15.088 [FXGL Background Thread 3 ] DEBUG Engine               - actualWidth: 600.0
23:15:15.088 [FXGL Background Thread 3 ] DEBUG Engine               - actualWidthProperty: ReadOnlyDoubleProperty [value: 600.0]
23:15:15.088 [FXGL Background Thread 3 ] DEBUG Engine               - appIcon: fxgl_icon.png
23:15:15.088 [FXGL Background Thread 3 ] DEBUG Engine               - applicationMode: DEVELOPER
23:15:15.088 [FXGL Background Thread 3 ] DEBUG Engine               - cSSList: [fxgl_dark.css]
23:15:15.089 [FXGL Background Thread 3 ] DEBUG Engine               - collisionDetectionStrategy: BRUTE_FORCE
23:15:15.089 [FXGL Background Thread 3 ] DEBUG Engine               - configClass: Optional.empty
23:15:15.089 [FXGL Background Thread 3 ] DEBUG Engine               - credits: []
23:15:15.089 [FXGL Background Thread 3 ] DEBUG Engine               - defaultCursor: CursorInfo(imageName=fxgl_default_cursor.png, hotspotX=7.0, hotspotY=6.0)
23:15:15.089 [FXGL Background Thread 3 ] DEBUG Engine               - devBBoxColorProperty: ObjectProperty [value: 0xff0000ff]
23:15:15.089 [FXGL Background Thread 3 ] DEBUG Engine               - devEnableDebugCameraProperty: BooleanProperty [value: false]
23:15:15.089 [FXGL Background Thread 3 ] DEBUG Engine               - devSensorColorProperty: ObjectProperty [value: 0xffff00ff]
23:15:15.089 [FXGL Background Thread 3 ] DEBUG Engine               - devShowBBoxProperty: BooleanProperty [value: false]
23:15:15.089 [FXGL Background Thread 3 ] DEBUG Engine               - devShowPositionProperty: BooleanProperty [value: false]
23:15:15.089 [FXGL Background Thread 3 ] DEBUG Engine               - enabledMenuItems: []
23:15:15.089 [FXGL Background Thread 3 ] DEBUG Engine               - engineServices: [class com.almasb.fxgl.app.services.FXGLAssetLoaderService, class com.almasb.fxgl.app.FXGLApplication$GameApplicationService, class com.almasb.fxgl.app.services.FXGLDialogService, class com.almasb.fxgl.app.services.IOTaskExecutorService, class com.almasb.fxgl.io.FileSystemService, class com.almasb.fxgl.localization.LocalizationService, class com.almasb.fxgl.app.services.SystemBundleService, class com.almasb.fxgl.profile.SaveLoadService, class com.almasb.fxgl.ui.FXGLUIFactoryServiceProvider, class com.almasb.fxgl.ui.FXGLDialogFactoryServiceProvider, class com.almasb.fxgl.audio.AudioPlayer, class com.almasb.fxgl.notification.impl.NotificationServiceProvider, class com.almasb.fxgl.achievement.AchievementService, class com.almasb.fxgl.cutscene.CutsceneService, class com.almasb.fxgl.minigames.MiniGameService, class com.almasb.fxgl.net.NetService, class com.almasb.fxgl.app.services.UpdaterService, class com.almasb.fxgl.dev.DevService]
23:15:15.089 [FXGL Background Thread 3 ] DEBUG Engine               - fontGame: Abel-Regular.ttf
23:15:15.089 [FXGL Background Thread 3 ] DEBUG Engine               - fontMono: TerminalLandMono-Regular.otf
23:15:15.089 [FXGL Background Thread 3 ] DEBUG Engine               - fontText: Courier-Prime.ttf
23:15:15.089 [FXGL Background Thread 3 ] DEBUG Engine               - fontUI: VarelaRound-Regular.ttf
23:15:15.090 [FXGL Background Thread 3 ] DEBUG Engine               - fullScreen: BooleanProperty [value: false]
23:15:15.090 [FXGL Background Thread 3 ] DEBUG Engine               - gameDifficulty: MEDIUM
23:15:15.090 [FXGL Background Thread 3 ] DEBUG Engine               - gameDifficultyProperty: ObjectProperty [value: MEDIUM]
23:15:15.090 [FXGL Background Thread 3 ] DEBUG Engine               - globalMusicVolume: 0.5
23:15:15.090 [FXGL Background Thread 3 ] DEBUG Engine               - globalMusicVolumeProperty: DoubleProperty [value: 0.5]
23:15:15.090 [FXGL Background Thread 3 ] DEBUG Engine               - globalSoundVolume: 0.5
23:15:15.090 [FXGL Background Thread 3 ] DEBUG Engine               - globalSoundVolumeProperty: DoubleProperty [value: 0.5]
23:15:15.090 [FXGL Background Thread 3 ] DEBUG Engine               - height: 600
23:15:15.090 [FXGL Background Thread 3 ] DEBUG Engine               - is3D: false
23:15:15.090 [FXGL Background Thread 3 ] DEBUG Engine               - isAndroid: false
23:15:15.090 [FXGL Background Thread 3 ] DEBUG Engine               - isBrowser: false
23:15:15.090 [FXGL Background Thread 3 ] DEBUG Engine               - isClickFeedbackEnabled: false
23:15:15.090 [FXGL Background Thread 3 ] DEBUG Engine               - isCloseConfirmation: false
23:15:15.090 [FXGL Background Thread 3 ] DEBUG Engine               - isDesktop: true
23:15:15.090 [FXGL Background Thread 3 ] DEBUG Engine               - isDeveloperMenuEnabled: false
23:15:15.090 [FXGL Background Thread 3 ] DEBUG Engine               - isEmbedded: false
23:15:15.090 [FXGL Background Thread 3 ] DEBUG Engine               - isEntityPreloadEnabled: true
23:15:15.090 [FXGL Background Thread 3 ] DEBUG Engine               - isExperimentalTiledLargeMap: false
23:15:15.090 [FXGL Background Thread 3 ] DEBUG Engine               - isFileSystemWriteAllowed: true
23:15:15.090 [FXGL Background Thread 3 ] DEBUG Engine               - isFullScreenAllowed: false
23:15:15.090 [FXGL Background Thread 3 ] DEBUG Engine               - isFullScreenFromStart: false
23:15:15.090 [FXGL Background Thread 3 ] DEBUG Engine               - isGameMenuEnabled: true
23:15:15.090 [FXGL Background Thread 3 ] DEBUG Engine               - isIOS: false
23:15:15.090 [FXGL Background Thread 3 ] DEBUG Engine               - isIntroEnabled: false
23:15:15.091 [FXGL Background Thread 3 ] DEBUG Engine               - isLinux: false
23:15:15.091 [FXGL Background Thread 3 ] DEBUG Engine               - isMac: false
23:15:15.091 [FXGL Background Thread 3 ] DEBUG Engine               - isMainMenuEnabled: false
23:15:15.091 [FXGL Background Thread 3 ] DEBUG Engine               - isManualResizeEnabled: false
23:15:15.091 [FXGL Background Thread 3 ] DEBUG Engine               - isMobile: false
23:15:15.091 [FXGL Background Thread 3 ] DEBUG Engine               - isNative: false
23:15:15.091 [FXGL Background Thread 3 ] DEBUG Engine               - isPauseMusicWhenMinimized: true
23:15:15.091 [FXGL Background Thread 3 ] DEBUG Engine               - isPreserveResizeRatio: false
23:15:15.091 [FXGL Background Thread 3 ] DEBUG Engine               - isProfilingEnabled: false
23:15:15.091 [FXGL Background Thread 3 ] DEBUG Engine               - isScaleAffectedOnResize: true
23:15:15.091 [FXGL Background Thread 3 ] DEBUG Engine               - isSingleStep: false
23:15:15.091 [FXGL Background Thread 3 ] DEBUG Engine               - isUserProfileEnabled: false
23:15:15.091 [FXGL Background Thread 3 ] DEBUG Engine               - isWindows: true
23:15:15.091 [FXGL Background Thread 3 ] DEBUG Engine               - language: ObjectProperty [value: ENGLISH]
23:15:15.091 [FXGL Background Thread 3 ] DEBUG Engine               - menuKey: ESCAPE
23:15:15.091 [FXGL Background Thread 3 ] DEBUG Engine               - mouseSensitivity: 0.2
23:15:15.091 [FXGL Background Thread 3 ] DEBUG Engine               - notificationViewClass: class com.almasb.fxgl.notification.view.XboxNotificationView
23:15:15.091 [FXGL Background Thread 3 ] DEBUG Engine               - pixelsPerMeter: 50.0
23:15:15.091 [FXGL Background Thread 3 ] DEBUG Engine               - platform: WINDOWS
23:15:15.091 [FXGL Background Thread 3 ] DEBUG Engine               - prefHeightProperty: ReadOnlyDoubleProperty [value: 600.0]
23:15:15.091 [FXGL Background Thread 3 ] DEBUG Engine               - prefWidthProperty: ReadOnlyDoubleProperty [value: 600.0]
23:15:15.091 [FXGL Background Thread 3 ] DEBUG Engine               - profileDir: profiles/
23:15:15.091 [FXGL Background Thread 3 ] DEBUG Engine               - profileName: StringProperty [value: DEFAULT]
23:15:15.091 [FXGL Background Thread 3 ] DEBUG Engine               - randomSeed: -1
23:15:15.091 [FXGL Background Thread 3 ] DEBUG Engine               - runtimeInfo: RuntimeInfo(platform=WINDOWS, version=17.2, build=20.08.2022 16.50)
23:15:15.092 [FXGL Background Thread 3 ] DEBUG Engine               - saveFileExt: sav
23:15:15.092 [FXGL Background Thread 3 ] DEBUG Engine               - scaledHeightProp$fxgl: DoubleProperty [bound, value: 600.0]
23:15:15.092 [FXGL Background Thread 3 ] DEBUG Engine               - scaledWidthProp$fxgl: DoubleProperty [bound, value: 600.0]
23:15:15.092 [FXGL Background Thread 3 ] DEBUG Engine               - sceneFactory: com.almasb.fxgl.app.scene.SceneFactory@73e76e12
23:15:15.092 [FXGL Background Thread 3 ] DEBUG Engine               - secondsIn24h: 60
23:15:15.092 [FXGL Background Thread 3 ] DEBUG Engine               - soundMenuBack: menu/back.wav
23:15:15.092 [FXGL Background Thread 3 ] DEBUG Engine               - soundMenuPress: menu/press.wav
23:15:15.092 [FXGL Background Thread 3 ] DEBUG Engine               - soundMenuSelect: menu/select.wav
23:15:15.092 [FXGL Background Thread 3 ] DEBUG Engine               - soundNotification: core/notification.wav
23:15:15.092 [FXGL Background Thread 3 ] DEBUG Engine               - stageStyle: DECORATED
23:15:15.092 [FXGL Background Thread 3 ] DEBUG Engine               - supportedLanguages: [ENGLISH, FRENCH, GERMAN, HUNGARIAN, RUSSIAN]
23:15:15.092 [FXGL Background Thread 3 ] DEBUG Engine               - ticksPerSecond: -1
23:15:15.092 [FXGL Background Thread 3 ] DEBUG Engine               - title: Brick Breaker
23:15:15.092 [FXGL Background Thread 3 ] DEBUG Engine               - urlGithub: https://github.com/AlmasB/FXGL
23:15:15.092 [FXGL Background Thread 3 ] DEBUG Engine               - urlLeaderboard: http://fxgl-top.herokuapp.com/
23:15:15.092 [FXGL Background Thread 3 ] DEBUG Engine               - urlPOM: https://raw.githubusercontent.com/AlmasB/FXGL/release/README.md
23:15:15.092 [FXGL Background Thread 3 ] DEBUG Engine               - userAppClass: class com.example.brickbreaker.BrickBreakerApp
23:15:15.092 [FXGL Background Thread 3 ] DEBUG Engine               - version: 0.0
23:15:15.092 [FXGL Background Thread 3 ] DEBUG Engine               - versionCheckDays: 7
23:15:15.092 [FXGL Background Thread 3 ] DEBUG Engine               - width: 600
23:15:15.092 [FXGL Background Thread 3 ] DEBUG Engine               - Logging services
23:15:15.092 [FXGL Background Thread 3 ] DEBUG Engine               - class com.almasb.fxgl.app.services.FXGLAssetLoaderService
23:15:15.092 [FXGL Background Thread 3 ] DEBUG Engine               - class com.almasb.fxgl.app.FXGLApplication$GameApplicationService
23:15:15.092 [FXGL Background Thread 3 ] DEBUG Engine               - class com.almasb.fxgl.app.services.FXGLDialogService
23:15:15.092 [FXGL Background Thread 3 ] DEBUG Engine               - class com.almasb.fxgl.app.services.IOTaskExecutorService
23:15:15.092 [FXGL Background Thread 3 ] DEBUG Engine               - class com.almasb.fxgl.io.FileSystemService
23:15:15.092 [FXGL Background Thread 3 ] DEBUG Engine               - class com.almasb.fxgl.localization.LocalizationService
23:15:15.092 [FXGL Background Thread 3 ] DEBUG Engine               - class com.almasb.fxgl.app.services.SystemBundleService
23:15:15.093 [FXGL Background Thread 3 ] DEBUG Engine               - class com.almasb.fxgl.profile.SaveLoadService
23:15:15.093 [FXGL Background Thread 3 ] DEBUG Engine               - class com.almasb.fxgl.ui.FXGLUIFactoryServiceProvider
23:15:15.093 [FXGL Background Thread 3 ] DEBUG Engine               - class com.almasb.fxgl.ui.FXGLDialogFactoryServiceProvider
23:15:15.093 [FXGL Background Thread 3 ] DEBUG Engine               - class com.almasb.fxgl.audio.AudioPlayer
23:15:15.093 [FXGL Background Thread 3 ] DEBUG Engine               - class com.almasb.fxgl.notification.impl.NotificationServiceProvider
23:15:15.093 [FXGL Background Thread 3 ] DEBUG Engine               - class com.almasb.fxgl.achievement.AchievementService
23:15:15.093 [FXGL Background Thread 3 ] DEBUG Engine               - class com.almasb.fxgl.cutscene.CutsceneService
23:15:15.093 [FXGL Background Thread 3 ] DEBUG Engine               - class com.almasb.fxgl.minigames.MiniGameService
23:15:15.093 [FXGL Background Thread 3 ] DEBUG Engine               - class com.almasb.fxgl.net.NetService
23:15:15.093 [FXGL Background Thread 3 ] DEBUG Engine               - class com.almasb.fxgl.app.services.UpdaterService
23:15:15.093 [FXGL Background Thread 3 ] DEBUG Engine               - class com.almasb.fxgl.dev.DevService
23:15:24.492 [JavaFX Application Thread] DEBUG FXGLApplication      - Exiting FXGL
23:15:24.492 [JavaFX Application Thread] DEBUG LoopRunner           - Stopping loop
23:15:24.492 [JavaFX Application Thread] DEBUG SystemBundleService  - Saving FXGL system data
23:15:24.493 [JavaFX Application Thread] DEBUG FileSystemAccess     - Writing to: C:\Users\matip\Desktop\JavaProjects\brick-breaker\system\fxgl.bundle
23:15:24.494 [JavaFX Application Thread] DEBUG Async                - Shutting down background threads
23:15:24.495 [JavaFX Application Thread] DEBUG PrimaryStageWindow   - Closing main window
23:15:24.501 [JavaFX Application Thread] DEBUG Logger               - Closing Logger
