14:02:48.996 [main                     ] DEBUG Logger               - Configured Logger
14:02:49.011 [main                     ] DEBUG GameApplication      - Logging settings
Title: Brick Breaker
Version: 0.0
Width: 600
Height: 600
Fullscreen: false
Intro: false
Profiling: false
Single step:false
App Mode: DEVELOPER
Menu Key: ESCAPE
Stage Style: DECORATED
Scene Factory: class com.example.brickbreaker.menu.CustomSceneFactory

14:02:49.277 [JavaFX Application Thread] DEBUG FXGLApplication      - Initializing FXGL
14:02:49.281 [JavaFX Application Thread] INFO  Engine               - FXGL-17.2 (20.08.2022 16.50) on WINDOWS (J:18.0.1.1 FX:18.0.2)
14:02:49.281 [JavaFX Application Thread] DEBUG Engine               - JRE Vendor Name: Oracle Corporation
14:02:49.281 [JavaFX Application Thread] DEBUG Engine               - Running on OS: Windows 10 version 10.0
14:02:49.281 [JavaFX Application Thread] DEBUG Engine               - Architecture: amd64
14:02:49.281 [JavaFX Application Thread] INFO  Engine               - Source code and latest versions at: https://github.com/AlmasB/FXGL
14:02:49.281 [JavaFX Application Thread] INFO  Engine               -       Ask questions and discuss at: https://github.com/AlmasB/FXGL/discussions
14:02:49.281 [JavaFX Application Thread] INFO  Engine               -              Join the FXGL chat at: https://gitter.im/AlmasB/FXGL
14:02:49.334 [JavaFX Application Thread] DEBUG PrimaryStageWindow   - Creating a JavaFX scene
14:02:49.359 [JavaFX Application Thread] DEBUG PrimaryStageWindow   - Target settings size: 600.0 x 600.0
14:02:49.359 [JavaFX Application Thread] DEBUG PrimaryStageWindow   - Scaled scene size:    600.0 x 600.0
14:02:49.359 [JavaFX Application Thread] DEBUG PrimaryStageWindow   - Scaled ratio: (1.0, 1.0)
14:02:49.359 [JavaFX Application Thread] DEBUG PrimaryStageWindow   - Set initial scene to FXGLStartupScene
14:02:49.363 [JavaFX Application Thread] DEBUG PrimaryStageWindow   - Opening main window
14:02:49.403 [JavaFX Application Thread] DEBUG PrimaryStageWindow   - Window border size: (16.0, 39.0)
14:02:49.403 [JavaFX Application Thread] DEBUG PrimaryStageWindow   - Scaled size: 600.0 x 600.0
14:02:49.403 [JavaFX Application Thread] DEBUG PrimaryStageWindow   - Scaled ratio: (1.0, 1.0)
14:02:49.403 [JavaFX Application Thread] DEBUG PrimaryStageWindow   - Scene size: 600.0 x 600.0
14:02:49.404 [JavaFX Application Thread] DEBUG PrimaryStageWindow   - Stage size: 616.0 x 639.0
14:02:49.407 [FXGL Background Thread 1 ] DEBUG Engine               - Initializing environment variables
14:02:49.435 [FXGL Background Thread 1 ] DEBUG FXGLAssetLoaderServi - User app class for loading assets: class com.example.brickbreaker.BrickBreakerApp
14:02:49.435 [FXGL Background Thread 1 ] DEBUG GameApplicationServi - Applying CSS: fxgl_dark.css
14:02:49.435 [FXGL Background Thread 1 ] DEBUG FXGLAssetLoaderServi - Loading from file system: jar:file:///C:/Users/matip/.m2/repository/com/github/almasb/fxgl/17.2/fxgl-17.2.jar!/fxglassets/ui/css/fxgl_dark.css
14:02:49.459 [FXGL Background Thread 1 ] DEBUG GameApplicationServi - Initializing application scenes
14:02:49.477 [FXGL Background Thread 1 ] DEBUG GameWorld            - Game world initialized
14:02:49.503 [FXGL Background Thread 1 ] DEBUG PhysicsWorld         - Physics world initialized: appHeight=600, physics.ppm=50.0
14:02:49.503 [FXGL Background Thread 1 ] DEBUG PhysicsWorld         - Using strategy: BRUTE_FORCE
14:02:49.505 [FXGL Background Thread 1 ] DEBUG GameScene            - Game scene initialized: 600x600
14:02:49.507 [FXGL Background Thread 1 ] DEBUG FXGLAssetLoaderServi - Loading from file system: file:/C:/Users/matip/Desktop/JavaProjects/brick-breaker/target/classes/assets/textures/brick-wall.png
14:02:49.539 [FXGL Background Thread 1 ] WARN  FXGL.DefaultMenu     - FXGLDefaultMenu is not designed for resolutions < 800x600
14:02:49.539 [FXGL Background Thread 1 ] DEBUG FXGL.DefaultMenu     - createMenuBodyGameMenu()
14:02:49.546 [FXGL Background Thread 1 ] DEBUG FXGL.DefaultMenu     - createOptionsMenu()
14:02:49.555 [FXGL Background Thread 1 ] DEBUG FXGLAssetLoaderServi - Loading from file system: jar:file:///C:/Users/matip/.m2/repository/com/github/almasb/fxgl/17.2/fxgl-17.2.jar!/fxglassets/textures/particles/smoke.png
14:02:49.596 [FXGL Background Thread 1 ] DEBUG FXGLAssetLoaderServi - Loading from file system: jar:file:///C:/Users/matip/.m2/repository/com/github/almasb/fxgl/17.2/fxgl-17.2.jar!/fxglassets/textures/particles/trace_horizontal.png
14:02:49.606 [FXGL Background Thread 1 ] DEBUG GameApplicationServi - Application scenes initialized
14:02:49.613 [FXGL Background Thread 1 ] DEBUG SystemBundleService  - Loading FXGL system data
14:02:49.615 [FXGL Background Thread 1 ] DEBUG FileSystemAccess     - Reading from: C:\Users\matip\Desktop\JavaProjects\brick-breaker\system\fxgl.bundle
14:02:49.620 [FXGL Background Thread 1 ] DEBUG SystemBundleService  - Bundle FXGL: {}
14:02:49.620 [FXGL Background Thread 1 ] DEBUG UpdaterService       - Checking for updates
14:02:49.622 [FXGL Background Thread 4 ] DEBUG FXGLApplication      - Loading fonts
14:02:49.622 [FXGL Background Thread 1 ] DEBUG FXGLApplication      - Loading default localization
14:02:49.622 [FXGL Background Thread 4 ] DEBUG FXGLAssetLoaderServi - Loading from file system: jar:file:///C:/Users/matip/.m2/repository/com/github/almasb/fxgl/17.2/fxgl-17.2.jar!/fxglassets/ui/fonts/VarelaRound-Regular.ttf
14:02:49.622 [FXGL Background Thread 1 ] DEBUG FXGLAssetLoaderServi - Loading from file system: jar:file:///C:/Users/matip/.m2/repository/com/github/almasb/fxgl/17.2/fxgl-17.2.jar!/fxglassets/languages/english.lang
14:02:49.631 [FXGL Background Thread 1 ] INFO  FXGLApplication      - FXGL initialization took: 0.224 sec
14:02:49.638 [JavaFX Application Thread] DEBUG Input                - Registered new binding: action0 - D
14:02:49.639 [JavaFX Application Thread] DEBUG Input                - Registered new binding: action1 - A
14:02:49.639 [JavaFX Application Thread] DEBUG FXGLAssetLoaderServi - Loading from file system: jar:file:///C:/Users/matip/.m2/repository/com/github/almasb/fxgl/17.2/fxgl-17.2.jar!/fxglassets/textures/fxgl_icon.png
14:02:49.643 [JavaFX Application Thread] DEBUG FXGLAssetLoaderServi - Loading from file system: jar:file:///C:/Users/matip/.m2/repository/com/github/almasb/fxgl/17.2/fxgl-17.2.jar!/fxglassets/textures/fxgl_default_cursor.png
14:02:49.644 [JavaFX Application Thread] DEBUG Input                - Registered new binding: Screenshot - CTRL+8
14:02:49.644 [JavaFX Application Thread] DEBUG Input                - Registered new binding: System info dump - CTRL+9
14:02:49.644 [JavaFX Application Thread] DEBUG Input                - Registered new binding: Restart - CTRL+R
14:02:49.645 [JavaFX Application Thread] DEBUG Input                - Registered new binding: Toggle Debug Camera - CTRL+7
14:02:49.647 [JavaFX Application Thread] DEBUG LoopRunner           - Starting loop
14:02:49.647 [JavaFX Application Thread] DEBUG LoopRunner           - Initializing JavaFX AnimationTimerLoop
14:02:49.647 [FXGL Background Thread 4 ] DEBUG FXGLAssetLoaderServi - Loading from file system: jar:file:///C:/Users/matip/.m2/repository/com/github/almasb/fxgl/17.2/fxgl-17.2.jar!/fxglassets/ui/fonts/Abel-Regular.ttf
14:02:49.648 [JavaFX Application Thread] DEBUG Input                - Clearing active input actions
14:02:49.649 [FXGL Background Thread 4 ] DEBUG FXGLAssetLoaderServi - Loading from file system: jar:file:///C:/Users/matip/.m2/repository/com/github/almasb/fxgl/17.2/fxgl-17.2.jar!/fxglassets/ui/fonts/TerminalLandMono-Regular.otf
14:02:49.652 [FXGL Background Thread 4 ] DEBUG FXGLAssetLoaderServi - Loading from file system: jar:file:///C:/Users/matip/.m2/repository/com/github/almasb/fxgl/17.2/fxgl-17.2.jar!/fxglassets/ui/fonts/Courier-Prime.ttf
14:02:49.652 [JavaFX Application Thread] DEBUG GameApplicationServi - Removing overlay from FXGLStartupScene and adding to FXGLMainMenuDummyScene
14:02:49.652 [JavaFX Application Thread] DEBUG PrimaryStageWindow   - FXGLStartupScene -> FXGLMainMenuDummyScene
14:02:49.652 [JavaFX Application Thread] DEBUG PrimaryStageWindow   - Push state: MainMenu
14:02:49.652 [JavaFX Application Thread] DEBUG Input                - Clearing active input actions
14:02:49.652 [JavaFX Application Thread] DEBUG GameApplicationServi - Removing overlay from FXGLMainMenuDummyScene and adding to MainMenu
14:02:49.653 [JavaFX Application Thread] DEBUG PrimaryStageWindow   - FXGLMainMenuDummyScene -> MainMenu
14:02:49.655 [JavaFX Application Thread] DEBUG FXGLApplication      - Registering font factories with UI factory
14:02:50.062 [FXGL Background Thread 2 ] INFO  UpdaterService       - Your current version:  17.2
14:02:50.062 [FXGL Background Thread 2 ] INFO  UpdaterService       - Latest stable version: 17.3
14:02:50.204 [JavaFX Application Thread] DEBUG Menu                 - fireNewGame()
14:02:50.204 [JavaFX Application Thread] DEBUG GameApplicationServi - Starting new game
14:02:50.204 [JavaFX Application Thread] DEBUG PrimaryStageWindow   - Pop state: MainMenu
14:02:50.204 [JavaFX Application Thread] DEBUG Input                - Clearing active input actions
14:02:50.204 [JavaFX Application Thread] DEBUG GameApplicationServi - Removing overlay from MainMenu and adding to FXGLMainMenuDummyScene
14:02:50.205 [JavaFX Application Thread] DEBUG PrimaryStageWindow   - FXGLMainMenuDummyScene <- MainMenu
14:02:50.205 [JavaFX Application Thread] DEBUG Input                - Clearing active input actions
14:02:50.211 [JavaFX Application Thread] DEBUG GameApplicationServi - Removing overlay from FXGLMainMenuDummyScene and adding to FXGLLoadingScene
14:02:50.212 [JavaFX Application Thread] DEBUG PrimaryStageWindow   - FXGLMainMenuDummyScene -> FXGLLoadingScene
14:02:50.212 [JavaFX Application Thread] DEBUG GameApplicationServi - Clearing previous game
14:02:50.212 [JavaFX Application Thread] DEBUG GameScene            - Clearing game scene
14:02:50.212 [JavaFX Application Thread] DEBUG GameWorld            - Clearing game world
14:02:50.212 [JavaFX Application Thread] DEBUG PhysicsWorld         - Clearing physics world
14:02:50.213 [FXGL Background Thread 2 ] DEBUG FXGLApplication      - Initializing game
14:02:50.228 [FXGL Background Thread 2 ] WARN  GameWorld            - Entity is already attached to world
14:02:50.229 [FXGL Background Thread 2 ] DEBUG FXGLAssetLoaderServi - Loading from file system: file:/C:/Users/matip/Desktop/JavaProjects/brick-breaker/target/classes/assets/textures/brick.png
14:02:50.232 [FXGL Background Thread 2 ] WARN  GameWorld            - Entity is already attached to world
14:02:50.233 [FXGL Background Thread 2 ] WARN  GameWorld            - Entity is already attached to world
14:02:50.234 [FXGL Background Thread 2 ] WARN  GameWorld            - Entity is already attached to world
14:02:50.235 [FXGL Background Thread 2 ] WARN  GameWorld            - Entity is already attached to world
14:02:50.236 [FXGL Background Thread 2 ] WARN  GameWorld            - Entity is already attached to world
14:02:50.237 [FXGL Background Thread 2 ] WARN  GameWorld            - Entity is already attached to world
14:02:50.238 [FXGL Background Thread 2 ] WARN  GameWorld            - Entity is already attached to world
14:02:50.240 [FXGL Background Thread 2 ] WARN  GameWorld            - Entity is already attached to world
14:02:50.241 [FXGL Background Thread 2 ] WARN  GameWorld            - Entity is already attached to world
14:02:50.242 [FXGL Background Thread 2 ] WARN  GameWorld            - Entity is already attached to world
14:02:50.243 [FXGL Background Thread 2 ] WARN  GameWorld            - Entity is already attached to world
14:02:50.244 [FXGL Background Thread 2 ] WARN  GameWorld            - Entity is already attached to world
14:02:50.245 [FXGL Background Thread 2 ] WARN  GameWorld            - Entity is already attached to world
14:02:50.245 [FXGL Background Thread 2 ] WARN  GameWorld            - Entity is already attached to world
14:02:50.246 [FXGL Background Thread 2 ] WARN  GameWorld            - Entity is already attached to world
14:02:50.247 [FXGL Background Thread 2 ] WARN  GameWorld            - Entity is already attached to world
14:02:50.248 [FXGL Background Thread 2 ] WARN  GameWorld            - Entity is already attached to world
14:02:50.249 [FXGL Background Thread 2 ] WARN  GameWorld            - Entity is already attached to world
14:02:50.249 [FXGL Background Thread 2 ] WARN  GameWorld            - Entity is already attached to world
14:02:50.250 [FXGL Background Thread 2 ] WARN  GameWorld            - Entity is already attached to world
14:02:50.251 [FXGL Background Thread 2 ] WARN  GameWorld            - Entity is already attached to world
14:02:50.251 [FXGL Background Thread 2 ] WARN  GameWorld            - Entity is already attached to world
14:02:50.252 [FXGL Background Thread 2 ] WARN  GameWorld            - Entity is already attached to world
14:02:50.253 [FXGL Background Thread 2 ] WARN  GameWorld            - Entity is already attached to world
14:02:50.253 [FXGL Background Thread 2 ] WARN  GameWorld            - Entity is already attached to world
14:02:50.254 [FXGL Background Thread 2 ] WARN  GameWorld            - Entity is already attached to world
14:02:50.254 [FXGL Background Thread 2 ] WARN  GameWorld            - Entity is already attached to world
14:02:50.255 [FXGL Background Thread 2 ] WARN  GameWorld            - Entity is already attached to world
14:02:50.256 [FXGL Background Thread 2 ] WARN  GameWorld            - Entity is already attached to world
14:02:50.257 [FXGL Background Thread 2 ] WARN  GameWorld            - Entity is already attached to world
14:02:50.257 [FXGL Background Thread 2 ] WARN  GameWorld            - Entity is already attached to world
14:02:50.258 [FXGL Background Thread 2 ] WARN  GameWorld            - Entity is already attached to world
14:02:50.258 [FXGL Background Thread 2 ] WARN  GameWorld            - Entity is already attached to world
14:02:50.258 [FXGL Background Thread 2 ] WARN  GameWorld            - Entity is already attached to world
14:02:50.259 [FXGL Background Thread 2 ] WARN  GameWorld            - Entity is already attached to world
14:02:50.259 [FXGL Background Thread 2 ] WARN  GameWorld            - Entity is already attached to world
14:02:50.260 [FXGL Background Thread 2 ] WARN  GameWorld            - Entity is already attached to world
14:02:50.260 [FXGL Background Thread 2 ] WARN  GameWorld            - Entity is already attached to world
14:02:50.261 [FXGL Background Thread 2 ] WARN  GameWorld            - Entity is already attached to world
14:02:50.261 [FXGL Background Thread 2 ] WARN  GameWorld            - Entity is already attached to world
14:02:50.261 [FXGL Background Thread 2 ] WARN  GameWorld            - Entity is already attached to world
14:02:50.262 [FXGL Background Thread 2 ] WARN  GameWorld            - Entity is already attached to world
14:02:50.262 [FXGL Background Thread 2 ] WARN  GameWorld            - Entity is already attached to world
14:02:50.263 [FXGL Background Thread 2 ] WARN  GameWorld            - Entity is already attached to world
14:02:50.263 [FXGL Background Thread 2 ] WARN  GameWorld            - Entity is already attached to world
14:02:50.264 [FXGL Background Thread 2 ] WARN  GameWorld            - Entity is already attached to world
14:02:50.264 [FXGL Background Thread 2 ] WARN  GameWorld            - Entity is already attached to world
14:02:50.265 [FXGL Background Thread 2 ] WARN  GameWorld            - Entity is already attached to world
14:02:50.265 [FXGL Background Thread 2 ] WARN  GameWorld            - Entity is already attached to world
14:02:50.266 [FXGL Background Thread 2 ] WARN  GameWorld            - Entity is already attached to world
14:02:50.266 [FXGL Background Thread 2 ] WARN  GameWorld            - Entity is already attached to world
14:02:50.267 [FXGL Background Thread 2 ] WARN  GameWorld            - Entity is already attached to world
14:02:50.267 [FXGL Background Thread 2 ] WARN  GameWorld            - Entity is already attached to world
14:02:50.268 [FXGL Background Thread 2 ] WARN  GameWorld            - Entity is already attached to world
14:02:50.269 [FXGL Background Thread 2 ] WARN  GameWorld            - Entity is already attached to world
14:02:50.269 [FXGL Background Thread 2 ] WARN  GameWorld            - Entity is already attached to world
14:02:50.270 [FXGL Background Thread 2 ] WARN  GameWorld            - Entity is already attached to world
14:02:50.270 [FXGL Background Thread 2 ] WARN  GameWorld            - Entity is already attached to world
14:02:50.270 [FXGL Background Thread 2 ] WARN  GameWorld            - Entity is already attached to world
14:02:50.271 [FXGL Background Thread 2 ] WARN  GameWorld            - Entity is already attached to world
14:02:50.271 [FXGL Background Thread 2 ] WARN  GameWorld            - Entity is already attached to world
14:02:50.272 [FXGL Background Thread 2 ] WARN  GameWorld            - Entity is already attached to world
14:02:50.272 [FXGL Background Thread 2 ] DEBUG FXGLAssetLoaderServi - Loading from file system: file:/C:/Users/matip/Desktop/JavaProjects/brick-breaker/target/classes/assets/textures/ball.png
14:02:50.273 [FXGL Background Thread 2 ] WARN  GameWorld            - Entity is already attached to world
14:02:50.275 [FXGL Background Thread 2 ] INFO  FXGLApplication      - Game initialization took: 0.061 sec
14:02:50.277 [JavaFX Application Thread] DEBUG Input                - Clearing active input actions
14:02:50.282 [JavaFX Application Thread] DEBUG GameApplicationServi - Removing overlay from FXGLLoadingScene and adding to GameScene
14:02:50.282 [JavaFX Application Thread] DEBUG PrimaryStageWindow   - FXGLLoadingScene -> GameScene
14:02:52.623 [FXGL Background Thread 3 ] DEBUG Engine               - Logging environment variables
14:02:52.623 [FXGL Background Thread 3 ] DEBUG Engine               - achievements: []
14:02:52.623 [FXGL Background Thread 3 ] DEBUG Engine               - actualHeight: 600.0
14:02:52.623 [FXGL Background Thread 3 ] DEBUG Engine               - actualHeightProperty: ReadOnlyDoubleProperty [value: 600.0]
14:02:52.623 [FXGL Background Thread 3 ] DEBUG Engine               - actualWidth: 600.0
14:02:52.623 [FXGL Background Thread 3 ] DEBUG Engine               - actualWidthProperty: ReadOnlyDoubleProperty [value: 600.0]
14:02:52.623 [FXGL Background Thread 3 ] DEBUG Engine               - appIcon: fxgl_icon.png
14:02:52.623 [FXGL Background Thread 3 ] DEBUG Engine               - applicationMode: DEVELOPER
14:02:52.623 [FXGL Background Thread 3 ] DEBUG Engine               - cSSList: [fxgl_dark.css]
14:02:52.623 [FXGL Background Thread 3 ] DEBUG Engine               - collisionDetectionStrategy: BRUTE_FORCE
14:02:52.623 [FXGL Background Thread 3 ] DEBUG Engine               - configClass: Optional.empty
14:02:52.623 [FXGL Background Thread 3 ] DEBUG Engine               - credits: []
14:02:52.624 [FXGL Background Thread 3 ] DEBUG Engine               - defaultCursor: CursorInfo(imageName=fxgl_default_cursor.png, hotspotX=7.0, hotspotY=6.0)
14:02:52.624 [FXGL Background Thread 3 ] DEBUG Engine               - devBBoxColorProperty: ObjectProperty [value: 0xff0000ff]
14:02:52.624 [FXGL Background Thread 3 ] DEBUG Engine               - devEnableDebugCameraProperty: BooleanProperty [value: false]
14:02:52.624 [FXGL Background Thread 3 ] DEBUG Engine               - devSensorColorProperty: ObjectProperty [value: 0xffff00ff]
14:02:52.624 [FXGL Background Thread 3 ] DEBUG Engine               - devShowBBoxProperty: BooleanProperty [value: false]
14:02:52.624 [FXGL Background Thread 3 ] DEBUG Engine               - devShowPositionProperty: BooleanProperty [value: false]
14:02:52.624 [FXGL Background Thread 3 ] DEBUG Engine               - enabledMenuItems: []
14:02:52.624 [FXGL Background Thread 3 ] DEBUG Engine               - engineServices: [class com.almasb.fxgl.app.services.FXGLAssetLoaderService, class com.almasb.fxgl.app.FXGLApplication$GameApplicationService, class com.almasb.fxgl.app.services.FXGLDialogService, class com.almasb.fxgl.app.services.IOTaskExecutorService, class com.almasb.fxgl.io.FileSystemService, class com.almasb.fxgl.localization.LocalizationService, class com.almasb.fxgl.app.services.SystemBundleService, class com.almasb.fxgl.profile.SaveLoadService, class com.almasb.fxgl.ui.FXGLUIFactoryServiceProvider, class com.almasb.fxgl.ui.FXGLDialogFactoryServiceProvider, class com.almasb.fxgl.audio.AudioPlayer, class com.almasb.fxgl.notification.impl.NotificationServiceProvider, class com.almasb.fxgl.achievement.AchievementService, class com.almasb.fxgl.cutscene.CutsceneService, class com.almasb.fxgl.minigames.MiniGameService, class com.almasb.fxgl.net.NetService, class com.almasb.fxgl.app.services.UpdaterService, class com.almasb.fxgl.dev.DevService]
14:02:52.624 [FXGL Background Thread 3 ] DEBUG Engine               - fontGame: Abel-Regular.ttf
14:02:52.624 [FXGL Background Thread 3 ] DEBUG Engine               - fontMono: TerminalLandMono-Regular.otf
14:02:52.624 [FXGL Background Thread 3 ] DEBUG Engine               - fontText: Courier-Prime.ttf
14:02:52.624 [FXGL Background Thread 3 ] DEBUG Engine               - fontUI: VarelaRound-Regular.ttf
14:02:52.624 [FXGL Background Thread 3 ] DEBUG Engine               - fullScreen: BooleanProperty [value: false]
14:02:52.624 [FXGL Background Thread 3 ] DEBUG Engine               - gameDifficulty: MEDIUM
14:02:52.624 [FXGL Background Thread 3 ] DEBUG Engine               - gameDifficultyProperty: ObjectProperty [value: MEDIUM]
14:02:52.624 [FXGL Background Thread 3 ] DEBUG Engine               - globalMusicVolume: 0.5
14:02:52.624 [FXGL Background Thread 3 ] DEBUG Engine               - globalMusicVolumeProperty: DoubleProperty [value: 0.5]
14:02:52.624 [FXGL Background Thread 3 ] DEBUG Engine               - globalSoundVolume: 0.5
14:02:52.624 [FXGL Background Thread 3 ] DEBUG Engine               - globalSoundVolumeProperty: DoubleProperty [value: 0.5]
14:02:52.624 [FXGL Background Thread 3 ] DEBUG Engine               - height: 600
14:02:52.624 [FXGL Background Thread 3 ] DEBUG Engine               - is3D: false
14:02:52.624 [FXGL Background Thread 3 ] DEBUG Engine               - isAndroid: false
14:02:52.624 [FXGL Background Thread 3 ] DEBUG Engine               - isBrowser: false
14:02:52.624 [FXGL Background Thread 3 ] DEBUG Engine               - isClickFeedbackEnabled: false
14:02:52.624 [FXGL Background Thread 3 ] DEBUG Engine               - isCloseConfirmation: false
14:02:52.624 [FXGL Background Thread 3 ] DEBUG Engine               - isDesktop: true
14:02:52.625 [FXGL Background Thread 3 ] DEBUG Engine               - isDeveloperMenuEnabled: false
14:02:52.625 [FXGL Background Thread 3 ] DEBUG Engine               - isEmbedded: false
14:02:52.625 [FXGL Background Thread 3 ] DEBUG Engine               - isEntityPreloadEnabled: true
14:02:52.625 [FXGL Background Thread 3 ] DEBUG Engine               - isExperimentalTiledLargeMap: false
14:02:52.625 [FXGL Background Thread 3 ] DEBUG Engine               - isFileSystemWriteAllowed: true
14:02:52.625 [FXGL Background Thread 3 ] DEBUG Engine               - isFullScreenAllowed: false
14:02:52.625 [FXGL Background Thread 3 ] DEBUG Engine               - isFullScreenFromStart: false
14:02:52.625 [FXGL Background Thread 3 ] DEBUG Engine               - isGameMenuEnabled: true
14:02:52.625 [FXGL Background Thread 3 ] DEBUG Engine               - isIOS: false
14:02:52.625 [FXGL Background Thread 3 ] DEBUG Engine               - isIntroEnabled: false
14:02:52.625 [FXGL Background Thread 3 ] DEBUG Engine               - isLinux: false
14:02:52.625 [FXGL Background Thread 3 ] DEBUG Engine               - isMac: false
14:02:52.625 [FXGL Background Thread 3 ] DEBUG Engine               - isMainMenuEnabled: true
14:02:52.625 [FXGL Background Thread 3 ] DEBUG Engine               - isManualResizeEnabled: false
14:02:52.625 [FXGL Background Thread 3 ] DEBUG Engine               - isMobile: false
14:02:52.625 [FXGL Background Thread 3 ] DEBUG Engine               - isNative: false
14:02:52.625 [FXGL Background Thread 3 ] DEBUG Engine               - isPauseMusicWhenMinimized: true
14:02:52.625 [FXGL Background Thread 3 ] DEBUG Engine               - isPreserveResizeRatio: false
14:02:52.625 [FXGL Background Thread 3 ] DEBUG Engine               - isProfilingEnabled: false
14:02:52.625 [FXGL Background Thread 3 ] DEBUG Engine               - isScaleAffectedOnResize: true
14:02:52.625 [FXGL Background Thread 3 ] DEBUG Engine               - isSingleStep: false
14:02:52.625 [FXGL Background Thread 3 ] DEBUG Engine               - isUserProfileEnabled: false
14:02:52.625 [FXGL Background Thread 3 ] DEBUG Engine               - isWindows: true
14:02:52.625 [FXGL Background Thread 3 ] DEBUG Engine               - language: ObjectProperty [value: ENGLISH]
14:02:52.625 [FXGL Background Thread 3 ] DEBUG Engine               - menuKey: ESCAPE
14:02:52.625 [FXGL Background Thread 3 ] DEBUG Engine               - mouseSensitivity: 0.2
14:02:52.625 [FXGL Background Thread 3 ] DEBUG Engine               - notificationViewClass: class com.almasb.fxgl.notification.view.XboxNotificationView
14:02:52.625 [FXGL Background Thread 3 ] DEBUG Engine               - pixelsPerMeter: 50.0
14:02:52.625 [FXGL Background Thread 3 ] DEBUG Engine               - platform: WINDOWS
14:02:52.625 [FXGL Background Thread 3 ] DEBUG Engine               - prefHeightProperty: ReadOnlyDoubleProperty [value: 600.0]
14:02:52.625 [FXGL Background Thread 3 ] DEBUG Engine               - prefWidthProperty: ReadOnlyDoubleProperty [value: 600.0]
14:02:52.625 [FXGL Background Thread 3 ] DEBUG Engine               - profileDir: profiles/
14:02:52.625 [FXGL Background Thread 3 ] DEBUG Engine               - profileName: StringProperty [value: DEFAULT]
14:02:52.625 [FXGL Background Thread 3 ] DEBUG Engine               - randomSeed: -1
14:02:52.626 [FXGL Background Thread 3 ] DEBUG Engine               - runtimeInfo: RuntimeInfo(platform=WINDOWS, version=17.2, build=20.08.2022 16.50)
14:02:52.626 [FXGL Background Thread 3 ] DEBUG Engine               - saveFileExt: sav
14:02:52.626 [FXGL Background Thread 3 ] DEBUG Engine               - scaledHeightProp$fxgl: DoubleProperty [bound, value: 600.0]
14:02:52.626 [FXGL Background Thread 3 ] DEBUG Engine               - scaledWidthProp$fxgl: DoubleProperty [bound, value: 600.0]
14:02:52.626 [FXGL Background Thread 3 ] DEBUG Engine               - sceneFactory: com.example.brickbreaker.menu.CustomSceneFactory@2144c25
14:02:52.626 [FXGL Background Thread 3 ] DEBUG Engine               - secondsIn24h: 60
14:02:52.626 [FXGL Background Thread 3 ] DEBUG Engine               - soundMenuBack: menu/back.wav
14:02:52.626 [FXGL Background Thread 3 ] DEBUG Engine               - soundMenuPress: menu/press.wav
14:02:52.626 [FXGL Background Thread 3 ] DEBUG Engine               - soundMenuSelect: menu/select.wav
14:02:52.626 [FXGL Background Thread 3 ] DEBUG Engine               - soundNotification: core/notification.wav
14:02:52.626 [FXGL Background Thread 3 ] DEBUG Engine               - stageStyle: DECORATED
14:02:52.626 [FXGL Background Thread 3 ] DEBUG Engine               - supportedLanguages: [ENGLISH, FRENCH, GERMAN, HUNGARIAN, RUSSIAN]
14:02:52.626 [FXGL Background Thread 3 ] DEBUG Engine               - ticksPerSecond: -1
14:02:52.626 [FXGL Background Thread 3 ] DEBUG Engine               - title: Brick Breaker
14:02:52.626 [FXGL Background Thread 3 ] DEBUG Engine               - urlGithub: https://github.com/AlmasB/FXGL
14:02:52.626 [FXGL Background Thread 3 ] DEBUG Engine               - urlLeaderboard: http://fxgl-top.herokuapp.com/
14:02:52.626 [FXGL Background Thread 3 ] DEBUG Engine               - urlPOM: https://raw.githubusercontent.com/AlmasB/FXGL/release/README.md
14:02:52.626 [FXGL Background Thread 3 ] DEBUG Engine               - userAppClass: class com.example.brickbreaker.BrickBreakerApp
14:02:52.626 [FXGL Background Thread 3 ] DEBUG Engine               - version: 0.0
14:02:52.626 [FXGL Background Thread 3 ] DEBUG Engine               - versionCheckDays: 7
14:02:52.626 [FXGL Background Thread 3 ] DEBUG Engine               - width: 600
14:02:52.626 [FXGL Background Thread 3 ] DEBUG Engine               - Logging services
14:02:52.626 [FXGL Background Thread 3 ] DEBUG Engine               - class com.almasb.fxgl.app.services.FXGLAssetLoaderService
14:02:52.626 [FXGL Background Thread 3 ] DEBUG Engine               - class com.almasb.fxgl.app.FXGLApplication$GameApplicationService
14:02:52.626 [FXGL Background Thread 3 ] DEBUG Engine               - class com.almasb.fxgl.app.services.FXGLDialogService
14:02:52.626 [FXGL Background Thread 3 ] DEBUG Engine               - class com.almasb.fxgl.app.services.IOTaskExecutorService
14:02:52.626 [FXGL Background Thread 3 ] DEBUG Engine               - class com.almasb.fxgl.io.FileSystemService
14:02:52.626 [FXGL Background Thread 3 ] DEBUG Engine               - class com.almasb.fxgl.localization.LocalizationService
14:02:52.626 [FXGL Background Thread 3 ] DEBUG Engine               - class com.almasb.fxgl.app.services.SystemBundleService
14:02:52.626 [FXGL Background Thread 3 ] DEBUG Engine               - class com.almasb.fxgl.profile.SaveLoadService
14:02:52.626 [FXGL Background Thread 3 ] DEBUG Engine               - class com.almasb.fxgl.ui.FXGLUIFactoryServiceProvider
14:02:52.626 [FXGL Background Thread 3 ] DEBUG Engine               - class com.almasb.fxgl.ui.FXGLDialogFactoryServiceProvider
14:02:52.627 [FXGL Background Thread 3 ] DEBUG Engine               - class com.almasb.fxgl.audio.AudioPlayer
14:02:52.627 [FXGL Background Thread 3 ] DEBUG Engine               - class com.almasb.fxgl.notification.impl.NotificationServiceProvider
14:02:52.627 [FXGL Background Thread 3 ] DEBUG Engine               - class com.almasb.fxgl.achievement.AchievementService
14:02:52.627 [FXGL Background Thread 3 ] DEBUG Engine               - class com.almasb.fxgl.cutscene.CutsceneService
14:02:52.627 [FXGL Background Thread 3 ] DEBUG Engine               - class com.almasb.fxgl.minigames.MiniGameService
14:02:52.627 [FXGL Background Thread 3 ] DEBUG Engine               - class com.almasb.fxgl.net.NetService
14:02:52.627 [FXGL Background Thread 3 ] DEBUG Engine               - class com.almasb.fxgl.app.services.UpdaterService
14:02:52.627 [FXGL Background Thread 3 ] DEBUG Engine               - class com.almasb.fxgl.dev.DevService
14:03:07.421 [JavaFX Application Thread] DEBUG FXGLApplication      - Exiting FXGL
14:03:07.421 [JavaFX Application Thread] DEBUG LoopRunner           - Stopping loop
14:03:07.421 [JavaFX Application Thread] DEBUG SystemBundleService  - Saving FXGL system data
14:03:07.422 [JavaFX Application Thread] DEBUG FileSystemAccess     - Writing to: C:\Users\matip\Desktop\JavaProjects\brick-breaker\system\fxgl.bundle
14:03:07.424 [JavaFX Application Thread] DEBUG Async                - Shutting down background threads
14:03:07.424 [JavaFX Application Thread] DEBUG PrimaryStageWindow   - Closing main window
14:03:07.430 [JavaFX Application Thread] DEBUG Logger               - Closing Logger
