18:15:46.288 [main                     ] DEBUG Logger               - Configured Logger
18:15:46.304 [main                     ] DEBUG GameApplication      - Logging settings
Title: Brick Breaker
Version: 0.0
Width: 600
Height: 600
Fullscreen: false
Intro: false
Profiling: false
Single step:false
App Mode: DEVELOPER
Menu Key: ESCAPE
Stage Style: DECORATED
Scene Factory: class com.almasb.fxgl.app.scene.SceneFactory

18:15:46.567 [JavaFX Application Thread] DEBUG FXGLApplication      - Initializing FXGL
18:15:46.571 [JavaFX Application Thread] INFO  Engine               - FXGL-17.2 (20.08.2022 16.50) on WINDOWS (J:18.0.1.1 FX:18.0.2)
18:15:46.571 [JavaFX Application Thread] DEBUG Engine               - JRE Vendor Name: Oracle Corporation
18:15:46.571 [JavaFX Application Thread] DEBUG Engine               - Running on OS: Windows 10 version 10.0
18:15:46.571 [JavaFX Application Thread] DEBUG Engine               - Architecture: amd64
18:15:46.571 [JavaFX Application Thread] INFO  Engine               - Source code and latest versions at: https://github.com/AlmasB/FXGL
18:15:46.571 [JavaFX Application Thread] INFO  Engine               -       Ask questions and discuss at: https://github.com/AlmasB/FXGL/discussions
18:15:46.571 [JavaFX Application Thread] INFO  Engine               -              Join the FXGL chat at: https://gitter.im/AlmasB/FXGL
18:15:46.620 [JavaFX Application Thread] DEBUG PrimaryStageWindow   - Creating a JavaFX scene
18:15:46.644 [JavaFX Application Thread] DEBUG PrimaryStageWindow   - Target settings size: 600.0 x 600.0
18:15:46.644 [JavaFX Application Thread] DEBUG PrimaryStageWindow   - Scaled scene size:    600.0 x 600.0
18:15:46.644 [JavaFX Application Thread] DEBUG PrimaryStageWindow   - Scaled ratio: (1.0, 1.0)
18:15:46.645 [JavaFX Application Thread] DEBUG PrimaryStageWindow   - Set initial scene to FXGLStartupScene
18:15:46.648 [JavaFX Application Thread] DEBUG PrimaryStageWindow   - Opening main window
18:15:46.687 [JavaFX Application Thread] DEBUG PrimaryStageWindow   - Window border size: (16.0, 39.0)
18:15:46.688 [JavaFX Application Thread] DEBUG PrimaryStageWindow   - Scaled size: 600.0 x 600.0
18:15:46.688 [JavaFX Application Thread] DEBUG PrimaryStageWindow   - Scaled ratio: (1.0, 1.0)
18:15:46.688 [JavaFX Application Thread] DEBUG PrimaryStageWindow   - Scene size: 600.0 x 600.0
18:15:46.688 [JavaFX Application Thread] DEBUG PrimaryStageWindow   - Stage size: 616.0 x 639.0
18:15:46.692 [FXGL Background Thread 1 ] DEBUG Engine               - Initializing environment variables
18:15:46.718 [FXGL Background Thread 1 ] DEBUG FXGLAssetLoaderServi - User app class for loading assets: class com.example.brickbreaker.BrickBreakerApp
18:15:46.718 [FXGL Background Thread 1 ] DEBUG GameApplicationServi - Applying CSS: fxgl_dark.css
18:15:46.719 [FXGL Background Thread 1 ] DEBUG FXGLAssetLoaderServi - Loading from file system: jar:file:///C:/Users/matip/.m2/repository/com/github/almasb/fxgl/17.2/fxgl-17.2.jar!/fxglassets/ui/css/fxgl_dark.css
18:15:46.743 [FXGL Background Thread 1 ] DEBUG GameApplicationServi - Initializing application scenes
18:15:46.760 [FXGL Background Thread 1 ] DEBUG GameWorld            - Game world initialized
18:15:46.787 [FXGL Background Thread 1 ] DEBUG PhysicsWorld         - Physics world initialized: appHeight=600, physics.ppm=50.0
18:15:46.787 [FXGL Background Thread 1 ] DEBUG PhysicsWorld         - Using strategy: BRUTE_FORCE
18:15:46.789 [FXGL Background Thread 1 ] DEBUG GameScene            - Game scene initialized: 600x600
18:15:46.795 [FXGL Background Thread 1 ] WARN  FXGL.DefaultMenu     - FXGLDefaultMenu is not designed for resolutions < 800x600
18:15:46.795 [FXGL Background Thread 1 ] DEBUG FXGL.DefaultMenu     - createMenuBodyGameMenu()
18:15:46.802 [FXGL Background Thread 1 ] DEBUG FXGL.DefaultMenu     - createOptionsMenu()
18:15:46.808 [FXGL Background Thread 1 ] DEBUG FXGLAssetLoaderServi - Loading from file system: jar:file:///C:/Users/matip/.m2/repository/com/github/almasb/fxgl/17.2/fxgl-17.2.jar!/fxglassets/textures/particles/smoke.png
18:15:46.859 [FXGL Background Thread 1 ] DEBUG FXGLAssetLoaderServi - Loading from file system: jar:file:///C:/Users/matip/.m2/repository/com/github/almasb/fxgl/17.2/fxgl-17.2.jar!/fxglassets/textures/particles/trace_horizontal.png
18:15:46.879 [FXGL Background Thread 1 ] DEBUG GameApplicationServi - Application scenes initialized
18:15:46.886 [FXGL Background Thread 1 ] DEBUG SystemBundleService  - Loading FXGL system data
18:15:46.888 [FXGL Background Thread 1 ] DEBUG FileSystemAccess     - Reading from: C:\Users\matip\Desktop\JavaProjects\brick-breaker\system\fxgl.bundle
18:15:46.893 [FXGL Background Thread 1 ] DEBUG SystemBundleService  - Bundle FXGL: {}
18:15:46.893 [FXGL Background Thread 1 ] DEBUG UpdaterService       - Checking for updates
18:15:46.895 [FXGL Background Thread 4 ] DEBUG FXGLApplication      - Loading fonts
18:15:46.895 [FXGL Background Thread 1 ] DEBUG FXGLApplication      - Loading default localization
18:15:46.895 [FXGL Background Thread 4 ] DEBUG FXGLAssetLoaderServi - Loading from file system: jar:file:///C:/Users/matip/.m2/repository/com/github/almasb/fxgl/17.2/fxgl-17.2.jar!/fxglassets/ui/fonts/VarelaRound-Regular.ttf
18:15:46.896 [FXGL Background Thread 1 ] DEBUG FXGLAssetLoaderServi - Loading from file system: jar:file:///C:/Users/matip/.m2/repository/com/github/almasb/fxgl/17.2/fxgl-17.2.jar!/fxglassets/languages/english.lang
18:15:46.905 [FXGL Background Thread 1 ] INFO  FXGLApplication      - FXGL initialization took: 0.212 sec
18:15:46.911 [JavaFX Application Thread] DEBUG Input                - Registered new binding: action0 - D
18:15:46.911 [JavaFX Application Thread] DEBUG Input                - Registered new binding: action1 - A
18:15:46.911 [JavaFX Application Thread] DEBUG FXGLAssetLoaderServi - Loading from file system: jar:file:///C:/Users/matip/.m2/repository/com/github/almasb/fxgl/17.2/fxgl-17.2.jar!/fxglassets/textures/fxgl_icon.png
18:15:46.921 [FXGL Background Thread 4 ] DEBUG FXGLAssetLoaderServi - Loading from file system: jar:file:///C:/Users/matip/.m2/repository/com/github/almasb/fxgl/17.2/fxgl-17.2.jar!/fxglassets/ui/fonts/Abel-Regular.ttf
18:15:46.923 [FXGL Background Thread 4 ] DEBUG FXGLAssetLoaderServi - Loading from file system: jar:file:///C:/Users/matip/.m2/repository/com/github/almasb/fxgl/17.2/fxgl-17.2.jar!/fxglassets/ui/fonts/TerminalLandMono-Regular.otf
18:15:46.925 [FXGL Background Thread 4 ] DEBUG FXGLAssetLoaderServi - Loading from file system: jar:file:///C:/Users/matip/.m2/repository/com/github/almasb/fxgl/17.2/fxgl-17.2.jar!/fxglassets/ui/fonts/Courier-Prime.ttf
18:15:46.926 [JavaFX Application Thread] DEBUG FXGLAssetLoaderServi - Loading from file system: jar:file:///C:/Users/matip/.m2/repository/com/github/almasb/fxgl/17.2/fxgl-17.2.jar!/fxglassets/textures/fxgl_default_cursor.png
18:15:46.928 [JavaFX Application Thread] DEBUG Input                - Registered new binding: Screenshot - CTRL+8
18:15:46.929 [JavaFX Application Thread] DEBUG Input                - Registered new binding: System info dump - CTRL+9
18:15:46.929 [JavaFX Application Thread] DEBUG Input                - Registered new binding: Restart - CTRL+R
18:15:46.929 [JavaFX Application Thread] DEBUG Input                - Registered new binding: Toggle Debug Camera - CTRL+7
18:15:46.930 [JavaFX Application Thread] DEBUG LoopRunner           - Starting loop
18:15:46.930 [JavaFX Application Thread] DEBUG LoopRunner           - Initializing JavaFX AnimationTimerLoop
18:15:46.931 [JavaFX Application Thread] DEBUG GameApplicationServi - Starting new game
18:15:46.931 [JavaFX Application Thread] DEBUG Input                - Clearing active input actions
18:15:46.936 [JavaFX Application Thread] DEBUG GameApplicationServi - Removing overlay from FXGLStartupScene and adding to FXGLLoadingScene
18:15:46.936 [JavaFX Application Thread] DEBUG PrimaryStageWindow   - FXGLStartupScene -> FXGLLoadingScene
18:15:46.936 [JavaFX Application Thread] DEBUG GameApplicationServi - Clearing previous game
18:15:46.936 [JavaFX Application Thread] DEBUG GameScene            - Clearing game scene
18:15:46.936 [JavaFX Application Thread] DEBUG GameWorld            - Clearing game world
18:15:46.937 [JavaFX Application Thread] DEBUG PhysicsWorld         - Clearing physics world
18:15:46.937 [JavaFX Application Thread] DEBUG FXGLApplication      - Registering font factories with UI factory
18:15:46.937 [FXGL Background Thread 4 ] DEBUG FXGLApplication      - Initializing game
18:15:46.948 [FXGL Background Thread 4 ] WARN  GameWorld            - Entity is already attached to world
18:15:46.949 [FXGL Background Thread 4 ] WARN  GameWorld            - Entity is already attached to world
18:15:46.950 [FXGL Background Thread 4 ] WARN  GameWorld            - Entity is already attached to world
18:15:46.951 [FXGL Background Thread 4 ] INFO  FXGLApplication      - Game initialization took: 0.013 sec
18:15:46.961 [JavaFX Application Thread] DEBUG Input                - Clearing active input actions
18:15:46.966 [JavaFX Application Thread] DEBUG GameApplicationServi - Removing overlay from FXGLLoadingScene and adding to GameScene
18:15:46.966 [JavaFX Application Thread] DEBUG PrimaryStageWindow   - FXGLLoadingScene -> GameScene
18:15:47.325 [FXGL Background Thread 2 ] INFO  UpdaterService       - Your current version:  17.2
18:15:47.326 [FXGL Background Thread 2 ] INFO  UpdaterService       - Latest stable version: 17.3
18:15:49.507 [JavaFX Application Thread] DEBUG FXGLApplication      - Exiting FXGL
18:15:49.507 [JavaFX Application Thread] DEBUG LoopRunner           - Stopping loop
18:15:49.507 [JavaFX Application Thread] DEBUG SystemBundleService  - Saving FXGL system data
18:15:49.508 [JavaFX Application Thread] DEBUG FileSystemAccess     - Writing to: C:\Users\matip\Desktop\JavaProjects\brick-breaker\system\fxgl.bundle
18:15:49.509 [JavaFX Application Thread] DEBUG Async                - Shutting down background threads
18:15:49.509 [JavaFX Application Thread] DEBUG PrimaryStageWindow   - Closing main window
18:15:49.515 [JavaFX Application Thread] DEBUG Logger               - Closing Logger
