21:13:02.233 [main                     ] DEBUG Logger               - Configured Logger
21:13:02.249 [main                     ] DEBUG GameApplication      - Logging settings
Title: Brick Breaker
Version: 0.0
Width: 600
Height: 600
Fullscreen: false
Intro: false
Profiling: false
Single step:false
App Mode: DEVELOPER
Menu Key: ESCAPE
Stage Style: DECORATED
Scene Factory: class com.example.brickbreaker.menu.CustomSceneFactory

21:13:02.528 [JavaFX Application Thread] DEBUG FXGLApplication      - Initializing FXGL
21:13:02.532 [JavaFX Application Thread] INFO  Engine               - FXGL-17.2 (20.08.2022 16.50) on WINDOWS (J:18.0.1.1 FX:18.0.2)
21:13:02.532 [JavaFX Application Thread] DEBUG Engine               - JRE Vendor Name: Oracle Corporation
21:13:02.533 [JavaFX Application Thread] DEBUG Engine               - Running on OS: Windows 10 version 10.0
21:13:02.533 [JavaFX Application Thread] DEBUG Engine               - Architecture: amd64
21:13:02.533 [JavaFX Application Thread] INFO  Engine               - Source code and latest versions at: https://github.com/AlmasB/FXGL
21:13:02.533 [JavaFX Application Thread] INFO  Engine               -       Ask questions and discuss at: https://github.com/AlmasB/FXGL/discussions
21:13:02.533 [JavaFX Application Thread] INFO  Engine               -              Join the FXGL chat at: https://gitter.im/AlmasB/FXGL
21:13:02.583 [JavaFX Application Thread] DEBUG PrimaryStageWindow   - Creating a JavaFX scene
21:13:02.607 [JavaFX Application Thread] DEBUG PrimaryStageWindow   - Target settings size: 600.0 x 600.0
21:13:02.607 [JavaFX Application Thread] DEBUG PrimaryStageWindow   - Scaled scene size:    600.0 x 600.0
21:13:02.607 [JavaFX Application Thread] DEBUG PrimaryStageWindow   - Scaled ratio: (1.0, 1.0)
21:13:02.607 [JavaFX Application Thread] DEBUG PrimaryStageWindow   - Set initial scene to FXGLStartupScene
21:13:02.611 [JavaFX Application Thread] DEBUG PrimaryStageWindow   - Opening main window
21:13:02.651 [JavaFX Application Thread] DEBUG PrimaryStageWindow   - Window border size: (16.0, 39.0)
21:13:02.651 [JavaFX Application Thread] DEBUG PrimaryStageWindow   - Scaled size: 600.0 x 600.0
21:13:02.651 [JavaFX Application Thread] DEBUG PrimaryStageWindow   - Scaled ratio: (1.0, 1.0)
21:13:02.651 [JavaFX Application Thread] DEBUG PrimaryStageWindow   - Scene size: 600.0 x 600.0
21:13:02.651 [JavaFX Application Thread] DEBUG PrimaryStageWindow   - Stage size: 616.0 x 639.0
21:13:02.655 [FXGL Background Thread 1 ] DEBUG Engine               - Initializing environment variables
21:13:02.679 [FXGL Background Thread 1 ] DEBUG FXGLAssetLoaderServi - User app class for loading assets: class com.example.brickbreaker.BrickBreakerApp
21:13:02.680 [FXGL Background Thread 1 ] DEBUG GameApplicationServi - Applying CSS: fxgl_dark.css
21:13:02.680 [FXGL Background Thread 1 ] DEBUG FXGLAssetLoaderServi - Loading from file system: jar:file:///C:/Users/matip/.m2/repository/com/github/almasb/fxgl/17.2/fxgl-17.2.jar!/fxglassets/ui/css/fxgl_dark.css
21:13:02.705 [FXGL Background Thread 1 ] DEBUG GameApplicationServi - Initializing application scenes
21:13:02.723 [FXGL Background Thread 1 ] DEBUG GameWorld            - Game world initialized
21:13:02.747 [FXGL Background Thread 1 ] DEBUG PhysicsWorld         - Physics world initialized: appHeight=600, physics.ppm=50.0
21:13:02.747 [FXGL Background Thread 1 ] DEBUG PhysicsWorld         - Using strategy: BRUTE_FORCE
21:13:02.750 [FXGL Background Thread 1 ] DEBUG GameScene            - Game scene initialized: 600x600
21:13:02.751 [FXGL Background Thread 1 ] DEBUG FXGLAssetLoaderServi - Loading from file system: file:/C:/Users/matip/Desktop/JavaProjects/brick-breaker/target/classes/assets/textures/brick-wall.png
21:13:02.783 [FXGL Background Thread 1 ] WARN  FXGL.DefaultMenu     - FXGLDefaultMenu is not designed for resolutions < 800x600
21:13:02.783 [FXGL Background Thread 1 ] DEBUG FXGL.DefaultMenu     - createMenuBodyGameMenu()
21:13:02.790 [FXGL Background Thread 1 ] DEBUG FXGL.DefaultMenu     - createOptionsMenu()
21:13:02.798 [FXGL Background Thread 1 ] DEBUG FXGLAssetLoaderServi - Loading from file system: jar:file:///C:/Users/matip/.m2/repository/com/github/almasb/fxgl/17.2/fxgl-17.2.jar!/fxglassets/textures/particles/smoke.png
21:13:02.838 [FXGL Background Thread 1 ] DEBUG FXGLAssetLoaderServi - Loading from file system: jar:file:///C:/Users/matip/.m2/repository/com/github/almasb/fxgl/17.2/fxgl-17.2.jar!/fxglassets/textures/particles/trace_horizontal.png
21:13:02.849 [FXGL Background Thread 1 ] DEBUG GameApplicationServi - Application scenes initialized
21:13:02.855 [FXGL Background Thread 1 ] DEBUG SystemBundleService  - Loading FXGL system data
21:13:02.857 [FXGL Background Thread 1 ] DEBUG FileSystemAccess     - Reading from: C:\Users\matip\Desktop\JavaProjects\brick-breaker\system\fxgl.bundle
21:13:02.861 [FXGL Background Thread 1 ] DEBUG SystemBundleService  - Bundle FXGL: {}
21:13:02.861 [FXGL Background Thread 1 ] DEBUG UpdaterService       - Checking for updates
21:13:02.863 [FXGL Background Thread 4 ] DEBUG FXGLApplication      - Loading fonts
21:13:02.864 [FXGL Background Thread 1 ] DEBUG FXGLApplication      - Loading default localization
21:13:02.864 [FXGL Background Thread 4 ] DEBUG FXGLAssetLoaderServi - Loading from file system: jar:file:///C:/Users/matip/.m2/repository/com/github/almasb/fxgl/17.2/fxgl-17.2.jar!/fxglassets/ui/fonts/VarelaRound-Regular.ttf
21:13:02.864 [FXGL Background Thread 1 ] DEBUG FXGLAssetLoaderServi - Loading from file system: jar:file:///C:/Users/matip/.m2/repository/com/github/almasb/fxgl/17.2/fxgl-17.2.jar!/fxglassets/languages/english.lang
21:13:02.874 [FXGL Background Thread 1 ] INFO  FXGLApplication      - FXGL initialization took: 0.219 sec
21:13:02.879 [JavaFX Application Thread] DEBUG Input                - Registered new binding: action0 - D
21:13:02.880 [JavaFX Application Thread] DEBUG Input                - Registered new binding: action1 - A
21:13:02.880 [JavaFX Application Thread] DEBUG FXGLAssetLoaderServi - Loading from file system: jar:file:///C:/Users/matip/.m2/repository/com/github/almasb/fxgl/17.2/fxgl-17.2.jar!/fxglassets/textures/fxgl_icon.png
21:13:02.884 [JavaFX Application Thread] DEBUG FXGLAssetLoaderServi - Loading from file system: jar:file:///C:/Users/matip/.m2/repository/com/github/almasb/fxgl/17.2/fxgl-17.2.jar!/fxglassets/textures/fxgl_default_cursor.png
21:13:02.885 [JavaFX Application Thread] DEBUG Input                - Registered new binding: Screenshot - CTRL+8
21:13:02.885 [JavaFX Application Thread] DEBUG Input                - Registered new binding: System info dump - CTRL+9
21:13:02.885 [JavaFX Application Thread] DEBUG Input                - Registered new binding: Restart - CTRL+R
21:13:02.885 [JavaFX Application Thread] DEBUG Input                - Registered new binding: Toggle Debug Camera - CTRL+7
21:13:02.886 [JavaFX Application Thread] DEBUG LoopRunner           - Starting loop
21:13:02.887 [JavaFX Application Thread] DEBUG LoopRunner           - Initializing JavaFX AnimationTimerLoop
21:13:02.888 [JavaFX Application Thread] DEBUG Input                - Clearing active input actions
21:13:02.889 [FXGL Background Thread 4 ] DEBUG FXGLAssetLoaderServi - Loading from file system: jar:file:///C:/Users/matip/.m2/repository/com/github/almasb/fxgl/17.2/fxgl-17.2.jar!/fxglassets/ui/fonts/Abel-Regular.ttf
21:13:02.891 [FXGL Background Thread 4 ] DEBUG FXGLAssetLoaderServi - Loading from file system: jar:file:///C:/Users/matip/.m2/repository/com/github/almasb/fxgl/17.2/fxgl-17.2.jar!/fxglassets/ui/fonts/TerminalLandMono-Regular.otf
21:13:02.892 [JavaFX Application Thread] DEBUG GameApplicationServi - Removing overlay from FXGLStartupScene and adding to FXGLMainMenuDummyScene
21:13:02.892 [JavaFX Application Thread] DEBUG PrimaryStageWindow   - FXGLStartupScene -> FXGLMainMenuDummyScene
21:13:02.892 [JavaFX Application Thread] DEBUG PrimaryStageWindow   - Push state: MainMenu
21:13:02.892 [JavaFX Application Thread] DEBUG Input                - Clearing active input actions
21:13:02.893 [JavaFX Application Thread] DEBUG GameApplicationServi - Removing overlay from FXGLMainMenuDummyScene and adding to MainMenu
21:13:02.893 [JavaFX Application Thread] DEBUG PrimaryStageWindow   - FXGLMainMenuDummyScene -> MainMenu
21:13:02.893 [FXGL Background Thread 4 ] DEBUG FXGLAssetLoaderServi - Loading from file system: jar:file:///C:/Users/matip/.m2/repository/com/github/almasb/fxgl/17.2/fxgl-17.2.jar!/fxglassets/ui/fonts/Courier-Prime.ttf
21:13:02.899 [JavaFX Application Thread] DEBUG FXGLApplication      - Registering font factories with UI factory
21:13:03.381 [FXGL Background Thread 2 ] INFO  UpdaterService       - Your current version:  17.2
21:13:03.381 [FXGL Background Thread 2 ] INFO  UpdaterService       - Latest stable version: 17.3
21:13:03.901 [JavaFX Application Thread] DEBUG Menu                 - fireNewGame()
21:13:03.901 [JavaFX Application Thread] DEBUG GameApplicationServi - Starting new game
21:13:03.901 [JavaFX Application Thread] DEBUG PrimaryStageWindow   - Pop state: MainMenu
21:13:03.901 [JavaFX Application Thread] DEBUG Input                - Clearing active input actions
21:13:03.901 [JavaFX Application Thread] DEBUG GameApplicationServi - Removing overlay from MainMenu and adding to FXGLMainMenuDummyScene
21:13:03.901 [JavaFX Application Thread] DEBUG PrimaryStageWindow   - FXGLMainMenuDummyScene <- MainMenu
21:13:03.902 [JavaFX Application Thread] DEBUG Input                - Clearing active input actions
21:13:03.908 [JavaFX Application Thread] DEBUG GameApplicationServi - Removing overlay from FXGLMainMenuDummyScene and adding to FXGLLoadingScene
21:13:03.908 [JavaFX Application Thread] DEBUG PrimaryStageWindow   - FXGLMainMenuDummyScene -> FXGLLoadingScene
21:13:03.908 [JavaFX Application Thread] DEBUG GameApplicationServi - Clearing previous game
21:13:03.908 [JavaFX Application Thread] DEBUG GameScene            - Clearing game scene
21:13:03.908 [JavaFX Application Thread] DEBUG GameWorld            - Clearing game world
21:13:03.908 [JavaFX Application Thread] DEBUG PhysicsWorld         - Clearing physics world
21:13:03.909 [FXGL Background Thread 2 ] DEBUG FXGLApplication      - Initializing game
21:13:03.920 [FXGL Background Thread 2 ] WARN  GameWorld            - Entity is already attached to world
21:13:03.920 [FXGL Background Thread 2 ] DEBUG FXGLAssetLoaderServi - Loading from file system: file:/C:/Users/matip/Desktop/JavaProjects/brick-breaker/target/classes/assets/textures/brick.png
21:13:03.922 [FXGL Background Thread 2 ] WARN  GameWorld            - Entity is already attached to world
21:13:03.922 [FXGL Background Thread 2 ] WARN  GameWorld            - Entity is already attached to world
21:13:03.923 [FXGL Background Thread 2 ] WARN  GameWorld            - Entity is already attached to world
21:13:03.924 [FXGL Background Thread 2 ] WARN  GameWorld            - Entity is already attached to world
21:13:03.924 [FXGL Background Thread 2 ] WARN  GameWorld            - Entity is already attached to world
21:13:03.925 [FXGL Background Thread 2 ] WARN  GameWorld            - Entity is already attached to world
21:13:03.925 [FXGL Background Thread 2 ] WARN  GameWorld            - Entity is already attached to world
21:13:03.926 [FXGL Background Thread 2 ] WARN  GameWorld            - Entity is already attached to world
21:13:03.926 [FXGL Background Thread 2 ] WARN  GameWorld            - Entity is already attached to world
21:13:03.927 [FXGL Background Thread 2 ] WARN  GameWorld            - Entity is already attached to world
21:13:03.928 [FXGL Background Thread 2 ] WARN  GameWorld            - Entity is already attached to world
21:13:03.928 [FXGL Background Thread 2 ] WARN  GameWorld            - Entity is already attached to world
21:13:03.929 [FXGL Background Thread 2 ] WARN  GameWorld            - Entity is already attached to world
21:13:03.929 [FXGL Background Thread 2 ] WARN  GameWorld            - Entity is already attached to world
21:13:03.930 [FXGL Background Thread 2 ] WARN  GameWorld            - Entity is already attached to world
21:13:03.930 [FXGL Background Thread 2 ] WARN  GameWorld            - Entity is already attached to world
21:13:03.931 [FXGL Background Thread 2 ] WARN  GameWorld            - Entity is already attached to world
21:13:03.931 [FXGL Background Thread 2 ] WARN  GameWorld            - Entity is already attached to world
21:13:03.932 [FXGL Background Thread 2 ] WARN  GameWorld            - Entity is already attached to world
21:13:03.932 [FXGL Background Thread 2 ] WARN  GameWorld            - Entity is already attached to world
21:13:03.933 [FXGL Background Thread 2 ] WARN  GameWorld            - Entity is already attached to world
21:13:03.933 [FXGL Background Thread 2 ] WARN  GameWorld            - Entity is already attached to world
21:13:03.933 [FXGL Background Thread 2 ] WARN  GameWorld            - Entity is already attached to world
21:13:03.934 [FXGL Background Thread 2 ] WARN  GameWorld            - Entity is already attached to world
21:13:03.934 [FXGL Background Thread 2 ] WARN  GameWorld            - Entity is already attached to world
21:13:03.935 [FXGL Background Thread 2 ] WARN  GameWorld            - Entity is already attached to world
21:13:03.935 [FXGL Background Thread 2 ] WARN  GameWorld            - Entity is already attached to world
21:13:03.936 [FXGL Background Thread 2 ] WARN  GameWorld            - Entity is already attached to world
21:13:03.936 [FXGL Background Thread 2 ] WARN  GameWorld            - Entity is already attached to world
21:13:03.937 [FXGL Background Thread 2 ] WARN  GameWorld            - Entity is already attached to world
21:13:03.937 [FXGL Background Thread 2 ] WARN  GameWorld            - Entity is already attached to world
21:13:03.937 [FXGL Background Thread 2 ] WARN  GameWorld            - Entity is already attached to world
21:13:03.938 [FXGL Background Thread 2 ] WARN  GameWorld            - Entity is already attached to world
21:13:03.938 [FXGL Background Thread 2 ] WARN  GameWorld            - Entity is already attached to world
21:13:03.939 [FXGL Background Thread 2 ] WARN  GameWorld            - Entity is already attached to world
21:13:03.939 [FXGL Background Thread 2 ] WARN  GameWorld            - Entity is already attached to world
21:13:03.940 [FXGL Background Thread 2 ] WARN  GameWorld            - Entity is already attached to world
21:13:03.940 [FXGL Background Thread 2 ] WARN  GameWorld            - Entity is already attached to world
21:13:03.940 [FXGL Background Thread 2 ] WARN  GameWorld            - Entity is already attached to world
21:13:03.941 [FXGL Background Thread 2 ] WARN  GameWorld            - Entity is already attached to world
21:13:03.941 [FXGL Background Thread 2 ] WARN  GameWorld            - Entity is already attached to world
21:13:03.942 [FXGL Background Thread 2 ] WARN  GameWorld            - Entity is already attached to world
21:13:03.942 [FXGL Background Thread 2 ] WARN  GameWorld            - Entity is already attached to world
21:13:03.943 [FXGL Background Thread 2 ] WARN  GameWorld            - Entity is already attached to world
21:13:03.943 [FXGL Background Thread 2 ] WARN  GameWorld            - Entity is already attached to world
21:13:03.944 [FXGL Background Thread 2 ] WARN  GameWorld            - Entity is already attached to world
21:13:03.944 [FXGL Background Thread 2 ] WARN  GameWorld            - Entity is already attached to world
21:13:03.945 [FXGL Background Thread 2 ] WARN  GameWorld            - Entity is already attached to world
21:13:03.945 [FXGL Background Thread 2 ] WARN  GameWorld            - Entity is already attached to world
21:13:03.945 [FXGL Background Thread 2 ] WARN  GameWorld            - Entity is already attached to world
21:13:03.946 [FXGL Background Thread 2 ] WARN  GameWorld            - Entity is already attached to world
21:13:03.946 [FXGL Background Thread 2 ] WARN  GameWorld            - Entity is already attached to world
21:13:03.947 [FXGL Background Thread 2 ] WARN  GameWorld            - Entity is already attached to world
21:13:03.947 [FXGL Background Thread 2 ] WARN  GameWorld            - Entity is already attached to world
21:13:03.948 [FXGL Background Thread 2 ] WARN  GameWorld            - Entity is already attached to world
21:13:03.948 [FXGL Background Thread 2 ] WARN  GameWorld            - Entity is already attached to world
21:13:03.949 [FXGL Background Thread 2 ] WARN  GameWorld            - Entity is already attached to world
21:13:03.949 [FXGL Background Thread 2 ] WARN  GameWorld            - Entity is already attached to world
21:13:03.950 [FXGL Background Thread 2 ] WARN  GameWorld            - Entity is already attached to world
21:13:03.951 [FXGL Background Thread 2 ] DEBUG FXGLAssetLoaderServi - Loading from file system: file:/C:/Users/matip/Desktop/JavaProjects/brick-breaker/target/classes/assets/textures/ball.png
21:13:03.952 [FXGL Background Thread 2 ] WARN  GameWorld            - Entity is already attached to world
21:13:03.953 [FXGL Background Thread 2 ] INFO  FXGLApplication      - Game initialization took: 0.044 sec
21:13:03.964 [JavaFX Application Thread] DEBUG Input                - Clearing active input actions
21:13:03.968 [JavaFX Application Thread] DEBUG GameApplicationServi - Removing overlay from FXGLLoadingScene and adding to GameScene
21:13:03.969 [JavaFX Application Thread] DEBUG PrimaryStageWindow   - FXGLLoadingScene -> GameScene
21:13:04.876 [JavaFX Application Thread] DEBUG FXGLAssetLoaderServi - Loading from file system: file:/C:/Users/matip/Desktop/JavaProjects/brick-breaker/target/classes/assets/textures/brick_damaged.png
21:13:05.865 [FXGL Background Thread 3 ] DEBUG Engine               - Logging environment variables
21:13:05.865 [FXGL Background Thread 3 ] DEBUG Engine               - achievements: []
21:13:05.865 [FXGL Background Thread 3 ] DEBUG Engine               - actualHeight: 600.0
21:13:05.865 [FXGL Background Thread 3 ] DEBUG Engine               - actualHeightProperty: ReadOnlyDoubleProperty [value: 600.0]
21:13:05.865 [FXGL Background Thread 3 ] DEBUG Engine               - actualWidth: 600.0
21:13:05.865 [FXGL Background Thread 3 ] DEBUG Engine               - actualWidthProperty: ReadOnlyDoubleProperty [value: 600.0]
21:13:05.865 [FXGL Background Thread 3 ] DEBUG Engine               - appIcon: fxgl_icon.png
21:13:05.865 [FXGL Background Thread 3 ] DEBUG Engine               - applicationMode: DEVELOPER
21:13:05.865 [FXGL Background Thread 3 ] DEBUG Engine               - cSSList: [fxgl_dark.css]
21:13:05.865 [FXGL Background Thread 3 ] DEBUG Engine               - collisionDetectionStrategy: BRUTE_FORCE
21:13:05.865 [FXGL Background Thread 3 ] DEBUG Engine               - configClass: Optional.empty
21:13:05.865 [FXGL Background Thread 3 ] DEBUG Engine               - credits: []
21:13:05.866 [FXGL Background Thread 3 ] DEBUG Engine               - defaultCursor: CursorInfo(imageName=fxgl_default_cursor.png, hotspotX=7.0, hotspotY=6.0)
21:13:05.866 [FXGL Background Thread 3 ] DEBUG Engine               - devBBoxColorProperty: ObjectProperty [value: 0xff0000ff]
21:13:05.866 [FXGL Background Thread 3 ] DEBUG Engine               - devEnableDebugCameraProperty: BooleanProperty [value: false]
21:13:05.866 [FXGL Background Thread 3 ] DEBUG Engine               - devSensorColorProperty: ObjectProperty [value: 0xffff00ff]
21:13:05.866 [FXGL Background Thread 3 ] DEBUG Engine               - devShowBBoxProperty: BooleanProperty [value: false]
21:13:05.866 [FXGL Background Thread 3 ] DEBUG Engine               - devShowPositionProperty: BooleanProperty [value: false]
21:13:05.866 [FXGL Background Thread 3 ] DEBUG Engine               - enabledMenuItems: []
21:13:05.866 [FXGL Background Thread 3 ] DEBUG Engine               - engineServices: [class com.almasb.fxgl.app.services.FXGLAssetLoaderService, class com.almasb.fxgl.app.FXGLApplication$GameApplicationService, class com.almasb.fxgl.app.services.FXGLDialogService, class com.almasb.fxgl.app.services.IOTaskExecutorService, class com.almasb.fxgl.io.FileSystemService, class com.almasb.fxgl.localization.LocalizationService, class com.almasb.fxgl.app.services.SystemBundleService, class com.almasb.fxgl.profile.SaveLoadService, class com.almasb.fxgl.ui.FXGLUIFactoryServiceProvider, class com.almasb.fxgl.ui.FXGLDialogFactoryServiceProvider, class com.almasb.fxgl.audio.AudioPlayer, class com.almasb.fxgl.notification.impl.NotificationServiceProvider, class com.almasb.fxgl.achievement.AchievementService, class com.almasb.fxgl.cutscene.CutsceneService, class com.almasb.fxgl.minigames.MiniGameService, class com.almasb.fxgl.net.NetService, class com.almasb.fxgl.app.services.UpdaterService, class com.almasb.fxgl.dev.DevService]
21:13:05.866 [FXGL Background Thread 3 ] DEBUG Engine               - fontGame: Abel-Regular.ttf
21:13:05.866 [FXGL Background Thread 3 ] DEBUG Engine               - fontMono: TerminalLandMono-Regular.otf
21:13:05.866 [FXGL Background Thread 3 ] DEBUG Engine               - fontText: Courier-Prime.ttf
21:13:05.866 [FXGL Background Thread 3 ] DEBUG Engine               - fontUI: VarelaRound-Regular.ttf
21:13:05.866 [FXGL Background Thread 3 ] DEBUG Engine               - fullScreen: BooleanProperty [value: false]
21:13:05.866 [FXGL Background Thread 3 ] DEBUG Engine               - gameDifficulty: MEDIUM
21:13:05.866 [FXGL Background Thread 3 ] DEBUG Engine               - gameDifficultyProperty: ObjectProperty [value: MEDIUM]
21:13:05.866 [FXGL Background Thread 3 ] DEBUG Engine               - globalMusicVolume: 0.5
21:13:05.866 [FXGL Background Thread 3 ] DEBUG Engine               - globalMusicVolumeProperty: DoubleProperty [value: 0.5]
21:13:05.866 [FXGL Background Thread 3 ] DEBUG Engine               - globalSoundVolume: 0.5
21:13:05.866 [FXGL Background Thread 3 ] DEBUG Engine               - globalSoundVolumeProperty: DoubleProperty [value: 0.5]
21:13:05.866 [FXGL Background Thread 3 ] DEBUG Engine               - height: 600
21:13:05.866 [FXGL Background Thread 3 ] DEBUG Engine               - is3D: false
21:13:05.866 [FXGL Background Thread 3 ] DEBUG Engine               - isAndroid: false
21:13:05.866 [FXGL Background Thread 3 ] DEBUG Engine               - isBrowser: false
21:13:05.867 [FXGL Background Thread 3 ] DEBUG Engine               - isClickFeedbackEnabled: false
21:13:05.867 [FXGL Background Thread 3 ] DEBUG Engine               - isCloseConfirmation: false
21:13:05.867 [FXGL Background Thread 3 ] DEBUG Engine               - isDesktop: true
21:13:05.867 [FXGL Background Thread 3 ] DEBUG Engine               - isDeveloperMenuEnabled: false
21:13:05.867 [FXGL Background Thread 3 ] DEBUG Engine               - isEmbedded: false
21:13:05.867 [FXGL Background Thread 3 ] DEBUG Engine               - isEntityPreloadEnabled: true
21:13:05.867 [FXGL Background Thread 3 ] DEBUG Engine               - isExperimentalTiledLargeMap: false
21:13:05.867 [FXGL Background Thread 3 ] DEBUG Engine               - isFileSystemWriteAllowed: true
21:13:05.867 [FXGL Background Thread 3 ] DEBUG Engine               - isFullScreenAllowed: false
21:13:05.867 [FXGL Background Thread 3 ] DEBUG Engine               - isFullScreenFromStart: false
21:13:05.867 [FXGL Background Thread 3 ] DEBUG Engine               - isGameMenuEnabled: true
21:13:05.867 [FXGL Background Thread 3 ] DEBUG Engine               - isIOS: false
21:13:05.867 [FXGL Background Thread 3 ] DEBUG Engine               - isIntroEnabled: false
21:13:05.867 [FXGL Background Thread 3 ] DEBUG Engine               - isLinux: false
21:13:05.867 [FXGL Background Thread 3 ] DEBUG Engine               - isMac: false
21:13:05.867 [FXGL Background Thread 3 ] DEBUG Engine               - isMainMenuEnabled: true
21:13:05.867 [FXGL Background Thread 3 ] DEBUG Engine               - isManualResizeEnabled: false
21:13:05.867 [FXGL Background Thread 3 ] DEBUG Engine               - isMobile: false
21:13:05.867 [FXGL Background Thread 3 ] DEBUG Engine               - isNative: false
21:13:05.867 [FXGL Background Thread 3 ] DEBUG Engine               - isPauseMusicWhenMinimized: true
21:13:05.867 [FXGL Background Thread 3 ] DEBUG Engine               - isPreserveResizeRatio: false
21:13:05.867 [FXGL Background Thread 3 ] DEBUG Engine               - isProfilingEnabled: false
21:13:05.867 [FXGL Background Thread 3 ] DEBUG Engine               - isScaleAffectedOnResize: true
21:13:05.867 [FXGL Background Thread 3 ] DEBUG Engine               - isSingleStep: false
21:13:05.867 [FXGL Background Thread 3 ] DEBUG Engine               - isUserProfileEnabled: false
21:13:05.867 [FXGL Background Thread 3 ] DEBUG Engine               - isWindows: true
21:13:05.867 [FXGL Background Thread 3 ] DEBUG Engine               - language: ObjectProperty [value: ENGLISH]
21:13:05.867 [FXGL Background Thread 3 ] DEBUG Engine               - menuKey: ESCAPE
21:13:05.868 [FXGL Background Thread 3 ] DEBUG Engine               - mouseSensitivity: 0.2
21:13:05.868 [FXGL Background Thread 3 ] DEBUG Engine               - notificationViewClass: class com.almasb.fxgl.notification.view.XboxNotificationView
21:13:05.868 [FXGL Background Thread 3 ] DEBUG Engine               - pixelsPerMeter: 50.0
21:13:05.868 [FXGL Background Thread 3 ] DEBUG Engine               - platform: WINDOWS
21:13:05.868 [FXGL Background Thread 3 ] DEBUG Engine               - prefHeightProperty: ReadOnlyDoubleProperty [value: 600.0]
21:13:05.868 [FXGL Background Thread 3 ] DEBUG Engine               - prefWidthProperty: ReadOnlyDoubleProperty [value: 600.0]
21:13:05.868 [FXGL Background Thread 3 ] DEBUG Engine               - profileDir: profiles/
21:13:05.868 [FXGL Background Thread 3 ] DEBUG Engine               - profileName: StringProperty [value: DEFAULT]
21:13:05.868 [FXGL Background Thread 3 ] DEBUG Engine               - randomSeed: -1
21:13:05.868 [FXGL Background Thread 3 ] DEBUG Engine               - runtimeInfo: RuntimeInfo(platform=WINDOWS, version=17.2, build=20.08.2022 16.50)
21:13:05.868 [FXGL Background Thread 3 ] DEBUG Engine               - saveFileExt: sav
21:13:05.868 [FXGL Background Thread 3 ] DEBUG Engine               - scaledHeightProp$fxgl: DoubleProperty [bound, value: 600.0]
21:13:05.868 [FXGL Background Thread 3 ] DEBUG Engine               - scaledWidthProp$fxgl: DoubleProperty [bound, value: 600.0]
21:13:05.868 [FXGL Background Thread 3 ] DEBUG Engine               - sceneFactory: com.example.brickbreaker.menu.CustomSceneFactory@3b54d70a
21:13:05.868 [FXGL Background Thread 3 ] DEBUG Engine               - secondsIn24h: 60
21:13:05.868 [FXGL Background Thread 3 ] DEBUG Engine               - soundMenuBack: menu/back.wav
21:13:05.868 [FXGL Background Thread 3 ] DEBUG Engine               - soundMenuPress: menu/press.wav
21:13:05.868 [FXGL Background Thread 3 ] DEBUG Engine               - soundMenuSelect: menu/select.wav
21:13:05.868 [FXGL Background Thread 3 ] DEBUG Engine               - soundNotification: core/notification.wav
21:13:05.868 [FXGL Background Thread 3 ] DEBUG Engine               - stageStyle: DECORATED
21:13:05.868 [FXGL Background Thread 3 ] DEBUG Engine               - supportedLanguages: [ENGLISH, FRENCH, GERMAN, HUNGARIAN, RUSSIAN]
21:13:05.869 [FXGL Background Thread 3 ] DEBUG Engine               - ticksPerSecond: -1
21:13:05.869 [FXGL Background Thread 3 ] DEBUG Engine               - title: Brick Breaker
21:13:05.869 [FXGL Background Thread 3 ] DEBUG Engine               - urlGithub: https://github.com/AlmasB/FXGL
21:13:05.869 [FXGL Background Thread 3 ] DEBUG Engine               - urlLeaderboard: http://fxgl-top.herokuapp.com/
21:13:05.869 [FXGL Background Thread 3 ] DEBUG Engine               - urlPOM: https://raw.githubusercontent.com/AlmasB/FXGL/release/README.md
21:13:05.869 [FXGL Background Thread 3 ] DEBUG Engine               - userAppClass: class com.example.brickbreaker.BrickBreakerApp
21:13:05.869 [FXGL Background Thread 3 ] DEBUG Engine               - version: 0.0
21:13:05.869 [FXGL Background Thread 3 ] DEBUG Engine               - versionCheckDays: 7
21:13:05.869 [FXGL Background Thread 3 ] DEBUG Engine               - width: 600
21:13:05.869 [FXGL Background Thread 3 ] DEBUG Engine               - Logging services
21:13:05.869 [FXGL Background Thread 3 ] DEBUG Engine               - class com.almasb.fxgl.app.services.FXGLAssetLoaderService
21:13:05.869 [FXGL Background Thread 3 ] DEBUG Engine               - class com.almasb.fxgl.app.FXGLApplication$GameApplicationService
21:13:05.869 [FXGL Background Thread 3 ] DEBUG Engine               - class com.almasb.fxgl.app.services.FXGLDialogService
21:13:05.869 [FXGL Background Thread 3 ] DEBUG Engine               - class com.almasb.fxgl.app.services.IOTaskExecutorService
21:13:05.869 [FXGL Background Thread 3 ] DEBUG Engine               - class com.almasb.fxgl.io.FileSystemService
21:13:05.869 [FXGL Background Thread 3 ] DEBUG Engine               - class com.almasb.fxgl.localization.LocalizationService
21:13:05.869 [FXGL Background Thread 3 ] DEBUG Engine               - class com.almasb.fxgl.app.services.SystemBundleService
21:13:05.869 [FXGL Background Thread 3 ] DEBUG Engine               - class com.almasb.fxgl.profile.SaveLoadService
21:13:05.869 [FXGL Background Thread 3 ] DEBUG Engine               - class com.almasb.fxgl.ui.FXGLUIFactoryServiceProvider
21:13:05.874 [FXGL Background Thread 3 ] DEBUG Engine               - class com.almasb.fxgl.ui.FXGLDialogFactoryServiceProvider
21:13:05.874 [FXGL Background Thread 3 ] DEBUG Engine               - class com.almasb.fxgl.audio.AudioPlayer
21:13:05.874 [FXGL Background Thread 3 ] DEBUG Engine               - class com.almasb.fxgl.notification.impl.NotificationServiceProvider
21:13:05.874 [FXGL Background Thread 3 ] DEBUG Engine               - class com.almasb.fxgl.achievement.AchievementService
21:13:05.874 [FXGL Background Thread 3 ] DEBUG Engine               - class com.almasb.fxgl.cutscene.CutsceneService
21:13:05.874 [FXGL Background Thread 3 ] DEBUG Engine               - class com.almasb.fxgl.minigames.MiniGameService
21:13:05.874 [FXGL Background Thread 3 ] DEBUG Engine               - class com.almasb.fxgl.net.NetService
21:13:05.874 [FXGL Background Thread 3 ] DEBUG Engine               - class com.almasb.fxgl.app.services.UpdaterService
21:13:05.874 [FXGL Background Thread 3 ] DEBUG Engine               - class com.almasb.fxgl.dev.DevService
21:13:07.340 [JavaFX Application Thread] DEBUG FXGLAssetLoaderServi - Loading from file system: file:/C:/Users/matip/Desktop/JavaProjects/brick-breaker/target/classes/assets/textures/game-over.png
21:13:07.347 [JavaFX Application Thread] DEBUG PrimaryStageWindow   - Push state: GameOverScene
21:13:07.347 [JavaFX Application Thread] DEBUG Input                - Clearing active input actions
21:13:07.348 [JavaFX Application Thread] DEBUG GameApplicationServi - Removing overlay from GameScene and adding to GameOverScene
21:13:07.348 [JavaFX Application Thread] DEBUG PrimaryStageWindow   - GameScene -> GameOverScene
21:13:08.524 [JavaFX Application Thread] DEBUG GameApplicationServi - Starting new game
21:13:08.524 [JavaFX Application Thread] DEBUG PrimaryStageWindow   - Pop state: GameOverScene
21:13:08.524 [JavaFX Application Thread] DEBUG Input                - Clearing active input actions
21:13:08.524 [JavaFX Application Thread] DEBUG GameApplicationServi - Removing overlay from GameOverScene and adding to GameScene
21:13:08.524 [JavaFX Application Thread] DEBUG PrimaryStageWindow   - GameScene <- GameOverScene
21:13:08.524 [JavaFX Application Thread] DEBUG Input                - Clearing active input actions
21:13:08.527 [JavaFX Application Thread] DEBUG GameApplicationServi - Removing overlay from GameScene and adding to FXGLLoadingScene
21:13:08.528 [JavaFX Application Thread] DEBUG PrimaryStageWindow   - GameScene -> FXGLLoadingScene
21:13:08.528 [JavaFX Application Thread] DEBUG GameApplicationServi - Clearing previous game
21:13:08.528 [JavaFX Application Thread] DEBUG GameScene            - Clearing game scene
21:13:08.528 [JavaFX Application Thread] DEBUG GameWorld            - Clearing game world
21:13:08.532 [JavaFX Application Thread] DEBUG PhysicsWorld         - Clearing physics world
21:13:08.532 [FXGL Background Thread 2 ] DEBUG FXGLApplication      - Initializing game
21:13:08.532 [FXGL Background Thread 2 ] WARN  GameWorld            - Entity is already attached to world
21:13:08.533 [FXGL Background Thread 2 ] WARN  GameWorld            - Entity is already attached to world
21:13:08.533 [FXGL Background Thread 2 ] WARN  GameWorld            - Entity is already attached to world
21:13:08.534 [FXGL Background Thread 2 ] WARN  GameWorld            - Entity is already attached to world
21:13:08.534 [FXGL Background Thread 2 ] WARN  GameWorld            - Entity is already attached to world
21:13:08.536 [FXGL Background Thread 2 ] WARN  GameWorld            - Entity is already attached to world
21:13:08.536 [FXGL Background Thread 2 ] WARN  GameWorld            - Entity is already attached to world
21:13:08.536 [FXGL Background Thread 2 ] WARN  GameWorld            - Entity is already attached to world
21:13:08.536 [FXGL Background Thread 2 ] WARN  GameWorld            - Entity is already attached to world
21:13:08.537 [FXGL Background Thread 2 ] WARN  GameWorld            - Entity is already attached to world
21:13:08.537 [FXGL Background Thread 2 ] WARN  GameWorld            - Entity is already attached to world
21:13:08.537 [FXGL Background Thread 2 ] WARN  GameWorld            - Entity is already attached to world
21:13:08.538 [FXGL Background Thread 2 ] WARN  GameWorld            - Entity is already attached to world
21:13:08.538 [FXGL Background Thread 2 ] WARN  GameWorld            - Entity is already attached to world
21:13:08.538 [FXGL Background Thread 2 ] WARN  GameWorld            - Entity is already attached to world
21:13:08.539 [FXGL Background Thread 2 ] WARN  GameWorld            - Entity is already attached to world
21:13:08.539 [FXGL Background Thread 2 ] WARN  GameWorld            - Entity is already attached to world
21:13:08.539 [FXGL Background Thread 2 ] WARN  GameWorld            - Entity is already attached to world
21:13:08.540 [FXGL Background Thread 2 ] WARN  GameWorld            - Entity is already attached to world
21:13:08.540 [FXGL Background Thread 2 ] WARN  GameWorld            - Entity is already attached to world
21:13:08.540 [FXGL Background Thread 2 ] WARN  GameWorld            - Entity is already attached to world
21:13:08.541 [FXGL Background Thread 2 ] WARN  GameWorld            - Entity is already attached to world
21:13:08.541 [FXGL Background Thread 2 ] WARN  GameWorld            - Entity is already attached to world
21:13:08.541 [FXGL Background Thread 2 ] WARN  GameWorld            - Entity is already attached to world
21:13:08.542 [FXGL Background Thread 2 ] WARN  GameWorld            - Entity is already attached to world
21:13:08.542 [FXGL Background Thread 2 ] WARN  GameWorld            - Entity is already attached to world
21:13:08.542 [FXGL Background Thread 2 ] WARN  GameWorld            - Entity is already attached to world
21:13:08.542 [FXGL Background Thread 2 ] WARN  GameWorld            - Entity is already attached to world
21:13:08.543 [FXGL Background Thread 2 ] WARN  GameWorld            - Entity is already attached to world
21:13:08.543 [FXGL Background Thread 2 ] WARN  GameWorld            - Entity is already attached to world
21:13:08.543 [FXGL Background Thread 2 ] WARN  GameWorld            - Entity is already attached to world
21:13:08.544 [FXGL Background Thread 2 ] WARN  GameWorld            - Entity is already attached to world
21:13:08.544 [FXGL Background Thread 2 ] WARN  GameWorld            - Entity is already attached to world
21:13:08.544 [FXGL Background Thread 2 ] WARN  GameWorld            - Entity is already attached to world
21:13:08.545 [FXGL Background Thread 2 ] WARN  GameWorld            - Entity is already attached to world
21:13:08.545 [FXGL Background Thread 2 ] WARN  GameWorld            - Entity is already attached to world
21:13:08.545 [FXGL Background Thread 2 ] WARN  GameWorld            - Entity is already attached to world
21:13:08.546 [FXGL Background Thread 2 ] WARN  GameWorld            - Entity is already attached to world
21:13:08.546 [FXGL Background Thread 2 ] WARN  GameWorld            - Entity is already attached to world
21:13:08.546 [FXGL Background Thread 2 ] WARN  GameWorld            - Entity is already attached to world
21:13:08.546 [FXGL Background Thread 2 ] WARN  GameWorld            - Entity is already attached to world
21:13:08.547 [FXGL Background Thread 2 ] WARN  GameWorld            - Entity is already attached to world
21:13:08.547 [FXGL Background Thread 2 ] WARN  GameWorld            - Entity is already attached to world
21:13:08.547 [FXGL Background Thread 2 ] WARN  GameWorld            - Entity is already attached to world
21:13:08.548 [FXGL Background Thread 2 ] WARN  GameWorld            - Entity is already attached to world
21:13:08.548 [FXGL Background Thread 2 ] WARN  GameWorld            - Entity is already attached to world
21:13:08.548 [FXGL Background Thread 2 ] WARN  GameWorld            - Entity is already attached to world
21:13:08.549 [FXGL Background Thread 2 ] WARN  GameWorld            - Entity is already attached to world
21:13:08.549 [FXGL Background Thread 2 ] WARN  GameWorld            - Entity is already attached to world
21:13:08.549 [FXGL Background Thread 2 ] WARN  GameWorld            - Entity is already attached to world
21:13:08.550 [FXGL Background Thread 2 ] WARN  GameWorld            - Entity is already attached to world
21:13:08.550 [FXGL Background Thread 2 ] WARN  GameWorld            - Entity is already attached to world
21:13:08.550 [FXGL Background Thread 2 ] WARN  GameWorld            - Entity is already attached to world
21:13:08.551 [FXGL Background Thread 2 ] WARN  GameWorld            - Entity is already attached to world
21:13:08.551 [FXGL Background Thread 2 ] WARN  GameWorld            - Entity is already attached to world
21:13:08.551 [FXGL Background Thread 2 ] WARN  GameWorld            - Entity is already attached to world
21:13:08.552 [FXGL Background Thread 2 ] WARN  GameWorld            - Entity is already attached to world
21:13:08.552 [FXGL Background Thread 2 ] WARN  GameWorld            - Entity is already attached to world
21:13:08.552 [FXGL Background Thread 2 ] WARN  GameWorld            - Entity is already attached to world
21:13:08.552 [FXGL Background Thread 2 ] INFO  FXGLApplication      - Game initialization took: 0.020 sec
21:13:08.552 [JavaFX Application Thread] DEBUG Input                - Clearing active input actions
21:13:08.555 [JavaFX Application Thread] DEBUG GameApplicationServi - Removing overlay from FXGLLoadingScene and adding to GameScene
21:13:08.555 [JavaFX Application Thread] DEBUG PrimaryStageWindow   - FXGLLoadingScene -> GameScene
21:13:11.948 [JavaFX Application Thread] DEBUG PrimaryStageWindow   - Push state: GameOverScene
21:13:11.948 [JavaFX Application Thread] DEBUG Input                - Clearing active input actions
21:13:11.948 [JavaFX Application Thread] DEBUG GameApplicationServi - Removing overlay from GameScene and adding to GameOverScene
21:13:11.948 [JavaFX Application Thread] DEBUG PrimaryStageWindow   - GameScene -> GameOverScene
21:13:12.514 [JavaFX Application Thread] DEBUG GameApplicationServi - Starting new game
21:13:12.514 [JavaFX Application Thread] DEBUG PrimaryStageWindow   - Pop state: GameOverScene
21:13:12.514 [JavaFX Application Thread] DEBUG Input                - Clearing active input actions
21:13:12.514 [JavaFX Application Thread] DEBUG GameApplicationServi - Removing overlay from GameOverScene and adding to GameScene
21:13:12.514 [JavaFX Application Thread] DEBUG PrimaryStageWindow   - GameScene <- GameOverScene
21:13:12.514 [JavaFX Application Thread] DEBUG Input                - Clearing active input actions
21:13:12.517 [JavaFX Application Thread] DEBUG GameApplicationServi - Removing overlay from GameScene and adding to FXGLLoadingScene
21:13:12.517 [JavaFX Application Thread] DEBUG PrimaryStageWindow   - GameScene -> FXGLLoadingScene
21:13:12.517 [JavaFX Application Thread] DEBUG GameApplicationServi - Clearing previous game
21:13:12.517 [JavaFX Application Thread] DEBUG GameScene            - Clearing game scene
21:13:12.517 [JavaFX Application Thread] DEBUG GameWorld            - Clearing game world
21:13:12.519 [JavaFX Application Thread] DEBUG PhysicsWorld         - Clearing physics world
21:13:12.519 [FXGL Background Thread 2 ] DEBUG FXGLApplication      - Initializing game
21:13:12.520 [FXGL Background Thread 2 ] WARN  GameWorld            - Entity is already attached to world
21:13:12.520 [FXGL Background Thread 2 ] WARN  GameWorld            - Entity is already attached to world
21:13:12.521 [FXGL Background Thread 2 ] WARN  GameWorld            - Entity is already attached to world
21:13:12.521 [FXGL Background Thread 2 ] WARN  GameWorld            - Entity is already attached to world
21:13:12.521 [FXGL Background Thread 2 ] WARN  GameWorld            - Entity is already attached to world
21:13:12.521 [FXGL Background Thread 2 ] WARN  GameWorld            - Entity is already attached to world
21:13:12.522 [FXGL Background Thread 2 ] WARN  GameWorld            - Entity is already attached to world
21:13:12.522 [FXGL Background Thread 2 ] WARN  GameWorld            - Entity is already attached to world
21:13:12.522 [FXGL Background Thread 2 ] WARN  GameWorld            - Entity is already attached to world
21:13:12.523 [FXGL Background Thread 2 ] WARN  GameWorld            - Entity is already attached to world
21:13:12.523 [FXGL Background Thread 2 ] WARN  GameWorld            - Entity is already attached to world
21:13:12.523 [FXGL Background Thread 2 ] WARN  GameWorld            - Entity is already attached to world
21:13:12.524 [FXGL Background Thread 2 ] WARN  GameWorld            - Entity is already attached to world
21:13:12.524 [FXGL Background Thread 2 ] WARN  GameWorld            - Entity is already attached to world
21:13:12.524 [FXGL Background Thread 2 ] WARN  GameWorld            - Entity is already attached to world
21:13:12.525 [FXGL Background Thread 2 ] WARN  GameWorld            - Entity is already attached to world
21:13:12.525 [FXGL Background Thread 2 ] WARN  GameWorld            - Entity is already attached to world
21:13:12.526 [FXGL Background Thread 2 ] WARN  GameWorld            - Entity is already attached to world
21:13:12.526 [FXGL Background Thread 2 ] WARN  GameWorld            - Entity is already attached to world
21:13:12.526 [FXGL Background Thread 2 ] WARN  GameWorld            - Entity is already attached to world
21:13:12.527 [FXGL Background Thread 2 ] WARN  GameWorld            - Entity is already attached to world
21:13:12.527 [FXGL Background Thread 2 ] WARN  GameWorld            - Entity is already attached to world
21:13:12.528 [FXGL Background Thread 2 ] WARN  GameWorld            - Entity is already attached to world
21:13:12.528 [FXGL Background Thread 2 ] WARN  GameWorld            - Entity is already attached to world
21:13:12.528 [FXGL Background Thread 2 ] WARN  GameWorld            - Entity is already attached to world
21:13:12.528 [FXGL Background Thread 2 ] WARN  GameWorld            - Entity is already attached to world
21:13:12.529 [FXGL Background Thread 2 ] WARN  GameWorld            - Entity is already attached to world
21:13:12.529 [FXGL Background Thread 2 ] WARN  GameWorld            - Entity is already attached to world
21:13:12.529 [FXGL Background Thread 2 ] WARN  GameWorld            - Entity is already attached to world
21:13:12.530 [FXGL Background Thread 2 ] WARN  GameWorld            - Entity is already attached to world
21:13:12.530 [FXGL Background Thread 2 ] WARN  GameWorld            - Entity is already attached to world
21:13:12.530 [FXGL Background Thread 2 ] WARN  GameWorld            - Entity is already attached to world
21:13:12.531 [FXGL Background Thread 2 ] WARN  GameWorld            - Entity is already attached to world
21:13:12.531 [FXGL Background Thread 2 ] WARN  GameWorld            - Entity is already attached to world
21:13:12.531 [FXGL Background Thread 2 ] WARN  GameWorld            - Entity is already attached to world
21:13:12.531 [FXGL Background Thread 2 ] WARN  GameWorld            - Entity is already attached to world
21:13:12.532 [FXGL Background Thread 2 ] WARN  GameWorld            - Entity is already attached to world
21:13:12.532 [FXGL Background Thread 2 ] WARN  GameWorld            - Entity is already attached to world
21:13:12.532 [FXGL Background Thread 2 ] WARN  GameWorld            - Entity is already attached to world
21:13:12.533 [FXGL Background Thread 2 ] WARN  GameWorld            - Entity is already attached to world
21:13:12.533 [FXGL Background Thread 2 ] WARN  GameWorld            - Entity is already attached to world
21:13:12.534 [FXGL Background Thread 2 ] WARN  GameWorld            - Entity is already attached to world
21:13:12.534 [FXGL Background Thread 2 ] WARN  GameWorld            - Entity is already attached to world
21:13:12.534 [FXGL Background Thread 2 ] WARN  GameWorld            - Entity is already attached to world
21:13:12.534 [FXGL Background Thread 2 ] WARN  GameWorld            - Entity is already attached to world
21:13:12.535 [FXGL Background Thread 2 ] WARN  GameWorld            - Entity is already attached to world
21:13:12.535 [FXGL Background Thread 2 ] WARN  GameWorld            - Entity is already attached to world
21:13:12.535 [FXGL Background Thread 2 ] WARN  GameWorld            - Entity is already attached to world
21:13:12.536 [FXGL Background Thread 2 ] WARN  GameWorld            - Entity is already attached to world
21:13:12.536 [FXGL Background Thread 2 ] WARN  GameWorld            - Entity is already attached to world
21:13:12.536 [FXGL Background Thread 2 ] WARN  GameWorld            - Entity is already attached to world
21:13:12.536 [FXGL Background Thread 2 ] WARN  GameWorld            - Entity is already attached to world
21:13:12.537 [FXGL Background Thread 2 ] WARN  GameWorld            - Entity is already attached to world
21:13:12.537 [FXGL Background Thread 2 ] WARN  GameWorld            - Entity is already attached to world
21:13:12.537 [FXGL Background Thread 2 ] WARN  GameWorld            - Entity is already attached to world
21:13:12.538 [FXGL Background Thread 2 ] WARN  GameWorld            - Entity is already attached to world
21:13:12.538 [FXGL Background Thread 2 ] WARN  GameWorld            - Entity is already attached to world
21:13:12.538 [FXGL Background Thread 2 ] WARN  GameWorld            - Entity is already attached to world
21:13:12.538 [FXGL Background Thread 2 ] WARN  GameWorld            - Entity is already attached to world
21:13:12.539 [FXGL Background Thread 2 ] INFO  FXGLApplication      - Game initialization took: 0.019 sec
21:13:12.539 [JavaFX Application Thread] DEBUG Input                - Clearing active input actions
21:13:12.541 [JavaFX Application Thread] DEBUG GameApplicationServi - Removing overlay from FXGLLoadingScene and adding to GameScene
21:13:12.541 [JavaFX Application Thread] DEBUG PrimaryStageWindow   - FXGLLoadingScene -> GameScene
21:13:15.932 [JavaFX Application Thread] DEBUG PrimaryStageWindow   - Push state: GameOverScene
21:13:15.932 [JavaFX Application Thread] DEBUG Input                - Clearing active input actions
21:13:15.932 [JavaFX Application Thread] DEBUG GameApplicationServi - Removing overlay from GameScene and adding to GameOverScene
21:13:15.932 [JavaFX Application Thread] DEBUG PrimaryStageWindow   - GameScene -> GameOverScene
21:13:16.756 [JavaFX Application Thread] DEBUG GameApplicationServi - Starting new game
21:13:16.756 [JavaFX Application Thread] DEBUG PrimaryStageWindow   - Pop state: GameOverScene
21:13:16.756 [JavaFX Application Thread] DEBUG Input                - Clearing active input actions
21:13:16.756 [JavaFX Application Thread] DEBUG GameApplicationServi - Removing overlay from GameOverScene and adding to GameScene
21:13:16.757 [JavaFX Application Thread] DEBUG PrimaryStageWindow   - GameScene <- GameOverScene
21:13:16.757 [JavaFX Application Thread] DEBUG Input                - Clearing active input actions
21:13:16.758 [JavaFX Application Thread] DEBUG GameApplicationServi - Removing overlay from GameScene and adding to FXGLLoadingScene
21:13:16.758 [JavaFX Application Thread] DEBUG PrimaryStageWindow   - GameScene -> FXGLLoadingScene
21:13:16.758 [JavaFX Application Thread] DEBUG GameApplicationServi - Clearing previous game
21:13:16.758 [JavaFX Application Thread] DEBUG GameScene            - Clearing game scene
21:13:16.758 [JavaFX Application Thread] DEBUG GameWorld            - Clearing game world
21:13:16.760 [JavaFX Application Thread] DEBUG PhysicsWorld         - Clearing physics world
21:13:16.760 [FXGL Background Thread 2 ] DEBUG FXGLApplication      - Initializing game
21:13:16.761 [FXGL Background Thread 2 ] WARN  GameWorld            - Entity is already attached to world
21:13:16.761 [FXGL Background Thread 2 ] WARN  GameWorld            - Entity is already attached to world
21:13:16.761 [FXGL Background Thread 2 ] WARN  GameWorld            - Entity is already attached to world
21:13:16.762 [FXGL Background Thread 2 ] WARN  GameWorld            - Entity is already attached to world
21:13:16.762 [FXGL Background Thread 2 ] WARN  GameWorld            - Entity is already attached to world
21:13:16.762 [FXGL Background Thread 2 ] WARN  GameWorld            - Entity is already attached to world
21:13:16.762 [FXGL Background Thread 2 ] WARN  GameWorld            - Entity is already attached to world
21:13:16.763 [FXGL Background Thread 2 ] WARN  GameWorld            - Entity is already attached to world
21:13:16.763 [FXGL Background Thread 2 ] WARN  GameWorld            - Entity is already attached to world
21:13:16.763 [FXGL Background Thread 2 ] WARN  GameWorld            - Entity is already attached to world
21:13:16.763 [FXGL Background Thread 2 ] WARN  GameWorld            - Entity is already attached to world
21:13:16.763 [FXGL Background Thread 2 ] WARN  GameWorld            - Entity is already attached to world
21:13:16.764 [FXGL Background Thread 2 ] WARN  GameWorld            - Entity is already attached to world
21:13:16.764 [FXGL Background Thread 2 ] WARN  GameWorld            - Entity is already attached to world
21:13:16.764 [FXGL Background Thread 2 ] WARN  GameWorld            - Entity is already attached to world
21:13:16.765 [FXGL Background Thread 2 ] WARN  GameWorld            - Entity is already attached to world
21:13:16.765 [FXGL Background Thread 2 ] WARN  GameWorld            - Entity is already attached to world
21:13:16.766 [FXGL Background Thread 2 ] WARN  GameWorld            - Entity is already attached to world
21:13:16.766 [FXGL Background Thread 2 ] WARN  GameWorld            - Entity is already attached to world
21:13:16.766 [FXGL Background Thread 2 ] WARN  GameWorld            - Entity is already attached to world
21:13:16.766 [FXGL Background Thread 2 ] WARN  GameWorld            - Entity is already attached to world
21:13:16.767 [FXGL Background Thread 2 ] WARN  GameWorld            - Entity is already attached to world
21:13:16.767 [FXGL Background Thread 2 ] WARN  GameWorld            - Entity is already attached to world
21:13:16.767 [FXGL Background Thread 2 ] WARN  GameWorld            - Entity is already attached to world
21:13:16.767 [FXGL Background Thread 2 ] WARN  GameWorld            - Entity is already attached to world
21:13:16.768 [FXGL Background Thread 2 ] WARN  GameWorld            - Entity is already attached to world
21:13:16.768 [FXGL Background Thread 2 ] WARN  GameWorld            - Entity is already attached to world
21:13:16.768 [FXGL Background Thread 2 ] WARN  GameWorld            - Entity is already attached to world
21:13:16.768 [FXGL Background Thread 2 ] WARN  GameWorld            - Entity is already attached to world
21:13:16.768 [FXGL Background Thread 2 ] WARN  GameWorld            - Entity is already attached to world
21:13:16.769 [FXGL Background Thread 2 ] WARN  GameWorld            - Entity is already attached to world
21:13:16.769 [FXGL Background Thread 2 ] WARN  GameWorld            - Entity is already attached to world
21:13:16.769 [FXGL Background Thread 2 ] WARN  GameWorld            - Entity is already attached to world
21:13:16.769 [FXGL Background Thread 2 ] WARN  GameWorld            - Entity is already attached to world
21:13:16.770 [FXGL Background Thread 2 ] WARN  GameWorld            - Entity is already attached to world
21:13:16.770 [FXGL Background Thread 2 ] WARN  GameWorld            - Entity is already attached to world
21:13:16.770 [FXGL Background Thread 2 ] WARN  GameWorld            - Entity is already attached to world
21:13:16.770 [FXGL Background Thread 2 ] WARN  GameWorld            - Entity is already attached to world
21:13:16.771 [FXGL Background Thread 2 ] WARN  GameWorld            - Entity is already attached to world
21:13:16.771 [FXGL Background Thread 2 ] WARN  GameWorld            - Entity is already attached to world
21:13:16.771 [FXGL Background Thread 2 ] WARN  GameWorld            - Entity is already attached to world
21:13:16.771 [FXGL Background Thread 2 ] WARN  GameWorld            - Entity is already attached to world
21:13:16.772 [FXGL Background Thread 2 ] WARN  GameWorld            - Entity is already attached to world
21:13:16.772 [FXGL Background Thread 2 ] WARN  GameWorld            - Entity is already attached to world
21:13:16.772 [FXGL Background Thread 2 ] WARN  GameWorld            - Entity is already attached to world
21:13:16.772 [FXGL Background Thread 2 ] WARN  GameWorld            - Entity is already attached to world
21:13:16.773 [FXGL Background Thread 2 ] WARN  GameWorld            - Entity is already attached to world
21:13:16.773 [FXGL Background Thread 2 ] WARN  GameWorld            - Entity is already attached to world
21:13:16.773 [FXGL Background Thread 2 ] WARN  GameWorld            - Entity is already attached to world
21:13:16.773 [FXGL Background Thread 2 ] WARN  GameWorld            - Entity is already attached to world
21:13:16.774 [FXGL Background Thread 2 ] WARN  GameWorld            - Entity is already attached to world
21:13:16.774 [FXGL Background Thread 2 ] WARN  GameWorld            - Entity is already attached to world
21:13:16.774 [FXGL Background Thread 2 ] INFO  FXGLApplication      - Game initialization took: 0.014 sec
21:13:16.774 [JavaFX Application Thread] DEBUG Input                - Clearing active input actions
21:13:16.776 [JavaFX Application Thread] DEBUG GameApplicationServi - Removing overlay from FXGLLoadingScene and adding to GameScene
21:13:16.776 [JavaFX Application Thread] DEBUG PrimaryStageWindow   - FXGLLoadingScene -> GameScene
21:13:20.156 [JavaFX Application Thread] DEBUG PrimaryStageWindow   - Push state: GameOverScene
21:13:20.156 [JavaFX Application Thread] DEBUG Input                - Clearing active input actions
21:13:20.156 [JavaFX Application Thread] DEBUG GameApplicationServi - Removing overlay from GameScene and adding to GameOverScene
21:13:20.156 [JavaFX Application Thread] DEBUG PrimaryStageWindow   - GameScene -> GameOverScene
21:13:20.890 [JavaFX Application Thread] DEBUG GameApplicationServi - Starting new game
21:13:20.890 [JavaFX Application Thread] DEBUG PrimaryStageWindow   - Pop state: GameOverScene
21:13:20.890 [JavaFX Application Thread] DEBUG Input                - Clearing active input actions
21:13:20.890 [JavaFX Application Thread] DEBUG GameApplicationServi - Removing overlay from GameOverScene and adding to GameScene
21:13:20.890 [JavaFX Application Thread] DEBUG PrimaryStageWindow   - GameScene <- GameOverScene
21:13:20.890 [JavaFX Application Thread] DEBUG Input                - Clearing active input actions
21:13:20.891 [JavaFX Application Thread] DEBUG GameApplicationServi - Removing overlay from GameScene and adding to FXGLLoadingScene
21:13:20.892 [JavaFX Application Thread] DEBUG PrimaryStageWindow   - GameScene -> FXGLLoadingScene
21:13:20.892 [JavaFX Application Thread] DEBUG GameApplicationServi - Clearing previous game
21:13:20.892 [JavaFX Application Thread] DEBUG GameScene            - Clearing game scene
21:13:20.892 [JavaFX Application Thread] DEBUG GameWorld            - Clearing game world
21:13:20.893 [JavaFX Application Thread] DEBUG PhysicsWorld         - Clearing physics world
21:13:20.893 [FXGL Background Thread 2 ] DEBUG FXGLApplication      - Initializing game
21:13:20.893 [FXGL Background Thread 2 ] WARN  GameWorld            - Entity is already attached to world
21:13:20.894 [FXGL Background Thread 2 ] WARN  GameWorld            - Entity is already attached to world
21:13:20.894 [FXGL Background Thread 2 ] WARN  GameWorld            - Entity is already attached to world
21:13:20.895 [FXGL Background Thread 2 ] WARN  GameWorld            - Entity is already attached to world
21:13:20.895 [FXGL Background Thread 2 ] WARN  GameWorld            - Entity is already attached to world
21:13:20.895 [FXGL Background Thread 2 ] WARN  GameWorld            - Entity is already attached to world
21:13:20.895 [FXGL Background Thread 2 ] WARN  GameWorld            - Entity is already attached to world
21:13:20.896 [FXGL Background Thread 2 ] WARN  GameWorld            - Entity is already attached to world
21:13:20.896 [FXGL Background Thread 2 ] WARN  GameWorld            - Entity is already attached to world
21:13:20.896 [FXGL Background Thread 2 ] WARN  GameWorld            - Entity is already attached to world
21:13:20.896 [FXGL Background Thread 2 ] WARN  GameWorld            - Entity is already attached to world
21:13:20.897 [FXGL Background Thread 2 ] WARN  GameWorld            - Entity is already attached to world
21:13:20.897 [FXGL Background Thread 2 ] WARN  GameWorld            - Entity is already attached to world
21:13:20.897 [FXGL Background Thread 2 ] WARN  GameWorld            - Entity is already attached to world
21:13:20.897 [FXGL Background Thread 2 ] WARN  GameWorld            - Entity is already attached to world
21:13:20.897 [FXGL Background Thread 2 ] WARN  GameWorld            - Entity is already attached to world
21:13:20.898 [FXGL Background Thread 2 ] WARN  GameWorld            - Entity is already attached to world
21:13:20.898 [FXGL Background Thread 2 ] WARN  GameWorld            - Entity is already attached to world
21:13:20.898 [FXGL Background Thread 2 ] WARN  GameWorld            - Entity is already attached to world
21:13:20.898 [FXGL Background Thread 2 ] WARN  GameWorld            - Entity is already attached to world
21:13:20.899 [FXGL Background Thread 2 ] WARN  GameWorld            - Entity is already attached to world
21:13:20.899 [FXGL Background Thread 2 ] WARN  GameWorld            - Entity is already attached to world
21:13:20.899 [FXGL Background Thread 2 ] WARN  GameWorld            - Entity is already attached to world
21:13:20.899 [FXGL Background Thread 2 ] WARN  GameWorld            - Entity is already attached to world
21:13:20.900 [FXGL Background Thread 2 ] WARN  GameWorld            - Entity is already attached to world
21:13:20.900 [FXGL Background Thread 2 ] WARN  GameWorld            - Entity is already attached to world
21:13:20.900 [FXGL Background Thread 2 ] WARN  GameWorld            - Entity is already attached to world
21:13:20.900 [FXGL Background Thread 2 ] WARN  GameWorld            - Entity is already attached to world
21:13:20.901 [FXGL Background Thread 2 ] WARN  GameWorld            - Entity is already attached to world
21:13:20.901 [FXGL Background Thread 2 ] WARN  GameWorld            - Entity is already attached to world
21:13:20.901 [FXGL Background Thread 2 ] WARN  GameWorld            - Entity is already attached to world
21:13:20.901 [FXGL Background Thread 2 ] WARN  GameWorld            - Entity is already attached to world
21:13:20.901 [FXGL Background Thread 2 ] WARN  GameWorld            - Entity is already attached to world
21:13:20.902 [FXGL Background Thread 2 ] WARN  GameWorld            - Entity is already attached to world
21:13:20.902 [FXGL Background Thread 2 ] WARN  GameWorld            - Entity is already attached to world
21:13:20.904 [FXGL Background Thread 2 ] WARN  GameWorld            - Entity is already attached to world
21:13:20.904 [FXGL Background Thread 2 ] WARN  GameWorld            - Entity is already attached to world
21:13:20.904 [FXGL Background Thread 2 ] WARN  GameWorld            - Entity is already attached to world
21:13:20.904 [FXGL Background Thread 2 ] WARN  GameWorld            - Entity is already attached to world
21:13:20.904 [FXGL Background Thread 2 ] WARN  GameWorld            - Entity is already attached to world
21:13:20.905 [FXGL Background Thread 2 ] WARN  GameWorld            - Entity is already attached to world
21:13:20.905 [FXGL Background Thread 2 ] WARN  GameWorld            - Entity is already attached to world
21:13:20.905 [FXGL Background Thread 2 ] WARN  GameWorld            - Entity is already attached to world
21:13:20.905 [FXGL Background Thread 2 ] WARN  GameWorld            - Entity is already attached to world
21:13:20.906 [FXGL Background Thread 2 ] WARN  GameWorld            - Entity is already attached to world
21:13:20.906 [FXGL Background Thread 2 ] WARN  GameWorld            - Entity is already attached to world
21:13:20.906 [FXGL Background Thread 2 ] WARN  GameWorld            - Entity is already attached to world
21:13:20.906 [FXGL Background Thread 2 ] WARN  GameWorld            - Entity is already attached to world
21:13:20.907 [FXGL Background Thread 2 ] WARN  GameWorld            - Entity is already attached to world
21:13:20.907 [FXGL Background Thread 2 ] WARN  GameWorld            - Entity is already attached to world
21:13:20.907 [FXGL Background Thread 2 ] WARN  GameWorld            - Entity is already attached to world
21:13:20.907 [FXGL Background Thread 2 ] WARN  GameWorld            - Entity is already attached to world
21:13:20.907 [FXGL Background Thread 2 ] WARN  GameWorld            - Entity is already attached to world
21:13:20.908 [FXGL Background Thread 2 ] WARN  GameWorld            - Entity is already attached to world
21:13:20.908 [FXGL Background Thread 2 ] WARN  GameWorld            - Entity is already attached to world
21:13:20.908 [FXGL Background Thread 2 ] INFO  FXGLApplication      - Game initialization took: 0.015 sec
21:13:20.916 [JavaFX Application Thread] DEBUG Input                - Clearing active input actions
21:13:20.918 [JavaFX Application Thread] DEBUG GameApplicationServi - Removing overlay from FXGLLoadingScene and adding to GameScene
21:13:20.918 [JavaFX Application Thread] DEBUG PrimaryStageWindow   - FXGLLoadingScene -> GameScene
21:13:24.316 [JavaFX Application Thread] DEBUG PrimaryStageWindow   - Push state: GameOverScene
21:13:24.316 [JavaFX Application Thread] DEBUG Input                - Clearing active input actions
21:13:24.316 [JavaFX Application Thread] DEBUG GameApplicationServi - Removing overlay from GameScene and adding to GameOverScene
21:13:24.316 [JavaFX Application Thread] DEBUG PrimaryStageWindow   - GameScene -> GameOverScene
21:13:25.061 [JavaFX Application Thread] DEBUG FXGLApplication      - Exiting FXGL
21:13:25.061 [JavaFX Application Thread] DEBUG LoopRunner           - Stopping loop
21:13:25.061 [JavaFX Application Thread] DEBUG SystemBundleService  - Saving FXGL system data
21:13:25.062 [JavaFX Application Thread] DEBUG FileSystemAccess     - Writing to: C:\Users\matip\Desktop\JavaProjects\brick-breaker\system\fxgl.bundle
21:13:25.063 [JavaFX Application Thread] DEBUG Async                - Shutting down background threads
21:13:25.064 [JavaFX Application Thread] DEBUG PrimaryStageWindow   - Closing main window
21:13:25.071 [JavaFX Application Thread] DEBUG Logger               - Closing Logger
