17:22:08.059 [main                     ] DEBUG Logger               - Configured Logger
17:22:08.077 [main                     ] DEBUG GameApplication      - Logging settings
Title: Brick Breaker
Version: 0.0
Width: 600
Height: 600
Fullscreen: false
Intro: false
Profiling: false
Single step:false
App Mode: DEVELOPER
Menu Key: ESCAPE
Stage Style: DECORATED
Scene Factory: class com.example.brickbreaker.menu.CustomSceneFactory

17:22:08.338 [JavaFX Application Thread] DEBUG FXGLApplication      - Initializing FXGL
17:22:08.341 [JavaFX Application Thread] INFO  Engine               - FXGL-17.2 (20.08.2022 16.50) on WINDOWS (J:18.0.1.1 FX:18.0.2)
17:22:08.342 [JavaFX Application Thread] DEBUG Engine               - JRE Vendor Name: Oracle Corporation
17:22:08.342 [JavaFX Application Thread] DEBUG Engine               - Running on OS: Windows 10 version 10.0
17:22:08.342 [JavaFX Application Thread] DEBUG Engine               - Architecture: amd64
17:22:08.342 [JavaFX Application Thread] INFO  Engine               - Source code and latest versions at: https://github.com/AlmasB/FXGL
17:22:08.342 [JavaFX Application Thread] INFO  Engine               -       Ask questions and discuss at: https://github.com/AlmasB/FXGL/discussions
17:22:08.342 [JavaFX Application Thread] INFO  Engine               -              Join the FXGL chat at: https://gitter.im/AlmasB/FXGL
17:22:08.392 [JavaFX Application Thread] DEBUG PrimaryStageWindow   - Creating a JavaFX scene
17:22:08.419 [JavaFX Application Thread] DEBUG PrimaryStageWindow   - Target settings size: 600.0 x 600.0
17:22:08.419 [JavaFX Application Thread] DEBUG PrimaryStageWindow   - Scaled scene size:    600.0 x 600.0
17:22:08.419 [JavaFX Application Thread] DEBUG PrimaryStageWindow   - Scaled ratio: (1.0, 1.0)
17:22:08.420 [JavaFX Application Thread] DEBUG PrimaryStageWindow   - Set initial scene to FXGLStartupScene
17:22:08.424 [JavaFX Application Thread] DEBUG PrimaryStageWindow   - Opening main window
17:22:08.467 [JavaFX Application Thread] DEBUG PrimaryStageWindow   - Window border size: (16.0, 39.0)
17:22:08.467 [JavaFX Application Thread] DEBUG PrimaryStageWindow   - Scaled size: 600.0 x 600.0
17:22:08.467 [JavaFX Application Thread] DEBUG PrimaryStageWindow   - Scaled ratio: (1.0, 1.0)
17:22:08.467 [JavaFX Application Thread] DEBUG PrimaryStageWindow   - Scene size: 600.0 x 600.0
17:22:08.467 [JavaFX Application Thread] DEBUG PrimaryStageWindow   - Stage size: 616.0 x 639.0
17:22:08.472 [FXGL Background Thread 1 ] DEBUG Engine               - Initializing environment variables
17:22:08.501 [FXGL Background Thread 1 ] DEBUG FXGLAssetLoaderServi - User app class for loading assets: class com.example.brickbreaker.BrickBreakerApp
17:22:08.501 [FXGL Background Thread 1 ] DEBUG GameApplicationServi - Applying CSS: fxgl_dark.css
17:22:08.501 [FXGL Background Thread 1 ] DEBUG FXGLAssetLoaderServi - Loading from file system: jar:file:///C:/Users/matip/.m2/repository/com/github/almasb/fxgl/17.2/fxgl-17.2.jar!/fxglassets/ui/css/fxgl_dark.css
17:22:08.528 [FXGL Background Thread 1 ] DEBUG GameApplicationServi - Initializing application scenes
17:22:08.548 [FXGL Background Thread 1 ] DEBUG GameWorld            - Game world initialized
17:22:08.577 [FXGL Background Thread 1 ] DEBUG PhysicsWorld         - Physics world initialized: appHeight=600, physics.ppm=50.0
17:22:08.577 [FXGL Background Thread 1 ] DEBUG PhysicsWorld         - Using strategy: BRUTE_FORCE
17:22:08.579 [FXGL Background Thread 1 ] DEBUG GameScene            - Game scene initialized: 600x600
17:22:08.581 [FXGL Background Thread 1 ] DEBUG FXGLAssetLoaderServi - Loading from file system: file:/C:/Users/matip/Desktop/JavaProjects/brick-breaker/target/classes/assets/textures/brick-wall.png
17:22:08.613 [FXGL Background Thread 1 ] WARN  FXGL.DefaultMenu     - FXGLDefaultMenu is not designed for resolutions < 800x600
17:22:08.613 [FXGL Background Thread 1 ] DEBUG FXGL.DefaultMenu     - createMenuBodyGameMenu()
17:22:08.620 [FXGL Background Thread 1 ] DEBUG FXGL.DefaultMenu     - createOptionsMenu()
17:22:08.629 [FXGL Background Thread 1 ] DEBUG FXGLAssetLoaderServi - Loading from file system: jar:file:///C:/Users/matip/.m2/repository/com/github/almasb/fxgl/17.2/fxgl-17.2.jar!/fxglassets/textures/particles/smoke.png
17:22:08.670 [FXGL Background Thread 1 ] DEBUG FXGLAssetLoaderServi - Loading from file system: jar:file:///C:/Users/matip/.m2/repository/com/github/almasb/fxgl/17.2/fxgl-17.2.jar!/fxglassets/textures/particles/trace_horizontal.png
17:22:08.681 [FXGL Background Thread 1 ] DEBUG GameApplicationServi - Application scenes initialized
17:22:08.688 [FXGL Background Thread 1 ] DEBUG SystemBundleService  - Loading FXGL system data
17:22:08.690 [FXGL Background Thread 1 ] DEBUG FileSystemAccess     - Reading from: C:\Users\matip\Desktop\JavaProjects\brick-breaker\system\fxgl.bundle
17:22:08.696 [FXGL Background Thread 1 ] DEBUG SystemBundleService  - Bundle FXGL: {}
17:22:08.696 [FXGL Background Thread 1 ] DEBUG UpdaterService       - Checking for updates
17:22:08.698 [FXGL Background Thread 4 ] DEBUG FXGLApplication      - Loading fonts
17:22:08.698 [FXGL Background Thread 1 ] DEBUG FXGLApplication      - Loading default localization
17:22:08.699 [FXGL Background Thread 4 ] DEBUG FXGLAssetLoaderServi - Loading from file system: jar:file:///C:/Users/matip/.m2/repository/com/github/almasb/fxgl/17.2/fxgl-17.2.jar!/fxglassets/ui/fonts/VarelaRound-Regular.ttf
17:22:08.699 [FXGL Background Thread 1 ] DEBUG FXGLAssetLoaderServi - Loading from file system: jar:file:///C:/Users/matip/.m2/repository/com/github/almasb/fxgl/17.2/fxgl-17.2.jar!/fxglassets/languages/english.lang
17:22:08.708 [FXGL Background Thread 1 ] INFO  FXGLApplication      - FXGL initialization took: 0.236 sec
17:22:08.716 [JavaFX Application Thread] DEBUG Input                - Registered new binding: action0 - D
17:22:08.716 [JavaFX Application Thread] DEBUG Input                - Registered new binding: action1 - A
17:22:08.716 [JavaFX Application Thread] DEBUG FXGLAssetLoaderServi - Loading from file system: jar:file:///C:/Users/matip/.m2/repository/com/github/almasb/fxgl/17.2/fxgl-17.2.jar!/fxglassets/textures/fxgl_icon.png
17:22:08.722 [JavaFX Application Thread] DEBUG FXGLAssetLoaderServi - Loading from file system: jar:file:///C:/Users/matip/.m2/repository/com/github/almasb/fxgl/17.2/fxgl-17.2.jar!/fxglassets/textures/fxgl_default_cursor.png
17:22:08.723 [FXGL Background Thread 4 ] DEBUG FXGLAssetLoaderServi - Loading from file system: jar:file:///C:/Users/matip/.m2/repository/com/github/almasb/fxgl/17.2/fxgl-17.2.jar!/fxglassets/ui/fonts/Abel-Regular.ttf
17:22:08.723 [JavaFX Application Thread] DEBUG Input                - Registered new binding: Screenshot - CTRL+8
17:22:08.723 [JavaFX Application Thread] DEBUG Input                - Registered new binding: System info dump - CTRL+9
17:22:08.723 [JavaFX Application Thread] DEBUG Input                - Registered new binding: Restart - CTRL+R
17:22:08.724 [JavaFX Application Thread] DEBUG Input                - Registered new binding: Toggle Debug Camera - CTRL+7
17:22:08.725 [FXGL Background Thread 4 ] DEBUG FXGLAssetLoaderServi - Loading from file system: jar:file:///C:/Users/matip/.m2/repository/com/github/almasb/fxgl/17.2/fxgl-17.2.jar!/fxglassets/ui/fonts/TerminalLandMono-Regular.otf
17:22:08.725 [JavaFX Application Thread] DEBUG LoopRunner           - Starting loop
17:22:08.725 [JavaFX Application Thread] DEBUG LoopRunner           - Initializing JavaFX AnimationTimerLoop
17:22:08.727 [FXGL Background Thread 4 ] DEBUG FXGLAssetLoaderServi - Loading from file system: jar:file:///C:/Users/matip/.m2/repository/com/github/almasb/fxgl/17.2/fxgl-17.2.jar!/fxglassets/ui/fonts/Courier-Prime.ttf
17:22:08.727 [JavaFX Application Thread] DEBUG Input                - Clearing active input actions
17:22:08.732 [JavaFX Application Thread] DEBUG GameApplicationServi - Removing overlay from FXGLStartupScene and adding to FXGLMainMenuDummyScene
17:22:08.732 [JavaFX Application Thread] DEBUG PrimaryStageWindow   - FXGLStartupScene -> FXGLMainMenuDummyScene
17:22:08.732 [JavaFX Application Thread] DEBUG PrimaryStageWindow   - Push state: MainMenu
17:22:08.732 [JavaFX Application Thread] DEBUG Input                - Clearing active input actions
17:22:08.732 [JavaFX Application Thread] DEBUG GameApplicationServi - Removing overlay from FXGLMainMenuDummyScene and adding to MainMenu
17:22:08.733 [JavaFX Application Thread] DEBUG PrimaryStageWindow   - FXGLMainMenuDummyScene -> MainMenu
17:22:08.734 [JavaFX Application Thread] DEBUG FXGLApplication      - Registering font factories with UI factory
17:22:08.977 [FXGL Background Thread 2 ] INFO  UpdaterService       - Your current version:  17.2
17:22:08.978 [FXGL Background Thread 2 ] INFO  UpdaterService       - Latest stable version: 17.3
17:22:09.161 [JavaFX Application Thread] DEBUG Menu                 - fireNewGame()
17:22:09.161 [JavaFX Application Thread] DEBUG GameApplicationServi - Starting new game
17:22:09.161 [JavaFX Application Thread] DEBUG PrimaryStageWindow   - Pop state: MainMenu
17:22:09.161 [JavaFX Application Thread] DEBUG Input                - Clearing active input actions
17:22:09.161 [JavaFX Application Thread] DEBUG GameApplicationServi - Removing overlay from MainMenu and adding to FXGLMainMenuDummyScene
17:22:09.161 [JavaFX Application Thread] DEBUG PrimaryStageWindow   - FXGLMainMenuDummyScene <- MainMenu
17:22:09.162 [JavaFX Application Thread] DEBUG Input                - Clearing active input actions
17:22:09.167 [JavaFX Application Thread] DEBUG GameApplicationServi - Removing overlay from FXGLMainMenuDummyScene and adding to FXGLLoadingScene
17:22:09.167 [JavaFX Application Thread] DEBUG PrimaryStageWindow   - FXGLMainMenuDummyScene -> FXGLLoadingScene
17:22:09.167 [JavaFX Application Thread] DEBUG GameApplicationServi - Clearing previous game
17:22:09.167 [JavaFX Application Thread] DEBUG GameScene            - Clearing game scene
17:22:09.167 [JavaFX Application Thread] DEBUG GameWorld            - Clearing game world
17:22:09.167 [JavaFX Application Thread] DEBUG PhysicsWorld         - Clearing physics world
17:22:09.168 [FXGL Background Thread 2 ] DEBUG FXGLApplication      - Initializing game
17:22:09.179 [FXGL Background Thread 2 ] WARN  GameWorld            - Entity is already attached to world
17:22:09.180 [FXGL Background Thread 2 ] DEBUG FXGLAssetLoaderServi - Loading from file system: file:/C:/Users/matip/Desktop/JavaProjects/brick-breaker/target/classes/assets/textures/brick.png
17:22:09.182 [FXGL Background Thread 2 ] WARN  GameWorld            - Entity is already attached to world
17:22:09.183 [FXGL Background Thread 2 ] WARN  GameWorld            - Entity is already attached to world
17:22:09.184 [FXGL Background Thread 2 ] WARN  GameWorld            - Entity is already attached to world
17:22:09.184 [FXGL Background Thread 2 ] WARN  GameWorld            - Entity is already attached to world
17:22:09.185 [FXGL Background Thread 2 ] WARN  GameWorld            - Entity is already attached to world
17:22:09.186 [FXGL Background Thread 2 ] WARN  GameWorld            - Entity is already attached to world
17:22:09.187 [FXGL Background Thread 2 ] WARN  GameWorld            - Entity is already attached to world
17:22:09.188 [FXGL Background Thread 2 ] WARN  GameWorld            - Entity is already attached to world
17:22:09.189 [FXGL Background Thread 2 ] WARN  GameWorld            - Entity is already attached to world
17:22:09.190 [FXGL Background Thread 2 ] WARN  GameWorld            - Entity is already attached to world
17:22:09.191 [FXGL Background Thread 2 ] WARN  GameWorld            - Entity is already attached to world
17:22:09.191 [FXGL Background Thread 2 ] WARN  GameWorld            - Entity is already attached to world
17:22:09.192 [FXGL Background Thread 2 ] WARN  GameWorld            - Entity is already attached to world
17:22:09.193 [FXGL Background Thread 2 ] WARN  GameWorld            - Entity is already attached to world
17:22:09.194 [FXGL Background Thread 2 ] WARN  GameWorld            - Entity is already attached to world
17:22:09.195 [FXGL Background Thread 2 ] WARN  GameWorld            - Entity is already attached to world
17:22:09.196 [FXGL Background Thread 2 ] WARN  GameWorld            - Entity is already attached to world
17:22:09.196 [FXGL Background Thread 2 ] WARN  GameWorld            - Entity is already attached to world
17:22:09.197 [FXGL Background Thread 2 ] WARN  GameWorld            - Entity is already attached to world
17:22:09.198 [FXGL Background Thread 2 ] WARN  GameWorld            - Entity is already attached to world
17:22:09.199 [FXGL Background Thread 2 ] WARN  GameWorld            - Entity is already attached to world
17:22:09.200 [FXGL Background Thread 2 ] WARN  GameWorld            - Entity is already attached to world
17:22:09.201 [FXGL Background Thread 2 ] WARN  GameWorld            - Entity is already attached to world
17:22:09.202 [FXGL Background Thread 2 ] WARN  GameWorld            - Entity is already attached to world
17:22:09.202 [FXGL Background Thread 2 ] WARN  GameWorld            - Entity is already attached to world
17:22:09.203 [FXGL Background Thread 2 ] WARN  GameWorld            - Entity is already attached to world
17:22:09.204 [FXGL Background Thread 2 ] WARN  GameWorld            - Entity is already attached to world
17:22:09.204 [FXGL Background Thread 2 ] WARN  GameWorld            - Entity is already attached to world
17:22:09.205 [FXGL Background Thread 2 ] WARN  GameWorld            - Entity is already attached to world
17:22:09.206 [FXGL Background Thread 2 ] WARN  GameWorld            - Entity is already attached to world
17:22:09.206 [FXGL Background Thread 2 ] WARN  GameWorld            - Entity is already attached to world
17:22:09.207 [FXGL Background Thread 2 ] WARN  GameWorld            - Entity is already attached to world
17:22:09.207 [FXGL Background Thread 2 ] WARN  GameWorld            - Entity is already attached to world
17:22:09.208 [FXGL Background Thread 2 ] WARN  GameWorld            - Entity is already attached to world
17:22:09.209 [FXGL Background Thread 2 ] WARN  GameWorld            - Entity is already attached to world
17:22:09.210 [FXGL Background Thread 2 ] WARN  GameWorld            - Entity is already attached to world
17:22:09.210 [FXGL Background Thread 2 ] WARN  GameWorld            - Entity is already attached to world
17:22:09.211 [FXGL Background Thread 2 ] WARN  GameWorld            - Entity is already attached to world
17:22:09.212 [FXGL Background Thread 2 ] WARN  GameWorld            - Entity is already attached to world
17:22:09.212 [FXGL Background Thread 2 ] WARN  GameWorld            - Entity is already attached to world
17:22:09.213 [FXGL Background Thread 2 ] WARN  GameWorld            - Entity is already attached to world
17:22:09.214 [FXGL Background Thread 2 ] WARN  GameWorld            - Entity is already attached to world
17:22:09.214 [FXGL Background Thread 2 ] WARN  GameWorld            - Entity is already attached to world
17:22:09.215 [FXGL Background Thread 2 ] WARN  GameWorld            - Entity is already attached to world
17:22:09.216 [FXGL Background Thread 2 ] WARN  GameWorld            - Entity is already attached to world
17:22:09.216 [FXGL Background Thread 2 ] WARN  GameWorld            - Entity is already attached to world
17:22:09.217 [FXGL Background Thread 2 ] WARN  GameWorld            - Entity is already attached to world
17:22:09.218 [FXGL Background Thread 2 ] WARN  GameWorld            - Entity is already attached to world
17:22:09.219 [FXGL Background Thread 2 ] WARN  GameWorld            - Entity is already attached to world
17:22:09.219 [FXGL Background Thread 2 ] WARN  GameWorld            - Entity is already attached to world
17:22:09.220 [FXGL Background Thread 2 ] WARN  GameWorld            - Entity is already attached to world
17:22:09.220 [FXGL Background Thread 2 ] WARN  GameWorld            - Entity is already attached to world
17:22:09.221 [FXGL Background Thread 2 ] WARN  GameWorld            - Entity is already attached to world
17:22:09.222 [FXGL Background Thread 2 ] WARN  GameWorld            - Entity is already attached to world
17:22:09.222 [FXGL Background Thread 2 ] WARN  GameWorld            - Entity is already attached to world
17:22:09.223 [FXGL Background Thread 2 ] WARN  GameWorld            - Entity is already attached to world
17:22:09.223 [FXGL Background Thread 2 ] WARN  GameWorld            - Entity is already attached to world
17:22:09.224 [FXGL Background Thread 2 ] WARN  GameWorld            - Entity is already attached to world
17:22:09.224 [FXGL Background Thread 2 ] WARN  GameWorld            - Entity is already attached to world
17:22:09.225 [FXGL Background Thread 2 ] WARN  GameWorld            - Entity is already attached to world
17:22:09.226 [FXGL Background Thread 2 ] WARN  GameWorld            - Entity is already attached to world
17:22:09.226 [FXGL Background Thread 2 ] WARN  GameWorld            - Entity is already attached to world
17:22:09.227 [FXGL Background Thread 2 ] DEBUG FXGLAssetLoaderServi - Loading from file system: file:/C:/Users/matip/Desktop/JavaProjects/brick-breaker/target/classes/assets/textures/ball.png
17:22:09.228 [FXGL Background Thread 2 ] WARN  GameWorld            - Entity is already attached to world
17:22:09.230 [FXGL Background Thread 2 ] INFO  FXGLApplication      - Game initialization took: 0.062 sec
17:22:09.233 [JavaFX Application Thread] DEBUG Input                - Clearing active input actions
17:22:09.238 [JavaFX Application Thread] DEBUG GameApplicationServi - Removing overlay from FXGLLoadingScene and adding to GameScene
17:22:09.238 [JavaFX Application Thread] DEBUG PrimaryStageWindow   - FXGLLoadingScene -> GameScene
17:22:10.818 [JavaFX Application Thread] DEBUG FXGLApplication      - Exiting FXGL
17:22:10.818 [JavaFX Application Thread] DEBUG LoopRunner           - Stopping loop
17:22:10.818 [JavaFX Application Thread] DEBUG SystemBundleService  - Saving FXGL system data
17:22:10.819 [JavaFX Application Thread] DEBUG FileSystemAccess     - Writing to: C:\Users\matip\Desktop\JavaProjects\brick-breaker\system\fxgl.bundle
17:22:10.820 [JavaFX Application Thread] DEBUG Async                - Shutting down background threads
17:22:10.820 [JavaFX Application Thread] DEBUG PrimaryStageWindow   - Closing main window
17:22:10.827 [JavaFX Application Thread] DEBUG Logger               - Closing Logger
