21:30:41.728 [main                     ] DEBUG Logger               - Configured Logger
21:30:41.744 [main                     ] DEBUG GameApplication      - Logging settings
Title: Brick Breaker
Version: 0.0
Width: 600
Height: 600
Fullscreen: false
Intro: false
Profiling: false
Single step:false
App Mode: DEVELOPER
Menu Key: ESCAPE
Stage Style: DECORATED
Scene Factory: class com.example.brickbreaker.menu.CustomSceneFactory

21:30:42.001 [JavaFX Application Thread] DEBUG FXGLApplication      - Initializing FXGL
21:30:42.005 [JavaFX Application Thread] INFO  Engine               - FXGL-17.2 (20.08.2022 16.50) on WINDOWS (J:18.0.1.1 FX:18.0.2)
21:30:42.005 [JavaFX Application Thread] DEBUG Engine               - JRE Vendor Name: Oracle Corporation
21:30:42.005 [JavaFX Application Thread] DEBUG Engine               - Running on OS: Windows 10 version 10.0
21:30:42.005 [JavaFX Application Thread] DEBUG Engine               - Architecture: amd64
21:30:42.005 [JavaFX Application Thread] INFO  Engine               - Source code and latest versions at: https://github.com/AlmasB/FXGL
21:30:42.005 [JavaFX Application Thread] INFO  Engine               -       Ask questions and discuss at: https://github.com/AlmasB/FXGL/discussions
21:30:42.005 [JavaFX Application Thread] INFO  Engine               -              Join the FXGL chat at: https://gitter.im/AlmasB/FXGL
21:30:42.054 [JavaFX Application Thread] DEBUG PrimaryStageWindow   - Creating a JavaFX scene
21:30:42.078 [JavaFX Application Thread] DEBUG PrimaryStageWindow   - Target settings size: 600.0 x 600.0
21:30:42.079 [JavaFX Application Thread] DEBUG PrimaryStageWindow   - Scaled scene size:    600.0 x 600.0
21:30:42.079 [JavaFX Application Thread] DEBUG PrimaryStageWindow   - Scaled ratio: (1.0, 1.0)
21:30:42.079 [JavaFX Application Thread] DEBUG PrimaryStageWindow   - Set initial scene to FXGLStartupScene
21:30:42.083 [JavaFX Application Thread] DEBUG PrimaryStageWindow   - Opening main window
21:30:42.124 [JavaFX Application Thread] DEBUG PrimaryStageWindow   - Window border size: (16.0, 39.0)
21:30:42.124 [JavaFX Application Thread] DEBUG PrimaryStageWindow   - Scaled size: 600.0 x 600.0
21:30:42.124 [JavaFX Application Thread] DEBUG PrimaryStageWindow   - Scaled ratio: (1.0, 1.0)
21:30:42.124 [JavaFX Application Thread] DEBUG PrimaryStageWindow   - Scene size: 600.0 x 600.0
21:30:42.125 [JavaFX Application Thread] DEBUG PrimaryStageWindow   - Stage size: 616.0 x 639.0
21:30:42.130 [FXGL Background Thread 1 ] DEBUG Engine               - Initializing environment variables
21:30:42.155 [FXGL Background Thread 1 ] DEBUG FXGLAssetLoaderServi - User app class for loading assets: class com.example.brickbreaker.BrickBreakerApp
21:30:42.155 [FXGL Background Thread 1 ] DEBUG GameApplicationServi - Applying CSS: fxgl_dark.css
21:30:42.156 [FXGL Background Thread 1 ] DEBUG FXGLAssetLoaderServi - Loading from file system: jar:file:///C:/Users/matip/.m2/repository/com/github/almasb/fxgl/17.2/fxgl-17.2.jar!/fxglassets/ui/css/fxgl_dark.css
21:30:42.182 [FXGL Background Thread 1 ] DEBUG GameApplicationServi - Initializing application scenes
21:30:42.199 [FXGL Background Thread 1 ] DEBUG GameWorld            - Game world initialized
21:30:42.223 [FXGL Background Thread 1 ] DEBUG PhysicsWorld         - Physics world initialized: appHeight=600, physics.ppm=50.0
21:30:42.224 [FXGL Background Thread 1 ] DEBUG PhysicsWorld         - Using strategy: BRUTE_FORCE
21:30:42.225 [FXGL Background Thread 1 ] DEBUG GameScene            - Game scene initialized: 600x600
21:30:42.226 [FXGL Background Thread 1 ] DEBUG FXGLAssetLoaderServi - Loading from file system: file:/C:/Users/matip/Desktop/JavaProjects/brick-breaker/target/classes/assets/textures/brick-wall.png
21:30:42.257 [FXGL Background Thread 1 ] WARN  FXGL.DefaultMenu     - FXGLDefaultMenu is not designed for resolutions < 800x600
21:30:42.258 [FXGL Background Thread 1 ] DEBUG FXGL.DefaultMenu     - createMenuBodyGameMenu()
21:30:42.265 [FXGL Background Thread 1 ] DEBUG FXGL.DefaultMenu     - createOptionsMenu()
21:30:42.274 [FXGL Background Thread 1 ] DEBUG FXGLAssetLoaderServi - Loading from file system: jar:file:///C:/Users/matip/.m2/repository/com/github/almasb/fxgl/17.2/fxgl-17.2.jar!/fxglassets/textures/particles/smoke.png
21:30:42.316 [FXGL Background Thread 1 ] DEBUG FXGLAssetLoaderServi - Loading from file system: jar:file:///C:/Users/matip/.m2/repository/com/github/almasb/fxgl/17.2/fxgl-17.2.jar!/fxglassets/textures/particles/trace_horizontal.png
21:30:42.326 [FXGL Background Thread 1 ] DEBUG GameApplicationServi - Application scenes initialized
21:30:42.332 [FXGL Background Thread 1 ] DEBUG SystemBundleService  - Loading FXGL system data
21:30:42.334 [FXGL Background Thread 1 ] DEBUG FileSystemAccess     - Reading from: C:\Users\matip\Desktop\JavaProjects\brick-breaker\system\fxgl.bundle
21:30:42.339 [FXGL Background Thread 1 ] DEBUG SystemBundleService  - Bundle FXGL: {}
21:30:42.339 [FXGL Background Thread 1 ] DEBUG UpdaterService       - Checking for updates
21:30:42.341 [FXGL Background Thread 4 ] DEBUG FXGLApplication      - Loading fonts
21:30:42.341 [FXGL Background Thread 1 ] DEBUG FXGLApplication      - Loading default localization
21:30:42.342 [FXGL Background Thread 4 ] DEBUG FXGLAssetLoaderServi - Loading from file system: jar:file:///C:/Users/matip/.m2/repository/com/github/almasb/fxgl/17.2/fxgl-17.2.jar!/fxglassets/ui/fonts/VarelaRound-Regular.ttf
21:30:42.342 [FXGL Background Thread 1 ] DEBUG FXGLAssetLoaderServi - Loading from file system: jar:file:///C:/Users/matip/.m2/repository/com/github/almasb/fxgl/17.2/fxgl-17.2.jar!/fxglassets/languages/english.lang
21:30:42.350 [FXGL Background Thread 1 ] INFO  FXGLApplication      - FXGL initialization took: 0.221 sec
21:30:42.356 [JavaFX Application Thread] DEBUG Input                - Registered new binding: action0 - D
21:30:42.356 [JavaFX Application Thread] DEBUG Input                - Registered new binding: action1 - A
21:30:42.357 [JavaFX Application Thread] DEBUG FXGLAssetLoaderServi - Loading from file system: jar:file:///C:/Users/matip/.m2/repository/com/github/almasb/fxgl/17.2/fxgl-17.2.jar!/fxglassets/textures/fxgl_icon.png
21:30:42.364 [JavaFX Application Thread] DEBUG FXGLAssetLoaderServi - Loading from file system: jar:file:///C:/Users/matip/.m2/repository/com/github/almasb/fxgl/17.2/fxgl-17.2.jar!/fxglassets/textures/fxgl_default_cursor.png
21:30:42.365 [JavaFX Application Thread] DEBUG Input                - Registered new binding: Screenshot - CTRL+8
21:30:42.365 [JavaFX Application Thread] DEBUG Input                - Registered new binding: System info dump - CTRL+9
21:30:42.365 [JavaFX Application Thread] DEBUG Input                - Registered new binding: Restart - CTRL+R
21:30:42.365 [JavaFX Application Thread] DEBUG Input                - Registered new binding: Toggle Debug Camera - CTRL+7
21:30:42.366 [FXGL Background Thread 4 ] DEBUG FXGLAssetLoaderServi - Loading from file system: jar:file:///C:/Users/matip/.m2/repository/com/github/almasb/fxgl/17.2/fxgl-17.2.jar!/fxglassets/ui/fonts/Abel-Regular.ttf
21:30:42.367 [JavaFX Application Thread] DEBUG LoopRunner           - Starting loop
21:30:42.367 [JavaFX Application Thread] DEBUG LoopRunner           - Initializing JavaFX AnimationTimerLoop
21:30:42.368 [JavaFX Application Thread] DEBUG Input                - Clearing active input actions
21:30:42.368 [FXGL Background Thread 4 ] DEBUG FXGLAssetLoaderServi - Loading from file system: jar:file:///C:/Users/matip/.m2/repository/com/github/almasb/fxgl/17.2/fxgl-17.2.jar!/fxglassets/ui/fonts/TerminalLandMono-Regular.otf
21:30:42.370 [FXGL Background Thread 4 ] DEBUG FXGLAssetLoaderServi - Loading from file system: jar:file:///C:/Users/matip/.m2/repository/com/github/almasb/fxgl/17.2/fxgl-17.2.jar!/fxglassets/ui/fonts/Courier-Prime.ttf
21:30:42.373 [JavaFX Application Thread] DEBUG GameApplicationServi - Removing overlay from FXGLStartupScene and adding to FXGLMainMenuDummyScene
21:30:42.374 [JavaFX Application Thread] DEBUG PrimaryStageWindow   - FXGLStartupScene -> FXGLMainMenuDummyScene
21:30:42.374 [JavaFX Application Thread] DEBUG PrimaryStageWindow   - Push state: MainMenu
21:30:42.374 [JavaFX Application Thread] DEBUG Input                - Clearing active input actions
21:30:42.374 [JavaFX Application Thread] DEBUG GameApplicationServi - Removing overlay from FXGLMainMenuDummyScene and adding to MainMenu
21:30:42.374 [JavaFX Application Thread] DEBUG PrimaryStageWindow   - FXGLMainMenuDummyScene -> MainMenu
21:30:42.374 [JavaFX Application Thread] DEBUG FXGLApplication      - Registering font factories with UI factory
21:30:42.630 [FXGL Background Thread 2 ] INFO  UpdaterService       - Your current version:  17.2
21:30:42.630 [FXGL Background Thread 2 ] INFO  UpdaterService       - Latest stable version: 17.3
21:30:43.681 [JavaFX Application Thread] DEBUG Menu                 - fireNewGame()
21:30:43.681 [JavaFX Application Thread] DEBUG GameApplicationServi - Starting new game
21:30:43.681 [JavaFX Application Thread] DEBUG PrimaryStageWindow   - Pop state: MainMenu
21:30:43.681 [JavaFX Application Thread] DEBUG Input                - Clearing active input actions
21:30:43.682 [JavaFX Application Thread] DEBUG GameApplicationServi - Removing overlay from MainMenu and adding to FXGLMainMenuDummyScene
21:30:43.682 [JavaFX Application Thread] DEBUG PrimaryStageWindow   - FXGLMainMenuDummyScene <- MainMenu
21:30:43.682 [JavaFX Application Thread] DEBUG Input                - Clearing active input actions
21:30:43.688 [JavaFX Application Thread] DEBUG GameApplicationServi - Removing overlay from FXGLMainMenuDummyScene and adding to FXGLLoadingScene
21:30:43.688 [JavaFX Application Thread] DEBUG PrimaryStageWindow   - FXGLMainMenuDummyScene -> FXGLLoadingScene
21:30:43.688 [JavaFX Application Thread] DEBUG GameApplicationServi - Clearing previous game
21:30:43.688 [JavaFX Application Thread] DEBUG GameScene            - Clearing game scene
21:30:43.688 [JavaFX Application Thread] DEBUG GameWorld            - Clearing game world
21:30:43.688 [JavaFX Application Thread] DEBUG PhysicsWorld         - Clearing physics world
21:30:43.690 [FXGL Background Thread 2 ] DEBUG FXGLApplication      - Initializing game
21:30:43.700 [FXGL Background Thread 2 ] WARN  GameWorld            - Entity is already attached to world
21:30:43.701 [FXGL Background Thread 2 ] DEBUG FXGLAssetLoaderServi - Loading from file system: file:/C:/Users/matip/Desktop/JavaProjects/brick-breaker/target/classes/assets/textures/brick.png
21:30:43.702 [FXGL Background Thread 2 ] WARN  GameWorld            - Entity is already attached to world
21:30:43.703 [FXGL Background Thread 2 ] DEBUG FXGLAssetLoaderServi - Loading from file system: file:/C:/Users/matip/Desktop/JavaProjects/brick-breaker/target/classes/assets/textures/ball.png
21:30:43.704 [FXGL Background Thread 2 ] WARN  GameWorld            - Entity is already attached to world
21:30:43.705 [FXGL Background Thread 2 ] INFO  FXGLApplication      - Game initialization took: 0.015 sec
21:30:43.706 [JavaFX Application Thread] DEBUG Input                - Clearing active input actions
21:30:43.709 [JavaFX Application Thread] DEBUG GameApplicationServi - Removing overlay from FXGLLoadingScene and adding to GameScene
21:30:43.709 [JavaFX Application Thread] DEBUG PrimaryStageWindow   - FXGLLoadingScene -> GameScene
21:30:45.343 [FXGL Background Thread 3 ] DEBUG Engine               - Logging environment variables
21:30:45.343 [FXGL Background Thread 3 ] DEBUG Engine               - achievements: []
21:30:45.343 [FXGL Background Thread 3 ] DEBUG Engine               - actualHeight: 600.0
21:30:45.343 [FXGL Background Thread 3 ] DEBUG Engine               - actualHeightProperty: ReadOnlyDoubleProperty [value: 600.0]
21:30:45.343 [FXGL Background Thread 3 ] DEBUG Engine               - actualWidth: 600.0
21:30:45.343 [FXGL Background Thread 3 ] DEBUG Engine               - actualWidthProperty: ReadOnlyDoubleProperty [value: 600.0]
21:30:45.343 [FXGL Background Thread 3 ] DEBUG Engine               - appIcon: fxgl_icon.png
21:30:45.343 [FXGL Background Thread 3 ] DEBUG Engine               - applicationMode: DEVELOPER
21:30:45.344 [FXGL Background Thread 3 ] DEBUG Engine               - cSSList: [fxgl_dark.css]
21:30:45.344 [FXGL Background Thread 3 ] DEBUG Engine               - collisionDetectionStrategy: BRUTE_FORCE
21:30:45.344 [FXGL Background Thread 3 ] DEBUG Engine               - configClass: Optional.empty
21:30:45.344 [FXGL Background Thread 3 ] DEBUG Engine               - credits: []
21:30:45.344 [FXGL Background Thread 3 ] DEBUG Engine               - defaultCursor: CursorInfo(imageName=fxgl_default_cursor.png, hotspotX=7.0, hotspotY=6.0)
21:30:45.344 [FXGL Background Thread 3 ] DEBUG Engine               - devBBoxColorProperty: ObjectProperty [value: 0xff0000ff]
21:30:45.344 [FXGL Background Thread 3 ] DEBUG Engine               - devEnableDebugCameraProperty: BooleanProperty [value: false]
21:30:45.344 [FXGL Background Thread 3 ] DEBUG Engine               - devSensorColorProperty: ObjectProperty [value: 0xffff00ff]
21:30:45.344 [FXGL Background Thread 3 ] DEBUG Engine               - devShowBBoxProperty: BooleanProperty [value: false]
21:30:45.344 [FXGL Background Thread 3 ] DEBUG Engine               - devShowPositionProperty: BooleanProperty [value: false]
21:30:45.344 [FXGL Background Thread 3 ] DEBUG Engine               - enabledMenuItems: []
21:30:45.344 [FXGL Background Thread 3 ] DEBUG Engine               - engineServices: [class com.almasb.fxgl.app.services.FXGLAssetLoaderService, class com.almasb.fxgl.app.FXGLApplication$GameApplicationService, class com.almasb.fxgl.app.services.FXGLDialogService, class com.almasb.fxgl.app.services.IOTaskExecutorService, class com.almasb.fxgl.io.FileSystemService, class com.almasb.fxgl.localization.LocalizationService, class com.almasb.fxgl.app.services.SystemBundleService, class com.almasb.fxgl.profile.SaveLoadService, class com.almasb.fxgl.ui.FXGLUIFactoryServiceProvider, class com.almasb.fxgl.ui.FXGLDialogFactoryServiceProvider, class com.almasb.fxgl.audio.AudioPlayer, class com.almasb.fxgl.notification.impl.NotificationServiceProvider, class com.almasb.fxgl.achievement.AchievementService, class com.almasb.fxgl.cutscene.CutsceneService, class com.almasb.fxgl.minigames.MiniGameService, class com.almasb.fxgl.net.NetService, class com.almasb.fxgl.app.services.UpdaterService, class com.almasb.fxgl.dev.DevService]
21:30:45.344 [FXGL Background Thread 3 ] DEBUG Engine               - fontGame: Abel-Regular.ttf
21:30:45.344 [FXGL Background Thread 3 ] DEBUG Engine               - fontMono: TerminalLandMono-Regular.otf
21:30:45.344 [FXGL Background Thread 3 ] DEBUG Engine               - fontText: Courier-Prime.ttf
21:30:45.344 [FXGL Background Thread 3 ] DEBUG Engine               - fontUI: VarelaRound-Regular.ttf
21:30:45.344 [FXGL Background Thread 3 ] DEBUG Engine               - fullScreen: BooleanProperty [value: false]
21:30:45.344 [FXGL Background Thread 3 ] DEBUG Engine               - gameDifficulty: MEDIUM
21:30:45.344 [FXGL Background Thread 3 ] DEBUG Engine               - gameDifficultyProperty: ObjectProperty [value: MEDIUM]
21:30:45.345 [FXGL Background Thread 3 ] DEBUG Engine               - globalMusicVolume: 0.5
21:30:45.345 [FXGL Background Thread 3 ] DEBUG Engine               - globalMusicVolumeProperty: DoubleProperty [value: 0.5]
21:30:45.345 [FXGL Background Thread 3 ] DEBUG Engine               - globalSoundVolume: 0.5
21:30:45.345 [FXGL Background Thread 3 ] DEBUG Engine               - globalSoundVolumeProperty: DoubleProperty [value: 0.5]
21:30:45.345 [FXGL Background Thread 3 ] DEBUG Engine               - height: 600
21:30:45.345 [FXGL Background Thread 3 ] DEBUG Engine               - is3D: false
21:30:45.345 [FXGL Background Thread 3 ] DEBUG Engine               - isAndroid: false
21:30:45.345 [FXGL Background Thread 3 ] DEBUG Engine               - isBrowser: false
21:30:45.345 [FXGL Background Thread 3 ] DEBUG Engine               - isClickFeedbackEnabled: false
21:30:45.345 [FXGL Background Thread 3 ] DEBUG Engine               - isCloseConfirmation: false
21:30:45.345 [FXGL Background Thread 3 ] DEBUG Engine               - isDesktop: true
21:30:45.345 [FXGL Background Thread 3 ] DEBUG Engine               - isDeveloperMenuEnabled: false
21:30:45.345 [FXGL Background Thread 3 ] DEBUG Engine               - isEmbedded: false
21:30:45.345 [FXGL Background Thread 3 ] DEBUG Engine               - isEntityPreloadEnabled: true
21:30:45.345 [FXGL Background Thread 3 ] DEBUG Engine               - isExperimentalTiledLargeMap: false
21:30:45.345 [FXGL Background Thread 3 ] DEBUG Engine               - isFileSystemWriteAllowed: true
21:30:45.345 [FXGL Background Thread 3 ] DEBUG Engine               - isFullScreenAllowed: false
21:30:45.345 [FXGL Background Thread 3 ] DEBUG Engine               - isFullScreenFromStart: false
21:30:45.345 [FXGL Background Thread 3 ] DEBUG Engine               - isGameMenuEnabled: true
21:30:45.345 [FXGL Background Thread 3 ] DEBUG Engine               - isIOS: false
21:30:45.345 [FXGL Background Thread 3 ] DEBUG Engine               - isIntroEnabled: false
21:30:45.345 [FXGL Background Thread 3 ] DEBUG Engine               - isLinux: false
21:30:45.345 [FXGL Background Thread 3 ] DEBUG Engine               - isMac: false
21:30:45.345 [FXGL Background Thread 3 ] DEBUG Engine               - isMainMenuEnabled: true
21:30:45.345 [FXGL Background Thread 3 ] DEBUG Engine               - isManualResizeEnabled: false
21:30:45.345 [FXGL Background Thread 3 ] DEBUG Engine               - isMobile: false
21:30:45.345 [FXGL Background Thread 3 ] DEBUG Engine               - isNative: false
21:30:45.346 [FXGL Background Thread 3 ] DEBUG Engine               - isPauseMusicWhenMinimized: true
21:30:45.346 [FXGL Background Thread 3 ] DEBUG Engine               - isPreserveResizeRatio: false
21:30:45.346 [FXGL Background Thread 3 ] DEBUG Engine               - isProfilingEnabled: false
21:30:45.346 [FXGL Background Thread 3 ] DEBUG Engine               - isScaleAffectedOnResize: true
21:30:45.346 [FXGL Background Thread 3 ] DEBUG Engine               - isSingleStep: false
21:30:45.346 [FXGL Background Thread 3 ] DEBUG Engine               - isUserProfileEnabled: false
21:30:45.346 [FXGL Background Thread 3 ] DEBUG Engine               - isWindows: true
21:30:45.346 [FXGL Background Thread 3 ] DEBUG Engine               - language: ObjectProperty [value: ENGLISH]
21:30:45.346 [FXGL Background Thread 3 ] DEBUG Engine               - menuKey: ESCAPE
21:30:45.346 [FXGL Background Thread 3 ] DEBUG Engine               - mouseSensitivity: 0.2
21:30:45.346 [FXGL Background Thread 3 ] DEBUG Engine               - notificationViewClass: class com.almasb.fxgl.notification.view.XboxNotificationView
21:30:45.346 [FXGL Background Thread 3 ] DEBUG Engine               - pixelsPerMeter: 50.0
21:30:45.346 [FXGL Background Thread 3 ] DEBUG Engine               - platform: WINDOWS
21:30:45.346 [FXGL Background Thread 3 ] DEBUG Engine               - prefHeightProperty: ReadOnlyDoubleProperty [value: 600.0]
21:30:45.346 [FXGL Background Thread 3 ] DEBUG Engine               - prefWidthProperty: ReadOnlyDoubleProperty [value: 600.0]
21:30:45.346 [FXGL Background Thread 3 ] DEBUG Engine               - profileDir: profiles/
21:30:45.346 [FXGL Background Thread 3 ] DEBUG Engine               - profileName: StringProperty [value: DEFAULT]
21:30:45.346 [FXGL Background Thread 3 ] DEBUG Engine               - randomSeed: -1
21:30:45.347 [FXGL Background Thread 3 ] DEBUG Engine               - runtimeInfo: RuntimeInfo(platform=WINDOWS, version=17.2, build=20.08.2022 16.50)
21:30:45.347 [FXGL Background Thread 3 ] DEBUG Engine               - saveFileExt: sav
21:30:45.347 [FXGL Background Thread 3 ] DEBUG Engine               - scaledHeightProp$fxgl: DoubleProperty [bound, value: 600.0]
21:30:45.347 [FXGL Background Thread 3 ] DEBUG Engine               - scaledWidthProp$fxgl: DoubleProperty [bound, value: 600.0]
21:30:45.347 [FXGL Background Thread 3 ] DEBUG Engine               - sceneFactory: com.example.brickbreaker.menu.CustomSceneFactory@2f48f4d2
21:30:45.347 [FXGL Background Thread 3 ] DEBUG Engine               - secondsIn24h: 60
21:30:45.347 [FXGL Background Thread 3 ] DEBUG Engine               - soundMenuBack: menu/back.wav
21:30:45.347 [FXGL Background Thread 3 ] DEBUG Engine               - soundMenuPress: menu/press.wav
21:30:45.347 [FXGL Background Thread 3 ] DEBUG Engine               - soundMenuSelect: menu/select.wav
21:30:45.347 [FXGL Background Thread 3 ] DEBUG Engine               - soundNotification: core/notification.wav
21:30:45.347 [FXGL Background Thread 3 ] DEBUG Engine               - stageStyle: DECORATED
21:30:45.347 [FXGL Background Thread 3 ] DEBUG Engine               - supportedLanguages: [ENGLISH, FRENCH, GERMAN, HUNGARIAN, RUSSIAN]
21:30:45.347 [FXGL Background Thread 3 ] DEBUG Engine               - ticksPerSecond: -1
21:30:45.347 [FXGL Background Thread 3 ] DEBUG Engine               - title: Brick Breaker
21:30:45.347 [FXGL Background Thread 3 ] DEBUG Engine               - urlGithub: https://github.com/AlmasB/FXGL
21:30:45.347 [FXGL Background Thread 3 ] DEBUG Engine               - urlLeaderboard: http://fxgl-top.herokuapp.com/
21:30:45.347 [FXGL Background Thread 3 ] DEBUG Engine               - urlPOM: https://raw.githubusercontent.com/AlmasB/FXGL/release/README.md
21:30:45.347 [FXGL Background Thread 3 ] DEBUG Engine               - userAppClass: class com.example.brickbreaker.BrickBreakerApp
21:30:45.347 [FXGL Background Thread 3 ] DEBUG Engine               - version: 0.0
21:30:45.347 [FXGL Background Thread 3 ] DEBUG Engine               - versionCheckDays: 7
21:30:45.347 [FXGL Background Thread 3 ] DEBUG Engine               - width: 600
21:30:45.347 [FXGL Background Thread 3 ] DEBUG Engine               - Logging services
21:30:45.347 [FXGL Background Thread 3 ] DEBUG Engine               - class com.almasb.fxgl.app.services.FXGLAssetLoaderService
21:30:45.347 [FXGL Background Thread 3 ] DEBUG Engine               - class com.almasb.fxgl.app.FXGLApplication$GameApplicationService
21:30:45.347 [FXGL Background Thread 3 ] DEBUG Engine               - class com.almasb.fxgl.app.services.FXGLDialogService
21:30:45.347 [FXGL Background Thread 3 ] DEBUG Engine               - class com.almasb.fxgl.app.services.IOTaskExecutorService
21:30:45.347 [FXGL Background Thread 3 ] DEBUG Engine               - class com.almasb.fxgl.io.FileSystemService
21:30:45.347 [FXGL Background Thread 3 ] DEBUG Engine               - class com.almasb.fxgl.localization.LocalizationService
21:30:45.347 [FXGL Background Thread 3 ] DEBUG Engine               - class com.almasb.fxgl.app.services.SystemBundleService
21:30:45.348 [FXGL Background Thread 3 ] DEBUG Engine               - class com.almasb.fxgl.profile.SaveLoadService
21:30:45.348 [FXGL Background Thread 3 ] DEBUG Engine               - class com.almasb.fxgl.ui.FXGLUIFactoryServiceProvider
21:30:45.348 [FXGL Background Thread 3 ] DEBUG Engine               - class com.almasb.fxgl.ui.FXGLDialogFactoryServiceProvider
21:30:45.348 [FXGL Background Thread 3 ] DEBUG Engine               - class com.almasb.fxgl.audio.AudioPlayer
21:30:45.348 [FXGL Background Thread 3 ] DEBUG Engine               - class com.almasb.fxgl.notification.impl.NotificationServiceProvider
21:30:45.348 [FXGL Background Thread 3 ] DEBUG Engine               - class com.almasb.fxgl.achievement.AchievementService
21:30:45.348 [FXGL Background Thread 3 ] DEBUG Engine               - class com.almasb.fxgl.cutscene.CutsceneService
21:30:45.348 [FXGL Background Thread 3 ] DEBUG Engine               - class com.almasb.fxgl.minigames.MiniGameService
21:30:45.348 [FXGL Background Thread 3 ] DEBUG Engine               - class com.almasb.fxgl.net.NetService
21:30:45.348 [FXGL Background Thread 3 ] DEBUG Engine               - class com.almasb.fxgl.app.services.UpdaterService
21:30:45.348 [FXGL Background Thread 3 ] DEBUG Engine               - class com.almasb.fxgl.dev.DevService
21:30:54.748 [JavaFX Application Thread] DEBUG FXGLAssetLoaderServi - Loading from file system: file:/C:/Users/matip/Desktop/JavaProjects/brick-breaker/target/classes/assets/textures/brick_damaged.png
21:31:04.444 [JavaFX Application Thread] DEBUG FXGLAssetLoaderServi - Loading from file system: file:/C:/Users/matip/Desktop/JavaProjects/brick-breaker/target/classes/assets/textures/brick_destroyed.png
21:31:17.671 [JavaFX Application Thread] DEBUG FXGLApplication      - Exiting FXGL
21:31:17.671 [JavaFX Application Thread] DEBUG LoopRunner           - Stopping loop
21:31:17.671 [JavaFX Application Thread] DEBUG SystemBundleService  - Saving FXGL system data
21:31:17.672 [JavaFX Application Thread] DEBUG FileSystemAccess     - Writing to: C:\Users\matip\Desktop\JavaProjects\brick-breaker\system\fxgl.bundle
21:31:17.673 [JavaFX Application Thread] DEBUG Async                - Shutting down background threads
21:31:17.673 [JavaFX Application Thread] DEBUG PrimaryStageWindow   - Closing main window
21:31:17.678 [JavaFX Application Thread] DEBUG Logger               - Closing Logger
