21:30:03.637 [main                     ] DEBUG Logger               - Configured Logger
21:30:03.654 [main                     ] DEBUG GameApplication      - Logging settings
Title: Brick Breaker
Version: 0.0
Width: 600
Height: 600
Fullscreen: false
Intro: false
Profiling: false
Single step:false
App Mode: DEVELOPER
Menu Key: ESCAPE
Stage Style: DECORATED
Scene Factory: class com.example.brickbreaker.menu.CustomSceneFactory

21:30:03.922 [JavaFX Application Thread] DEBUG FXGLApplication      - Initializing FXGL
21:30:03.926 [JavaFX Application Thread] INFO  Engine               - FXGL-17.2 (20.08.2022 16.50) on WINDOWS (J:18.0.1.1 FX:18.0.2)
21:30:03.926 [JavaFX Application Thread] DEBUG Engine               - JRE Vendor Name: Oracle Corporation
21:30:03.926 [JavaFX Application Thread] DEBUG Engine               - Running on OS: Windows 10 version 10.0
21:30:03.926 [JavaFX Application Thread] DEBUG Engine               - Architecture: amd64
21:30:03.926 [JavaFX Application Thread] INFO  Engine               - Source code and latest versions at: https://github.com/AlmasB/FXGL
21:30:03.926 [JavaFX Application Thread] INFO  Engine               -       Ask questions and discuss at: https://github.com/AlmasB/FXGL/discussions
21:30:03.926 [JavaFX Application Thread] INFO  Engine               -              Join the FXGL chat at: https://gitter.im/AlmasB/FXGL
21:30:03.974 [JavaFX Application Thread] DEBUG PrimaryStageWindow   - Creating a JavaFX scene
21:30:03.997 [JavaFX Application Thread] DEBUG PrimaryStageWindow   - Target settings size: 600.0 x 600.0
21:30:03.997 [JavaFX Application Thread] DEBUG PrimaryStageWindow   - Scaled scene size:    600.0 x 600.0
21:30:03.998 [JavaFX Application Thread] DEBUG PrimaryStageWindow   - Scaled ratio: (1.0, 1.0)
21:30:03.998 [JavaFX Application Thread] DEBUG PrimaryStageWindow   - Set initial scene to FXGLStartupScene
21:30:04.001 [JavaFX Application Thread] DEBUG PrimaryStageWindow   - Opening main window
21:30:04.043 [JavaFX Application Thread] DEBUG PrimaryStageWindow   - Window border size: (16.0, 39.0)
21:30:04.043 [JavaFX Application Thread] DEBUG PrimaryStageWindow   - Scaled size: 600.0 x 600.0
21:30:04.043 [JavaFX Application Thread] DEBUG PrimaryStageWindow   - Scaled ratio: (1.0, 1.0)
21:30:04.043 [JavaFX Application Thread] DEBUG PrimaryStageWindow   - Scene size: 600.0 x 600.0
21:30:04.044 [JavaFX Application Thread] DEBUG PrimaryStageWindow   - Stage size: 616.0 x 639.0
21:30:04.047 [FXGL Background Thread 1 ] DEBUG Engine               - Initializing environment variables
21:30:04.075 [FXGL Background Thread 1 ] DEBUG FXGLAssetLoaderServi - User app class for loading assets: class com.example.brickbreaker.BrickBreakerApp
21:30:04.075 [FXGL Background Thread 1 ] DEBUG GameApplicationServi - Applying CSS: fxgl_dark.css
21:30:04.076 [FXGL Background Thread 1 ] DEBUG FXGLAssetLoaderServi - Loading from file system: jar:file:///C:/Users/matip/.m2/repository/com/github/almasb/fxgl/17.2/fxgl-17.2.jar!/fxglassets/ui/css/fxgl_dark.css
21:30:04.106 [FXGL Background Thread 1 ] DEBUG GameApplicationServi - Initializing application scenes
21:30:04.126 [FXGL Background Thread 1 ] DEBUG GameWorld            - Game world initialized
21:30:04.154 [FXGL Background Thread 1 ] DEBUG PhysicsWorld         - Physics world initialized: appHeight=600, physics.ppm=50.0
21:30:04.154 [FXGL Background Thread 1 ] DEBUG PhysicsWorld         - Using strategy: BRUTE_FORCE
21:30:04.156 [FXGL Background Thread 1 ] DEBUG GameScene            - Game scene initialized: 600x600
21:30:04.157 [FXGL Background Thread 1 ] DEBUG FXGLAssetLoaderServi - Loading from file system: file:/C:/Users/matip/Desktop/JavaProjects/brick-breaker/target/classes/assets/textures/brick-wall.png
21:30:04.189 [FXGL Background Thread 1 ] WARN  FXGL.DefaultMenu     - FXGLDefaultMenu is not designed for resolutions < 800x600
21:30:04.189 [FXGL Background Thread 1 ] DEBUG FXGL.DefaultMenu     - createMenuBodyGameMenu()
21:30:04.196 [FXGL Background Thread 1 ] DEBUG FXGL.DefaultMenu     - createOptionsMenu()
21:30:04.204 [FXGL Background Thread 1 ] DEBUG FXGLAssetLoaderServi - Loading from file system: jar:file:///C:/Users/matip/.m2/repository/com/github/almasb/fxgl/17.2/fxgl-17.2.jar!/fxglassets/textures/particles/smoke.png
21:30:04.244 [FXGL Background Thread 1 ] DEBUG FXGLAssetLoaderServi - Loading from file system: jar:file:///C:/Users/matip/.m2/repository/com/github/almasb/fxgl/17.2/fxgl-17.2.jar!/fxglassets/textures/particles/trace_horizontal.png
21:30:04.255 [FXGL Background Thread 1 ] DEBUG GameApplicationServi - Application scenes initialized
21:30:04.262 [FXGL Background Thread 1 ] DEBUG SystemBundleService  - Loading FXGL system data
21:30:04.265 [FXGL Background Thread 1 ] DEBUG FileSystemAccess     - Reading from: C:\Users\matip\Desktop\JavaProjects\brick-breaker\system\fxgl.bundle
21:30:04.269 [FXGL Background Thread 1 ] DEBUG SystemBundleService  - Bundle FXGL: {}
21:30:04.269 [FXGL Background Thread 1 ] DEBUG UpdaterService       - Checking for updates
21:30:04.272 [FXGL Background Thread 4 ] DEBUG FXGLApplication      - Loading fonts
21:30:04.272 [FXGL Background Thread 1 ] DEBUG FXGLApplication      - Loading default localization
21:30:04.272 [FXGL Background Thread 4 ] DEBUG FXGLAssetLoaderServi - Loading from file system: jar:file:///C:/Users/matip/.m2/repository/com/github/almasb/fxgl/17.2/fxgl-17.2.jar!/fxglassets/ui/fonts/VarelaRound-Regular.ttf
21:30:04.272 [FXGL Background Thread 1 ] DEBUG FXGLAssetLoaderServi - Loading from file system: jar:file:///C:/Users/matip/.m2/repository/com/github/almasb/fxgl/17.2/fxgl-17.2.jar!/fxglassets/languages/english.lang
21:30:04.281 [FXGL Background Thread 1 ] INFO  FXGLApplication      - FXGL initialization took: 0.233 sec
21:30:04.287 [JavaFX Application Thread] DEBUG Input                - Registered new binding: action0 - D
21:30:04.287 [JavaFX Application Thread] DEBUG Input                - Registered new binding: action1 - A
21:30:04.288 [JavaFX Application Thread] DEBUG FXGLAssetLoaderServi - Loading from file system: jar:file:///C:/Users/matip/.m2/repository/com/github/almasb/fxgl/17.2/fxgl-17.2.jar!/fxglassets/textures/fxgl_icon.png
21:30:04.293 [JavaFX Application Thread] DEBUG FXGLAssetLoaderServi - Loading from file system: jar:file:///C:/Users/matip/.m2/repository/com/github/almasb/fxgl/17.2/fxgl-17.2.jar!/fxglassets/textures/fxgl_default_cursor.png
21:30:04.294 [JavaFX Application Thread] DEBUG Input                - Registered new binding: Screenshot - CTRL+8
21:30:04.294 [JavaFX Application Thread] DEBUG Input                - Registered new binding: System info dump - CTRL+9
21:30:04.294 [JavaFX Application Thread] DEBUG Input                - Registered new binding: Restart - CTRL+R
21:30:04.295 [JavaFX Application Thread] DEBUG Input                - Registered new binding: Toggle Debug Camera - CTRL+7
21:30:04.296 [JavaFX Application Thread] DEBUG LoopRunner           - Starting loop
21:30:04.296 [JavaFX Application Thread] DEBUG LoopRunner           - Initializing JavaFX AnimationTimerLoop
21:30:04.297 [JavaFX Application Thread] DEBUG Input                - Clearing active input actions
21:30:04.297 [FXGL Background Thread 4 ] DEBUG FXGLAssetLoaderServi - Loading from file system: jar:file:///C:/Users/matip/.m2/repository/com/github/almasb/fxgl/17.2/fxgl-17.2.jar!/fxglassets/ui/fonts/Abel-Regular.ttf
21:30:04.299 [FXGL Background Thread 4 ] DEBUG FXGLAssetLoaderServi - Loading from file system: jar:file:///C:/Users/matip/.m2/repository/com/github/almasb/fxgl/17.2/fxgl-17.2.jar!/fxglassets/ui/fonts/TerminalLandMono-Regular.otf
21:30:04.301 [JavaFX Application Thread] DEBUG GameApplicationServi - Removing overlay from FXGLStartupScene and adding to FXGLMainMenuDummyScene
21:30:04.301 [JavaFX Application Thread] DEBUG PrimaryStageWindow   - FXGLStartupScene -> FXGLMainMenuDummyScene
21:30:04.301 [JavaFX Application Thread] DEBUG PrimaryStageWindow   - Push state: MainMenu
21:30:04.301 [JavaFX Application Thread] DEBUG Input                - Clearing active input actions
21:30:04.301 [FXGL Background Thread 4 ] DEBUG FXGLAssetLoaderServi - Loading from file system: jar:file:///C:/Users/matip/.m2/repository/com/github/almasb/fxgl/17.2/fxgl-17.2.jar!/fxglassets/ui/fonts/Courier-Prime.ttf
21:30:04.301 [JavaFX Application Thread] DEBUG GameApplicationServi - Removing overlay from FXGLMainMenuDummyScene and adding to MainMenu
21:30:04.302 [JavaFX Application Thread] DEBUG PrimaryStageWindow   - FXGLMainMenuDummyScene -> MainMenu
21:30:04.307 [JavaFX Application Thread] DEBUG FXGLApplication      - Registering font factories with UI factory
21:30:04.763 [FXGL Background Thread 2 ] INFO  UpdaterService       - Your current version:  17.2
21:30:04.763 [FXGL Background Thread 2 ] INFO  UpdaterService       - Latest stable version: 17.3
21:30:05.244 [JavaFX Application Thread] DEBUG Menu                 - fireNewGame()
21:30:05.244 [JavaFX Application Thread] DEBUG GameApplicationServi - Starting new game
21:30:05.245 [JavaFX Application Thread] DEBUG PrimaryStageWindow   - Pop state: MainMenu
21:30:05.245 [JavaFX Application Thread] DEBUG Input                - Clearing active input actions
21:30:05.245 [JavaFX Application Thread] DEBUG GameApplicationServi - Removing overlay from MainMenu and adding to FXGLMainMenuDummyScene
21:30:05.245 [JavaFX Application Thread] DEBUG PrimaryStageWindow   - FXGLMainMenuDummyScene <- MainMenu
21:30:05.245 [JavaFX Application Thread] DEBUG Input                - Clearing active input actions
21:30:05.251 [JavaFX Application Thread] DEBUG GameApplicationServi - Removing overlay from FXGLMainMenuDummyScene and adding to FXGLLoadingScene
21:30:05.251 [JavaFX Application Thread] DEBUG PrimaryStageWindow   - FXGLMainMenuDummyScene -> FXGLLoadingScene
21:30:05.251 [JavaFX Application Thread] DEBUG GameApplicationServi - Clearing previous game
21:30:05.251 [JavaFX Application Thread] DEBUG GameScene            - Clearing game scene
21:30:05.251 [JavaFX Application Thread] DEBUG GameWorld            - Clearing game world
21:30:05.251 [JavaFX Application Thread] DEBUG PhysicsWorld         - Clearing physics world
21:30:05.252 [FXGL Background Thread 2 ] DEBUG FXGLApplication      - Initializing game
21:30:05.263 [FXGL Background Thread 2 ] WARN  GameWorld            - Entity is already attached to world
21:30:05.263 [FXGL Background Thread 2 ] DEBUG FXGLAssetLoaderServi - Loading from file system: file:/C:/Users/matip/Desktop/JavaProjects/brick-breaker/target/classes/assets/textures/brick.png
21:30:05.265 [FXGL Background Thread 2 ] WARN  GameWorld            - Entity is already attached to world
21:30:05.266 [FXGL Background Thread 2 ] DEBUG FXGLAssetLoaderServi - Loading from file system: file:/C:/Users/matip/Desktop/JavaProjects/brick-breaker/target/classes/assets/textures/ball.png
21:30:05.267 [FXGL Background Thread 2 ] WARN  GameWorld            - Entity is already attached to world
21:30:05.268 [FXGL Background Thread 2 ] INFO  FXGLApplication      - Game initialization took: 0.016 sec
21:30:05.268 [JavaFX Application Thread] DEBUG Input                - Clearing active input actions
21:30:05.271 [JavaFX Application Thread] DEBUG GameApplicationServi - Removing overlay from FXGLLoadingScene and adding to GameScene
21:30:05.272 [JavaFX Application Thread] DEBUG PrimaryStageWindow   - FXGLLoadingScene -> GameScene
21:30:07.272 [FXGL Background Thread 3 ] DEBUG Engine               - Logging environment variables
21:30:07.272 [FXGL Background Thread 3 ] DEBUG Engine               - achievements: []
21:30:07.272 [FXGL Background Thread 3 ] DEBUG Engine               - actualHeight: 600.0
21:30:07.272 [FXGL Background Thread 3 ] DEBUG Engine               - actualHeightProperty: ReadOnlyDoubleProperty [value: 600.0]
21:30:07.272 [FXGL Background Thread 3 ] DEBUG Engine               - actualWidth: 600.0
21:30:07.272 [FXGL Background Thread 3 ] DEBUG Engine               - actualWidthProperty: ReadOnlyDoubleProperty [value: 600.0]
21:30:07.272 [FXGL Background Thread 3 ] DEBUG Engine               - appIcon: fxgl_icon.png
21:30:07.272 [FXGL Background Thread 3 ] DEBUG Engine               - applicationMode: DEVELOPER
21:30:07.272 [FXGL Background Thread 3 ] DEBUG Engine               - cSSList: [fxgl_dark.css]
21:30:07.272 [FXGL Background Thread 3 ] DEBUG Engine               - collisionDetectionStrategy: BRUTE_FORCE
21:30:07.272 [FXGL Background Thread 3 ] DEBUG Engine               - configClass: Optional.empty
21:30:07.273 [FXGL Background Thread 3 ] DEBUG Engine               - credits: []
21:30:07.273 [FXGL Background Thread 3 ] DEBUG Engine               - defaultCursor: CursorInfo(imageName=fxgl_default_cursor.png, hotspotX=7.0, hotspotY=6.0)
21:30:07.273 [FXGL Background Thread 3 ] DEBUG Engine               - devBBoxColorProperty: ObjectProperty [value: 0xff0000ff]
21:30:07.273 [FXGL Background Thread 3 ] DEBUG Engine               - devEnableDebugCameraProperty: BooleanProperty [value: false]
21:30:07.273 [FXGL Background Thread 3 ] DEBUG Engine               - devSensorColorProperty: ObjectProperty [value: 0xffff00ff]
21:30:07.273 [FXGL Background Thread 3 ] DEBUG Engine               - devShowBBoxProperty: BooleanProperty [value: false]
21:30:07.273 [FXGL Background Thread 3 ] DEBUG Engine               - devShowPositionProperty: BooleanProperty [value: false]
21:30:07.273 [FXGL Background Thread 3 ] DEBUG Engine               - enabledMenuItems: []
21:30:07.273 [FXGL Background Thread 3 ] DEBUG Engine               - engineServices: [class com.almasb.fxgl.app.services.FXGLAssetLoaderService, class com.almasb.fxgl.app.FXGLApplication$GameApplicationService, class com.almasb.fxgl.app.services.FXGLDialogService, class com.almasb.fxgl.app.services.IOTaskExecutorService, class com.almasb.fxgl.io.FileSystemService, class com.almasb.fxgl.localization.LocalizationService, class com.almasb.fxgl.app.services.SystemBundleService, class com.almasb.fxgl.profile.SaveLoadService, class com.almasb.fxgl.ui.FXGLUIFactoryServiceProvider, class com.almasb.fxgl.ui.FXGLDialogFactoryServiceProvider, class com.almasb.fxgl.audio.AudioPlayer, class com.almasb.fxgl.notification.impl.NotificationServiceProvider, class com.almasb.fxgl.achievement.AchievementService, class com.almasb.fxgl.cutscene.CutsceneService, class com.almasb.fxgl.minigames.MiniGameService, class com.almasb.fxgl.net.NetService, class com.almasb.fxgl.app.services.UpdaterService, class com.almasb.fxgl.dev.DevService]
21:30:07.273 [FXGL Background Thread 3 ] DEBUG Engine               - fontGame: Abel-Regular.ttf
21:30:07.273 [FXGL Background Thread 3 ] DEBUG Engine               - fontMono: TerminalLandMono-Regular.otf
21:30:07.273 [FXGL Background Thread 3 ] DEBUG Engine               - fontText: Courier-Prime.ttf
21:30:07.273 [FXGL Background Thread 3 ] DEBUG Engine               - fontUI: VarelaRound-Regular.ttf
21:30:07.273 [FXGL Background Thread 3 ] DEBUG Engine               - fullScreen: BooleanProperty [value: false]
21:30:07.273 [FXGL Background Thread 3 ] DEBUG Engine               - gameDifficulty: MEDIUM
21:30:07.273 [FXGL Background Thread 3 ] DEBUG Engine               - gameDifficultyProperty: ObjectProperty [value: MEDIUM]
21:30:07.273 [FXGL Background Thread 3 ] DEBUG Engine               - globalMusicVolume: 0.5
21:30:07.273 [FXGL Background Thread 3 ] DEBUG Engine               - globalMusicVolumeProperty: DoubleProperty [value: 0.5]
21:30:07.273 [FXGL Background Thread 3 ] DEBUG Engine               - globalSoundVolume: 0.5
21:30:07.273 [FXGL Background Thread 3 ] DEBUG Engine               - globalSoundVolumeProperty: DoubleProperty [value: 0.5]
21:30:07.274 [FXGL Background Thread 3 ] DEBUG Engine               - height: 600
21:30:07.274 [FXGL Background Thread 3 ] DEBUG Engine               - is3D: false
21:30:07.274 [FXGL Background Thread 3 ] DEBUG Engine               - isAndroid: false
21:30:07.274 [FXGL Background Thread 3 ] DEBUG Engine               - isBrowser: false
21:30:07.274 [FXGL Background Thread 3 ] DEBUG Engine               - isClickFeedbackEnabled: false
21:30:07.274 [FXGL Background Thread 3 ] DEBUG Engine               - isCloseConfirmation: false
21:30:07.274 [FXGL Background Thread 3 ] DEBUG Engine               - isDesktop: true
21:30:07.274 [FXGL Background Thread 3 ] DEBUG Engine               - isDeveloperMenuEnabled: false
21:30:07.274 [FXGL Background Thread 3 ] DEBUG Engine               - isEmbedded: false
21:30:07.274 [FXGL Background Thread 3 ] DEBUG Engine               - isEntityPreloadEnabled: true
21:30:07.274 [FXGL Background Thread 3 ] DEBUG Engine               - isExperimentalTiledLargeMap: false
21:30:07.274 [FXGL Background Thread 3 ] DEBUG Engine               - isFileSystemWriteAllowed: true
21:30:07.274 [FXGL Background Thread 3 ] DEBUG Engine               - isFullScreenAllowed: false
21:30:07.274 [FXGL Background Thread 3 ] DEBUG Engine               - isFullScreenFromStart: false
21:30:07.274 [FXGL Background Thread 3 ] DEBUG Engine               - isGameMenuEnabled: true
21:30:07.274 [FXGL Background Thread 3 ] DEBUG Engine               - isIOS: false
21:30:07.274 [FXGL Background Thread 3 ] DEBUG Engine               - isIntroEnabled: false
21:30:07.274 [FXGL Background Thread 3 ] DEBUG Engine               - isLinux: false
21:30:07.274 [FXGL Background Thread 3 ] DEBUG Engine               - isMac: false
21:30:07.274 [FXGL Background Thread 3 ] DEBUG Engine               - isMainMenuEnabled: true
21:30:07.274 [FXGL Background Thread 3 ] DEBUG Engine               - isManualResizeEnabled: false
21:30:07.274 [FXGL Background Thread 3 ] DEBUG Engine               - isMobile: false
21:30:07.274 [FXGL Background Thread 3 ] DEBUG Engine               - isNative: false
21:30:07.274 [FXGL Background Thread 3 ] DEBUG Engine               - isPauseMusicWhenMinimized: true
21:30:07.274 [FXGL Background Thread 3 ] DEBUG Engine               - isPreserveResizeRatio: false
21:30:07.274 [FXGL Background Thread 3 ] DEBUG Engine               - isProfilingEnabled: false
21:30:07.274 [FXGL Background Thread 3 ] DEBUG Engine               - isScaleAffectedOnResize: true
21:30:07.274 [FXGL Background Thread 3 ] DEBUG Engine               - isSingleStep: false
21:30:07.274 [FXGL Background Thread 3 ] DEBUG Engine               - isUserProfileEnabled: false
21:30:07.275 [FXGL Background Thread 3 ] DEBUG Engine               - isWindows: true
21:30:07.275 [FXGL Background Thread 3 ] DEBUG Engine               - language: ObjectProperty [value: ENGLISH]
21:30:07.275 [FXGL Background Thread 3 ] DEBUG Engine               - menuKey: ESCAPE
21:30:07.275 [FXGL Background Thread 3 ] DEBUG Engine               - mouseSensitivity: 0.2
21:30:07.275 [FXGL Background Thread 3 ] DEBUG Engine               - notificationViewClass: class com.almasb.fxgl.notification.view.XboxNotificationView
21:30:07.275 [FXGL Background Thread 3 ] DEBUG Engine               - pixelsPerMeter: 50.0
21:30:07.275 [FXGL Background Thread 3 ] DEBUG Engine               - platform: WINDOWS
21:30:07.275 [FXGL Background Thread 3 ] DEBUG Engine               - prefHeightProperty: ReadOnlyDoubleProperty [value: 600.0]
21:30:07.275 [FXGL Background Thread 3 ] DEBUG Engine               - prefWidthProperty: ReadOnlyDoubleProperty [value: 600.0]
21:30:07.275 [FXGL Background Thread 3 ] DEBUG Engine               - profileDir: profiles/
21:30:07.275 [FXGL Background Thread 3 ] DEBUG Engine               - profileName: StringProperty [value: DEFAULT]
21:30:07.275 [FXGL Background Thread 3 ] DEBUG Engine               - randomSeed: -1
21:30:07.276 [FXGL Background Thread 3 ] DEBUG Engine               - runtimeInfo: RuntimeInfo(platform=WINDOWS, version=17.2, build=20.08.2022 16.50)
21:30:07.276 [FXGL Background Thread 3 ] DEBUG Engine               - saveFileExt: sav
21:30:07.276 [FXGL Background Thread 3 ] DEBUG Engine               - scaledHeightProp$fxgl: DoubleProperty [bound, value: 600.0]
21:30:07.276 [FXGL Background Thread 3 ] DEBUG Engine               - scaledWidthProp$fxgl: DoubleProperty [bound, value: 600.0]
21:30:07.276 [FXGL Background Thread 3 ] DEBUG Engine               - sceneFactory: com.example.brickbreaker.menu.CustomSceneFactory@1d176051
21:30:07.276 [FXGL Background Thread 3 ] DEBUG Engine               - secondsIn24h: 60
21:30:07.276 [FXGL Background Thread 3 ] DEBUG Engine               - soundMenuBack: menu/back.wav
21:30:07.276 [FXGL Background Thread 3 ] DEBUG Engine               - soundMenuPress: menu/press.wav
21:30:07.276 [FXGL Background Thread 3 ] DEBUG Engine               - soundMenuSelect: menu/select.wav
21:30:07.276 [FXGL Background Thread 3 ] DEBUG Engine               - soundNotification: core/notification.wav
21:30:07.276 [FXGL Background Thread 3 ] DEBUG Engine               - stageStyle: DECORATED
21:30:07.276 [FXGL Background Thread 3 ] DEBUG Engine               - supportedLanguages: [ENGLISH, FRENCH, GERMAN, HUNGARIAN, RUSSIAN]
21:30:07.276 [FXGL Background Thread 3 ] DEBUG Engine               - ticksPerSecond: -1
21:30:07.276 [FXGL Background Thread 3 ] DEBUG Engine               - title: Brick Breaker
21:30:07.276 [FXGL Background Thread 3 ] DEBUG Engine               - urlGithub: https://github.com/AlmasB/FXGL
21:30:07.276 [FXGL Background Thread 3 ] DEBUG Engine               - urlLeaderboard: http://fxgl-top.herokuapp.com/
21:30:07.276 [FXGL Background Thread 3 ] DEBUG Engine               - urlPOM: https://raw.githubusercontent.com/AlmasB/FXGL/release/README.md
21:30:07.276 [FXGL Background Thread 3 ] DEBUG Engine               - userAppClass: class com.example.brickbreaker.BrickBreakerApp
21:30:07.276 [FXGL Background Thread 3 ] DEBUG Engine               - version: 0.0
21:30:07.276 [FXGL Background Thread 3 ] DEBUG Engine               - versionCheckDays: 7
21:30:07.276 [FXGL Background Thread 3 ] DEBUG Engine               - width: 600
21:30:07.276 [FXGL Background Thread 3 ] DEBUG Engine               - Logging services
21:30:07.276 [FXGL Background Thread 3 ] DEBUG Engine               - class com.almasb.fxgl.app.services.FXGLAssetLoaderService
21:30:07.276 [FXGL Background Thread 3 ] DEBUG Engine               - class com.almasb.fxgl.app.FXGLApplication$GameApplicationService
21:30:07.276 [FXGL Background Thread 3 ] DEBUG Engine               - class com.almasb.fxgl.app.services.FXGLDialogService
21:30:07.276 [FXGL Background Thread 3 ] DEBUG Engine               - class com.almasb.fxgl.app.services.IOTaskExecutorService
21:30:07.276 [FXGL Background Thread 3 ] DEBUG Engine               - class com.almasb.fxgl.io.FileSystemService
21:30:07.276 [FXGL Background Thread 3 ] DEBUG Engine               - class com.almasb.fxgl.localization.LocalizationService
21:30:07.276 [FXGL Background Thread 3 ] DEBUG Engine               - class com.almasb.fxgl.app.services.SystemBundleService
21:30:07.276 [FXGL Background Thread 3 ] DEBUG Engine               - class com.almasb.fxgl.profile.SaveLoadService
21:30:07.276 [FXGL Background Thread 3 ] DEBUG Engine               - class com.almasb.fxgl.ui.FXGLUIFactoryServiceProvider
21:30:07.276 [FXGL Background Thread 3 ] DEBUG Engine               - class com.almasb.fxgl.ui.FXGLDialogFactoryServiceProvider
21:30:07.277 [FXGL Background Thread 3 ] DEBUG Engine               - class com.almasb.fxgl.audio.AudioPlayer
21:30:07.277 [FXGL Background Thread 3 ] DEBUG Engine               - class com.almasb.fxgl.notification.impl.NotificationServiceProvider
21:30:07.277 [FXGL Background Thread 3 ] DEBUG Engine               - class com.almasb.fxgl.achievement.AchievementService
21:30:07.277 [FXGL Background Thread 3 ] DEBUG Engine               - class com.almasb.fxgl.cutscene.CutsceneService
21:30:07.277 [FXGL Background Thread 3 ] DEBUG Engine               - class com.almasb.fxgl.minigames.MiniGameService
21:30:07.277 [FXGL Background Thread 3 ] DEBUG Engine               - class com.almasb.fxgl.net.NetService
21:30:07.277 [FXGL Background Thread 3 ] DEBUG Engine               - class com.almasb.fxgl.app.services.UpdaterService
21:30:07.277 [FXGL Background Thread 3 ] DEBUG Engine               - class com.almasb.fxgl.dev.DevService
21:30:16.301 [JavaFX Application Thread] WARN  FXGLAssetLoaderServi - Asset "/assets/textures/brick_damaged.png" was not found!
21:30:16.301 [JavaFX Application Thread] WARN  FXGLAssetLoaderServi - Failed to load IMAGE
21:30:22.125 [JavaFX Application Thread] DEBUG LoopRunner           - Stopping loop
21:30:22.126 [JavaFX Application Thread] FATAL FXGLApplication      - Uncaught Exception:
java.lang.IllegalArgumentException: Property velocity does not exist
	at com.almasb.fxgl.core@17.2/com.almasb.fxgl.core.collection.PropertyMap.get(PropertyMap.kt:251)
	at com.almasb.fxgl.core@17.2/com.almasb.fxgl.core.collection.PropertyMap.objectProperty(PropertyMap.kt:169)
	at com.almasb.fxgl.core@17.2/com.almasb.fxgl.core.collection.PropertyMap.getObject(PropertyMap.kt:158)
	at com.almasb.fxgl.entity@17.2/com.almasb.fxgl.entity.Entity.getObject(Entity.java:328)
	at com.example.brickbreaker/com.example.brickbreaker.BrickBreakerApp.onUpdate(BrickBreakerApp.java:93)
	at com.almasb.fxgl.all@17.2/com.almasb.fxgl.app.FXGLApplication$GameApplicationService.onGameUpdate(FXGLApplication.kt:421)
	at com.almasb.fxgl.all@17.2/com.almasb.fxgl.app.Engine.onGameUpdate(Engine.kt:138)
	at com.almasb.fxgl.all@17.2/com.almasb.fxgl.app.FXGLApplication.postServicesInit$lambda-7(FXGLApplication.kt:182)
	at com.almasb.fxgl.scene@17.2/com.almasb.fxgl.scene.Scene.update(Scene.kt:113)
	at com.almasb.fxgl.all@17.2/com.almasb.fxgl.app.MainWindow$update$1.invoke(MainWindow.kt:115)
	at com.almasb.fxgl.all@17.2/com.almasb.fxgl.app.MainWindow$update$1.invoke(MainWindow.kt:115)
	at com.almasb.fxgl.core@17.2/com.almasb.fxgl.core.fsm.StateMachine.runOnActiveStates(StateMachine.kt:69)
	at com.almasb.fxgl.all@17.2/com.almasb.fxgl.app.MainWindow.update(MainWindow.kt:115)
	at com.almasb.fxgl.all@17.2/com.almasb.fxgl.app.FXGLApplication$GameApplicationService.onUpdate(FXGLApplication.kt:426)
	at com.almasb.fxgl.all@17.2/com.almasb.fxgl.app.Engine.loop(Engine.kt:134)
	at com.almasb.fxgl.all@17.2/com.almasb.fxgl.app.Engine.access$loop(Engine.kt:24)
	at com.almasb.fxgl.all@17.2/com.almasb.fxgl.app.Engine$loop$1.invoke(Engine.kt:28)
	at com.almasb.fxgl.all@17.2/com.almasb.fxgl.app.Engine$loop$1.invoke(Engine.kt:28)
	at com.almasb.fxgl.all@17.2/com.almasb.fxgl.app.LoopRunner.frame(LoopRunner.kt:103)
	at com.almasb.fxgl.all@17.2/com.almasb.fxgl.app.LoopRunner.access$frame(LoopRunner.kt:23)
	at com.almasb.fxgl.all@17.2/com.almasb.fxgl.app.LoopRunner$impl$2$1.onTick(LoopRunner.kt:57)
	at com.almasb.fxgl.all@17.2/com.almasb.fxgl.app.AnimationTimerLoop$timer$1.handle(LoopRunner.kt:137)
	at javafx.graphics@18.0.2/javafx.animation.AnimationTimer$AnimationTimerReceiver.lambda$handle$0(AnimationTimer.java:58)
	at java.base/java.security.AccessController.doPrivileged(AccessController.java:399)
	at javafx.graphics@18.0.2/javafx.animation.AnimationTimer$AnimationTimerReceiver.handle(AnimationTimer.java:57)
	at javafx.graphics@18.0.2/com.sun.scenario.animation.AbstractPrimaryTimer.timePulseImpl(AbstractPrimaryTimer.java:356)
	at javafx.graphics@18.0.2/com.sun.scenario.animation.AbstractPrimaryTimer$MainLoop.run(AbstractPrimaryTimer.java:266)
	at javafx.graphics@18.0.2/com.sun.javafx.tk.quantum.QuantumToolkit.pulse(QuantumToolkit.java:571)
	at javafx.graphics@18.0.2/com.sun.javafx.tk.quantum.QuantumToolkit.pulse(QuantumToolkit.java:555)
	at javafx.graphics@18.0.2/com.sun.javafx.tk.quantum.QuantumToolkit.pulseFromQueue(QuantumToolkit.java:548)
	at javafx.graphics@18.0.2/com.sun.javafx.tk.quantum.QuantumToolkit.lambda$runToolkit$11(QuantumToolkit.java:352)
	at javafx.graphics@18.0.2/com.sun.glass.ui.InvokeLaterDispatcher$Future.run(InvokeLaterDispatcher.java:96)
	at javafx.graphics@18.0.2/com.sun.glass.ui.win.WinApplication._runLoop(Native Method)
	at javafx.graphics@18.0.2/com.sun.glass.ui.win.WinApplication.lambda$runLoop$3(WinApplication.java:184)
	at java.base/java.lang.Thread.run(Thread.java:833)

21:30:22.126 [JavaFX Application Thread] FATAL FXGLApplication      - Application will now exit
21:30:22.135 [JavaFX Application Thread] DEBUG PrimaryStageWindow   - Push state: ErrorSubScene
21:30:22.135 [JavaFX Application Thread] DEBUG Input                - Clearing active input actions
21:30:22.143 [JavaFX Application Thread] DEBUG GameApplicationServi - Removing overlay from GameScene and adding to ErrorSubScene
21:30:22.143 [JavaFX Application Thread] DEBUG PrimaryStageWindow   - GameScene -> ErrorSubScene
21:30:24.285 [JavaFX Application Thread] DEBUG FXGLApplication      - Exiting FXGL
21:30:24.285 [JavaFX Application Thread] DEBUG Async                - Shutting down background threads
21:30:24.285 [JavaFX Application Thread] DEBUG PrimaryStageWindow   - Closing main window
21:30:24.290 [JavaFX Application Thread] DEBUG Logger               - Closing Logger
